1
0 W=+zIm
0 W=+sIm
0 W=+þIm
0 W=~takým
0 W=~yatýrým
0 W=~adým
0 W=~yardým
0 W=~haným
0 W=~terim
0 W=+lIm
0 W=~kurum
0 W=~ekim
0 W=+nADIm
1 W=+AKIlIm
0 W=+CIm
0 W=+IKIm
0 W=~yarým
0 W=+fAnDIm
0 W=+hIm
0 L1==bir
0 W=+AnDAn
0 W=~caným
0 W=+DIr
0 W=+sDIm
0 W=~tasarým
0 L1=~benim
0 W=+KAnIm
1 W=+mIþIm
0 L2=~benim
0 R1==var
0 W=+BIm
0 W=~birim
0 W=+þKIm
0 W=+AKKIm
0 W=+yADIm
0 W==Umarým
0 W==çekim
0 W=+AnsIhAnIm
0 W==bende
0 W=~yerim
0 W=+AlKIm
0 W=+ABmAm
0 W=+DAKIm
0 L2==Caz
0 W=+lAKIm
0 W=+lAnIm
0 W=+nlArIm
0 W=+vlADIm
0 W=+zAnIm
0 W==amirim
0 W==etmem
0 W==yazarým
0 W=+orInIm
0 W=+yonIm
0 W==tanýmam
0 L1=+ArAlI
0 L1==Hangi
0 L2=+AþKAnI
0 R2=+AnKIrBAy
0 W=+ADIrKCIyIm
0 W=+AnDAnIz
0 W=+ArmAm
0 W=+IKIDIm
0 W=+IllAnmAm
0 W=+IrKIm
0 W=+IvAnIm
0 W=+IzmAm
0 W=+KAKIm
0 W=+ymAm
0 W==Karým
0 W==bendim
0 W==onarým
1 W=+AIKIm
1 W==kiþiyim
0 W=+AmIm
