0
1 W=+Iz
1 R1=<S>
1 W=+A
1 W=+mAyIn
1 W=~sizin
1 W=+I
0 W=~için
1 W=+lAyIn
1 W=+r
1 W==edin
1 W==bakýn
1 W=+DIrIn
1 W=+An
0 W==oyun
1 W==tutun
1 W=+IþInIn
0 W=+þInIz
0 W=+rInIz
1 W==deyin
1 W=~olun
0 W==sorun
1 W=+ABInIzIn
1 W=+IyIn
1 W=~durun
0 W=+AsIn
0 W=+IyormIsInIz
0 W=+nInIz
0 W=+zInIz
0 W=+lInIz
1 W=+IyrIn
0 W==yakýn
1 L1=+IsIn
1 L1==geriye
1 R2=~katý
1 W=+AzKACIn
1 W=+IvAyIn
1 W=+nIDIn
1 W==buluþun
1 W==ödeyin
1 R2=+lInDAKI
1 W=+rADIn
1 W==kurun
1 W=+DArIn
1 L1=+ArInIzI
1 L1=+ArlA
0 R2=+AmA
0 L1=+ABIDAn
0 L1=+AKslAnDIKInI
0 L1=+ArmAz
0 L1=+BIs
0 L1=+IIrlArInI
0 L1=+IzInIzA
0 L1=+lDAn
0 L1=+llArA
0 L1=+srA
0 L1==Görün
0 L1==ülkeler
0 L2=+AnDIKlI
0 L2=+ArmAnIn
0 L2=+InIrlI
0 L2==Ona
0 L2==olmak
0 R1==kara
0 R2=+AnCAKsInIz
0 R2=+CIlArlA
0 R2==Þeyhi
0 W=+ABIlrsInIz
0 W==saðýnýz
1 L1=+0'lA
1 L1=+ADAþlArInA
1 L1=+ADDAm'In
1 L1=+ADlIyA
1 L1=+ADyAyA
1 L1=+AKAmA
1 L1=+AKlIlIK
1 L1=+AKsA
1 L1=+AfDArInI
1 L1=+AlADlI
1 L1=+AlAmlAnDI
1 L1=+AlIrlArInDA
1 L1=+AmDlArInI
1 L1=+AmIzA
1 L1=+AnlIDAn
1 L1=+ArIþDIrmAyIn
1 L1=+AsInlArI
1 L1=+AvInI
1 L1=+DArlArI
1 L1=+DIKADlArI
1 L1=+ICAKlArI
1 L1=+IDIB
1 L1=+IfIr
1 L1=+InDInI
1 L1=+IrþInI
1 L1=+IzInA
1 L1=+KAnIsDAn'DAKI
1 L1=+flAsyonI
1 L1=+lDIm
1 L1=+nAlIK
1 L1=+oyArsAnIz
1 L1=+sImlArInI
1 L1=+özDAn
1 L1==Batý'nýn
1 L1==Milli
1 L1==Ona
1 L1==iþçi
1 L1==laf
