0
1 W=~sen
1 W=+rsIn
1 W=+ACAKsIn
1 W=+sAn
1 W=+AnIn
1 W=~seni
1 W=+IsIn
1 W==zorla
1 W=~git
1 W=~ver
1 W=~yap
1 W=+þsIn
1 W==ol
1 W==al
1 W=+ADIn
1 W=+AlIrDIlAn
1 W==dur
1 W==gel
1 W=+oþA
1 W=+rDIn
0 W=+KsAn
1 W=+DAsIn
0 W==sarsan
1 W=~ye
1 W=+öylA
1 W==Sun
1 W==bak
1 W=+DsIn
1 L2=~sen
0 W=+AlIrDIlAn L1=+A
1 W=+lDIn
1 W=~di
1 W=+IzlAn
1 W=+vAr
1 W=='
1 W==vur
1 W==çýk
1 W=~den
1 W=+lAsIn
0 W=+ArnomIrDIn
0 W==Ersin
0 W==ulusun
1 W=+AnDAn
1 W=+AnDIn
1 W=+KDIn
1 W=+AmAzsIn
1 W=+nsIn
0 W=+DsIn R1=<S>
0 W=+sAn R1=UCFIRST
0 W==korsan
1 R1=+CAlAmADA
1 W=+AlK
1 W=+CDIn
1 W=+öDIr
1 W==kes
1 W==ört
1 W=~um
1 W=+ADrolAþmA
1 W=+IlDIrIlAn
0 W==kanadýn
1 R1=+AyAv
1 W=+AnDInCA
1 W=+ArAlAn
1 W=+nlAD
1 W=+nsA
1 W=+ynA
1 W==Em
1 W==Sok
1 W==býrak
1 W==dön
1 W==ettin
1 W==gör
1 W=~oku
1 W=+fAD
1 W=+IlsIn
0 W=+lAsIn R1=<S>
0 W=+sAn L1=+In
0 W=+sAn L2=+s
0 L1==Adýný
0 L1==rakip
0 W=+ADAsIn
0 W=+AnnsAn
1 L1=+IllArDIr
1 L1=+IþDIrAn
1 L1=+lAmAyI
1 L1==haydi
1 L2=+AnDIDAn
1 L2=+IKmA
1 L2=+KDor
1 L2=+KlIm
1 R1=+AlAlArInDA
1 R1=+AþDIrIlArA
1 R1==benli
1 R2=+AlIlArInIn
1 R2=+AþvIrIsInIn
1 R2==Bað
1 R2==delil
1 W=+ABDIr
1 W=+ADIr
1 W=+AlDIr
1 W=+AnDIr
1 W=+BIþmA
1 W=+DAlAþmA
1 W=+IþDIn
