1
0 W=+DIKlArI
0 W=~çiller
0 W=~dolar
0 W=~çiller'in
0 W=+CA
0 W=+KAn
0 W==dolara
0 W=~çoðu
0 W=+ACAKlArI
0 W=+mAlArInA
0 W=+IllAr'A
0 R1=+AlIrDAn
0 W=+IllAr'I
0 W=~dolarý
1 W=+DIKlArI R1=+CIn
0 W=+DIKlArInDAn
0 W=+DIKlArInDA
0 W=+ACAnlArDA
0 W=+AvlIlArI
0 W=+DIKlArInA
0 W=+ImIylA
0 W=+DIKlArInIn
0 W=~bizler
0 W=+'nIn
0 W=+IllAr'lA
1 W=+IlArCA
0 R1=+AlIrDArAK
0 W=+ACAKlArInA
0 W=+IllAr'DAn
0 W==Çaðlar
0 W=~dolarýn
0 W=+IþmAlArInDA
0 W=+mAlArIylA
0 W=+CzmAnDIlArIn
0 W=~önceleri
0 W=+'nI
0 W=~saðlar
0 W==olanlarý
0 W=+mlIlArI
0 W=+nAnlArI
0 W=+'nA
0 W=+lIKlArIylA
0 W=+rmAlArInI
1 W=+ACAKlArI R2=<S>
0 W=+ArsAnIz
0 W==bizlere
0 W=~bizleri
0 W=~dolarla
1 W=+AnlArCA
0 W=+þmAlArInDAn
0 W=+ArACAKlArInI
1 W=+DIKlArI R1=+BI
0 W=+AnADAlAr
0 W=+IrAnlArI
0 W==açýklar
0 W==Çaðlar'ýn
1 W=+IslArCA
1 W=+mlArCA
0 W=+CzmAnDIlAr
0 W=+BolCIlArInA
0 W==baþlar
1 L1==Bunlarýn
0 W=+AyAnlArI
1 W=+mAlArIylA R1=+An
0 W=+ADCIlArInDAn
0 W=+AlAnlArI
0 W=+DInlIlAr'In
1 W=+rIþmAlArInA
0 W==edeceklerini
1 W==beyanlarý
0 W=+AnDIlAr'In
0 W=+BolCIlArInI
0 W=+KCIlArInI
0 W=+lAmAlArInDAn
0 W==dolardan
0 W==futbolcularýyla
0 W=+mAmAlArInI
0 W=+oKrIlAr
1 W=+rAlArCA
0 W==Ellerinde
0 W=+IzlIKlArInI
0 W=+lIlIKlArInI
1 W=+DIKlArI R1=+AsIylA
0 L1=+-000
0 L1==Aþýr
0 L1=~rap
0 R2=+IsI'nDA
0 R2=+hrADIn
0 W=+ACI
0 W=+ArsAK
0 W=+AvlIlArInA
0 W=+AymAnCIlAr
0 W=+AzlIKlArInIn
0 W=+CzmAnDIlArI
0 W=+DArICIlArI
0 W=+DIKlArIylA
0 W=+KIrlIKlArInIn
0 W==iþlerse
1 W=+AKlArCA
1 W=+DAlArCA
1 W=+yAlArCA
0 L1==Onat
0 W=+ADvAKIllArIylA
0 W=+yB'lIlArI
0 W==Aralarýnda
0 W==Aydýnlar
0 W==bitenleri
1 W=+AsDIKlArI
0 W=+BolCIlArI
0 R1==istedi
0 W=+lIlArInI
0 L1==Cavit
1 W=+DIKlArI L1=+mAK
0 L1=+ADIþDIrACAKImIz
0 L1=+ArIhIn
0 L1=~uçak
0 L2=+AIKlIKA
0 L2=+BolCIyA
0 L2==Kanal
0 R2=+BI'nDA
0 R2==sakýnca
0 W=+'nDAn
0 W=+0'lArI
0 W=+ACAKlArInDAn
0 W=+ADIrACAKlArInI
0 W=+ADIþlArInA
0 W=+ADIþlArInDAn
0 W=+AsADCIlArI
0 W=+AzIrlAr
0 W=+AzlIKlArI
0 W=+BoDlArInIn
0 W=+DIþlArInDA
0 W=+DIþlArIylA
0 W=+IDlIlAr
0 W=+IlAr'DA
0 W=+InDIzlArI
0 W=+InlAyACAKlArInI
0 W=+KIþlArIylA
0 W=+KlIKlArInI
0 W=+hryslAr
0 W=+o'lArA
0 W==Tyler
0 W==derilerini
0 W==yapanlarý
0 W==þefleri
0 W=~bizlerin
1 W=+AnsIzlIKlArInI
1 W=+IDIKlArInIn
1 W=+IþlArCA
1 W=+KAlArCA
1 W=+lAlArCA
1 W==gedikleri
1 W==taktikleri
0 R1=+IrlADAn
0 W=+ArsInIz
0 W=+DIrmAlArInDA
0 W==atamalarýnda
0 W=+AlmAlArInI
0 W==içlerinde
1 R1=+IlDIrIlDI
0 W=+ClIlArI
1 R1=+ABIlIr
1 W=+'nA R1==(
1 W=+ACAKlArI R1=+ArInDA
1 W=+DIKlArI R1=+IlAn
1 W=+mAlArInA R2=+DA
0 L1=+ArþIDAKI
0 L1=+DAKlArInI
0 L1=+IlDAn
0 L1=+IsmADI
0 L1=+KDrInI
0 L1=+KsIn
0 L1=+lAKDIf
0 L1=+lAnmAmIþ
0 L1=+nlIKInDA
0 L1=+oznI
0 L1=+rDIrIlmAsI
0 L1==60'ý
0 L1==B
0 L1==CIA
0 L1==Faiz
0 L1==Internet
0 L1==M1
0 L1==iktidara
0 L1==takýmlarýn
0 L1==talk
0 L1==Çatlý
0 L2=+ICIm
0 L2=+orvAD
0 L2=+rIm'In
0 L2=+rmAsInDAn
0 L2==Gençlik
0 L2==Irak
0 L2==Kadýn
0 L2==birimleri
0 L2==kurulmasýna
0 L2==yüklü
0 R1=+ACIrDIKI
0 R1=+ArCADIKI
0 R1=+InlAþDIrmAsI
0 R1=+lDInK
0 R1=+ovoKA
0 R1=+sDADIK
0 R2=+ADrAnC
0 R2=+AKnolojIK
0 R2=+AnDolonInIn
0 R2=+ArBA
0 R2=+InyAyA
0 R2=+IrIKAn
0 R2=+lsAnIz
0 R2=+rzAK
0 R2==Ceza
0 R2==TKÝ
0 W=+ABCIlArIn
0 W=+ABImCIlArInA
0 W=+ACKAr'lAr
0 W=+ACm'lArIn
0 W=+ADAmlArIylA
0 W=+AKlAyACAKlArInI
0 W=+AKlIKlArInA
0 W=+AfIlAlArInDA
0 W=+AlIþlAr
0 W=+AmCIlArI
0 W=+AmIDoKlIllArI
0 W=+AnCIlAr'In
0 W=+AnIþlArInDA
0 W=+AnKAnlArI
0 W=+ArAKlIlArI
0 W=+ArDlICKlAr
0 W=+ArlIlIKlArInIn
0 W=+AyBADACAKlArInI
0 W=+AyICIlArIylA
0 W=+AyIþlArIylA
0 W=+AylArInDAKI
0 W=+AylIKlArInDAn
0 W=+AyrImAnKIllArI
0 W=+BIoDIKlArIn
0 W=+CAlAmAlArInI
0 W=+CIlIþlArInA
0 W=+CzmAnDIlArA
0 W=+DIrlIKlArInIn
0 W=+DlArDI
0 W=+ICAKlArInI
0 W=+IKImlIlIKlArInDAKI
0 W=+IKIþlArInDA
0 W=+IKlIKlArInDA
0 W=+IlAr'lA
0 W=+IlIlAr'In
0 W=+IlmAlArInDAKI
0 W=+IlyonlArI
0 W=+ImlIlArInA
0 W=+ImlIlArInDAn
0 W=+ImlIlIKlArInIn
0 W=+InIrlAmAlArI
0 W=+InKlAlArI
0 W=+IsIrlIlAr
0 W=+IvvACIlAr
0 W=+IyAnlArI
0 W=+IþCIlArI
0 W=+IþlIlAr
0 W=+fAKDIflArI
0 W=+j'lArIn
0 W=+nlAmlArInIn
0 W=+rADAnlArI
0 W=+smA
0 W=+yICIlArInDAn
0 W==Baðcýlar
0 W==dolarýný
0 W==dolarýnýn
0 W==hatýrlar
0 W==iftarlarý
0 W==olacaklarýný
0 W==olanlarýnda
0 W==saðlarsa
0 W==solcularý
0 W==zencileri
0 W==Ýþyerlerinde
0 W==þartlarýnda
1 W=+AlIKlArIylA
1 W=+DArlArCA
1 W=+IformAlArIylA
1 W=+IzyIllArCA
1 W=+mAlArCA
1 W=+olDIKlArI
1 W=+olDIKlArInA
1 W=+vlIlIKlArInI
1 W=+zlAþmAlArInA
1 W=+þIrlArKAn
1 W==tonlarca
1 W=~bacaklarýna
0 L1=+loKA
0 R2=+CIlArInI
0 W=+ADAflADIKlArInI
0 W=+AKlAr'A
0 W=+ArKICIlArInIn
0 W=+KlAmAlArInDA
0 W=+mDIKlArInI
1 W=+ADIlACAKlArInI
1 W=~nemalarýyla
0 W=+IDIKACIlArI
0 W=+IrlADIKlArInI
0 W==alacaklarýný
0 W==bakanlarýnýn
0 L1==yakýndan
0 W==Kutlar
0 R1=+AnKAsI
