1
0 W=+lArI
0 W=~bu
0 W=~için
0 W=+lArInI
0 W=~ile
0 W=~en
0 W=+lArInIn
0 W=+nrA
0 W=~ama
0 W=+lAn
0 W==kadar
0 W=+DIKI
0 W==ne
0 W=+lArInA
0 W=~o
0 W=~yeni
0 W=+DIK
0 W=~diye
0 W=+nCA
0 W=+lArInDA
0 W==göre
0 W==Bir
0 W==karþý
0 W=+lArInDAn
0 W=+sAl
0 W=~biz
0 W=+lAnAn
0 W==Genel
0 W=~ben
0 W=~bile
0 W=~bazý
0 W=+lAr
0 W=~þimdi
0 W=+ADACA
0 W=+lArIylA
0 W==hiç
0 W=~þu
0 W=+oKrI
0 W=~eden
0 W=+llI
0 W=~bizim
0 W=+AllIKlA
0 W=~fazla
1 W=+DIKI R1==gibi
0 W=+IKsAK
1 W=+DIKI R1==için
0 W=+yrICA
0 W=+DIKImIz
0 W=+nIDAn
0 W=~benim
0 W=~eðer
0 W=~uzun
1 W=+lAr W=UCFIRST
0 W=+lArIn
1 W=~dolar
0 W=~bize
0 W==geri
0 W==veren
0 W=~bana
0 W==birlikte
0 W=~son
0 W==dek
1 W=LOWER2
0 W=+sInIz
0 W=+lIþKIn
0 W=~kýsa
1 W=+DIKI R2=<S>
0 W=~beni
1 W=+lAn W=UCFIRST
0 W=~sonunda
1 W=~ileri
1 W=+AnCA
0 W=~ardýndan
0 W=~hala
0 W=+lACA
0 W=+ACAKIm
0 W=~sürekli
0 W==Teknik
0 W=~türlü
0 W=+zAl
0 W=~oysa
0 W=~beri
0 W=~bizi
1 W=+CIlAr
0 W==Çok
0 W==Ýlk
0 W=+slInDA
0 W==Ýki
0 W=~sayýn
0 W=+lArInDAKI
0 W=+lArDAn
0 W==Bütün
0 W==Ýkinci
0 W==Sarý
0 W==lazým
0 W=~altý
1 W=+CIlArIn
0 W=+ArCAKDAn
0 W==çalýþan
0 W==Ayný
0 W=+ArþIn
1 W=~ilan
0 W==Büyük
0 W=+AlnIzCA
0 W=~gizli
0 W=~üstelik
0 W=~dolayýsýyla
0 W=~erken
0 W==Ýyi
0 W=+DIKIm
0 W==Geçen
0 W=~yoðun
0 W=~çoðu
0 W=~süren
0 W=+AyKIn
0 W=~kesin
0 W=+AyIlI
0 W=+AnArAK
0 W==Küçük
0 W=+AlIyIz
0 W=+KrIDAn
0 W=+osyAl
0 W==Aðýr
0 W=~bizde
1 W=~son R1=+I
0 W==genç
0 W==Eski
0 W=+olAyI
0 W==dolu
1 W=+lArInCA
1 W=~çiller
0 W=~geçici
0 W=~yerli
0 R1==düzey
0 W=~açýkça
0 W=~türkçe
1 W=+sAl W=UCFIRST
0 W=+IyAh
1 W=~düþünce
0 W=+AnzAr
1 W=+DIKI R1==,
0 W==Üç
0 W=~toplu
1 W=+DIKI R1=+InDA
0 W==iyice
0 W=+AmnIn
0 W==Tam
0 W=+þDIm
0 W=+ylAsInA
0 W=~rahat
0 W=+AnIrKAn
0 W==edip
0 W==Hatta
0 W=+ADAysA
0 W=~yüz
0 W=~bizden
0 W=~tersine
0 W=~günlük
0 W=+ADACIlAr
0 W=+AnzArI
0 W==Tüm
0 W=+DKIn
0 W=~bence
0 W=~mutlu
0 W==þimdiden
0 W=+IrmIzI
1 W=~dolarý
1 W=+lArInI R1=+AlIrDAn
1 W=+DIKI L1=+lArInIn
1 W=+mAlArInA
0 W=+vCIlAr
0 W=+DDIm
0 W==Temiz
0 W=~eskiden
0 W=+ADACIlArIn
0 W=+rDInCI
0 W=+AnIB
0 W==Birinci
1 W=+DIKlArInA
0 W=+ACAKImIz
1 W=+DIKI R1==ve
1 W=+DIKI R1=="
0 W=+AlnIz
0 W==þimdilik
0 W=~derin
0 W=+ArIz
0 W=~sýký
0 W=~yedi
0 W==Tek
0 W==Zira
0 W=~birden
0 W=~aksi
0 W=+DArIm
0 W=~emin
1 W=~yalan
1 W=~bu R1==da
0 W=+þCIlAr
0 W=~ertesi
0 W=~ucuz
1 W=+CIlArDAn
1 W=+DIK W=UCFIRST
0 W==Artýk
0 W=+nIrIm
0 W==zorla
0 W=~dokuz
0 W=~genelde
1 W==falan
1 W=~özal
0 W=~yarým
1 W=+DIrIlAn
1 W=+DIKIm R1=+CIn
0 W=~karma
0 W=+lIrIm
0 W==düþük
0 W=+ACInIlmAz
0 W=+mAKsIzIn
0 W==Hemen
1 W=~galeri
1 W=+InCIlArI
0 W=~asla
0 W==kimi
0 W=+nAnDIrICI
0 W==atan
0 W==aydýn
0 W=~resmi
1 W=+DIKI R1==takdirde
1 W=+lArInDA L1=<S>
0 W==köklü
0 W=~neyse
1 W=+BIllI
0 W=+ACAKlArDIr
0 W=+DIKInIz
0 W=+AyAz
0 W=+IrKlAr
0 W==Pek
1 W=+AvlIlArI
1 W=+DIKlArInDA
0 W=+rAlIm
0 W==radikal
1 W=+lArInI R1=+AlIrDArAK
0 W==getirilen
0 W==Çaðdaþ
0 W=~ayan
0 W=~çifte
0 W=~olasý
1 W=+DIKlArInDAn
1 W=~þimdiki
0 W==doðan
1 W=+DIKlArInIn
0 W=~aksine
1 W=+ACAKlArI
0 W=+IrKAC
0 W=+IsACAsI
0 W=+ylAsI
0 W=+zlAþmAlI
0 W==bakýn
0 W==Üçüncü
0 W=~0.00
1 W=+nIClAnAn
0 W=~üstün
1 W=+AsInIz
0 W=+IKlArlA
0 W==takdirde
0 W=+mAyIz
0 W=+BArIm
0 W=+rsAnIz
0 W=~rahmetli
1 W==taktik
0 W=+ArAKsA
0 W=+lICA
1 W=~son R1=DIGIT
0 W==Yok
1 W=+ADCIlArI
1 W=+DIKInCA
1 W=+ollI
0 R1==yazýk
0 W=LOWER2 W=+lArI'nDA
1 W=+lAn L1=+DIKI
1 W=~son R1=+AK
0 W=~son W=STFIRST
0 W=+ABAnCIlAr
0 W==olurken
0 W=~iþçilerin
0 W=+mAyAn
0 W=~adil
0 W=+lArIm
1 W=+DIKImIz R1=+BI
0 W=+AzlAsIylA
0 W=+DArDIm
0 W==Acil
0 W==Beþ
0 W==boþuna
0 W=~benimle
0 W=~bizimle
0 W=~yapýcý
1 W=+InDAlAr
0 W=+AzDIm
1 W=+öylAr
1 R1=+IrACA
0 W==bu
1 W=+DIKImIz R1=+CIn
1 W=+lArInDA L1=+AnDI
0 W=+AvCIlArIn
0 W=+oKIK
0 W==Açýk
0 W=~çoðunun
0 W=~örtülü
0 W=~özgün
1 W=+AvlIlArInIn
1 W=+KAllI
1 W=~akýllý
0 W=+ACKIn
0 W==mezun
0 W=~düþünün
0 W==kuran
1 W=+sIzlAr
0 W=+nrADAn
0 W=+IrIz
0 R1==politika
0 W=~ister
1 R1=+DAmAz
0 W=+IsAl
0 W=+DIKI R1=+DIr
0 W=+AKlAþA
0 W=+lvArIþlI
0 W=+mInIm
0 W==mini
0 W=~berabere
0 W=~gergin
0 W=~yersiz
1 W=+AnDIlArIn
1 W=+olDIK
1 W==sakýnca
1 W=~dolarýn
1 W=+ACAKlArInA
0 W==Gürcü
0 W==Yüce
0 W=+ACAKIz
0 W==Demokrat
0 W=+lAyACAKI
0 W=+DIrACAK
1 W=+DIrACAK R1=<S>
1 W=~þu R1==:
1 W=+DIKI R1=+InI
0 W=+ADACIlArA
0 W=+IDArlI
0 W==On
0 W==kala
0 W=~yoksun
0 W=~ýlýmlý
1 W=+BolCIlArInA
1 W=+sInCA
1 W==sandýk
1 W==olanlarý
1 W=~matematik
0 W=+IyorIz
1 W=+rmAlArInI
0 W=~menkul
0 R1=+IzAyDA
1 W=+AsDIK
1 W=+mAlArIylA
1 W=~resmi R1=+I
0 W=+lAlIm
0 W=+lAmAm
0 W=+oKIlCI
0 W=+sDArKAn
0 W==Laik
0 W==bozan
0 W==boþa
0 W==deyin
0 W=~bas
0 W=~bizce
0 W=~evli
0 W=~hayýrlý
1 W=+AKCIlArI
1 W=+ArArlAnArAK
0 W=+ImsAr
0 W=+IrDIm
1 W=+AKIlArIn
1 W=+nAnlArI
0 W=+DAlIm
0 W=+lmAm
1 W==Yüksel
1 W=+mAlArInDA
0 W==asýl
0 W=+AsAl
1 W=+DIKI R1=+rDAyA
0 W=+DIKI R1==, L1=+yA
0 W=+DIKI R1==ve W=+IlDIKI
0 W=+lIrsIn
0 W=+zKIrCA
0 W=+ölICI
0 W==Mali
0 W==asýlsýz
0 W==sürücüler
0 W==üzgün
0 W=~aman
0 W=~duydum
0 W=~otuz
0 W=~sürücülerin
1 W=+AnAyICIlArI
1 W=+AnzIllI
1 W==plan
0 W=~kuru
0 W=+InDIm
0 W==Geleneksel
0 W=~hani
1 W=+slAn
0 W==askeri
1 W=+DIKInIz R1=+IBI
1 W=+DIKI R2=+IrIlDI
1 W=+DIKI R1=+IlDI
0 W=+DIKI R2=<S> R1=+Ar
0 W=+ABAnCIlArlA
0 W=+AmsIlCIlAr
0 W=+AyCA
0 W=+CI'lArIn
0 W=+IlIlArlA
0 W=+IsKIn
0 W=+lAlIKlA
0 W=+lKIlAnDIrAn
0 W=+önAlIm
0 W==Kaç
0 W==Sun
0 W==peþin
0 W==süreli
0 W=~bakýnýz
0 W=~doðulu
1 W=+BolCIlArI
1 W=+ClIlArI
1 W=+onCA
1 W==mantýk
1 W=+IrAnlArI
1 W=~yýlan
0 W=+mIþsIn
0 W=+lArImIzI
1 W=+lIlIKlArI
1 W==Gülen
0 W==kalma
1 W=+mCIlArI
1 W=+mAlArInDAn
0 W==verici
1 W=+rACAKlArInI
1 W=+lICA W=UCFIRST
1 W=~son R1=+InIn
1 W=~son R1=+sInDA
1 W=~ile L1=+00
0 W=+DIKI L1=="
0 W=+AImI
0 W=+ArBAsD
0 W=+AvCIlArA
0 W=+AzlADAn
0 W=+BhAsIz
0 W=+CAmAn
0 W=+IlIlArA
0 W=+osyolojIK
0 W==15.30
0 W==Mavi
0 W==Medeni
0 W==keskin
0 W==saklý
0 W=~bizdeki
0 W=~durun
0 W=~dürüst
0 W=~yurtiçi
1 W=+AvlIlArIn
1 W=+AyDIlAr
1 W==düdük
1 W==gelenleri
1 W==Þallý
1 W==çekince
1 W=+AyDIK
1 W=+IyorsInIz
1 W=+lIlIKlAr
0 W=~sakýn
0 W=+þlAr
1 L1==milyon
0 W=+ACAKlArI R1=+DI
1 W==askeri R1=+AyA
1 W==birlikte L1==,
1 W=~ardýndan L1=+An
1 W=+DIKInIz L1=<S>
1 W==askeri L1=UCFIRST
1 W=+lArInI L1=+mAyA
1 W==asýl L1=+n
1 W=~ile L1=="
1 W=+DIKI L1=+mAK
0 W=+DIKI L1=+ArAK
1 W=+lAnDIrDIKI
0 W=+DIKI R1==, L1=+In
0 W=+AyAnIKlI
0 W=+CImAsIz
0 W=+DArlArsA
0 W=+DDInIz
0 W=+InIrsIz
0 W=+þDIrIn
0 W==Akan
0 W==Gezen
0 W==Zor
0 W==düzgün
0 W==hurda
0 W==koþan
0 W==saran
0 W==sýkça
0 W==tutun
0 W=~haram
0 W=~sarýklý
0 W=~sayan
1 W=+AIllI
1 W=+AKIlArI
1 W=+AnDIrmAlArI
1 W=+BolCIlArIylA
1 W=+DAllI
1 W=+DIllI
1 W=+ImlIlIKlArInI
1 W=+InDADIrlAr
1 W==açýklar
1 W==baþlar
1 W=+AKIlAr
0 W=+KArIm
0 W==haftalýk
0 W==kalkan
0 W=+AKAlIm
0 W==örneðin
1 W=+lAnDIrACAK
1 W=+DIKIm R1=+IBI
1 W=~ister R2=<S>
1 W=~son R1=+DIr
0 W=~son R1=+ArDAKI
1 W=~ardýndan R1=+lAn
1 W=+lArInI L1=+mAyI
1 W==genç R2=UCFIRST
1 W=+DIKIm W=UCFIRST
0 W=+DIKI R1==" L1=+InDA
0 W=+DIKI R1==" L2=+'In
0 W=+AKDAyIz
0 W=+AzIrIm
0 W=+CImAsIzCA
0 W=+CmAm
0 W=+IDABAn
0 W=+IrKlAr'In
0 W=+IzAlIm
0 W=+mAnAD
0 W=+nlADIn
0 W=+oKsAn
0 W=+rIrIm
0 W=+zArK
0 W=+þIrIm
0 W==Geniþ
0 W==Sahi
0 W==durgun
0 W==eren
0 W==sapan
0 W==yerdim
0 W==Çevik
0 W=~beþeri
0 W=~tutucu
0 W=~özürlü
1 W=+ADCIlArInDAn
1 W=+AnDIrACAKIz
1 W=+ArArlAnAn
1 W=+ArmAyIz
1 W=+AsAllI
1 W=+sIllI
1 W==alacaklarýný
1 W==saðlar
0 W=+ACAKlArDI
0 W=+AmsIlI
0 W=+ArDImCIlArI
0 W=+rlArDI
0 W==gecelik
1 W=+IzlIKlArInI
1 W=+mAyAnlArI
1 W=+þlIlAr
0 W=+IþmADIKI
0 W==Þamil
1 W=~pratik
0 W=+KDIm
1 W=+lIKlArIylA
1 W=+AnADIK
1 W=+ArCAKlAþDIrDIKI
0 R1==sahada
0 W=+IlIzCA
0 W=+ImsAl
1 W==göre R1=+örA
1 W==Demokrat R1=APOS1
1 W==genç R1==,
0 W=+mAlArInDA L1=+A
1 W=+DIKI R1==yerden
1 W==birlikte L1=+AB
1 W=+DIKI L1=+ADAr
1 W==Hatta W=UCFIRST
1 W=+DIKI R1=+0
0 W=+DIKI R1=+0 L2=LOWER
1 W=+DIKI R1=+0 L1=+DA
1 W=+DIKI R1==, L2=UCFIRST
0 W=+lAr W=UCFIRST W=+AlAr
0 R1=+ArlIKlArDAKI
0 R1==direktör
0 R1==Þura
0 W=+ABAyIm
0 W=+AhADCA
0 W=+AlDACAK
0 W=+AmAzsIn
0 W=+AmsIlCIlArIn
0 W=+ArIKAlIlAr
0 W=+ArInlAmAsInA
0 W=+AsIlsA
0 W=+AvAþAn
0 W=+AylAþAn
0 W=+AzIrlAyACAK
0 W=+AþIB
0 W=+IrDInIz
0 W=+IþlArDI
0 W=+lArImIn
0 W=+lIrsAK
0 W=+rAlIKsIz
0 W=+rIþmAlArInA
0 W==20.30
0 W==Bari
0 W==Basit
0 W==Birgün
0 W==Dedim
0 W==Hayli
0 W==Masum
0 W==Sert
0 W==YÝNE
0 W==Zengin
0 W==edeyim
0 W==mutluyum
0 W==sarýþýn
0 W==yanan
0 W==yanlý
0 W==yerleþen
0 W==önleyecek
0 W==özlü
0 W=~mutsuz
0 W=~sakin
0 W=~tuzlu
0 W=~çoðunu
1 W=+ACAKCIlArInIn
1 W=+AnADAlAr
1 W=+DIKACIlArI
1 W=+DIKlArIylA
1 W=+InCIlArInIn
1 W=+onIDAn
1 W=+orClAnArAK
1 W=+þlAyACAKI
1 W==RTÜK
1 W==emsal
1 W==eyler
1 W==edeceklerini
0 W=+mIþIm
0 W=+mIþIz
0 W=+yAsIyA
0 W==Deðil
0 W==atýn
0 W==sunan
0 W=~cesur
1 W=+oKIllArI
1 W==mantýðý
1 W==çalýþtýðým
0 W=+IIlI
0 W==Gençler
1 W=+lAyAnlArI
1 W=+oDIK
0 W=+DmAm
1 W=+lIKlArInDAn
0 W=+ADACAKI
1 W=+IzlIKlAr
0 W=+olsIzlIKlAr
0 W=+IrDDIþI
1 W=~güler
0 W=+AlAnDIKI
0 W==Halen
0 W=+nlAr
1 W=+yDInlAr
1 W=+DIKInIz L1=+IzIn
1 W=+lAr L1=+lDAn
1 W=+lArInDAKI L1=~kendi
1 W==genç L1=="
1 W=~son R1=+IylA
1 W=~son R1=+lAn
1 W=+DIKI L1==oy
1 W=+DIKI R1=+AKDADIr
0 W=+ACAKlArI R2==,
1 W==askeri R1==ve
1 W==düþük L1=+I
1 W=~resmi R1=+'DA
1 W==birlikte L1=+n
1 W=~son R1=+InDAn
1 W=+DIKI L1=+AsI'nIn
1 W=+lArInA L1=+ArInIn
1 W=+DIKI L1=+KIlI
1 W=+DIKI R1==için
0 W=+DIrACAK R1=<S> L1=+sInI
0 W=+DIKI R1==, L1=+InDA
0 W=+lAr W=UCFIRST W=+zlAr
0 W=+DIKI R1=+InI R2=+A
1 W==taktiði
0 W=+DIKI R1==" L1=+'In
0 L1=+IKAmIrAl
0 L1=+IyAmADI
0 R1=+IKImlArA
0 R2==tüzel
0 W=+ABArCA
0 W=+ADACIlArlA
0 W=+ADroCIlAr
0 W=+AmAnsIz
0 W=+AmnInIz
0 W=+AnAlIm
0 W=+AnIlIB
0 W=+ArAyIm
0 W=+ArBAsDCA
0 W=+AslAnIyorIm
0 W=+AvArIm
0 W=+AyIDsIz
0 W=+AyIrCIlAr
0 W=+AþmAlArA
0 W=+BArAK
0 W=+CDIm
0 W=+DInIylA
0 W=+DhIþ
0 W=+DrAlArA
0 W=+IþDInIz
0 W=+lArInIzI
0 W=+lDInCI
0 W=+msArIm
0 W=+rDIrACAKlArInI
0 W=+rKAnDAn
0 W=+örmAmIþ
0 W=+þCIlArA
0 W=+þCIlArlA
0 W=+þsAK
0 W==17.00
0 W==Az
0 W==Beþinci
0 W==Ciddi
0 W==Deðerler
0 W==Hoþ
0 W==Uygun
0 W==açýkla
0 W==biziz
0 W==ettin
0 W==kestik
0 W==yerleþtirilen
0 W==Çift
0 W==çalýþýn
0 W==çek
0 W=~kimimiz
0 W=~koyu
0 W=~varsýn
1 W=+ACAKCIlArIylA
1 W=+ADCIlArInIn
1 W=+AKArlAnDIrmAlAr
1 W=+AnlIþlIKlAr
1 W=+AnsInIz
1 W=+ArICIlArI
1 W=+AvlIlArInA
1 W=+AzlIKlArInIn
1 W=+BolCIlArInIn
1 W=+ClIlArIn
1 W=+CrAADlArInI
1 W=+ImDAlAr
1 W=+InlIlArIn
1 W=+KAnlIlAr
1 W=+KCIlArInI
1 W=+lKInCA
1 W=+rAlAn
1 W=+rAllI
1 W==derilerini
1 W==etmem
1 W=~masal
0 R1=+sIlArDA
0 W==Bilgiler
1 W=+ClIlAr
1 W==Kalan
0 R1=+lCAKlI
0 R1==Müren'in
0 W=+AþACAKI
0 W=+IlAnDIrACAK
0 W=+KlArImIz
0 W=+lArImIzA
0 W=+lArInIz
0 W=+örInIr
0 W==kaba
0 W==kesen
0 W==misin
0 W=~ferdi
1 W=+CzmAnDIlArI
1 W=+ImnAsDIKI
1 W=+lIlIKlArInIn
1 W=+mAmAlArInI
1 W=+olArDAn
1 W==bitenleri
1 W=+CAKlAþDIrACAK
0 W=+AKIþmAz
0 W=+DIrIlACAKI
0 W=+nDInIz
0 W==çýkarýn
1 W=+ADInCA
1 W=+ADlIlAr
1 W=+rIKsAl
0 W=+ArCAKDA
0 W==Yanlýþ
1 W=~estetik
0 W=+ADIrIlDIKI
1 L1==Aksi
1 W=~köksal
0 W=+nlAþIlAn
0 W=~sözlü
0 W=+IKlArA
0 W=+BACAKI
1 W=+BACAKI L1=+I
0 W=+ImlAr
0 W=+mAlArIylA R1=+nAn
1 W=+DIKI R1==(
1 W=+lArI L1=+AvDIAD
1 W=+lArInI L2=+AsInDAn
1 W==düþük L1=+K
1 W==genç L2==bir
1 W==verici L1=+ID
1 W=~resmi R1=+nDA
1 W=~resmi R2=+ArAD
1 W=~son R1=+AnAn
1 W=~sözlü R1=+AK
1 W=+DIKI L1==haklý
0 W=+mAlArIylA R1=+r
0 W=~son L1=+IrKIyA'nIn
1 W=+DIKI R1=+ylAnAn
0 W=+DIK R1=+ArIn
0 W=+DIKI L1=+rmAyA
1 W==genç L1=DIGIT
1 W=+DIKI L1=+lInI
1 W=+DIKI R2=+IrIlIyor
1 W=+DIKImIz L1=+mAK
1 W==birlikte L1=+DA
1 W=+DIKI L1=+KDAn
0 W=~son R1=+rI
1 W=+lArInDA R1=="
1 W=+DIKI L1=+0'DA
1 W=+DIKI R1=+InDA
0 W=+DIKI R1=+InDA L1=+'In
0 W=+DIKI R1==" R2=+Iþ
0 W=+lArInI L1=+mAyA W=+ACAKlArInI
0 W=+DIKI R1==" L1=+AyA
0 W=+DIKI R2=<S> L2=+ArA
0 W=+DIKI R2=<S> L1=+AD
1 W=+DIKI R1=+IlIr
1 W=+lAr W=UCFIRST R1=+AKI
0 L1=+-000000
0 L1==sonrasýný
0 L2=~çaðýn
0 R1=+ABAhDA
0 R1=+IrAKDörlIK
0 R1=+IþKAnlIKInDAn
0 R1=+önmAsIn
0 R2==güçlenecek
0 W=+ABADACAK
0 W=+ADACIlArDAn
0 W=+ADIKCIlArIn
0 W=+AKIþIKlI
0 W=+AllAþDIrIlACAK
0 W=+AmnInIm
0 W=+AnmIþlArDIr
0 W=+ArImIzDAKI
0 W=+ArþIlAþAn
0 W=+AsDKAlA
0 W=+AsIKAlI
0 W=+AþAyAn
0 W=+AþmAlArlA
0 W=+DArAm
0 W=+DArsAK
0 W=+DsAK
0 W=+IhAI
0 W=+IllAnDIn
0 W=+IllAnIlArAK
0 W=+InsICA
0 W=+KArDIm
0 W=+lADABIlACAK
0 W=+lArImDA
0 W=+lArIyIz
0 W=+lArsIn
0 W=+mACIlArIn
0 W=+mAlIyIm
0 W=+nlAnDIrAn
0 W=+oCIKCA
0 W=+oKInDA
0 W=+rDIrIm
0 W=+rlArmIþ
0 W=+sAlIm
0 W=+yArAn
0 W=+zKIr
0 W=+öDIrACAKlArInI
0 W=+þlADAn
0 W==16.00
0 W==Alla
0 W==Artan
0 W==Cinsel
0 W==Dar
0 W==Em
0 W==GENÇ
0 W==Galiba
0 W==Geç
0 W==Kaçan
0 W==Kolay
0 W==Men
0 W==Partililer
0 W==Pýrýl
0 W==Sade
0 W==Tabi
0 W==Uygar
0 W==Uzak
0 W==Yerinde
0 W==buluþun
0 W==derim
0 W==eþsiz
0 W==itici
0 W==içli
0 W==nakdi
0 W==olanca
0 W==takan
0 W==yakan
0 W==yedim
0 W==yýlmadan
0 W==zorlama
0 W==ödeyeceði
0 W==þaþmaz
0 W=~gezici
0 W=~oku
1 L1==S-300
1 W=+ACAKCIlArInA
1 W=+ACAKlArInDAn
1 W=+ADAmlArIylA
1 W=+ADIBlIlAr
1 W=+ADImInCA
1 W=+ADlIKlArI
1 W=+ADvAKIllArIylA
1 W=+AKIlArDAn
1 W=+AKIllAnAn
1 W=+AKIllIKlArInA
1 W=+AKKIllI
1 W=+AKlIDIrlAr
1 W=+AlACAKImIz
1 W=+AlIlArDAn
1 W=+AlIrlAr
1 W=+AnDIrDIlAr
1 W=+AnDIrIlmAlArI
1 W=+AnIþlArInA
1 W=+AnzAl
1 W=+ArADIK
1 W=+AvADlIlArI
1 W=+AvlIlArInI
1 W=+AzIIþlArI
1 W=+AzIrlAr
1 W=+CIlArIm
1 W=+CIlArImIzI
1 W=+CIllI
1 W=+DAlIlArInIn
1 W=+DIþlArInDA
1 W=+DIþlArIylA
1 W=+IBIrlArInI
1 W=+IKlIKlArInI
1 W=+IlIsInIz
1 W=+IlIslArI
1 W=+IlyonlArI
1 W=+InCIlArInA
1 W=+InIrlAnArAK
1 W=+IyormIsInIz
1 W=+KIþlArIylA
1 W=+fAKDIflArI
1 W=+lIKInCA
1 W=+lIyDIlAr
1 W=+mAllI
1 W=+mlIlArInDAn
1 W=+nlIKlArInDA
1 W=+yAlIKlArI
1 W=+ymAlArI
1 W=+yonlAr
1 W==Prince
1 W==edeceðimiz
1 W==etik
1 W==halli
1 W==liseliler
1 W==nutuk
1 W==talan
1 W==çalar
1 W=~karýnca
0 W=+AyAnDIKI
1 R2=+AþCIlIK
1 W=+AlIsDIK
1 W=+AnImsADIKI
1 W=+ArArlAnDIKI
1 W=+rDDIrDIKI
1 W=+rlAnACAKlArInI
1 W=+þDIKInIz
1 W==Altuð
1 W=~ulan
0 R1=+ACAKCIlArInI
0 R1=+DIKAnIn
0 W=+ABsAyACAK
0 W=+AþmAlArDA
0 W=+IlAnDIm
0 W=+IrAKACAK
0 W=+þlADACAK
0 W==Evrensel
0 W==Olan
0 W==bitecek
0 W==daðlýk
0 W==gözde
0 W==çýkacaðý
0 W=~kutlu
1 W=+ImlIlArI
1 W=+IrICIlArInDAn
1 W==baþlarýný
1 W==olacaklarýný
0 R1==Savcý
1 R2=+BoDA
0 R1=+rImCIlArIn
0 W=+ArlAK
0 W=+lArImA
0 W==demir
1 L2=+AIKlIKA
1 W=+ACAKlAr
0 R1=+AllArDAn
1 L2==yüklü
1 R1==tutmuþ
0 R1==alanýn
0 W=+IKlArDA
0 W=+IþmAm
0 W==AK
0 W==Fahri
1 R1=+nlAþIlAn
1 R2=+IþKIlI
1 W=+yAlIlAr
0 W=~kurulacak
0 R1==takibe
1 W=+KlAn
1 L2=~liseleri
0 W==Yetkililer
1 L1=+AþmAlI
1 R2=+yAv
0 W=~yeþil
1 W=~yeþil R1=="
0 W=+flAr
1 R1=+IrlADAn
0 W=+BlAr
0 W=+DlAr
1 L2=+ABzonsBor
0 R1=+IrACA L2=+KI
0 W=+ACAKlArI R1=+IlIyor
0 W=+DIKI L1=+AnInDAn
0 W=+DIKI R1=+AnmIþDI
0 W=+lAn L1==En
0 W=+rACAKlArInI L1=+An
1 W=+ACAKImIz L1=+In
1 W=+BACAKI L1==ne
1 W=+DIKI R1=+örD
1 W=+DIKI R2=+IrlIKDA
1 W=+DIKI R2=+IrlIKI
1 W=+DIKIm L1=+on
1 W=+DIKInIz L1=+ArAK
1 W=+IlIzCA L2=+An
1 W=+IrDDIþI L1=+lK
1 W=+IsAl R1==,
1 W=+lAn R1=+lArAK
1 W=+lAr L1=+ArþI
1 W=+lAr L2=+IþlAr
1 W=+lArI L1=+AnsIB
1 W=+lArI L1=+lIKlArI
1 W=+lArI R2=+DIrIrKAn
1 W=+lArIn R2=+IlArAK
1 W=+lArInDAn L1=+nlI
1 W=+lArInI L1=+ACIm
1 W=+nlAr L1=+DAn
1 W==Fahri L2=UCFIRST
1 W==askeri L1=+lI
1 W==askeri R1=+CIDAn
1 W==askeri R1=+nA
1 W==birlikte R1=+h
1 W==genç L1=+Iz
1 W==genç R1=+Ih
1 W==göre L1=+örA
1 W==kalkan L1=+InA
1 W==radikal L2==,
1 W==verici L1=+An
1 W==örneðin R1=DIGIT
1 W=~ile L2=+lmAsI
1 W=~ister R1==.
1 W=~kurulacak R1=<S>
1 W=~resmi R1==,
1 W=~son L2=DIGIT0
1 W=~son R1=+AKIz
1 W=~son R1=+IlIr
1 W=~son R1=+InIf
1 W=~sözlü L1=STFIRST
1 W=~türkçe L2==:
1 W=~türkçe R1==-
1 W=~yedi R1=<S>
0 W=+DIKI L1=+AnsfAr
0 W=+DIKI L1=+ArArA
1 W=+DIKI L1=+DlA
1 W=+DIKI L2=+AKlAr'In
1 W=+DIKI R1==ile
1 W=+DIKIm L1=+D
1 W=+lAr R1==mi
1 W==Demokrat L1=+DAn
0 W==Hatta L2=+r
1 W=+DIKI L2=+Ir'In
1 W=+DIKI L2=+KAr'In
1 W=+DIKI R1==iki
1 W=+DIKImIz L1=+mAyA
1 W=+IsAl L1==ve
1 W=+KDIm R1=LOWER
1 W==genç L2=+DI
1 W=~emin L1=+AD
1 W=~resmi L2=+nI
1 W=~son R1=="
1 W=~son L2=="
0 W=+DIKI L2=+DAn'In
1 W=+llI L1=+AD
1 W==askeri R2=+mA
1 W=+DIKI L1=+IzlIK
1 W=+DIKI L1=+mIzIn
1 W=+DIKI R2=+n'In
1 W=+DIrACAK L1=+DA
1 W=~resmi R1==ve
1 W=~yeþil R1=LOWER
0 W=+DIKI L2=+AmInDA
0 W=+lArInDA R1=+DIKlArI
1 W=+DIKI L1=+lmAsInIn
1 W=+DIKI L1=+rmA
0 W=+DIKI L1=+ADsIz
1 W=+DIKI L1=+DlI
1 W=+DIKI L1=+IlIK
1 W=+DIKI L1=+mInI
0 W=+ACAKlArI R1=+InDA
0 W=+mAlArInDAn L2=+n
1 W=~son R1=+InA
0 W=+DIKI L1=+CInIn
1 W=+DIKI L1=+ArDAn
1 W=+DIKI L1=+DInI
1 W=~ile L1=~00
0 W=~ile R1=+A
0 W=~ile L2=+nA
0 W=+DIKI R1=+Im
1 W=+DIKI R1=+lAnDI
0 W=+lArInDAn L2=<S>
0 W=~ile R1=+lKIlI
0 W=+DIKI L1=+mAK R2=+Ar
0 W=+DIKI R1==" L1=+oK
0 W=+DIKI R1==ve W=+ADIrDIKI
0 W=+DIKI R2=<S> L1=+ADA
0 W=+lArInA L1=+ArInIn R1=+r
1 W=+DIKI R1=+0 L1=+I
1 W=+DIKI R1==" L1=+rAn'In
0 W=+DIKI R1==" R2=+DAn
0 W=+DIKI R1==ve L2==,
0 W=+DIKI R1=+rDAyA W=+lmADIKI
0 W=+DIKI R2=<S> L1=+KI
0 W=+DIKI R1==ve L2=+InIn
0 W=~son R1=+I R2=+r
1 W=~son R1=DIGIT R2=+DA
0 L1=+AKA'In
0 L1=+AmAAlA
0 L1=+AnIrsAnIz
0 L1=+ArformAnslI
0 L1=+ArmAD
0 L1=+AsAmAKA
0 L1=+CDAnInIzA
0 L1=+IBIl
0 L1=+KlArInIzI
0 L1=+lDADAn
0 L1==560'a
0 L1==Aysin
0 L1==Berry'nin
0 L1==Fotoðraflar
0 L1==Gere'yle
0 L1==Muvaffak
0 L1==kanýma
0 L1==seneye
0 L1==Çoçuklarý
0 L2=+AnAmAsInIn
0 L2=+AvIyorsAnIz
0 L2=+IKAmIrAl
0 L2=+ImlArIm
0 L2=+IrKCA'yA
0 L2=+IyAmAyACAK
0 L2=+oyIDInDA
0 L2=+rKözlArIn
0 L2==14.56
0 L2==Sezen'in
0 L2==mobil
0 L2==temeli
0 L2==Çiçek
0 L2==Þampiyonluðu
0 R1=+ABArAlmA
0 R1=+ACArAs'I
0 R1=+ADAmAlArDA
0 R1=+ADIKoDIlArI
0 R1=+AKImlArInDA
0 R1=+AhDIDlArA
0 R1=+AlAnDIrmA
0 R1=+AmICIlArA
0 R1=+AnAllAr
0 R1=+AnDAs'A
0 R1=+AnslArlA
0 R1=+ArKAlArA
0 R1=+ArlAþImCIlArIn
0 R1=+AvAyollArInDAn
0 R1=+AyADlArIylA
0 R1=+AyAfAnDI
0 R1=+CDAyIz
0 R1=+DIKADAKI
0 R1=+DImCIlArIn
0 R1=+IlIyorlArsA
0 R1=+InCIlIKA
0 R1=+IrA'lAr
0 R1=+IrAKoKlI
0 R1=+for'In
0 R1=+nArAm
0 R1=+oCIKIm
0 R1=+onCIlAr
0 R1=+orClArIn
0 R1=+zCIKlArA
0 R1==GOL
0 R1==Seferi
0 R1==adýmlarý
0 R1==annem
0 R1==dillerin
0 R1==diyebilmesi
0 R1==heyete
0 R1==zamlarýn
0 R1==ödüllerin
0 R1=~kaçýk
0 R2=+AlIlArInIn
0 R2=+AnIhIsAr'DA
0 R2=+InmAmAK
0 R2=+lmAmIþlAr
0 R2=+orCImIz
0 R2=+yImIzA
0 R2==Enternasyonel'in
0 R2==akýlsýz
0 R2==birinden
0 R2==yazarlara
0 R2==Þinasi
0 W=+ABACA
0 W=+ABAnCIlArDAn
0 W=+ABArCIlAr'In
0 W=+ABArCIlArIn
0 W=+ABArsIn
0 W=+ABIlmAyACAKI
0 W=+ABIrCI
0 W=+ACACAKI
0 W=+ACAKsAnIz
0 W=+ACAKsIn
0 W=+ADABIlACAKI
0 W=+ADAflArImIz
0 W=+ADIlABIlACAKI
0 W=+ADIlIKlA
0 W=+ADKIlIlArCA
0 W=+ADlArlA
0 W=+AKAyIm
0 W=+AKDIn
0 W=+AKInlAþDIrAn
0 W=+AKmAyACAK
0 W=+AhIlI
0 W=+AhmInI
0 W=+AlAnDIrDIKI
0 W=+AlArI'nDAKI
0 W=+AlArImIz
0 W=+AlIKlArIylA
0 W=+AlIsIn
0 W=+AlIyDInIz
0 W=+AlIþKAn
0 W=+AmAmIylA
0 W=+AmsIlCIlArImIz
0 W=+AnAnlArlA
0 W=+ArDCA
0 W=+ArInIzlA
0 W=+AsABlI
0 W=+AvAþCA
0 W=+AvIrACAK
0 W=+Avo
0 W=+AvrIlI
0 W=+AyIrCIlArA
0 W=+AyIrCIlArDAn
0 W=+AyIrCIlArIn
0 W=+AylAþIyorIm
0 W=+AzAnDIm
0 W=+AzBIyAn
0 W=+AzCA
0 W=+AzsAm
0 W=+AþmAlArDAKI
0 W=+AþmIþlArDIr
0 W=+BIþmA
0 W=+BlAnACAKI
0 W=+CAlDIKI
0 W=+CI'lAr
0 W=+CKIlI
0 W=+DAnDIm
0 W=+DIrmAm
0 W=+IDIKlArInIn
0 W=+IDIz
0 W=+IKArsAK
0 W=+IKICA
0 W=+IKsAlDIn
0 W=+IllAnACAKI
0 W=+ImAnIm
0 W=+InArKAn
0 W=+InBIr
0 W=+IrAKACAKI
0 W=+IrImAyACAKI
0 W=+IrKlAr'A
0 W=+IyIKCA
0 W=+IzlADACAK
0 W=+IþlAnDIrIlACAK
0 W=+KArCA
0 W=+KIlAmAyACAK
0 W=+KInC
0 W=+KlArImIzDAn
0 W=+howlArDA
0 W=+lADInCA
0 W=+lADIrIm
0 W=+lArImlA
0 W=+lArInIzIn
0 W=+lAyCI
0 W=+lIrlArsA
0 W=+lyAsDAr
0 W=+nAnmAm
0 W=+nArsIn
0 W=+nlArImIz
0 W=+nsAK
0 W=+oKDAnDIr
0 W=+oKImIz
0 W=+olDIKlArInA
0 W=+olKIn
0 W=+orICIlAr
0 W=+orICIlArDAn
0 W=+orICIlArIn
0 W=+orlAþACAK
0 W=+oyAyIm
0 W=+oyDIm
0 W=+ozIK
0 W=+rACAKlArmIþ
0 W=+rADIrIm
0 W=+rAlAyACAK
0 W=+sDArACAKI
0 W=+sDArsAn
0 W=+vlAnDIm
0 W=+zDIn
0 W=+zKInIm
0 W=+zlArImI
0 W=+zlArImIzIn
0 W=+zlAþmAlArInA
0 W=+öKIlACAK
0 W=+ölInmAz
0 W=+önADAn
0 W=+önDIrICI
0 W=+önIþDIKI
0 W=+önlAnDIrACAK
0 W=+öylIlArA
0 W==10.00
0 W==Asil
0 W==Aþaðý
0 W==Bektaþi
0 W==Bende
0 W==Dinç
0 W==Düz
0 W==Efendiler
0 W==Hazýr
0 W==Kalýn
0 W==Olaðan
0 W==Reel
0 W==Sýcak
0 W==Ufak
0 W==Uçuk
0 W==V.
0 W==Yasaklar
0 W==Yenen
0 W==Yeten
0 W==Yolcular
0 W==ala
0 W==anlaþarak
0 W==atamalarýna
0 W==açýlacaðý
0 W==benle
0 W==birimiz
0 W==bolca
0 W==boðan
0 W==derdim
0 W==deðilsin
0 W==doðacaðý
0 W==elmas
0 W==geliþecek
0 W==kalabilecek
0 W==kullanýn
0 W==kýyan
0 W==mahkemelerinde
0 W==okkalý
0 W==sandýklarýndan
0 W==sapa
0 W==senelik
0 W==soyun
0 W==yalýn
0 W==yetmiþ
0 W==yýldýrma
0 W==zanlý
0 W==Çabuk
0 W==Çirkin
0 W==Çýtýr
0 W==Özürlüler
0 W==Ýlmi
0 W==çekin
0 W=~biriniz
0 W=~buruk
0 W=~diri
0 W=~elim
0 W=~garip
0 W=~kafalý
0 W=~nemalarýyla
0 W=~serin
0 W=~takma
0 W=~yatýn
1 L1=+ADAoKlI'nIn
1 L1=+AKDlArI
1 L1=+DAKIlAn
1 L1=+DrAKI
1 L1=+ImyADA
1 L1=+InCAsInDA
1 L1=+IrDIrIlmADAn
1 L1=+KsIlDAn
1 L1=+zlAyArAK
1 L1==Helga
1 L1==eþeðin
1 L1==hacý
1 L1==talk
1 L2=+AnjAnInIn
1 L2=+fþAr'In
1 L2=+onomArAv
1 L2==Arsal
1 L2==FÜZE
1 L2==Mesleði
1 L2==sularýyla
1 R1=+ABlAþDIrIyor
1 R1=+AKArlAnDIrIlABIlAn
1 R1=+AvIzIn
1 R1=+AþmAlArDA
1 R1=+IymAD
1 R1=+KDrIn
1 R1=+nlADIlDIKI
1 R1=+rlAyACAKlAr
1 R1==Sürur
1 R1==uçuracak
1 R1==zarardan
1 R2=+AKnIKlArI
1 R2=+AnDolonInIn
1 R2=+ArAsI'nIn
1 R2=+AzlAlAr
1 R2=+AþIrlAr
1 R2=+BlAmAsInI
1 R2=+CIlDIlmAsInI
1 R2==best
1 W=+AADADIlAn
1 W=+ABIlmAm
1 W=+ADACAKlArInI
1 W=+ADCIlArInI
1 W=+ADlICA
1 W=+ADlIKlAr
1 W=+ADsIzlIKlArI
1 W=+AIllIlArIn
1 W=+AKIBCIlArI
1 W=+AKIþDIlAr
1 W=+AKIþmADIKI
1 W=+AKlAþDIrDIKImIz
1 W=+AKlAþDIrDIKlArI
1 W=+AKsIzlIKlArI
1 W=+AfCIlArInIn
1 W=+AfIlAlArInDA
1 W=+AlAnmAlArIn
1 W=+AlAnmAlArInIn
1 W=+AlAþDIKI
1 W=+AlCIlIKlArA
1 W=+AlIþlAr
1 W=+AmIDoKlIllArI
1 W=+AmIoyInCA
1 W=+AmIzlAr
1 W=+AmfIKIrIz
1 W=+AnDIrDIK
1 W=+AnDIrDIKImIz
1 W=+AnKAsIzlIKlArI
1 W=+ArAKADlAnAn
1 W=+ArAKlIlArI
1 W=+ArArlIlIKlArInI
1 W=+ArCAmAlArInIn
1 W=+ArIllI
1 W=+AvADAlAr
1 W=+AvDIKInIz
1 W=+AvInCA
1 W=+AvlIlAr
1 W=+AylIlAr
1 W=+AyrImAnKIllArI
1 W=+AzKInlAr
1 W=+AzlIKlArI
1 W=+AþAnlAr
1 W=+AþmAlArInI
1 W=+BAlIlArIn
1 W=+BIoDIKlArIn
1 W=+BolCIlArInI
1 W=+BolIDIK
1 W=+BorlIlAr
1 W=+ClAn
1 W=+DAlAyACAKI
1 W=+DArlArIn
1 W=+DIrlIKlArInIn
1 W=+DlAnIyorIz
1 W=+IBIlArI
1 W=+IKArIm
1 W=+IKInDIm
1 W=+IKIþlArInDA
1 W=+IlAnmAlArInI
1 W=+IlAnmIþDIK
1 W=+IlllIlAr
1 W=+ImlIlArInA
1 W=+ImlIlArInIn
1 W=+ImlIlIKlArIn
1 W=+InIrlAnAn
1 W=+InKlAlArI
1 W=+InlAyACAKlArInI
1 W=+InlIKlAr
1 W=+IrDICIlArI
1 W=+IrICIlArInA
1 W=+IrIDlAr
1 W=+IrIKlIKlArI
1 W=+IrIþImlArInI
1 W=+IrhAllI
1 W=+IrsIzlIKlArA
1 W=+IsIzlAþDIm
1 W=+IzDIK
1 W=+IzKAlArI
1 W=+IzlIKlArInA
1 W=+IþInmAlArInI
1 W=+IþIsInIz
1 W=+KDArDIKImIz
1 W=+KIrlIKlArInIn
1 W=+lAlArIn
1 W=+lAþDIrDIK
1 W=+mAKlArIylA
1 W=+nDlIlArIn
1 W=+nIþDIKlArI
1 W=+nlAmlArInIn
1 W=+nlInCA
1 W=+orlIKlArInI
1 W=+ozmADIK
1 W=+rADIKImIz
1 W=+rAyIþlArInA
1 W=+rIsInIz
1 W=+rIþmAm
1 W=+sIzlArDAn
1 W=+yAlIKlArIn
1 W=+yAlIKlArInA
1 W=+ylAyACAKlArInI
1 W=+zAKDAlAr
1 W=+þIllI
1 W==Basel
1 W==GÜRSEL
1 W==Hitler
1 W==Sporlarý
1 W==Uzunca
1 W==ailen
1 W==dince
1 W==edenleri
1 W==geldiðim
1 W==girmeyeceklerini
1 W==iftarlarý
1 W==karayollarýnda
1 W==matemetik
1 W==olanlarýnda
1 W==optik
1 W==otelim
1 W==pelerin
1 W==pisliklerinin
1 W==rahatlar
1 W==solcularý
1 W==yatýrdýklarý
1 W==yenmeliyiz
1 W==çalýþmalarýndan
1 W=~ballý
