1
0 W=~neden
0 W=+nIDAn
0 W=~ardýndan
0 W=+ArCAKDAn
0 W=+KrIDAn
0 W==þimdiden
0 W=+sKIDAn
0 W=~birden
0 W=+nrADAn
0 W=+AnDI
0 W=~kaptan
0 W=~özden
0 W=+ADAnsA
0 W=+BoDAn
0 L1=+olKA
0 W=+AnmIþ
0 W=~toptan
0 W=~benden
0 W=+AzlADAn
0 W==Sudan
1 L1==hemen
0 W=~önceden
0 W=+ADAnlAr
1 R1=+þyA
1 W=~önceden L2=+An
0 L1==Neil
0 L2=+AlAfI
0 W=+AnDAnIz
0 W=+oKDAnDIr
0 W=+rKAnDAn
0 W==Aydan
0 W==Soydan
0 W==yüzdendir
1 W=+onIDAn
1 W=+InDAnDI
1 W=~ardýndan R1=+nAn
1 W=~önceden L1=+KInI
1 W=~önceden R1=+An
1 W=~ardýndan R1=+lAn
0 L1=+nDrA
0 L1==David
0 L1==Karen
0 L1==Tom
0 L1==yatýyla
0 L2=+IlBAþI
0 L2=+Irsoy
0 R1=+ADlIoKlI'nA
0 R2==göz
0 W=+AAvAs'DAn
0 W=+AIlD'DAn
0 W=+AfIfDAn
0 W=+AmA'DAn
0 W=+ArlIKI'nDAn
0 W=+mf'DAn
0 W=+no'DAn
0 W==AKTAN
0 W==yýlmadan
