1
0 W=+AmA
0 W=+AmAyA
0 L1=~iþe
1 W=+AmAmA
0 W==bulamadýðý
0 W==bulamayan
0 W=+IlAmAyInCA
0 L1=+DImlAr
0 L1=+sDInDAn
0 L1==Saray'ý
0 R1=+DArlAr
0 W=+AmAmAyI
0 W=+IKIlAmAz
0 W=+IlAmADIKlArI
0 W=+lABIlDIKInA
0 W==atamayan
0 W==aþýlamaz
0 W==kurulamaz
1 W=+rDAmAyA
0 W=+KrIlAmIyor
0 L1=+ADAylI
0 L1=+ADInlArIn
0 L1=+AKAnIzmAlAr
0 L1=+AKKABI
0 L1=+AfAhI
0 L1=+AfAmDAn
0 L1=+ArIKADIn
0 L1=+ArKAzInI
0 L1=+ArlArInDAn
0 L1=+AyIrCIlArA
0 L1=+BrIs'DA
0 L1=+nAnAn
0 L1=+nlAþmAsInI
0 L1==arar
0 L1==iþime
0 L2=+ABIDAsI
0 L2=+AlmAnIn
0 L2=+AnBIl
0 L2=+AnIþmAK
0 L2=+AþAnAn
0 L2=+IþKIrmA
0 L2=+orIyor
0 L2=+oyACAK
0 L2==Yok
0 L2==arar
0 R1=+AynAKlAnDI
0 R2=+Dor
0 R2=+yKIn
0 W=+AlAmIyorIz
0 W=+IlAmAmAKDAn
