0
1 W=+InI
1 W=+yI
1 W=UPPER0
1 W=+IzI
1 L1=~bu
1 W=~onu
1 R1=+mAK
1 W=~beni
0 W=~günü
1 W=+InlArI
1 W=~onlarý
0 W=+olAyI
0 W=~sorunu
0 W=~ayý
1 W=+KImI
1 R1=+mAyA
0 W=+IrmIzI
0 W==olayý
0 W==kýzý
0 W=+rIzI
0 W=~dizi
1 W=='
1 L1==þu
0 W=~boyu
0 W=+nsAyI
0 W=~dini
1 W=~seni
0 W=~kanunu
0 W=+yInlArI
1 W=+ArImI
1 L1=~o
1 R1=+DIrAn
1 R1=+rACAK
1 L1=+ynI
1 W=~kendimi
0 W=+IlDIzI
0 W=~yüzü
0 W=~günleri
0 W=+KInlArI
0 W=~yeni
0 R1=+mAK W=+lIKI
1 W=~olaný
0 W=+IzAyI
0 W==oyunu
0 R1==ile
0 W==mini
1 R1=+IrArAK
1 W==insanlarý
0 W==ürünü
0 W==adayý
1 L1=~bütün
0 W==payý
1 R1=+DmA
1 L1==tüm
1 R2=+DmAK
1 W=+mAzlIKI
0 W=+v'I
1 R1=+IrIr
1 R1=+rIB
0 W=+rInlArI
1 L1=~gelen
0 W==mezunu
0 W=+DInlArI
1 L1=+IsInDAKI
1 R1=+AKlA
1 R1=+AyIB
1 R1=+mAlArI
0 W=+öyI
1 R1=+lAnDIrDI
1 R1=+AyAnlAr
1 L1=~bazý
1 L1=+sAl
1 R1=+AyArAK
0 W=+lIKlArI
1 R1=+ACAKI
1 R1=+KDAn
0 W=+AzI
0 W=~yeni
1 W=~sizleri
0 W==bini
1 L1=+AKDAþ
1 R1=+þIrAn
1 W==þeyleri
1 R1=+mIþlAr
1 L1=+IDAKI
1 R1==kendi
0 W=+KImI L1=+n
0 W=+AoDDI'yI
0 W==aðabeyi
0 W==haini
0 W=~sarayý
1 W=+BAmI
1 W=~bizleri
0 W==suyu
0 W=~onayý
1 L1=+AmoKrADIK
1 W=+IlAnI
1 W=+ArsIDAlArI
0 W=+IA'yI
0 W=+KIzI
0 W=+zInlArI
0 W==hýzý
1 L1=~aradaki
1 L1=+rACAK
1 R1=+ABIlACAKInI
1 L1=+ArAKAn
1 R1=+DInCA
1 L1=+IlyAr
0 W==faizi
1 L1=~yapýlan
1 R2=+lAnA
1 R1=+mADIm
1 L1==milyon
1 R1==satýn
1 L1==diðer
0 W==bazý
1 R1=+DIrmA
0 W=+hI
1 W==oyunu R1=+K
1 L1=~bu W=+InlArI
1 W=~sorunu R1=+DIKInI
1 W==olayý R1=+n
0 W=+AlIC'I
0 W==salgýný
1 L1=+zIlAn
1 W==Faili
0 R1=+þmAlArI
1 L2=+IAlArI
1 R1=+sIzlIKA
1 W=+mImI
0 W=+'lIlArI
1 L1=+DDIKlArI
0 W==disiplini
1 R2=+AvIyorIm
1 W==Enflasyonu
1 R1=+yABIlACAK
1 R2=+llArIn
1 L1=+ADIKImIz
1 L1=+AþIDlI
1 W==örnekleri
0 W==basýný
1 R1=+rDADAn
0 W=~kadýný
1 L1==Biz
0 R1==olmak
1 R1=+mAK W=+lArI
1 R1=+InArAK
1 R1=+ADIB
1 R1=+rDIKInI
1 R1=+lAyACAK
0 W=+InlIKI
1 R1=+IyorIm
0 W=+ArlIKI
0 L1=+sAl W=+KI
0 W=~biri
0 R1==için
1 W=+rInlArI L2=APOS1
0 R1=+IlDIKDAn
0 W=+AlCIlIKI'nI
0 W=~koyu
1 L1=+AnIlAn
1 L1=+KAnIsDAn'DA
1 R1=+ACIrDIK
1 R1=+AChIllAr
1 R1=+ADsIzlIKInIn
1 R1=+AlAyA
1 R1=+IzlIKI
1 W=+AnAnI
1 W=+AþAnI
1 W=+KlImI
1 W==kimleri
1 W=+0
1 W=+ArAKAnI
1 W=+ArIADI
0 W=+sIzI
0 W==kanunlarý
1 L1=+omID
1 L1=+rA'DAKI
1 R2=+AþvIK
1 R2==kýlmak
0 W=+IrIKImI
1 L1==%
1 R1=+Arör
1 W=+DolArI
1 L1==giden
0 W=+DrInI
1 L1=+AKKInDAKI
1 R1=+DIrAnlAr
1 L1=+nlArCA
0 W==Batýlý
1 R1=+AyAnlArIn
1 R1=+KmA
1 R2==ediyorlar
0 W==oyu
1 R1==yakýndan
1 R1=+AmADAn
1 R1==alarak
1 R1=+lADACAK
1 L1=+ACIlArIn
1 W=+IþIlArI
1 R1=+mAyI
1 L1==bin
1 L1=+lInDAKI
1 R2==edip
1 W=+IlAlArI
1 L1==türlü
1 L1=+lIKlI
1 R1=+DDIK
0 W=+mKAnI
1 R1=+AþDIrDI
1 L1=+lArDAKI
0 W=+sIzlIKI
1 W=+mAmI
0 W=+mAmI L1=+In
1 R1=+nACAK
1 L1==ekonomik
0 R1==arasýnda
1 W=~dini R2=+KI
0 W=+KImI R1=UCFIRST
1 W=~yüzü L1=+A
0 R1=+ACAKI W=+mI
1 W=+InlArI L2=+ArI
1 W=+InI L1=~bir
0 R1==olmaktan
0 W=+ADmInI
0 W=+DAx'I
0 W=+DIhBArI
0 W=+IlBAyI
0 W=+IrBoyI
0 W==beyi
0 W==tasarýmý
0 W==tayini
1 L1=+AnIzCIlIK
1 L1=+AnzArI
1 L1=+AslAnAn
1 L1=+IKA'DAKI
1 L1=+IlomADrAlIK
1 L1=+IrAþ
1 L1==özgün
1 L2=+ABmAsInI
1 L2=+ArmAyAsInIn
1 L2=+nAnDIKI
1 R1=+ADAsIz
1 R1=+AKAlIm
1 R1=+AllAmAnIn
1 R1=+AmBAyA
1 R1=+IþArKAn
1 R1==Sabýr
1 R1==Taki
1 R1==eðip
1 R1==kurulmalýdýr
1 R1==kýrk
1 R1==sallayan
1 R2=+AyAv'I
1 R2=+oymAsI
1 R2==menkul
1 W=+IrAKlIlIKI
1 W=+IzIKlArI
1 W=+KCAlArI
1 W=+ylAnDIlArI
1 W=+öylArI
1 W==100'ü
1 W==beyni
1 W==neleri
1 W==oðullarý
1 W==stoku
1 W==teknolojileri
1 W==Ýþi
1 W==þiirleri
1 W=~b
1 W=~menfaati
0 W==bütünü
1 L1=+ormAl
1 L1==gidip
1 R1=+AKlAþDIrACAKIz
1 R1=+KKAn
1 W=+oBlArI
1 W==düþeni
0 W=+AsKInI
1 L2=+IlInA
1 L2==Sonra
1 L2==belge
1 R1=+A'ylA
1 R1=+IrArAyA
1 R1=+oþA
1 R1=+þlADAn
1 R1=~önleme
1 R2=+ArþIyA
1 R2==çaðýrdý
0 R2=+AzIlI
1 L1=+AnAvI
1 R1=+AylAþAn
1 R2=+DIrmAKDAn
0 W==çatý
0 W=~yayýný
1 L1=+ACAnIsDAn'In
1 L1=+slInDA
1 L2=~size
1 R1=+ozAn
1 W=+oKlArI
1 W==Barýþý
1 L1=+AyAK
1 L1==Sonra
1 R1=+IKlArInDA
1 R2=+yADlArI
1 W=+oKAKlArI
1 L1=+DIKInIz
1 L2=~burada
1 R2=+yAsInA
1 L1=+KDAKI
1 R1=+IrsAK
1 R1=+nInCA
1 R1=+önADAn
1 W=UPPER2
0 W=+IslIKI
1 L1=+CImDA
1 L1==alýnan
0 W==yeni
1 R2=+mAKDIr
1 R1=+CIKlArKAn
0 W=+AvAsI
1 R1=+þDIrIrKAn
1 R1=+ADmIn
1 R1=+AmADIK
1 W==kýzlarý
1 R1=+CArAn
0 W=+KlIKI
1 R2==etme
1 R1=+AnlAyAn
0 W=+BIlArI
1 R1=+özA
1 R2==altýna
0 W=+AKIlArI
1 R1=+DlADI
1 R2=+DIyorIm
0 W=+CIKI
0 W=+rlIKlArI
1 R1=+ADArAK
1 L1=~o
1 R1=+DIrKAn
0 W==resmi
0 R1==gibi
1 W=+InI L1=+ArAK
0 W=+CIlIKI
0 L1=+AyAK L2=+I
0 R1=+DIrAn W=+AKKI
0 R1=+mAK W=+mAlArI
0 R1=+nACAK W=+KI
0 R1==satýn W=+AmlArI
0 W=+IþIlArI R1=+r
0 W=+yI R1=+rmAyAn
0 W==insanlarý R2=+ArA
1 W=+hI R1=+yA
1 W=+lIKlArI R1=+DIKI
1 W=+lIKlArI R1=+lAn
1 W==oyu R1=+An
1 W=~günü L1==,
0 L1=+ynI L2=+IylA
1 W=+AzI R1=+'DA
1 W=+InlArI L1=+DIKI
1 W=+sIzlIKI L1=UPPER1
0 W=UPPER0 R2==-
0 R1=+mAyI W=+KI
0 L1=+sAl L2=+nIn
0 W=UPPER0 R1=<S>
1 L1=+sAl W=+InI
1 W=+yI L1=+ArAK
1 W=+yI L2=+AD
1 W=UPPER0 R1=<S> L1=+A
0 L1=+AKKImDA
0 L1=+DInIz
0 L1=+lDIKInIz
0 L1=+llAn
0 L1==Bizler
0 L1==Güray'ýn
0 L2==eren
0 L2=~dünü
0 L2=~goþa
0 R1=+AvArsAnIz
0 R1=+IllIyA
0 R1=+örAlAr
0 R1==demek
0 R1==oylamaya
0 R1==üretmeye
0 R2=+mAmAyA
0 R2=~bugünü
0 W=+ABAD'I
0 W=+ABArosKoBIyI
0 W=+AChI'yI
0 W=+ADKIlyI
0 W=+AIlA'yI
0 W=+AlAnC'I
0 W=+AnzInI
0 W=+ArDo'yI
0 W=+CoBAr'I
0 W=+DnAr'I
0 W=+IrDAr'I
0 W=+IrIBIrInI
0 W=+IssolInI
0 W=+KDArImI
0 W=+orKInI
0 W=+oþA'yI
0 W=+rCA'yI
0 W=+y'yI
0 W=+övIzI
0 W=+þInlArI
0 W==Kýlavuzu
0 W==OLAYI
0 W==OYUNU
0 W==duyu
0 W==gelini
0 W==heyacanýný
0 W==tribünü
0 W==tutkunu
0 W==tuzu
0 W==tüyü
0 W==yünü
0 W=~düðünü
0 W=~subayý
1 L1=+ABDIKImIz
1 L1=+ADov
1 L1=+AKlAr'In
1 L1=+AKlAyACAK
1 L1=+AlDorflI
1 L1=+AmBADIK
1 L1=+AmIn'In
1 L1=+ArIlACAK
1 L1=+ArþIlAmA
1 L1=+AsKIn
1 L1=+BlImDAKI
1 L1=+DA'DA
1 L1=+DIKrIl'In
1 L1=+Dy
1 L1=+orDIKI
1 L1=+rKAnIK
1 L1=+zlArlA
1 L1==1974
1 L1==Gemi
1 L1==Manken
1 L1==UYUÞTURUCU
1 L1==edilecek
1 L1==kurup
1 L1==olduðumuz
1 L1==Çaðýn
1 L1==ÝÞÝN
1 L2=+ABADAn
1 L2=+ABAlArI
1 L2=+ADDAsInA
1 L2=+AKmADIK
1 L2=+AfDAyA
1 L2=+AlAnAK
1 L2=+AlIþmADA
1 L2=+ArKIsI'nDA
1 L2=+AvsIzlIK
1 L2=+DABIlACAK
1 L2=+IBAþI
1 L2=+IDmAnIn
1 L2=+IyAnlArIn
1 L2=+IþKInIn
1 L2=+KCIlIKlA
1 L2=+KInlAr
1 L2=+KonomIyI
1 L2=+KsInA
1 L2=+nIKlArI
1 L2=+oKAD
1 L2=+oymAsI
1 L2=+yAnIyorIm
1 L2=+örAlAr
1 L2==Mesleði
1 L2==Oyunun
1 L2==ettin
1 L2==firmaya
1 L2==golle
1 L2==mirasý
1 L2==olmasýndan
1 L2==yokmuþ
1 L2==önümüze
1 L2=~iyon
1 L2=~nemadaki
1 L2=~rap
1 R1=+ABAlIK
1 R1=+ABIlmAz
1 R1=+AKDAyDI
1 R1=+AKIþAn
1 R1=+AlDAm
1 R1=+AllAmA
1 R1=+AmAmIþsAnIz
1 R1=+AnDIrIrlAr
1 R1=+AnImAzsAn
1 R1=+AnImlAmA
1 R1=+Anþ
1 R1=+ArABIlmA
1 R1=+AyAmAyIz
1 R1=+AzAsInA
1 R1=+AþAnmAyAn
1 R1=+AþlI
1 R1=+CIKlAmADA
1 R1=+DInlADICI
1 R1=+DIrmAyIn
1 R1=+ICIlIK
1 R1=+IDmAyAn
1 R1=+InD
1 R1=+IvIyor
1 R1=+IþIrmAsIylA
1 R1=+KmADAn
1 R1=+lInIyorDI
1 R1=+lmADIKInIn
1 R1=+nIlmIþ
1 R1=+olKA
1 R1=+oznI
1 R1=+rAmAzsIn
1 R1=+rIBIn
1 R1=+þDIrACAKInI
1 R1=+þlIKInDA
1 R1==1991'de
1 R1==atacaðýz
1 R1==indirmesi
1 R1==nerden
1 R1==neymiþ
1 R1==sever
1 R2=+00'A
1 R2=+AADlArInI
1 R2=+ADIrmA
1 R2=+AKIKAlIK
1 R2=+AyImlAnArAK
1 R2=+AþIyAnlArIn
1 R2=+AþKAnI'nA
1 R2=+ClAnmAK
1 R2=+DDIrIn
1 R2=+DIrABIlIrsInIz
1 R2=+IDlArInA
1 R2=+KADInA
1 R2=+KDArmAK
1 R2=+lADIlIyor
1 R2=+lmAmIþDI
1 R2=+nDIrmIþ
1 R2=+nICInA
1 R2=+rADIKInI
1 R2=+rAfI
1 R2=+rInAr
1 R2=+yrIlDI
1 R2==15.
1 R2==olma
1 R2=~inci
1 W=+ABArCIlArI
1 W=+ADIKoDIlArI
1 W=+ADIrAnI
1 W=+AKlAyIþImI
1 W=+AnAADlArI
1 W=+ArAlIlArI
1 W=+ArAnslArI
1 W=+AroþlArI
1 W=+AsKAlArI
1 W=+AzArlIKlArI
1 W=+BrAlArI
1 W=+ImIDlArI
1 W=+hrADI
1 W=+mAnImI
1 W=+rBABI
1 W=+zInlIKlArI
1 W==300'ü
1 W==Golü
1 W==Yapýmý
1 W==Yatýrýmlarý
1 W==aþýðý
1 W==cariyemi
1 W==saçlarý
1 W==yurtlarý
1 W==yýlýmý
1 W=~ayraný
1 W=~babaný
1 W=~sanatýmý
0 L1=+AvzI
0 L2=+AhIBInIn
0 R1=+KAnDI
0 R2=+DlAnDIrIlAn
0 W=+AsIhADI
1 L1=+AD'DAKI
1 L1=+ADACAK
1 L1=+AmDAKI
1 L1=+AnDIKlArI
1 L1=+CArAn
1 L1=+DIlmAyAn
1 L1=+IKDArDA
1 L1=+mADIKlArI
1 L1=+rDIKImIz
1 L1=+rDIþIn
1 L1==60
1 L1==Siyasi
1 L1==fakir
1 L1==kaç
1 L1==verici
1 L1==öðrenciler
1 L2=+ACInDAKI
1 L2=+ADArAsyonIn
1 L2=+ADDIKInI
1 L2=+ADKIlIsI
1 L2=+AnDIlArInDAn
1 L2=+AylAþDIKI
1 L2=+DDIrmAK
1 L2=+ImlIK
1 L2=+KmADAn
1 L2=+mAnlArA
1 L2=+nDIKInDA
1 R1=+ABArsA
1 R1=+IlAmAyACAKInI
1 R1=+lDIsD
1 R1==eve
1 R1==takdir
1 R2=+AjImIn
1 R2=+ArmAlArI
1 R2=+AyIyor
1 R2=+DDIAsI
1 R2=+DIþA
1 R2=+IlAnlArIn
1 R2=+nCIlArInA
1 R2=+rIþmA
1 R2=+sDAmAz
1 R2==iyiye
1 W=+AKIþAnI
1 W=+ArAmI
1 W=+AþBAKAnlArI
1 W=+hImI
1 W==cildi
1 W==günümü
1 W==sesimi
0 L2=+oþA'yA
0 R2=+ImDIDAn
0 W=+IsKlArI
0 W=+ssAr'I
1 L1=+ADAsInDA
1 L1=+IKKADlI
1 L1=+nCAnIn
1 L1=+rIlACAKI
1 L1=+yB'lI
1 L1==Aðar
1 L1==acý
1 L1==ahlaki
1 L2=+ACAnIsDAn'In
1 L2=+ArrIf
1 L2=+IzlArI
1 L2==38
1 L2==altýndaki
1 L2==ayda
1 R1=+ACArsIz
1 R1=+AyIþInI
1 R1=+DIrmADI
1 R1=+ImADAn
1 R1==alma
1 R1==bulduðunu
1 R1==düþürme
1 R2=+AnIDlAyAn
1 R2=+DInCA
1 R2=+IllAnmA
1 R2=+fmAn
1 R2=+mAyInCA
1 R2==Süren
1 R2==etmeyin
1 R2==ver
1 W=+ABDAmAlArI
1 W=+KonomIlArI
1 W=+sAslArI
0 R1==ile R2=+r
1 W=+yADImI
1 W==Platformu
1 W==elimi
0 R2==lideri
1 L1=+CDIKI
1 L1=+IrInDAn
1 L1=+nABIlACAKI
1 L1=~politik
