0
1 W=+mA
1 W=+AnDIrIlmAsI
1 W=+AnDIrmAK
1 W=+AnDIrDI
0 W=+IllAnmA
1 W=+nIClAnAn
1 W=+AlIrDIlAn
1 W=+AnDIrIlAn
1 W=+AyI
1 W=+AnDIrAn
1 W=+AnDIrmAsInI
0 W=+vlAnmA
1 W=+ArArlAnArAK
0 W=+IlAnDIrAn
0 W=+KIDlAnmA
1 W=+AnDIrIlDIKInI
1 W=+sInIz
1 W=+AnDIrDIKI
1 W=+AnDIrIyor
1 W=+AnDIrIlmAsInI
1 W=+AnDIrArAK
1 W=+AnDIrDIKInI
1 W=+ADA
0 W=+IlAnDIrIyor
1 W=+ArArlAnmAK
0 W=+InlAnmA
1 W=+AnDIrmAsI
0 W=+AlAnmA
1 W=+AnDIrICI
1 W=+ArArlAnAn
1 W=+AnDIrIrKAn
0 W=+AslAnDIrDI
1 W=+AnDIrACAKIz
1 W=+AnDIrIlArAK
1 W=+AnDIrIlmIþ
1 W=+AnDIrmAlArI
1 L1=+IDArAK
1 W=+AnDIrACAKI
1 W=+IDlAnmIþ
1 W=+IlmAlIDIr
1 W=+nIClAnDI
1 W=+rlAnDIrACAK
0 W=+AslAnDIrDIKI
1 W=+AKArlAnDIrIlIyor
1 W=+AKArlAnDIrmAsInA
1 W=+AmADIKI
1 W=+AnDIrACAKInI
1 W=+AnDIrIlmAsInDAn
1 W=+ArArlAnIlmAsI
1 W=+AvlAnDI
1 W=+ClAnmAsI
1 W=+DIKCA
1 W=+InIrlAnArAK
1 W==sinirlendi
0 W=+KlAnmA
1 W=+AnDIrIlDI
1 W=+AnDIrIlmAsInA
1 W=+AnDIrmAyA
1 W=+mAlAr
0 W=+AlIrDIlAn L1=+A
0 L1==aðlarý
0 W=+AKlAnDIrDI
0 W=+AmA
0 W=+AnIlAnmA
0 W=+IllAnmAyI
0 W=+önlAnDIrmAsI
1 L1=+oKAn
1 R2=+AnD
1 W=+AKArlAnDIrIyorlAr
1 W=+AKIllAnAn
1 W=+AKIllAnmAsInDA
1 W=+AhlAnmAsI
1 W=+AlArInDA
1 W=+AmIz
1 W=+AnDIrDIlAr
1 W=+AnDIrIlACAKDIr
1 W=+AnDIrIlIr
1 W=+AnDIrIlmAlArI
1 W=+AnDIrIlmAlI
1 W=+AnlAnDIrACAK
1 W=+ArArlAnDIKI
1 W=+ArArlAnmAsInI
1 W=+AvlAnDIrACAK
1 W=+AynAKlAnIyorDI
1 W=+ClAnACAK
1 W=+ClAnmAnIn
1 W=+ClAnmAsInDAn
1 W=+ClAnmAsInIn
1 W=+orClAnArAK
1 W==güçlendi
1 L1=+ADIlArInDAn
1 L1=+zlIKlA
1 W=+AnDIrIlDIKI
1 W=+AnDIrmIþ
1 W=+AnmAz
1 L1=+AKlArDAn
0 L1=+AzmAyA
0 L1=+IþDIrmAyI
0 W=+AslAnDIrIyor
0 W=+AvAlAnDIrmA
0 W=+IllAnmADA
0 W=+KIlAnDIrDIKI
0 W=+vlAnmAyI
0 W=+önlAnDIrDI
0 W=+þlAnmA
0 W==ilgilendirdiðini
1 L1=+ABAnlAr
1 L1=+ABorIylA
1 L1=+ACADA
1 L1=+AllAþDIrmAnIn
1 L1=+AsAl
1 L1=+AþAmDAn
1 L1=+AþDIrIlArI
1 L1=+DIKrIl
1 L1=+DIlArDAn
1 L1=+IlAmAsInDAn
1 L1=+IrIrlIKA
1 L1=+IrsADDAn
1 L1=+IrsADI
1 L1=+KonomIyI
1 L1=+lImI
1 L1=+mIþ
1 L1=+slAmI
1 L1==Rum
1 L1==edildiði
1 L1==insanýn
1 L1==tabii
1 L1==çetelerden
1 L2=+ArIþInDA
1 L2==Devletin
1 L2==toplum
1 R1=+AlAmADA
1 R1=~emin
1 R2=+AsIl
1 R2=+ClAnmA
1 R2=+mAyIn
1 R2==füze
1 R2==mi
1 W=+ABIlAnIn
1 W=+ABIlAnmAsI
1 W=+ABIlAnmAsInI
1 W=+ABIlAnmAyA
1 W=+ACAnlAnDI
1 W=+AKArlAnDIrACAKlArInI
1 W=+AKArlAnDIrDIKlArInI
1 W=+AhlAnmADAn
1 W=+AhlAnmAsInA
1 W=+AlAnIyorlAr
1 W=+AlAnsIn
1 W=+AlIyIz
1 W=+AllAnDIrA
1 W=+AmAzlAr
1 W=+AnDIrABIlIyor
1 W=+AnDIrDIKInDAn
1 W=+AnDIrIlmAmIþ
1 W=+AnDIrIlmAsInIn
1 W=+AnDIrIlmAsIylA
1 W=+AnDIrIlmIþDI
1 W=+AnDIrIyorIm
1 W=+AnlAnDIm
1 W=+AnmAyIn
1 W=+AnmIþlArsA
1 W=+ArAKADlAnAn
1 W=+ArAlAn
1 W=+ArArlAnABIlACAKI
1 W=+ArArlAnABIlAn
1 W=+ArArlAnACAKlArInI
1 W=+ArArlAnDI
1 W=+ArArlAnIlmAsInI
1 W=+ArArlAnsIn
1 W=+ArlAnIr
1 W=+AyKIlAnmAsInA
1 W=+ClAn
1 W=+ClAnDIrACAK
1 W=+ClAnIn
1 W=+ClAnmAsInI
1 W=+ClAnmAyA
1 W=+DlAnDIlAr
1 W=+DlAnIyorIz
1 W=+IlmAz
1 W=+InIrlAnDIm
1 W=+IslAn
1 W=+IyADlAnAn
1 W=+IzA
1 W=+IzlAnDIrACAK
1 W=+rIlAnIn
1 W=+sInlAnmIþ
1 W==Kirlenmeden
1 W==cinlenme
1 W==hýzlandý
1 W==kirlenmesi
1 W==kirlenmesinin
1 L1==Rumlarýn
1 R2=+DIKIm
0 W=+KIlAnmA
1 W=+AnDIrDIK
1 W=+AnDIrmAnIn
1 L1=+lImIylA
0 W=+AnDIrIlmAsI R2=+DIr
0 W=+mA L1=+CA
0 L1=+AmAyACAKI
0 L1=+AmlArA
0 L1=+ArACAKI
0 L1=+AyADInI
0 L1=+AyInCA
0 L1=+CIKlAr
0 L1=+IK'In
0 L1=+IKImADIylA
0 L1=+IKlIKlArlA
0 L1=+IlAlArI
0 L1=+KAKlArDAn
0 L1=+KDInIn
0 L1=+lAmInI
0 L1=+lKAr'In
0 L1=+yAlArInI
0 L1==evi
0 L1==parti
0 L2=+AKDI
0 L2=+AKDrIK
0 L2=+AKmA
0 L2=+AnmADA
0 L2=+ArDIylA
0 L2=+AsDrAsI
0 L2=+AzInI
0 L2=+IrKI
0 L2=+KIr'In
0 L2==Yanýnda
0 L2==basit
0 R1=+AlInA
0 R1=+DDyosInDA
0 R2=+AnImAsI
0 R2=+AnsfArI
0 R2=+InmADIm
0 W=+AmIyorsInIz
0 W=+AslAnmAyI
0 W=+BlAnmA
