** Message: $Id: dlist.c,v 2.10 2004/10/28 16:46:53 dyuret Exp $
** Message: ==> READING
** Message: Reading data from stdin (1 dot = 10000 instances)

** Message: Read 60 instances.
** Message: ==> TRAINING
** Message: Training on 40 instances (1 dot = 100 rules)
.
** Message: Got 3 rules out of 923 candidates.
** Message: Training set performance:
** Message: nrules:	corr:	incorr:	percent:
** Message: 3	40	0	100.00%
** Message: ==> VALIDATION
** Message: Validating on 8 instances (1 dot = 1000 instances)
.
** Message: Best number of rules to use: 1
** Message: nrules:	corr:	incorr:	percent:
** Message: 1	8	0	100.00%
** Message: 3	8	0	100.00%
** Message: ==> TESTING
** Message: Testing on 12 instances (1 dot = 1000 instances)
.
** Message: nrules:	corr:	incorr:	percent:
** Message: 1	11	1	91.67%
** Message: 0	17	-5	141.67%
** Message: ==> WRITING
** Message: Wrote 1 rules to stdout.
