0
1 W=+ADCI
1 W=+DICI
1 W=+IlAr
1 W=+yInCI
1 W=+CIlArIn
1 W=+AmCI
1 W=+yICI
1 W=+olCI
1 W=+KAnCI
1 W=+KICI
1 L1=+DIrICI
0 W=+nADICIlAr
0 W=+ADACIlAr
1 W=+KACIlIK
0 W=+vCIlAr
1 W=+CIlArA
0 W=+ADACIlArIn
1 W=+BolCInIn
1 W=+KACI
1 W=+CAKCI
1 W=+InCIlArI
1 W=~kalýcý
1 W=+ADCInIn
0 W=~iþçiler
1 W=+ArBICI
1 W=+rImCI
1 W=+ADCIsI
1 W=+CIyI
0 W=+AvCIlArIn
0 W==yolcu
1 W=~dinci
1 W=+DCIlArI
1 W=+KInCI
1 W=+KCIlIK
0 W=+nADICI
1 W=+InCInIn
0 W=+ICIlArIn
1 W=+InCIsI
1 W=+zICI
1 W=~seçici
0 W=+AnCIlAr
1 W=+ArDAn
1 W=+ICIsI
0 W=+orICIsI
1 W=+mCInIn
1 W=+rKCI
1 W=+ADCIyA
1 W=+BolCIsI
1 W=+mCIlIK
1 W==akýlcý
1 W=+BorCIsI
1 W=+yICIlArI
1 W==kaçakçýlýðý
1 W=+BolCIlArInA
1 W=+BolCIyA
1 W=+BCI
0 W=+AmsIlCIlAr
0 W==iþçilerin
1 W=+IKADICInIn
1 W==saðcý
0 W=+ADACIlArA
0 W==Sanatçý
0 W==sürücüler
0 W==sürücüsü
1 L1=+KK
1 W=+olCIlArlA
1 W=~hukukçu
1 W=+ArImIz
1 L1=+rK
0 W=~tutucu
1 W=+AvrACI
1 W=+BolCIlArI
1 W=+BorCI
1 W=+DIKACInIn
1 W=+InDIrICI
1 W=+DArICI
1 W=+IyIm
0 W=+nADICIsI
1 L1=+IvAn
1 W=+InCIlArInA
1 W=+InCIyA
1 W=+lAnDIrICI
1 W=+lDIrICI
1 W=~itirafçý
1 W=~kurucu
1 W=+onCI
1 W=+CIlIKlA
0 W=+AyIrCIyI
0 W==Çakýcý
1 L1==Doðan
1 W=+ABIlICIlIK
1 W=+AþDIrICI
1 W=+InCIlArlA
1 W=+InCIlIK
1 W=+IrCIlIK
1 W=+KCIlIKA
1 W=+nCIlArImIzIn
1 W=+rIlIKCI
1 W=+DIKACIlArI
1 W=+IyDI
1 W=+rICIlArI
1 R1=+IrImlArIn
0 W=+AmsIlCIlArIn
0 W=+AyIrCIlAr
0 W=+nADICIlArA
0 W=+þCIlArA
0 W=+þCIyI
1 L1=+mID
1 W=+AlAnCI
1 W=+AþmACI
1 W=+BolCIlArIylA
1 W=+ImCIlIKA
1 W=+InCIlArInIn
1 W=+IrICIlArInDAn
1 W=+lImCI
1 W=+rADICIlArInIn
1 W==cinci
1 W=+AKCIlArI
1 W=+ICIlIKI
0 W=+AvCIlArA
0 W=+AyIrCIlArIn
0 W=+IvvACIlAr
0 W=+orICIlIKI
0 W==itici
0 W=~gezici
0 W=~yargýcý
1 W=+ACIsInI
1 W=+ADCIlArInDAn
1 W=+ADCIlArlA
1 W=+AKCInIn
1 W=+AmCIlArI
1 W=+ArImIzI
1 W=+AvACI
1 W=+AyICInIn
1 W=+AþICI
1 W=+BolCIlArInI
1 W=+IDImCI
1 W=+IKCIyA
1 W=+KCIlIKIn
1 W=+KInCI'nIn
1 W=+lArICI
1 W=+orDACIlIK
1 W=+rADICIlArInDAn
1 W=+yArICI
1 W=='
1 W==Timci
1 W==açýcý
1 W=+rImCIlArI
1 W=+CIsIDIr
0 W=+ABAnCIlArDAn
0 W=+ADACIlArDAn
0 W=+ADroCIlAr
0 W=+AlIKCIlIK
0 W=+IrICIyI
0 W=+mACIlArIn
0 W=+orICIlArA
0 W==satýcý
0 W=~aðacý
1 R1=+IrInI
1 R1=+KörAn
1 R1=+zAl
1 R1==Naim
1 R2=+AynAK
1 W=+ABImCI
1 W=+ABImCIsI
1 W=+ADAnCIlIK
1 W=+ADICIlIKA
1 W=+ADIKoCI
1 W=+AKIBCIsI
1 W=+AhCI
1 W=+ArIm
1 W=+ArKICIlArInIn
1 W=+AvIlCI
1 W=+AyDIrICI
1 W=+AyICIlArIn
1 W=+IrICIDIr
1 W=+KACIlArlA
1 W=+KCIlIKDAn
1 W=+KrICIlArIn
1 W=+lADICIsInIn
1 W=+mAnCIlIK
1 W=+oDACI
1 W=+rADICIlArI
1 W=+sIrCI
1 W=+yACIlIK
1 W=+yICIyA
1 W=+yIrICI
1 W=+þImCI
1 W==idareci
1 W=~kapýcý
1 L2=~önde
1 W=+BolCIlArInIn
1 W==kýrýcý
0 W==Ülkücü
1 L1=~din
1 L2==Ýyi
1 W=+'CI
1 W=+nCIsInIn
1 W=+AKCIlIKInA
1 W=+yACI
0 R1=+IrImlArIn R2=+I
0 W=+KICI R1=+Ir
0 L1=+'nDAKI
0 L1=+rCAn
0 R1=+DAm
0 R1=+IzIKIylA
0 W=+ABABCI
0 W=+ABAnCIlArA
0 W=+ADACIyI
0 W=+ADCIlIKlA
0 W=+ADICIlArDAn
0 W=+ADICIlArImIz
0 W=+ADIKCIlAr
0 W=+ADIrKCIyIm
0 W=+AKmAlCIlAr
0 W=+ArIhCIlAr
0 W=+AyIrCIlArA
0 W=+AyIrCIlArDAn
0 W=+IfDCIlArIn
0 W==Ekici
0 W==satýcýsý
0 W==sunucusu
0 W==sürücüleri
0 W==yabancýlarýn
0 W=~yolcular
0 W=~yolcularýn
1 L1=+000'DA
1 L1=+ADInlArIn
1 L1=+ArIAD
1 L1=+AvDIAD
1 L1=+Ilm
1 L1=+nAsInIn
1 L1=+zlArIylA
1 L1==Ýlhan
1 L2=+AKDör
1 L2=+AlAKA
1 L2=+AlDAn
1 L2=+AnArAl
1 L2=+DArA
1 L2=+IzIKI'nIn
1 L2==Asker
1 L2==uzun
1 R1=+AKInDAn
1 R1=+AmInDA
1 R1=+AsIDIr
1 R1=+IrCAK
1 R1==kýz
1 R2=+AnlArIylA
1 R2=+CIyIz
1 R2=+DAsInA
1 R2=+DAyIz
1 W=+ABImCIlArInA
1 W=+ACArACI
1 W=+ACIlIKDA
1 W=+ADCIlArDA
1 W=+ADCIlArInI
1 W=+ADCIylA
1 W=+AKIBCIlArI
1 W=+AformCI
1 W=+AlAvIzyonCIlIK
1 W=+AlKCI
1 W=+AnDIrICIlArIn
1 W=+ArDIþmACI
1 W=+ArDmACI
1 W=+ArICIlArIn
1 W=+ArIKADCIlIKIn
1 W=+ArImI
1 W=+AyAlCI
1 W=+AyDIrICIlIK
1 W=+AyICIlArIylA
1 W=+AzCI
1 W=+AþIKCI
1 W=+BolCIm
1 W=+BorCIlIK
1 W=+CACI
1 W=+CImIzA
1 W=+DDIrICI
1 W=+DIrAfCIlIK
1 W=+InCIlIKIn
1 W=+InCIsInI
1 W=+InDICIlIK
1 W=+IrAyCIlIK
1 W=+IsDIrICI
1 W=+IzCI
1 W=+KArCI
1 W=+KICIlIK
1 W=+lAmCIsI
1 W=+mCIylA
1 W=+mIDCI
1 W=+mIrICI
1 W=+nArCI
1 W=+nCIlIKI
1 W=+rADICIlArIn
1 W=+rADICInIn
1 W=+rBACI
1 W=+rCIyA
1 W=+vICI
1 W==emici
1 W==golcüsü
1 W==oyuncularýndan
1 W==vurucu
1 W==þarkýcýnýn
1 W=~besteci
1 L1=+lyAlI
1 R2=+AlIKI
1 W=+ACAKCIlIKInDAn
1 W=+ADCIDAn
1 W=+ICIsInDAn
1 W=+rImCIsI
