0
1 W=+CIKCA
1 W=+yICA
1 W==uzunca
1 W=+rCAsInA
1 W=+ADCA
1 W=+CIKCAsI
1 W==sýkça
1 W=+AyCA
1 W=+AzlACA
1 W=+AssIzCA
1 W=+AvAþCA
1 W=+ArBAsDCA
1 W=+IþCAsInA
1 W=+IzlICA
0 R1=+DIKI
0 L2==bir
0 L1=+rInCA
1 L1=+.
1 R1=+AnIKlIK
1 W=+ADlICA
1 W=+AKCAyI
1 W=+AKICA
1 W=+AmICA
1 W=+AnlICAyI
1 W=+BDAlCA
1 W=+InsICA
1 W=+lmAnCAnIn
0 L1=+sIylA
0 R1=+IlABIlIr
1 L1=+ADInI
1 W==acýmasýzca
0 R1=+AnmAsI
1 W==onca
0 L2=+AK
1 W=+AzlACA
0 W==onca R2==,
0 L1=+AlI
0 L1=+AnDIsInI
0 L1=+AnmADIKInI
0 L1=+AnsIzlIKI
0 L1=+ArKAsIn
0 L1=+BIrInDAn
0 L1=+DACAKInI
0 L1=+IrIyA'yA
0 L1=+rKIn
0 L1==oyun
0 L2=+ABACAKsA
0 L2=+ABIlmAmIz
0 L2=+AzIylA
0 L2=+BIlIzmlA
0 L2=+IKrAsI
1 L1=+.0'lA
1 L1=+ADInlArI
