1
0 L1=+lA
0 L1=+KI
0 W=+zlAþmA
0 W=~anlaþma
0 W=+rlAþmIþ
0 W=~anlaþmasý
0 W=+AþmAyI
0 L1=+KlArI
0 W=+AþmAnIn
0 W=+AþmAlI
0 W=+rlAþmA
0 W=+AþmAlAr
0 W=~anlaþmaya
0 W=+AþIlAn
0 W=+DA
0 W=+AKlAþA
0 W=+ArI
0 W=+AþIlIyor
0 L2=+ynI
0 W=+özlAþmAsI
0 W=+rlAþDIrIlmAsI
0 L1=+lIþ
0 L1=+AyA
0 W=+ArþIlAþmA
0 W=+zlAþmAyA
0 W=+AþIlIr
0 W=+AþIlDI
0 W=+AþDIKI
1 W=+AllAþDIrmA
0 L1==füze
1 L1=+lA R2=+K
0 W=+ArDImlAþmA
0 W==anlaþmasýyla
0 W=+AþIlDIKI
0 W=+AþIlmAsI
0 W=APOS1
0 L1=+InA
1 W=+AKlAþDI
1 W=+ADIKlAþmAyI
1 L1==hýzla
0 W=+AþIlDIKInI
0 W=+rlAþDIrmAK
0 W==anlaþmasýnýn
0 W=+rlAr
1 L1=+lA W=+In
0 W=+ArþIlAþmAsI
0 W=+AyAn
0 W=+IrlAþArAK
0 W=+IrlAþDIrAn
0 W=+zlAþmACI
1 W=+AKlAþDIKI
1 W=+AllAþDIrmADA
1 W=+AþDIrDIKlArI
1 W=+ozlAþmA
0 W=+AzlIK
0 W==birleþiyor
0 W=+rlAþIr
0 L1=+B
1 W=+AþDIrmAyI
1 W=+ACAKInI
0 L1=+AlIl
0 L1=+AzI
0 L1=+Bor
0 W=+ArlA
0 W=+ArlAþDIrIlmAmAsI
0 W=+AþIlmAz
0 W=+IrlAþACAK
0 W=+KlAr
0 W=+nlAþmAlArInIn
0 W=+rlAþDIrIB
0 W==anlaþtý
1 W=+AllAþmAnIn
1 W=+InlAþDIKI
0 W=+ArlAþDIrIlmAsInI
0 W=+ArlAþmAsI
0 W=+AþIyorIz
0 W=+IrlAþDIrArAK
0 W=+AþDIKImIz
0 W==yerleþtirilecek
1 W=+InlAþDIrAn
0 W==anlaþmasýna
0 W=+AylAþmAK
1 W=+InlAþmA
1 W=+KInlAþAn
1 W=+InlAþmIþ
1 W=+AþmAyI L2=+mA
0 L1=+AKArI
0 L1=+IzIlArAK
0 L1=+lArCA
0 L1=+mAsInDA
0 L1==acýsýný
0 L2=+DIrIlmAsI
0 L2=+rAyI
0 L2=+vAn
0 R1=+AKIBAn
0 R1=+CIlAr
0 R1=+DIKIm
0 R1=+IsAns
0 R1=+IþDIKI
0 R1=+þACAK
0 R1==olabilir
0 R1=~zam
0 W=+ArlAþDIrmAyI
0 W=+ArþIlAþDIrmAsInI
0 W=+AylAþmA
0 W=+AzlIKlA
0 W=+AþIlmADI
0 W=+AþIlmAsInI
0 W=+AþIlmAyA
0 W=+AþmIþlArDIr
0 W=+IrlAþDIrIlArAK
0 W=+IrlAþmAyA
0 W=+KIm
0 W=+rlAþDIrIlmIþ
0 W=+rlAþDIrmIþ
0 W=+zlAþmAsInI
0 W==birleþmesi
1 L1=+ADKIlArIylA
1 L1=+AloKI
1 L1=+mAyA
1 L1=+þDA
1 L2=+AKIn
1 R2=+DIKA
1 R2=+KIDIr
1 W=+ADIKlAþmADA
1 W=+ADlAþmAnIn
1 W=+AllAþDIrIlmAsInDA
1 W=+AþDIrmAlArI
1 W=+DIlAþmAnIn
1 W=+DInlAþmAK
1 W=+DInlAþmAsI
1 W=+KlAþmAnIn
1 W=+ozlAþmAnIn
0 L2=+ArDI
0 R1=+nmADIKInI
0 W=+ArþIlAþmAsInIn
0 W=+IrlAþDI
0 W=+rlAþDIrIlDIKI
0 W=+rlAþInCA
1 L2==Batý
1 W=+AþlAþmIþ
0 R1=+örA
0 W=+AlArDAn
0 W=+rlAþDIrmA
0 W==yerleþtirildi
1 L1=+rAl
1 W=+AþDIrACAKlArInI
0 R1=+þI
0 L1=+Ans
0 W=+AþDIKlArInI
0 W==anlaþmasýný
0 R1=+DIK
1 W=+IþDI
1 W=+KInlAþDI
0 W=+AþmADAn
1 W=+KInlAþIyor
1 R2=+AnIn
1 W==gerçekleþen
1 L1=+lA W=+AþDIrIlDI
1 L1=+lA W=+AsInI
0 L1=+lA R2=+K R1==.
0 L1=+lA R2=+K L1=+rlA
0 L1=+'lArDA
0 L1=+.
0 L1=+ABlAsmAnDA
0 L1=+ABsI
0 L1=+ACAKInIzI
0 L1=+ADAnyAhI'yI
0 L1=+ADInlArI
0 L1=+AKAjIn
0 L1=+AKArlArlAr
0 L1=+AKlInDA
0 L1=+AKsInI
0 L1=+AhrAmAnlArIn
0 L1=+AlInDA
0 L1=+AlIrI
0 L1=+AlIrlArInI
0 L1=+AmArA
0 L1=+AnCAnIn
0 L1=+AnClArInI
0 L1=+AnlArInIn
0 L1=+ArAlArI
0 L1=+ArDAþlArIn
0 L1=+ArlAþIr
0 L1=+ArlIKDA
0 L1=+AyDoKIsI
0 L1=+B'yI
0 L1=+BArInI
0 L1=+CIDA
0 L1=+DInlIKInI
0 L1=+DIrlArArAsI
0 L1=+IC
0 L1=+IIrlArI
0 L1=+IKArInDA
0 L1=+IKsAKA
0 L1=+IlIyI
0 L1=+InsIz
0 L1=+IrICI
0 L1=+IrInI
0 L1=+IrKIyA'yI
0 L1=+IzIm
0 L1=+KAnIn
0 L1=+lolAn
0 L1=+nAmInIn
0 L1=+nAnCI
0 L1=+rIþlArIn
0 L1=+yArInDA
0 L1==ILO
0 L1==bizle
0 L1==bunun
0 L1==burada
0 L1==içi
0 L1==oylarý
0 L1==takým
0 L1==tam
0 L2=+ABArsIz
0 L2=+ACIvArDlI
0 L2=+AD'lA
0 L2=+ADArIylA
0 L2=+AKArI
0 L2=+AKIþIm
0 L2=+AKlIsIylA
0 L2=+AlDIKI
0 L2=+AlIn
0 L2=+AlIsyonIn
0 L2=+AlKAnlAr'DA
0 L2=+AllArIylA
0 L2=+AmAmlAyICI
0 L2=+ArCIhA
0 L2=+ArImIzlA
0 L2=+AsDrAsIylA
0 L2=+AþmAlArI
0 L2=+AþmAyIn
0 L2=+BlImDA
0 L2=+CInDI
0 L2=+IKIrlArlA
0 L2=+IrAD'In
0 L2=+IrAnlAr
0 L2=+KrAmDA
0 L2=+Kyol
0 L2=+mIl
0 L2=+ylAm
0 L2==Kazým
0 L2==yetkililer
0 R1=+AAhhIDInI
0 R1=+ABIyor
0 R1=+AlIm
0 R1=+IllAr
0 R1=+IrABIlmAsI
0 R1=+IrIDIr
0 R1=+rDACAK
0 R2=+AnslI
0 R2=+ArArlAnDI
0 R2=+AvrAyA
0 W=+ABIlmAK
0 W=+AlIDIr
0 W=+ArþIlAþDIrIlIr
0 W=+ArþIlAþDIrmA
0 W=+AylAþDIrIlDI
0 W=+AþIlmAlI
0 W==Sözleþmeliye
1 L1=+'mIzlA
1 L1=+ABIylA
1 L1=+ADAlA
1 L1=+ADImlA
1 L1=+ADIrDIKI
1 L1=+AKAnlArIylA
1 L1=+AKlAþDIrIlAn
1 L1=+AKlAþImlA
1 L1=+AhIn'lA
1 L1=+Al'lA
1 L1=+AlIKlArIylA
1 L1=+AlIKoBDArlA
1 L1=+AlIþmAlArIylA
1 L1=+AlKI
1 L1=+AnDIsInI
1 L1=+AnInDAn
1 L1=+ArIlArlA
1 L1=+ArIyADlA
1 L1=+ArsInDAKI
1 L1=+AsIDAKI
1 L1=+AyCIlIKlA
1 L1=+AyIB
1 L1=+AþArIylA
1 L1=+AþIDlI
1 L1=+AþKAnlIKI
1 L1=+CIDAn
1 L1=+CIKlArlA
1 L1=+DACAKI
