1
0 W=+Ir
0 W=+IKDA
0 W=+rI
0 W=+InDA
0 W=~onun
0 W=+nI
0 W=+nA
0 W=+An
1 W=APOS1
0 W=~onlar
0 W=+DIn
0 W=+IKI
1 L1=+0
0 W=~onlarýn
0 W=~onlara
0 W=+rInIn
0 W=+IzI
0 W=+lA
0 W=+AþmIþ
1 L1=DIGIT
0 W=+IrlIK
0 W=+Im
0 W=+DInDAKI
0 W=+AK
1 W=+IsInI
1 W=LOWER1
0 W=+mA
0 W=+ImI
1 W=+BIr
1 W=+IsInA
0 W=+AþIyor
0 W=+IrIyDI
1 W=~binde
0 W=~onlarda
1 W=+IsInDA
0 W=+IzIn
0 W=+lDInIn
0 W=+B
0 W=+IKA
0 W=+IKIn
0 W=+IKInIn
0 W=+InIzA
0 W=+IrlIKlAr
0 W=+yIz
0 W=+þDI
0 W==yüzünün
1 W=+KsAn
0 W=+IlAr
1 L1=~yüz
1 W=+IlyonA
1 L1==ilk
1 W=+Ir L1==:
0 R1=UPPER2
0 W=+AsI
0 W=+BInlArIn
0 W=+IKlArIn
0 W=+rImIz
1 W=+IDAn
1 W=+IsInDAn
1 W==bini
1 W=+IlyonI
1 W=+An L1=+Aþ
0 L2=+AKIyor
0 R1=+-00.0
0 R2==Söz
0 W=+AlAr
0 W=+AnIn
0 W=+AyA
0 W=+AyI
0 W=+InDI
0 W=+IrInIz
0 W=+IzBInlAr
0 W=+IzImIz
0 W=+sA
0 W==Onda
1 L1=+AsmInDAn
1 L2==kedi
1 R1==yediye
1 R2=+sAnInA
1 R2==Karanlýk
1 W=+IlyonlArI
1 W=+IsIylA
1 W=+IzlA
1 W=+KIzI
1 L1=~iki
1 W=+Ir L2=+IlDIlAr
1 W=+Ir L2=+rDIr
0 W=+Ir R1=+An
0 L1=+ABAKI
0 L1=+ADInCA
0 L1=+AnDImIzlA
0 L1=+ArBA
0 L1=+ArDIm
0 L1=+ArsIlmAyA
0 L1=+ArzInDA
0 L1=+AsDAr
0 L1=+AyIDDAKI
0 L1=+IBlArA
0 L1=+IKArInDA
0 L1=+IrþIn
0 L1=+IzKIlI
0 L1=+IþAyI
0 L1=+orIDA
0 L1=+osDInIn
0 L1=+oþInA
0 L1=+rABAyA
0 L1=+zCIKlAr
0 L1=+zlAþmADA
0 L1=+örIlACAK
0 L1==Kimler
0 L1==Kulüp
0 L1==Yerdeki
0 L1==azar
0 L1==goller
0 L1==güler
0 L1==kuruldu
0 L1==çocuklarýn
0 L1==çoçuktan
0 L2=+ABIKAlAnmIþ
0 L2=+AoDDI'nIn
0 L2=+ArAKI
0 L2=+IlAsIz
0 L2=+KyIzI
0 L2=+lmADIKInIn
0 L2=+nlArIylA
0 L2=+oyInDAKI
0 L2=+ylIyor
0 L2=+önlI
0 L2==emelleri
0 L2==sert
0 L2==Üçünün
0 L2==þubesi
0 R1=+AlIþDIrIlDIKI
0 R1=+AmADIKI
0 R1=+ArArlArI
0 R1=+AylIKlA
0 R1=+AþDIrIlArInA
0 R1=+fAsyonAl
0 R1==2.0'ye
0 R1==GÖRÜÞME
0 R1==girip
0 R2=+AIl'DA
0 R2=+AlDIK
0 R2=+AlIþKI
0 R2=+IlICIKlAr
0 R2==deyince
0 R2==içmesine
0 W=+ABIlACAKI
0 W=+AlArDI
0 W=+DInDAyDI
1 L1=+ADDAn'DA
1 L1=+AKImIzDA
1 L1=+AhIm'In
