1
0 W=+yIþDIrICI
0 W=+rAþDIrmA
0 W==vardýr
0 W=+orIþDIrmA
0 W=+IlDIr
0 W=+D
0 W=+IKAr
0 W=+ArADDI
0 L1=+DADAn
0 W=+ArADDIKI
0 W=+yDIr
0 W=+þDIrmAlAr
0 W=+ArADAn
0 W=+ArADIyor
0 W=+nAnDIrICI
0 W=+AlDIrIlmAsI
0 W=+ArADmAK
0 W=+ACI
0 W=+orIþDIrmAnIn
0 W==eleþtirdi
0 W=~araþtýrmaya
0 W=+rAþDIrmAlArI
0 W=+rAþDIrmADA
0 W=+orIþDIrmAyI
0 W=+rAþDIrmAnIn
0 W=+rAþDIrmAsI
0 W=+KArsA
0 W=+ArADDIKInI
0 W=+IþDIrICInIn
0 W=+orIþDIrmAsI
0 W=+AlDIrIlDI
0 W=+rAþDIrIlmAsI
0 W=+rAþDIrmAyI
0 W==eleþtiren
0 L1=+IKDAn
0 W=+ArADICI
0 W==kaldýran
0 W=+þDIrmAsInIn
0 W=+ArArDmA
0 W=+mAn
0 W==Uçuran
0 W==eleþtirirken
0 W=+ABADmAyA
0 W=+rDA
0 W=+CIyA
0 W=+IyIrAn
0 W=+IyIrmAyA
0 W=+rAþDIrmAK
0 W==kaldýrdý
0 W=+AlIrDIlAn
1 W=+AlIrDIlAn L1=+A
0 W=+ArADDIKlArI
0 W=+ArADmAyA
0 W=+ArDIK
0 W=+orIþDIrmAyA
0 W=+AlDIrIlmAsInI
0 L1=+AnAyA
0 L1=+ADKIlArlA
0 L1==rafa
0 W=+ABADmA
0 W=+AlDIrIlArAK
0 W=+AnDIrAlI
0 W=+ArADACAK
0 W=+ArADACAKIz
0 W=+ArADmAsI
0 W=+CIylA
0 W==eleþtiriliyor
0 W=+IKArmIþ
0 W=+DAKI
0 W=+þIr
0 L1=+ADIB
0 W=+ADmIþDIr
0 W=+ArADDIK
0 W=+ArADICIsI
0 W=+ArADIlAn
0 W=+ArADIlmAsI
0 W=+ArADIrKAn
0 W=+ArADmIþ
0 W=+ArDICI
0 W=+ArsAK
0 W=+ArþIlAþDIrIlDIKInDA
0 W=+BAr
0 W=+CIDAn
0 W=+DIrIlsIn
0 W=+DIþDIr
0 W=+IyIrIlDI
0 W=+orIþDIrmADA
0 W=+orIþDIrmAsInI
0 W=+rAþDIrACAK
0 W=+rAþDIrAn
0 W=+rAþDIrDIKI
0 W=+þDIrmAlArInDA
0 W==aldýrmadan
0 W=~eleþtiriyor
0 W=+AlDIrIlmIþ
0 W==kaldýracak
0 W==kaldýrmak
0 L1=+AhIn
0 L1=+hAn
0 L1=+lAnlArInI
0 R1==olmaz
0 W=+AlDIrmIþ
0 W=+ArADABIlmAK
0 W=+ArADAmADI
0 W=+ArADIlIyor
0 W=+ArADIlmIþ
0 W=+ArADmADI
0 W=+ArsAnIz
0 W=+AþDIrmAsInDA
0 W=+InDIr
0 W=+IyIrmAK
0 W=+IþDIrmAlArIn
0 W=+KlAnDIrICI
0 W=+nADAn
0 W=+onDIrICI
0 W=+rAþDIrIB
0 W=+rAþDIrIlIyor
0 W=+rAþDIrIlmAsInI
0 W=+rAþDIrIyorIz
0 W=+rAþDIrmADAn
0 W=+rAþDIrmAlArA
0 W=+rAþDIrmAmIzA
0 W=+zDIr
0 W=+özADAn
0 W=+þlADmAnIn
0 W==Kandýra
0 W==eleþtirerek
0 W==eleþtirilen
0 W==eleþtirilmesi
0 W==yerdir
0 W==Çaldýran
0 W=~indir
1 W=+lAþDIrmAlAr
1 W=+nlAD
0 L1=+ArKAlArInI
0 W=+AlDIrIlIyor
0 L2=+özIm
0 L2=~mal
0 L1=+ArlArDA
0 L1=+AsAKInI
0 L1=+AsDAyI
0 L1=+AþlArInI
0 L1=+DAmAsInI
0 L1=+Do'yA
0 L1=+ICIlIK
0 L1=+InDIlArInIn
0 L1=+IzAlArIylA
0 L1=+IzInDAn
0 L1=+lmAsA
0 L1==Sýnavlarý
0 L1==maden
0 L2=+AnIlKIsI
0 L2=+AzlIKInIn
0 L2=+DAC
0 L2==500
0 L2==olur
0 L2==önündeki
0 R1=+AnlIlArIylA
0 R2=+IlDIK
0 R2==Hiçbir
0 W=+ABADmADA
0 W=+ACIlArIn
0 W=+ACIlIKI
0 W=+ADIlmAmIþ
0 W=+ADIrACAKlArInI
0 W=+ADIrArAK
0 W=+ADIrDIKlArI
0 W=+ADIrIB
0 W=+AlDIrIlIB
0 W=+AlDIrmA
0 W=+AlDIrmAz
0 W=+AnDIrICIlIK
0 W=+AnIþDIr
0 W=+ArADABIlIr
0 W=+ArADACAKI
0 W=+ArADACAKInI
0 W=+ArADArAK
0 W=+ArADIlACAK
0 W=+ArADIlDIKInI
0 W=+ArADIlmAK
0 W=+ArADIlmAsInA
0 W=+ArADIlmAsInDA
0 W=+ArADmA
0 W=+ArADmADAn
0 W=+ArADmAsInI
0 W=+ArADmAyI
0 W=+ArIþDIr
0 W=+AyADDIKI
0 W=+AyADmA
0 W=+AþDIr
0 W=+AþDIrInCA
0 W=+AþDIrmAmIz
0 W=+AþDIrsInlAr
0 W=+BArmIþ
0 W=+CIlIKInA
0 W=+DIrmAlArIylA
0 W=+IlADIn
0 W=+IyIDArAK
0 W=+IyIDIrKAn
0 W=+IyIrIlAn
0 W=+lIþDIr
0 W=+nADIB
0 W=+orIþDIrAn
0 W=+orIþDIrIlmAsI
0 W=+orIþDIrmADAn
0 W=+rAþDIrDI
0 W=+rAþDIrIlACAKInI
0 W=+rAþDIrIr
0 W=+rAþDIrmAlArIn
0 W=+rAþDIrmAsInI
0 W=+rDmAnIn
0 W=+ysA
0 W==aldýrdýðý
0 W==eleþtirdikleri
0 W==eleþtirelim
0 W==eleþtirilerek
0 W==eleþtirilirken
0 W==eleþtirir
0 W==eleþtirme
0 W==eleþtirmek
0 W==eleþtirmiþti
0 W==yatýran
0 W==yatýrmýþ
0 W==yatýrýldýðý
0 W==þiþirme
1 R1=+AIzI
1 W=+ADlAD
0 W=+ADICIlIKA
0 W=+AlDIrAmAz
0 W=+AlDIrIlDIKI
0 W=+AlDIrIlmAsInA
0 W==kaldýrarak
0 W=+BArDI
0 W=+nADIlmIþ
0 W=+AlDIrIlAn
0 W=+AlDIrIlmIþDIr
0 W=+IyIrDI
1 W=+IyIrDI L1=+DIKInI
1 W=+AlIrDIlAn R2=UCFIRST
0 L1=+'sInI
0 L1=+ABA'yA
0 L1=+ABArAzzIlArA
0 L1=+ABIB
0 L1=+ABICI
0 L1=+ABIDlAr
0 L1=+ABlIKA
0 L1=+ABrImIzI
0 L1=+ACAnAKlArI
0 L1=+ACArlI
0 L1=+ACmIþlA
0 L1=+ADIf
0 L1=+ADlICA
0 L1=+AKArlAnDIrmAlArI
0 L1=+AKArlArlAr
0 L1=+AKIDA
0 L1=+AKImInDA
0 L1=+AKInImIzA
0 L1=+AKlAmIþCAsInA
0 L1=+AKlAnDIsI
0 L1=+AfADDA
0 L1=+AfKADlA
0 L1=+AhID
0 L1=+AhmAD
0 L1=+AhmID
0 L1=+AhvIlA
0 L1=+AhvIllArA
0 L1=+AlAB
0 L1=+AlAnmA
0 L1=+AlDArInI
0 L1=+AlIþAn
0 L1=+AlKIn
0 L1=+AlyA'yI
0 L1=+AmAllArI
0 L1=+AmAm
0 L1=+AmAzA
0 L1=+AmDI
0 L1=+AmoKrAsI
0 L1=+AnAzAsInI
0 L1=+AnCAyA
0 L1=+AnImDAn
0 L1=+AnImlArI
0 L1=+AnKArA
0 L1=+AnmIþlIK
0 L1=+AnsAsyon
0 L1=+AnþADDAn
0 L1=+ArArInIn
0 L1=+ArAsI'nA
0 L1=+ArIlIm
0 L1=+ArK
