1
0 W=+IKsAK
0 W=~kimse
0 W=~oysa
0 W=+ssA
0 W=+ADAysA
0 W=~borsa
0 W=+ArAKsA
0 W=~arsa
0 W=~neyse
0 W=+AlAr
0 W==varsa
0 W=+KsAn
1 W==varsa L2=+Ir
0 W=+fAnsA
0 W==Aksa
0 W=+AsIlsA
0 W=+örInsA
0 W==dirsek
0 W==düþse
0 L1==AC
0 W=+ADArsAn
0 W=+nIþsA
0 W=+nsAn
0 W=+AssAn
0 W=+DsAK
0 W=+hsAn
0 W==etse
0 W==korsan
0 W==kursa
1 W==varsa L2=+I
0 L1=+00
0 L1=+AhCAD
0 L1=+zAl
0 L2=+nIlArI
0 W=+ArInIysA
0 W=+IrIlsA
0 W=+IzArsA
0 W=+lInsA
0 W=+rAnsA
0 W==Birsen
0 W==solsa
0 W==þansa
1 W==varsa L2=+yA
1 W==varsa L2=+CAK
0 W==varsa L1=+InIz
0 L1=+ABAnCIyA
0 L1=+ABsA
0 L1=+AfAhyol
0 L1=+AlArIn
0 L1=+AnlIþI
0 L1=+Arn
0 L1=+ArsIDADA
0 L1=+AsDAKInI
0 L1=+AvAsI
0 L1=+AyIB
0 L1=+BB
0 L1=+C.
