** Message: $Id: dlist.c,v 2.10 2004/10/28 16:46:53 dyuret Exp $
** Message: ==> READING
** Message: Reading data from stdin (1 dot = 10000 instances)
....
** Message: Read 40068 instances.
** Message: ==> TRAINING
** Message: Training on 26557 instances (1 dot = 100 rules)
.......
** Message: Got 631 rules out of 280293 candidates.
** Message: Training set performance:
** Message: nrules:	corr:	incorr:	percent:
** Message: 631	26494	63	99.76%
** Message: ==> VALIDATION
** Message: Validating on 6796 instances (1 dot = 1000 instances)
.......
** Message: Best number of rules to use: 67
** Message: nrules:	corr:	incorr:	percent:
** Message: 67	6565	231	96.60%
** Message: 631	6549	247	96.37%
** Message: ==> TESTING
** Message: Testing on 6715 instances (1 dot = 1000 instances)
.......
** Message: nrules:	corr:	incorr:	percent:
** Message: 67	6469	246	96.34%
** Message: 9	6454	261	96.11%
** Message: 5	6404	311	95.37%
** Message: 4	6368	347	94.83%
** Message: 3	6278	437	93.49%
** Message: 2	5997	718	89.31%
** Message: 1	5676	1039	84.53%
** Message: ==> WRITING
** Message: Wrote 67 rules to stdout.
