1
0 W=UCFIRST
0 W=~ile
0 W=+sA
0 W=~ama
0 W=+I
0 W=~para
0 W=~türkiye
0 W=+yrICA
0 W=+nDA
0 W==yana
0 W=+DDA
0 W=~öte
0 W=~hava
1 W=+lArA
0 W=+AnKA
1 W=+AyA
1 W=+IzA
0 W=+ylAsInA
0 W=+rKA
0 W=~kaza
0 W==ara
0 W==koruma
0 W=+ArsInA
0 W=~asla
1 W==Bana
0 W=+oDA
0 W=+mAmA
0 W=~kara
1 W=+rInA
1 W=+KAsA
0 W==kelime
1 W=+lIsA
0 W=+vrA
1 W=+ABsA
0 W=~aksine
0 W=~kaya
0 W=+rABA
0 W=+IfDA
0 W==taþýma
0 W=+yAmA
0 W=+nCA
0 W=+ylA
0 W=~the
1 W=+IKInA
0 W==ödeme
1 W=+lIKA
1 W=UCFIRST W=+sInA
0 W==kupa
0 W=+oþA
1 W==Buna
0 W=+AhIþA
0 W==atama
0 W=~okuma
0 W=+lArDA
0 W==ilke
0 W=~hazine
0 W==boþuna
0 W=~yara
0 W=~daire
1 W=+AnsA
0 W=+ArABArA
1 W==Asliye
0 W=~oda
0 W=+rlA
0 W=+BACA
0 W=~adana
1 R1=~kadar
1 W=+mAsA
1 W=~kente
1 W==Ýslama
0 W=~mesele
0 W==masada
1 W=+KsA
0 W==yasama
0 W=+AyIm
0 W=~roma
0 W=+n
0 W==forma
0 W=+llA
0 W=~maliye
0 W==MRTA
0 W=~makine
1 R1==süren
1 W=+nInA
0 W=+AKlAmA
0 W==hatýra
1 W==Ona
0 W=+KDA
0 W=+ChA
1 W=UPPER0
1 W=~ile L1=="
0 W=+AhDA
0 W=+omIDA
0 W==hamile
0 W==kabine
1 W=+DrAsA
0 W=~þaka
0 W=+AmAyIz
0 W=+BlA
0 W=+BIDA
0 W=~emre
0 W=+IrACA
1 W=+I R1==sürülen
1 W=UCFIRST R1=~karþý
0 W=+ADAmA
0 W=+ArInlAmAsInA
1 W=+BIsA
0 R2=+AsIm
0 W=~adliye
0 W=~aða
0 W=+osDA
0 W==Ana
0 W=~ata
0 W=+DorA
0 W=~büyüme
0 W==Emire
1 W=+yInA
1 W=UCFIRST W=+lImA
0 L1=+AfAr
0 W=+IlhA
0 W=+sAlA'yA
0 W==arýza
0 W==aza
0 W==boya
0 W==kasaba
0 W==yaya
0 W==þiþe
0 W=~uba
1 W=+AosA
1 W==Ice
0 W==kaba
0 W=~ada
0 W=+þlAmA
0 W==rehine
1 W=+IKArI
0 W=+DlA
1 R1==sürerek
1 W=+yADA
0 R1=~konusu
0 W=+ABlAx'A
0 W=+AnAyIz
0 W=+AþArlIKI'nA
0 W=+lIzA
0 W=+rCAsInA
0 W==izleme
0 W=~file
1 L2=+losA
1 W=+AyAyIm
1 W=+sIsA
1 W==Yere
0 W=+yyA
1 L1=+0.00
1 R2=+lAnDIKI
0 W=+zDA
1 W==Göreve
0 W==Emine
0 W=+AlDA
0 W==arama
0 W=+DrA
1 W=+mAnA
1 W=+CIyA
1 W=+IrACA L1=+Ir
1 W=+rKA L1=+Ir
1 W==forma L1=+InDA
1 W=+rKA L1==bin
1 W=UCFIRST R2=+IyorIm
1 W=~ile L1=~00
0 W=~ile R1=+A
0 L1==güle
0 R1=+oKArDI
0 W=+AKIlDA
0 W=+AmsIyA
0 W=+ArADIr
0 W=+AvrIyA
0 W=+DIrmA
0 W=+InAmA
0 W=+IþCAsInA
0 W=+KKA
0 W=+for'A
0 W=+lABIlDIKInA
0 W=+lAmIzA
0 W=+mlA
0 W=+olDA
0 W=+zIzA
0 W==Melaye
0 W==düze
0 W==kaka
0 W==kova
0 W==yeme
0 W==çile
0 W=~deve
0 W=~mama
0 W=~müsiad'a
1 R1=+IsAs
1 W=+AInDA
1 W=+AfAsA
1 W=+AþKAnDA
1 W=+DAsA
1 W==Yargýya
1 W==gence
1 W==imama
1 W==kursa
1 W==sente
1 W==Üstüne
1 W==Ýçeri
0 R1=+vCI
0 W==TEFE
1 W==Demokrasiye
0 R1=+ovA
0 W=+DIzA
0 W==Goþa'ya
0 W==fýrtýna
1 R2==aklama
1 W==Devlete
0 W=+IyAsIyA
0 W==Aksine
0 W=+ADzA
0 W=+AhrIyA
1 W=+CImA
1 R1=+rIlACAK
1 W=+lAnA
0 R1=+lKIlI
1 W=+yonA
1 W=+DIyA
0 W=+DIyA R1=+nIþDI
1 W=+nCA R2=+Iyor
1 W=UCFIRST W=+AþImA
1 W=~büyüme L2=DIGIT0
1 W=~kara R1=+K
1 W=~kara R2=+AK
1 W=UCFIRST R1==giren
1 W=+I R2=+AlAr
1 W=UCFIRST R2=+sInIz
1 W=~ile R1=+nIB
1 W=UCFIRST R1=+lAn
0 L1=+ArBI
0 L1=+ofI
0 L1==Alan
0 L1==Azer
0 L1==taa
0 L1==özür
0 L1=~ipe
0 R1=+ACIKlI
0 R1=+AlAnKA
0 R1=+AllICCI
0 R1=+AnsIBlArInI
0 R1=+AþmIfADDIþI
0 R1==günü
0 R1==hatlarýyla
0 R2=+KlI'nA
0 R2=+hrADIn
0 R2==SAULNÝER
0 R2==partisi
0 W=+ADAvI'nA
0 W=+ADo'lArA
0 W=+AIDA
0 W=+AIs'A
0 W=+AnCADIr
0 W=+AnDAs'A
0 W=+AnIKyAn'A
0 W=+Ar
0 W=+ArAKA
0 W=+ArAsDroyKA
0 W=+ArIþA'yA
0 W=+AsBorA
0 W=+AslAmA
0 W=+AzADIr
0 W=+BICA
0 W=+CABA
0 W=+CzmAnDIlArA
0 W=+DADIr
0 W=+DovA'yA
0 W=+IloþAvIC'A
0 W=+fIzA
0 W=+ronA
0 W=+yIKA
0 W=+þmA
0 W==CINE
0 W==DTP'ye
0 W==Klara
0 W==NBA
0 W==düþüne
0 W==edebe
0 W==eskiye
0 W==karþýma
0 W==latife
0 W==made
0 W==müdahele
0 W==pike
0 W==senede
0 W==site
0 W==talebe
0 W==teke
0 W==tune
0 W==önleme
0 W=~kura
1 L1=+AformI
1 L1=+ArCIhlArI
1 L1=+ImyADA
1 L1=+ownIK
1 L1==aklý
1 L2=~made
1 R1=+AzlIKInIn
1 R1=+IlmI
1 R1==Dönüþ
1 R1==sürülmüþtü
1 R2=+ArDAl
1 W=+InAysA
1 W=+fIsA
1 W=+flAsA
1 W==Aileme
1 W==Hükümete
1 W==KARA
1 W==Kesimine
1 W==Mevzuata
1 W==NASA
1 W==Rejime
1 W==tavra
1 W=~motora
0 R1=+ss
0 W=+ADAlA
0 W=+IKlA
0 W=~line
1 R1=+rAlArInDA
1 R1==sýký
1 W==Dile
1 W==Yaþama
0 L1=+KImInDAn
0 R1=+ADAnIylA
0 R1=+sDAKI
0 W=+ChA'yA
0 W=+IyonA
0 W==eleme
1 W==bende
0 R1==onlar
0 W=+syA
1 R2=+ImAyA
1 W==Time
0 R1=+KlArInIn
0 W==Gene
0 W==Mandela
1 R1=+öDIrACAK
1 W==Hukuka
0 R1=+InyA
1 L1=~00.0
1 L1=+ro
1 W=+ADIlA
1 W=+özInA
1 R1=+rIlIB
1 W=+lArImA
