1
0 W=UCFIRST
0 W=+Ar
0 W=+Im
0 W=+l
0 W=+IsI
0 W=+CA
0 W=+In
0 W=+nDA
0 W=+rInA
0 W=+rI
1 W=+IKlArI
0 W=+DIK
1 W=+mAlArI
0 W=STFIRST
0 W=+IrlIKDA
1 W=+mA
1 W=+mAsInIn
0 W==etti
0 W=+nIþDI
1 W=+mAnIn
0 W=+DAsI
1 W=+sInDA
0 W=+mIþ
1 W=+IlmIþ
1 W=+AnlAr
1 W=+InCA
0 W=+KAsI
1 W=+DIKIm
1 W=+AKI
0 W=UPPER
0 W=+nIDAn
1 W=+DIKInDA
0 W==olur
0 W=+yAsI
0 W=+AnCI
0 W=+AllIKlA
1 W=+mAlAr
1 W=+KInIn
0 W=+AnI
1 W=DIGIT0
0 W=+sAK
1 W=+AnlArIn
0 W==olacak
0 W==aldý
0 W=+ACI
0 W=+AlACAK
0 W=+AlIr
0 W=+rInDAn
0 W=+CDI
0 W==uyuþturucu
0 W=+yACAK
0 W=+ImI
1 W=+nmIþ
0 W=+llI
0 W=+DInA
0 W=+IylA
1 W=+mAsIylA
0 W=+lAsI
1 W=+IKIn
0 W=+þIlIK
0 W=+mDA
0 W=+zInDAn
0 W=+rImIz
0 W==türlü
1 W=+IlArIn
1 W=+DlI
1 W=+IlAr
0 W==güvenlik
0 W=+sA
0 W==yýllýk
1 W=+IKCA
0 W=+zDAn
0 W=+mAn
0 W=+CAsI
0 W==onu
0 W=+ArDAn
0 W==bulundu
0 W==bulunuyor
0 W=+zAsI
0 W==sürekli
0 W==ünlü
0 W==ilgili
0 W=+KIr
0 W=+nAsI
1 W=+orInDA
0 W==ona
1 W=+oKsA
1 W=+IyorlAr
0 W=+AKlIK
0 W==geçen
0 W=+.00'DA
1 W=+sIz
0 W==olmaz
1 W=+mAlArInA
1 W=+ACAKlArI
1 W=+InCIsI
0 W=+rImA
0 W=+oKI
1 W=+mlI
0 W=+BAsI
0 W==erken
0 W==çekti
0 W=+lInA
1 W=+ArArAsI
0 W=+þCI
0 W=+CInI
1 W=+yIm
1 W=+AlI
1 W==ilgili L1==ile
0 W==alacak
1 W=STFIRST W=+KI
0 W=+vAsI
0 W=+IrAsI
1 W=+mAlArIn
0 W=+IllAnDI
0 W=+osI
0 W=~bakanlar
0 W==aylýk
0 W==günlük
0 W==geçici
0 W=+þInA
0 W==baþkan
0 W==görüþ
0 W==yerini
1 W=+mAlArInIn
0 W==gizli
0 W==gücü
0 W==onlara
1 W==öncesi
0 W=+CInA
0 W=+KIlIlAr
0 W=~anlaþma
0 W==yardýmcý
1 W=+KImI
0 W==sayýlý
1 W=+IlIrsA
0 W=+rlArInI
1 W=+mAK
0 W=~mutlu
1 W=+KImIz
1 W=+nAn
1 W=+KAnCI
1 W=+AhlI
0 W==yarattý
0 W=+lIþDI
0 W=+IþACAK
0 W=+KACAK
0 W=+mAKDADIr
0 W=+IrInI
0 W=+ABAlI
1 W=+IyorIm
0 W=+sAsI
0 W=+rIþmA
0 W=+AlIKlA
0 W==doðrudan
0 W=~düþünce
0 W==bakan
1 W=+yICA
0 W==deðildi
0 W=+ArsInIz
1 W=+AmCI
0 W==düþtü
0 W==emekli
0 W==hazýrlýk
0 W==yerli
0 W=+DAlIK
1 W=STFIRST W=+IlAn
0 W=+nADICIlAr
0 W=+örIþInI
0 W=~ettiler
1 W=+IlsIn
1 W=+lIKlAr
1 W=+IlmAKDADIr
0 W==yetkili
1 W=+IlIrlAr
0 W=+rlIKA
1 W=+IKlArInDAn
0 W=+ArACAK
0 W=+ArArInI
0 W=+llArInI
0 W=+nlArInI
0 W=+þIlIKI
0 W=~geleceði
0 W=+IlArInI
1 W=+AyI
0 W=+ADACIlAr
0 W==asla
0 W==attý
0 W==toplu
0 W=+DArDI
1 W=+AmADIm
0 W=+þlArInI
0 W=+KAnlIK
0 W=+rlIKI
0 W==yakýndan
1 W=+IrmIzIlI
0 W=+sDI
0 W=~oldukça
0 W==kuruluþ
0 W=+oyDI
1 W=+AmAyACAK
0 W=+ClIK
0 W=~ekmek
1 W=+IlmAmIþ
1 W=+AyA
0 W=~ortalama
0 W=+nsI
0 W=+ArIr
1 W=+nsA
0 W=+AlmAz
0 W=+ylAsInA
0 W=+ArIz
0 W==birden
0 W==ekip
0 W==yalan
0 W=+lImA
1 W=+zsA
0 W=+rlArA
1 W=+IrDIm
1 W=+IKlArIn
0 W=+vCIlAr
0 W==aðýrlýk
0 W==þimdilik
1 W==doðrusu
1 W=+IþInIn
0 W=+þIr
1 W=+AnlArI
0 W=+rIþDI
0 W==alýr
0 W==haklarýný
1 W=~ikisi
1 W=+IlmAyACAK
0 W=~yemek
0 W=+DACAK
1 W=+DACAK R1=LOWER
1 W=STFIRST W=+DIr
0 W=+ArlArDA
0 W=+özlAþmA
1 W=+DIKlArInA
0 W=+AnIþmA
0 W=+DmAz
0 W=+ABACAK
1 W=+DIrmIþ
0 W=+fAsI
0 W==tersine
0 W==yüzü
1 W=+AvlIsI
0 W=+IlIlArIn
0 W=+AmAnlAr
0 W=+zlArInI
0 W=+nInI
1 W=+CIlIK
0 W=+ADACIlArIn
0 W=+ADArInCA
0 W==görüþü
0 W==parasý
0 W==savcý
0 W==sürücü
1 W=+AKsIzIn
1 W=+DIKImDA
0 W=+yKIlAmA
1 W=+IysA
0 W=+KmAz
0 W=+mAlIyIz
1 W=+AyAn
0 W==falan
0 W==ötesinde
1 W=+olCInIn
0 W=+DInCI
0 W=+nDIlAr
1 W=+AmlIsI
0 W=~sýký
1 W=+DIrIn
0 W=+DAlIKI
0 W=+sDA
0 W=+rIþmADA
0 W=+DInI
0 W=+ImDAn
1 W=+CIlIKI
1 W=+zlIK
0 W=+þIlIKInI
0 W==anlayýþý
0 W==köklü
0 W==tarihine
0 W=~bakanlarý
0 W==ondan
1 W=+IyorsA
1 W=+IlDIm
0 W=+lInI
0 W=+þmAlI
0 W=+þAmA
0 W==arttý
0 W==düzen
0 W==sözlü
0 W==özelliði
1 W=+ABIlIrIm
1 W=+InCIlArI
0 W=+DlArInI
0 W=+mlArInI
0 W=+CI'yA
0 W=+DInDAn
1 W=+mAlArIylA
1 W=+KACI
0 W=+rIþmAlArDA
0 W=+CAlIK
0 W==aksine
1 W=+ADCIsI
1 W=+AvlIlArI
0 W=+CI'yI
0 W=+DInIz
0 W=+ADACIlIK
0 W=+nAnDIrICI
0 W==,
0 W==kazandý
0 W==onunla
0 W=~iþçiler
0 W=~karma
0 W==yazýlý
0 W=+zInA
0 W=+AlIþAnlArA
0 W==aldýlar
0 W==arasý
0 W==evlilik
0 W==yolcu
1 W==genelinde
0 W=+IAsI
0 W=+rIþmAlAr
0 W=+þDIlAr
0 W=+rlIKlArInI
1 W=+ClI
0 W=+ACInIlmAz
0 W=+AvrAsInDA
0 W=+rAlArInI
0 W==anlaþmaya
0 W==bitti
0 W==güvenliði
1 W=+ADCInIn
1 W=+InCInIn
1 W=~diðeri
0 W=+ArsAnIz
0 W=+AnAmA
0 W==anlaþmasý
0 W=+CACAK
0 W=+IsInIz
1 W=+DIKI
0 W=+rIþmAlArIn
0 W==kuruluþu
0 W==varlýðýný
0 W==zorla
0 W=~iþçilerin
1 W=+DIKlArInDA
1 W=~diðerleri
0 W=+zInI
0 W==girecek
0 W==olmalýdýr
0 W==canlý
0 W=+nInA
0 W==geleceðini
1 W=+mAlArInDA
1 W=+nIrsA
1 W=+mADIK
0 W=+AyIþlA
0 W=+oKInIn
0 W==akla
0 W==projesi
1 W=+ADArI
1 W=+IlmAsIn
1 W=+DCIlArI
1 W=+nmAmIþ
1 W=+AyIn
1 W=+mIlI
0 W==olmalý
0 W=+D
1 W=+mADAn
1 W=~yüzde
1 W=+IKlArI W=STFIRST
0 W=+rlIKlArI
0 W=+AflArInI
0 W=+ArIhInDAn
0 W=+AzAsInDA
0 W=+nADICIlArIn
0 W=+slArInI
0 W=+þAsI
0 W==dokuz
0 W==hattý
0 W==olurdu
0 W==sevgili
0 W==ucuz
0 W=~anlaþmanýn
1 W=+DIþInA
1 W=+InDAlAr
0 W=+CIKlIK
1 W=+mAlArInDAn
0 W==bilir
1 W=+AnlIsI
1 W=+KInCI
1 W=+DIKlArInIn
1 W=+DsIn
0 L1=+DB
0 W=+rsI
0 W=+nlArDA
0 W=+rDIlI
1 W=+IlArDAn
1 W=+yACAK R1=+Ir
1 W=+mA W=UPPER
0 W=+AlIþAnlArIn
0 W==almaz
0 W==eleþtirdi
0 W==indi
0 W=~bakanlarýn
1 W=+ADArIylA
1 W=+AvlIlArInIn
1 W==eþliðinde
1 W=~kurucusu
0 W=+ClArA
0 W=+rIþmAyA
0 W=+CImIz
0 R1=+DB
1 W=+AnlArDAn
1 L1==uyuþturucu
1 W=+KInIz
1 W=+yACAK R1==olan
1 W==geçen R1=UCFIRST
1 W=UCFIRST W=+nlI
0 W=+AlACAKA
0 W=+IllAnIyor
0 W=+sAsInA
0 W==borcu
0 W==genelde
0 W==ilke
0 W==korucu
0 W==çifte
1 W=+ABArInDA
1 W=+DIþIn
1 W=+IlACAKlAr
1 W=+IrIþInDA
1 W=+lAysA
1 W=+mInIm
1 W=+ollI
0 W=+'nA
1 W=+ACAKlArInA
0 W=+þmAz
0 W=+þlIKI
0 W=+CIK
0 W=+rImIzI
0 W=+þA
1 W=+DIþA
1 W=+ArIlI
1 W=+lmAsI
1 W=UPPER W=+KI
0 W=+I'ylA
0 W=+IþImA
0 W=+ssI
0 W=+þCIyA
0 W==anlaþmayý
0 W==birlik
0 W==dine
0 W==gelecekte
0 W==onlarla
0 W==pazarlýk
0 W==yazdý
1 W=+ACAKmIþ
1 W=+nIþlArI
0 W=+AnCIlAr
0 W=+rIþmAnIn
1 W=+nlAþmIþ
0 W=+ImlA
0 W==sonradan
0 W=~güler
0 W=+yKIlAmAyA
1 W=+mAlArDAn
0 W=+IrAlI
0 W=+AlDI
1 W=+ymIþ
1 W=+ABIlIr
1 W=+ArAK
0 W=+nAKlArInI
0 W=+örIr
0 W==alanlar
0 W==askerlik
0 W==deðiþti
0 W==eskiden
0 W==kalabalýk
0 W==yaratýyor
0 W=~çaðlayan
1 W=+KAllI
1 W=~yorulmaz
0 W=+ClArInI
0 W=+hAsI
0 W==kayýp
0 W==nolu
0 W=+lArInCA
0 W=+AsAmA
1 W=+hIrlI
1 W=+DIrDIK
1 W=+AmAmIþ
0 W=+KIlAr
1 W=UCFIRST W=+DIr
0 W=+AvCIlArIn
0 W=+KrADmAnIn
0 W=+rACIlIK
0 W=+rIþmAlArA
0 W=+sDAmAz
0 W==aðýrlýðýný
0 W==berabere
0 W==dýþarýya
0 W==gazetecilere
0 W==kazanmýþ
0 W==numarasý
0 W==seyirci
1 W=+AþIrsA
1 W=+BorCIsI
1 W=+mCInIn
1 W=+rADICIsI
1 W=+rIlsA
1 W=+zKIrlIKI
1 W=~eskisi
1 W=~pilsen
0 W=+KAnlIKIn
0 W=+KArInI
0 W=+DAKlIKI
1 W=+IKlArIylA
0 W=+rlIKInIn
1 W=+DIrlAr
1 W=+mAnlIK
1 W=+KInlIK
1 W=+jIK
0 W=+KAnlIKI
0 W=+AKInDI
0 W=+AlIþAnlAr
0 W=+AlzAmAsI
0 W=+ArsInDA
0 W=+AsInCA
0 W=+IllIyADCIlIK
0 W=+ImInIz
0 W=+lvArIþlI
0 W=+o'lI
0 W==acýsýný
0 W==alana
0 W==anlayýþ
0 W==daire
0 W==geçmiþte
0 W==kaydý
0 W==savcýlýða
0 W==saçma
0 W==topluluk
0 W==varlýk
0 W==yapýcý
0 W==yönetici
0 W=~rahmetli
0 W=~yersiz
1 W=+ACIrmIþ
1 W=+AzlAsI
1 W=+DAþlI
1 W=+IrKCAnIn
1 W=+IsDAþArlIKI
1 W=+yICIlArI
1 W==olaný
1 W=+AKIlAr
1 W=+AmAyACAKIm
1 W=+BorlI
1 W=+DIrACAKlAr
1 W=+KlArIm
1 W=+mIþDIK
1 W=+sIzlAr
0 W=+örIþmAlArI
0 W==ödeme
0 W=+AþmAsInIn
1 W=+IKDAn
1 W=STFIRST W=+AnlI
0 W=+AlIKDA
0 W=+AlIþAnlArI
0 W=+AmsIlCIlAr
0 W=+AyAnIyor
0 W=+DAKlIKlAr
0 W=+IDArlI
0 W=+IvAnlIKInI
0 W=+nlAþmAlAr
0 W=+rIþmAyI
0 W==bölücü
0 W==evli
0 W==oranlarý
0 W==peþinden
0 W==yarýþý
1 W=+AKIlArI
1 W=+BAþKAnlIKI
1 W=+BolCIsI
1 W=+DIþInDA
1 W=+mIþsA
1 W=~tersi
0 W==bulmuþ
1 W=+DIKlArImIz
1 W==Süren
0 W=+þlIKInI
0 W==getirmiþ
0 W=+IrlIKDAn
0 W==erecek
1 W=+IrDIlIþ
0 W=+AþmADA
0 W=+AþlIK
1 W=+AmAzlAr
0 W=+rIþmAsI
0 W==sürecek
1 W=+AllIK
0 W=+rlIKInA
1 W=+AylI
1 W=+lIKlI
1 W=+ArACAK R1=+r
1 W=+IsI L1==en
1 W=STFIRST W=+ADA
0 W=+yKIlAmADA
1 W==ilgili R1==bir
0 W=+AllIKlArInI
0 W=+AsAsInI
0 W=+AslArA
0 W=+CImIzI
0 W=+rDAlAmAsI
0 W=+zCIKlArI
0 W=+þAKIyA
0 W==adama
0 W==ayýp
0 W==baþkanlýðýný
0 W==dostluk
0 W==dýþarýda
0 W==gelirden
0 W==karaya
0 W==yukarýda
1 W=+ADCA
1 W=+AnzIllI
1 W=+AþKAlArInA
1 W=+BolCIlArI
1 W=+DIrIrsA
1 W=+DIþlArI
1 W=+KIþInDA
1 W=+oþDAn
1 W=+rDAysA
1 W=+zsIn
1 W==Asliye
1 W==akýllý
0 W=+BlArInI
0 W=+orImAlAr
0 W==aþtý
1 W=+KImIzDAn
0 W=+KAnlIKInA
0 W=+KAlArInI
0 W=+lAþmAlArI
0 W=+rImIzA
0 L2=+DB
1 W=+ArKAn
1 W==geçen L1=~adý
0 W=+ABAlIKIn
0 W=+BArAsI
0 W=+IlIlArlA
0 W=+IrAsInI
0 W=+IvAnsIzlIK
0 W=+rIzA
0 W=+rIþlArA
0 W==ardý
0 W==etken
0 W==kurdu
0 W==sürücüler
0 W==taban
0 W==yabancýlarla
0 W==çoðulcu
0 W==özellikleri
0 W==ýlýmlý
0 W=~tatlý
1 W=+ABIlsA
1 W=+AnIþIn
1 W=+AvACI
1 W=+AþKAlArInIn
1 W=+BolCIlArInA
1 W=+ClIlArI
1 W=+IKADICInIn
1 W=+IzlICA
1 W=+IzlIKlArDAn
1 W=+KIsInIn
1 W=+nCIlArInA
1 W=+nKAnlIK
1 W=+olIsI
1 W=+yAnIn
1 W=+yICIsI
0 W=+CInDAn
0 W=+KrAsI
0 W=+IþsInIz
0 W=+rIþmAsInDA
0 W=~bulunmuþ
1 W=+AyDIK
1 W=+IlACAKIm
0 W=+nIyorIm
0 W=+rIþmADAn
0 W==bulunacak
1 W=+rICIlArI
1 W=+lArImI
0 W=+IzlA
0 W=+KAnlIKA
1 W=+IlDIK
0 W==bulduk
1 W=+yInCI
1 W=+InlIKlA
1 W=~farklý
1 W=+nmAsI
1 W=UPPER W=+DIr
1 W=+rDIlI W=UCFIRST
1 W=+yACAK L1=+lArInI
1 W==geçen L1=+nA
1 W=+DACAK L1=+nI
0 W=+ACmAnIn
0 W=+AhrAmAnlArI
0 W=+AlIKlAr
0 W=+ArArDmA
0 W=+ArþIlAþDI
0 W=+AsDAlIKlArI
0 W=+AsI'nI
0 W=+AvrAsI
0 W=+AzlADAn
0 W=+BAlArInI
0 W=+BlIlIKIn
0 W=+CImAsIz
0 W=+DArDIlAr
0 W=+IllAnIyorlAr
0 W=+KArCAlI
0 W=+lInIyorDI
0 W=+orImAlArIn
0 W=+oþIlI
0 W=+rAsInDAn
0 W=+rInDI
0 W==aralýk
0 W==asýlsýz
0 W==aylýðý
0 W==bulunmuyor
0 W==bulunmuþtu
0 W==dýþýndan
0 W==kaldýrdý
0 W==kuruluþundan
0 W==kuruluþunun
0 W==saðlýðý
0 W==sunucu
0 W==sözleþmesi
0 W==temsilci
0 W==topluluðu
0 W==öncülük
0 W==özelliðini
1 W=+'lArDAn
1 W=+ABArlIKI
1 W=+ACIrDIK
1 W=+AvrACI
1 W=+AyCA
1 W=+CAKlIK
1 W=+DIllI
1 W=+DIrsIn
1 W=+ImIþAmA
1 W=+KArDAn
1 W=+nDAysA
1 W=+orIylA
1 W=+rAyIþInA
1 W=+sIllI
1 W=+yIþInDA
1 W==Laiklik
1 W==üçe
0 W=+ArþIlAþmAnIn
0 W=+AnlIKlArI
0 W=+IrICIyA
0 W=+mAlIlAr
0 W=+rAnmIþ
0 W==anlaþmasýný
0 W==bulur
1 W=+IlAnIn
1 W=+IlyonlAr
1 W==varmýþ
1 W=+lADDIK
0 W=+nImIz
1 W=+AnmAyACAK
0 W=+rlIKInDAn
0 W=+ACAKlArDIr
0 W=+nInIz
0 W=+ArInIz
0 W=+IrmAlI
0 W=+mAmAlI
0 W=+InIr
1 W=+nIþ
1 W=~hýzlý
1 W=+AyICI
1 W=+rmAsI
1 W=+þAn
1 W=+IlACAK
1 W==ilgili L1==olayla
1 W=+InIr R2=<S>
0 W=+ABADmA
0 W=+ADACIlArlA
0 W=+AKAnIzmAsI
0 W=+AKlIKIn
0 W=+AlImAsI
0 W=+AsDAlIKlArIn
0 W=+AsDIlAr
0 W=+AyAnIr
0 W=+AyfInI
0 W=+AyvAnCIlIK
0 W=+AzAsInDAn
0 W=+BhAsIz
0 W=+DAKlIKA
0 W=+DAsInA
0 W=+IDIKsIz
0 W=+IlInmADI
0 W=+IlInmIþDIr
0 W=+InIrsIz
0 W=+nADICIlArlA
0 W=+olCIlIK
0 W=+rACIlIKI
0 W=+yrIlIKI
0 W=+zAnA
0 W=+öDIrIr
0 W=+özlAþmAnIn
0 W==alanlara
0 W==almalýdýr
0 W==azý
0 W==boþluk
0 W==düþünceye
0 W==firmasý
0 W==güçlükle
0 W==hayýrlý
0 W==liderlik
0 W==olursunuz
0 W==saklý
0 W==savcýya
0 W==sözcüklerle
0 W==yanlýþý
0 W==çaresi
0 W==çekince
0 W=~sandýðý
0 W=~sular
1 L1=+IjDAD
1 W=+ACAKlArIn
1 W=+AIllArI
1 W=+AIllI
1 W=+AvADlIsI
1 W=+AyDInIz
1 W=+AyhDArI
1 W=+AþKAlArI
1 W=+BInIn
1 W=+CIlArImIzIn
1 W=+IfDIn
1 W=+IlIrsAK
1 W=+KIrlIKInA
1 W=+KIrlIKInIn
1 W=+KrIlArI
1 W=+lADDIm
1 W=+yICInIn
1 W=+zlIKlArInIn
1 W==Akan
1 W==Devrimci
1 W==Yoksulluk
1 W=+ClIsI
0 W=+AlACAKDIr
0 W=+CDIlAr
0 W=+CI'DAn
0 W=+sAsInDA
1 W=+ADICIsInIn
1 W=+AnmAKDADIr
1 W=+yIþlArI
1 W=+KCIlArI
0 W=+ADIKCI
0 W=+KsAn
0 W=+lACAKIz
0 W==alýcý
0 W=+AKDADIrlAr
0 W=+ABmAlI
1 W==Yapýlan
0 W==Gülen
0 W=+nmAz
1 W=+KIþ
1 W=+DIþ
1 W=+InKI
1 W=+mAKDA
1 W=+mAsInA
1 W=STFIRST W=+IKInI
1 W=UCFIRST W=+ADA
1 W=UCFIRST W=+DICI
1 W=+yACAK R1=+ArI
1 W=UCFIRST W=+B
0 W=UCFIRST L2=+ADvAKIlI
0 W=+AKAsInDA
0 W=+ArDIlIlAr
0 W=+ArIKAlIlAr
0 W=+ArInlAmAsInA
0 W=+ArþIlAþmAyI
0 W=+AslAnDI
0 W=+CIKlIKA
0 W=+ClIKI
0 W=+DAKlIKlArA
0 W=+IKrInI
0 W=+ImlIlArIn
0 W=+InsInDAn
0 W=+IrIlA
0 W=+IrIlIþlArlA
0 W=+nInDAn
0 W=+oKlAmA
0 W=+yAnDI
0 W=+ylArInI
0 W=+önAmA
0 W=+þIlIKlAr
0 W=+þlArlIK
0 W=+þmAm
0 W==Görüþmede
0 W==alanlarý
0 W==bakana
0 W==deðilmiþ
0 W==eleþtiriyor
0 W==eyleme
0 W==kanalý
0 W==kuruþ
0 W==mahkemesi
0 W==peþini
0 W==savcýlara
0 W==tutucu
0 W==yatýlý
0 W==yýlan
0 W==Çeçenler
0 W==öncülüðünü
0 W=~savcýlýk
0 W=~serginin
0 W=~sürücülerin
0 W=~özellik
1 W=+AhDAKArlAr
1 W=+AmAzsAK
1 W=+AnIþlAr
1 W=+AnzArlArInIn
1 W=+AsIlArI
1 W=+AsIzCA
1 W=+AyIBlArI
1 W=+CIKCAsI
1 W=+DAyDIm
1 W=+DIKACIlArI
1 W=+DIKIylA
1 W=+DIrAfCIsI
1 W=+DIrAlI
1 W=+DIþIylA
1 W=+IKArlArInDAn
1 W=+IKIþlAr
1 W=+IlAnI
1 W=+IlIrlArsA
1 W=+IlmAmAlI
1 W=+ImArlIK
1 W=+KIrlIKlArI
1 W=+mAmIn
1 W=+nAKlIK
1 W=+nDArlIKInDA
1 W=+oDACI
1 W=+rDDIK
1 W=+zKIrCA
1 W==Faili
1 W==aydýnlar
1 W==binin
1 W==olanýn
1 W==tanýtan
1 W==yokmuþ
1 W==Þarkýcý
1 W=~binde
1 W=~timci
0 W=+ABDI
0 W=+KsI
0 W=+vlIlIKI
0 W=+þlIKDA
0 W==Çoðu
0 W=+ABADmAyA
0 W=+AzAnACAK
0 W=+AþmAsIylA
0 W=+IlAmAlArA
0 W=+IlAmAsInA
0 W=+nAnmIþ
0 W=+yKIlAmAnIn
0 W=+yKIlAmAsInIn
0 W=+önACAK
1 W=+IKArACAK
1 W=+InlIKIylA
0 W=+AKIlI
0 W=+ArsIDAlI
0 W=+CAlArInI
0 W=+orImAsI
0 W=+oymIþ
0 W=~bulacak
0 W=~yaðma
1 W=+AmIzIn
1 W=+DIrmAlI
1 W=+IyormIþ
0 W=+AvInmAnIn
1 L1==faili
1 W=+ADIn
1 W=+ACAKsA
1 W=+yIyAn
0 W=+IDDIKCA
0 W=+IrlIKIn
1 W=+lADmIþ
1 W=+KImIzIn
1 W=+mCIlArI
0 W=+ArDImCIlArI
0 W==Ünlü
1 W=+IlIKlA
1 W=+zKIrlIK
0 W=+rmAz
1 W=+DIrmAz
1 W=+IrAlIK
1 W=+ADCI
0 W==Sanatçý
1 W=+rIlAn
1 W=~olan
1 W=+sA W=APOS1
1 W=STFIRST W=+yDI
0 W=+DACAK R1==ve
0 W=+mADIK R1=+I
1 W=+rImA L1=+InI
1 W=UCFIRST W=+lIlArA
1 W=UCFIRST W=+sInIz
1 W==geçen L1=+ADAn
1 W=UPPER W=+Iyor
1 W==ilgili R1=+ArDA
1 W=STFIRST W=+ylA
0 W=UCFIRST L1=+IsI
0 W=UCFIRST W=+DIr R2=+A
0 W=+ACmIþDIr
0 W=+ADAnDAþlIKInDAn
0 W=+AKDAyIz
0 W=+AKDIlAr
0 W=+AKlArDA
0 W=+AKlIyA
0 W=+AlIKlArlA
0 W=+AlIþmIþlIK
0 W=+AmIlA
0 W=+AmsIlCIlIKI
0 W=+AnAlIK
0 W=+AnIzCIlIK
0 W=+ArADmIþDIr
0 W=+ArIhInI
0 W=+ArIþInIn
0 W=+ArKIlArIn
0 W=+ArlArDI
0 W=+ArlArlA
0 W=+ArþIlAþIyor
0 W=+AsAsInDAn
0 W=+AylAþDI
0 W=+AzAnIr
0 W=+AzIrlIKlAr
0 W=+AþIyorlAr
0 W=+CIKlA
0 W=+CIKlArIn
0 W=+ClA
0 W=+DAKA
0 W=+DAKlIKlArI
0 W=+DAKlIKlArIn
0 W=+DAlArInI
0 W=+DIþDI
0 W=+DKInIn
0 W=+IlInIyorlAr
0 W=+IlIþlArDA
0 W=+IllAnIr
0 W=+IrIlIþlArA
0 W=+IyrIKlArI
0 W=+KArAsI
0 W=+KmAlIDIr
0 W=+nlAyIþInI
0 W=+olIKI
0 W=+osyolojIK
0 W=+ozDI
0 W=+ozIKlIKI
0 W=+rAþDI
0 W=+rIþmAsInA
0 W=+sDlAnACAK
0 W=+sDlAnmIþ
0 W=+yAlArInI
0 W=+yKIlAmAlAr
0 W=+özlIK
0 W==Diler
0 W==alaylý
0 W==anlaþtý
0 W==arýnmýþ
0 W==attýlar
0 W==aza
0 W==aþamadan
0 W==aþaðýda
0 W==bindi
0 W==birleþiyor
0 W==deneyim
0 W==diken
0 W==doðulu
0 W==düze
0 W==esen
0 W==gelecekten
0 W==gezdi
0 W==ilgileniyor
0 W==iþçilerle
0 W==iþçiyi
0 W==kararnamesi
0 W==kuruluþunu
0 W==köylü
0 W==nedenler
0 W==oluruz
0 W==oturmuþ
0 W==planlarý
0 W==sahipliði
0 W==sýðýndý
0 W==tabana
0 W==telsiz
0 W==yakýný
0 W==yanlý
0 W==yaramadý
0 W==yaramaz
0 W==yargýcý
0 W==yetindi
0 W==öteye
0 W==özlü
0 W=~düdükleri
0 W=~ezeli
0 W=~planlar
0 W=~tekeli
0 W=~çakmak
0 W=~ödemeler
1 W=+ABIlIrsIn
1 W=+ADsA
1 W=+AImlAr
1 W=+AlAnCI
1 W=+AnIþlArInI
1 W=+AnlIlArInDAn
1 W=+AsDACI
1 W=+AvlIsInIn
1 W=+AzIrIm
1 W=+AþKAsI
1 W=+AþlIsI
1 W=+AþörDIlI
1 W=+BolCIlArInIn
1 W=+CIKlArInDA
1 W=+CIlArImIzI
1 W=+DAnI
1 W=+DIKACInIn
1 W=+DIrDInIz
1 W=+DIþlArInI
1 W=+IKArIr
1 W=+IlIrmIþ
1 W=+IlyArI
1 W=+IlyArlAr
1 W=+IlyonIn
1 W=+ImDAlAr
1 W=+IrICIlArInDAn
1 W=+IyAhlArIn
1 W=+IzlAn
1 W=+IþlIKI
1 W=+KIrlIKIn
1 W=+KlAnsIn
1 W=+lICIsI
1 W=+lIlIKInDA
1 W=+mAzDAn
1 W=+nAnI
1 W=+nDIrmAlIyIz
1 W=+yAnI
1 W=+yDInIn
1 W=+özDAsI
1 W==Bayýndýrlýk
1 W==D
1 W==Gelen
1 W==Topçu
1 W==abartýlý
1 W==açýklarýnýn
1 W==bilinmektedir
1 W==sakinleri
1 W=~bilinmez
1 L2==Ay
0 W=+ACmIþDI
0 W=+ADIrDIK
0 W=+ADIrIr
0 W=+AKlIKDA
0 W=+AKlIKInA
0 W=+AmAnlArIn
0 W=+KAnlArA
0 W=+lAmAlIDIr
0 W=+yKIlAmAlArI
0 W==iþleme
0 W==kurtulur
0 W==sunacak
1 W=+AmAmIþlAr
1 W=+mAyAlIm
0 W=+ArInIzI
0 W=+lIKCA
0 W=+þInIz
0 W==anlaþmasýna
1 W=+IyorsIn
0 W=+CInIz
0 W=+mAnA
0 W=+fAnDI
0 W=+DlIyA
1 W=+lAnDIm
0 W=+zCI
1 W=+ADCIyA
0 W==kalma
1 W=+slIK
0 W=+DrAsI
1 W=+lAnDIlAr
0 W=+IllAnDIlAr
0 W=+ADIrACAK
1 W=+AmIzA
1 W=+IzlIKA
0 W=+yIm R1==ki
1 R1=+DB W=+An
1 W=+ACI R1==bir
1 W=+rI W=UPPER1
1 W=+rImA L2=+Al
1 W=+yACAK R1=+ArIn
1 W=+þmAlI R1=<S>
1 W==ilgili L1=+IrlIK'lA
1 W==ilgili L2==Susurluk
1 W=UPPER W=+ADI
1 W=UPPER W=+IlDI
0 W=+mA L1==ne
0 W=+AlI L1==-
1 W=+ABACAK R1=+An
0 W=+DACAK R2==,
1 W=UCFIRST W=+ylA
0 W=+IlArDAn R1=+n
1 W==sürecek R1=LOWER
1 W=UCFIRST W=+IKIm
1 W=STFIRST W=+rlI
0 W=~özürlü
0 W==Yerli
0 W=+ABAnCAyI
0 W=+ADACIlArDAn
0 W=+ADACIlIKI
0 W=+AKlAmAz
0 W=+AlIKCI
0 W=+AlIKlArA
0 W=+AlImIz
0 W=+AlInIz
0 W=+AmsIlCIlIK
0 W=+AnAmAlAr
0 W=+AnIþmAnIn
0 W=+ArADACAKIz
0 W=+ArADmADI
0 W=+ArþIlAþmAsI
0 W=+ArþIlAþmAsInDA
0 W=+ArþIlIKlArI
0 W=+ArþImA
0 W=+AsDAn
0 W=+AsIKAlI
0 W=+AslAnIyorDI
0 W=+AvCIlIKDAn
0 W=+AvIrDI
0 W=+AvrAsInA
0 W=+AyIrCIlAr
0 W=+AyIrCIlArIn
0 W=+AyKInIn
0 W=+AzDIlAr
0 W=+AzIrlIKInI
0 W=+AþIyorIz
0 W=+BAyIm
0 W=+CIK'DA
0 W=+CInIzI
0 W=+ClIKDAn
0 W=+CrADlI
0 W=+DAKlIKDAn
0 W=+DAlIKA
0 W=+DIlArDAn
0 W=+Ds'lI
0 W=+IDArlIKInI
0 W=+IlADAn
0 W=+IlAmAlArInI
0 W=+IlAmAylA
0 W=+ImAz
0 W=+InDIlArIn
0 W=+InIysA
0 W=+IrAnIyor
0 W=+IrIlInDAn
0 W=+IyIr
0 W=+KrAnACAK
0 W=+fAnsA
0 W=+lCIlIKDAn
0 W=+nlAmAz
0 W=+nlAyIþInIn
0 W=+oDAlI
0 W=+rIþDAn
0 W=+rIþmAlArDAn
0 W=+rIþmAlArInIn
0 W=+rKAnDAn
0 W=+yKIlAmAlArIn
0 W=+ymAz
0 W=+zCIKI
0 W=+zCIKInIn
0 W=+önmIþ
0 W=+özlAþmAyA
0 W=+þIlIKIn
0 W=+þlIKInA
0 W=+þmAlIDIr
0 W==Coþan
0 W==Karþýsýnda
0 W==acýlar
0 W==alacaksýnýz
0 W==alandan
0 W==ataðý
0 W==aþamaya
0 W==baðlarýný
0 W==baðýrdý
0 W==bilimci
0 W==birlikler
0 W==deyiþi
0 W==durur
0 W==dýþarýdan
0 W==erkini
0 W==etmelidir
0 W==evliliðe
0 W==ferdi
0 W==geleceðinden
0 W==geçmez
0 W==geçmiþi
0 W==geçmiþten
0 W==güldü
0 W==hýrsýz
0 W==itici
0 W==iþçilik
0 W==kalanlarýn
0 W==karadan
0 W==kazan
0 W==misli
0 W==omuz
0 W==orasý
0 W==ortalamasýnýn
0 W==pazarlýkta
0 W==sarýklý
0 W==seyirciyi
0 W==sicili
0 W==temasý
0 W==tuzlu
0 W==yaðdý
0 W==yöneticilere
0 W==yýllýðýna
0 W==ödemelerde
0 W==öteden
0 W==özellikler
0 W==ünlülerin
0 W==üstlendi
0 W=~acýlarýn
0 W=~alanlarýn
0 W=~emekliler
0 W=~mutsuz
0 W=~paralý
0 W=~savcýlýðý
0 W=~savcýlýðýn
0 W=~sularýn
0 W=~takma
0 W=~yemekte
1 L1=+IyAmADI
1 L1=+sAsDAn
1 L1==Fortuna
1 W=+'mIþ
1 W=+ADArInIn
1 W=+ADCIlArInDAn
1 W=+AKCInIn
1 W=+AKDAþIlIK
1 W=+AKImlIsI
1 W=+AhKImlArIn
1 W=+AlIrDAlIm
1 W=+AmAzDIK
1 W=+AmAzDIm
1 W=+AmCIsI
1 W=+AmnInIz
1 W=+AnKInlAr
1 W=+AnlInIn
1 W=+AnlIsInIn
1 W=+AnzArlIKlArI
1 W=+ArIKAlAr
1 W=+AyICIlArIylA
1 W=+AzlACA
1 W=+AþKAlArInI
1 W=+AþKAsInIn
1 W=+BolCIlArInI
1 W=+CIlArIm
1 W=+CIllI
1 W=+DAnDIK
1 W=+DIKACIlArImIz
1 W=+DIlsA
1 W=+DInInI
1 W=+DInlArIn
1 W=+DIþlAr
1 W=+DIþlArInDA
1 W=+ICAlArI
1 W=+IDIn
1 W=+IKArInA
1 W=+IfDInIn
1 W=+IlIrDIK
1 W=+IlmAmAKDADIr
1 W=+IlsAlAr
1 W=+IlyonDA
1 W=+IlyonlArIn
1 W=+InCIlArInIn
1 W=+InDAsIn
1 W=+InsICA
1 W=+IrIþA
1 W=+IzlIKIylA
1 W=+IþIþIn
1 W=+KICA
1 W=+KInCI'nIn
1 W=+KIþInA
1 W=+lAlArI
1 W=+lAnmAz
1 W=+msIzCA
1 W=+nCDI
1 W=+rADICIlArInDAn
1 W=+rADICIlArInIn
1 W=+rAKlIK
1 W=+rAyIþlAr
1 W=+rlIlArI
1 W=+sAllArIn
1 W=+yACI
1 W=+yKArlIKI
1 W=+ynIsI
1 W=+öDIsI
1 W=+þDIrmAKDADIr
1 W==Açýlýþ
1 W==Hukukçu
1 W==atýklar
1 W==diðerlerinin
1 W==edecekler
1 W==futbolcularýyla
1 W==gerisi
1 W==kayýplar
1 W==sakinlerinin
1 W==zanlýlarý
1 W==zoru
1 W=~diðerlerini
0 W=+DInACAK
0 W=+KIlIyA
0 W==Yeniþen
1 L1=+AyADlA
1 L1==Þam
0 W=+AKlIKInI
0 W=+ArþIlAþmA
0 W=+AþACAKIz
0 W=+AþmAlArInIn
0 W=+AþvIrACAK
0 W=+IllAnACAK
0 W=+InAnlI
0 W=+mACIlAr
0 W=+zInIz
0 W=+örACAK
0 W==bulunur
0 W==masalý
0 W==yetecek
0 W==Ýnceleme
1 W=+AmCIlArA
1 W=+DIKlArImIzI
1 W=+IKsA
1 W=+lIlI
1 W=+örlIKI
0 W=+sACAK
1 W=+onlIKI
0 W=+AlACAKInA
0 W=+DInmIþ
0 W=+lIlIKlArIn
0 W==yükleme
1 W=+KlIKInDA
1 W=+nACAKlAr
0 W=+BmAz
1 W=+AnmAsIn
0 W==görme
1 L1=+lAyACAKInI
1 W=~onca
0 W=+ACAKlArDI
1 W=+þAnI
0 W=+AlIþAnI
0 L1=~nema
1 W=+IlyArlIK
0 W==verici
1 L1=~güven
1 W=+ImlIlIK
1 W=+CIþ
1 W=+yonlIK
1 W=+lAyIB
1 W=~gerekli
1 W=+IrKAn
1 W=+DIKInI
0 W=+KInIz R1==yok
0 W=+lIKlAr R2=+mA
1 W=+IþACAK R1=+An
1 W=+yACAK L1=+nmAsInI
1 W=+þCI R1==bir
1 W==verici L1=+ID
1 W=STFIRST W=+IyIz
1 W=UCFIRST W=+AnlArA
1 W=UCFIRST W=+IlDI
1 W=UCFIRST W=+olCI
1 W=~geleceði R1=+IlDI
1 W==geçen R1==ve
1 W=+CACAK L1=+l
1 W=+CImIz L1=+nI
1 W=+InIr R1==,
1 W=+mAlArI L1=<S>
1 W=STFIRST W=+AsInI
1 W=STFIRST W=+Iyor
1 W=UCFIRST W=+IKlIK
0 W==sürecek L1=+In
0 W=+DIrlAr L2=+I
0 W=+nmIþ L1=+InI
1 W=+ADIrACAK R1=LOWER
1 W=+mA R2=+lAmA
1 W=+yACAK R1=+DA
0 W=+yACAK R1=+DA L1=+ArI
0 L1=+KIþAr
0 L1=+zlAmI
0 L1==nemalarý
0 L2=+AþImIzA
0 L2==tiz
0 R1=+IþKAnlIKInDAn
0 R1==gezdi
0 W=+'mIz
0 W=+AADCI
0 W=+ABAnCIlArA
0 W=+ABAnCIlArDAn
0 W=+ABAsInDA
0 W=+ABIrCI
0 W=+ABKInIn
0 W=+ABmADIK
0 W=+ADACIlIKIn
0 W=+ADAKInA
0 W=+ADAmAsI
0 W=+ADlICAn
0 W=+ADroCI
0 W=+AKAnlArDAn
0 W=+AKAnlIKDAn
0 W=+AKAnlIKlAr
0 W=+AKIlIK
0 W=+AfArBArlIK
0 W=+AhrAmAnlArDAn
0 W=+AlABAlIKA
0 W=+AlDIrmIþ
0 W=+AlIKCIlIK
0 W=+AmAnsIz
0 W=+AmsIlCIlArIn
0 W=+AnDIKlArIn
0 W=+AnDIrICIlIK
0 W=+AnDrAlI
0 W=+AnIrsInIz
0 W=+AnsAlArDI
0 W=+ArAKDI
0 W=+ArIþmAsInIn
0 W=+ArolIþ
0 W=+ArþIlAþIyorsInIz
0 W=+AsDAlIKIn
0 W=+AsDAlIKInIn
0 W=+AvCIyI
0 W=+AvIlAr
0 W=+AvrIlI
0 W=+AyAnIþmAsI
0 W=+AyAnIþmAyA
0 W=+AyAnmIþ
0 W=+AyIDsIz
0 W=+AylAþIyor
0 W=+AzArlIKlAr
0 W=+AzAsInA
0 W=+AþlIKImIz
0 W=+AþvIrIr
0 W=+B'yA
0 W=+B'yI
0 W=+BADDAKI
0 W=+BlIKInI
0 W=+BrAKlArInI
0 W=+CAlIKlArI
0 W=+CArAsI
0 W=+CIKlIKImIzDA
0 W=+DAKDA
0 W=+DAKlArInI
0 W=+DICInDAKI
0 W=+DImIz
0 W=+DlIKImIz
0 W=+IAnlArI
0 W=+IKArIDAn
0 W=+IKmAzI
0 W=+IlInsA
0 W=+IllAnIyorIz
0 W=+IllAnmIþDI
0 W=+IllIyADCIlIKIn
0 W=+InICIlArIn
0 W=+InIrsAn
0 W=+IrAsInA
0 W=+IrDIlACAK
0 W=+IrDIlmAlI
0 W=+IrlAþACAK
0 W=+IrlAþDI
0 W=+IþInDI
0 W=+KArlIKlA
0 W=+mAKlArInI
0 W=+mAKlIlArIn
0 W=+mAnlIlAr
0 W=+nAnmA
0 W=+nIKlArIn
0 W=+nlAmADIK
0 W=+nlAyIþInDAn
0 W=+oK
0 W=+oKADlI
0 W=+orImlIlAr
0 W=+osDlIKlAr
0 W=+oyACAKIz
0 W=+ozIKlIK
0 W=+oþlIKlAr
0 W=+rAþDIrIyorIz
0 W=+rIþmAlArInA
0 W=+sDAlIKInI
0 W=+sDAmAm
0 W=+sKIyA
0 W=+vlIlIKDAn
0 W=+ylAmAzlAr
0 W=+zAsInI
0 W=+zCIKIn
0 W=+zCIKlArA
0 W=+zIlAr
0 W=+zImIz
0 W=+öDIrmIþ
0 W=+öylAmA
0 W=+öylIlArA
0 W=+öylIlArIn
0 W=+özlAþmAsInI
0 W=+þlIKlArInDAn
0 W=="
0 W==Halkalý
0 W==Mama
0 W==Saraylý
0 W==Yalanlar
0 W==aktý
0 W==alacaktýr
0 W==alanlardan
0 W==anlaþmasýndan
0 W==aslan
0 W==açacaðýz
0 W==baðlama
0 W==bendi
0 W==bilirler
0 W==birliðini
0 W==dememiþ
0 W==deniyordu
0 W==deðilsin
0 W==diþli
0 W==duydu
0 W==erdi
0 W==evlendi
0 W==gazeteciye
0 W==haddi
0 W==idaresi
0 W==ilettik
0 W==iniþ
0 W==içli
0 W==içtenlikle
0 W==iþçilere
0 W==kalanlar
0 W==kalanlara
0 W==karýnca
0 W==kattý
0 W==kýlýcý
0 W==kýrdý
0 W==neresi
0 W==olursanýz
0 W==oranlar
0 W==oranlarýn
0 W==oturur
0 W==otuz
0 W==satýcý
0 W==savcýsýna
0 W==söylemez
0 W==tanýr
0 W==teke
0 W==trendi
0 W==ulan
0 W==valilik
0 W==vereyim
0 W==vurur
0 W==yabancýya
0 W==yanmýþ
0 W==yarýþ
0 W==yarýþta
0 W==yarýþýný
0 W==yeniyor
0 W==yüzümüzü
0 W==zanlý
0 W==zorlama
0 W==çevirmenin
0 W==çoðunu
0 W==çýðlýklar
0 W==ödemelerin
0 W==ölür
0 W==öncü
0 W==üzerini
0 W=~aðacý
0 W=~dilsiz
0 W=~elçilik
0 W=~eþsiz
0 W=~gönlü
0 W=~köylüler
0 W=~yaðmaya
1 L2=+þmIþlAr
1 R1=+yABIlmAsI
1 W=+ABADmIþ
1 W=+ABIlmAlIyIz
1 W=+ABIlsAK
1 W=+ACIrACAKlAr
1 W=+ADAllI
1 W=+ADArlIKI
1 W=+ADCIylA
1 W=+ADIKlArImDAn
1 W=+AIlIn
1 W=+AKIþIKlIKIylA
1 W=+AKlArDAsIn
1 W=+AKlAþmAz
1 W=+AfIKlArImIz
1 W=+AlAnIrlAr
1 W=+AlAþmIþ
1 W=+AlDIn
1 W=+AlIþA
1 W=+AlIþmAlArImIzI
1 W=+AmAsAlAr
1 W=+AmmAlDI
1 W=+AmnInIm
1 W=+AnACI
1 W=+AnAnIn
1 W=+AnAyIlAþmIþ
1 W=+AnIlIrlIKI
1 W=+AnIþInDA
1 W=+AnIþlArInA
1 W=+AnzArlArI
1 W=+ArAKAnI
1 W=+ArAnIn
1 W=+ArBAsDCA
1 W=+ArCAKlAþIr
1 W=+ArDmIþlAr
1 W=+AssIzCA
1 W=+AvArlArIn
1 W=+AvlIsIylA
1 W=+AyIþlArIn
1 W=+AzCI
1 W=+AzlAsInIn
1 W=+BArDAn
1 W=+BIrI
1 W=+BIrInA
1 W=+CAKInDA
1 W=+CAsInIn
1 W=+DInlArI
1 W=+DIrDIn
1 W=+DIrIyorDIK
1 W=+IDInI
1 W=+IKArInDAn
1 W=+IKArInIn
1 W=+IKIþlArInI
1 W=+IlAlIm
1 W=+IlInClIK
1 W=+IlIsInIz
1 W=+IllArlAr
1 W=+ImAnIm
1 W=+InAysA
1 W=+IrDmIþ
1 W=+IrIþIylA
1 W=+IvArDIK
1 W=+IyIKlAr
1 W=+IyIKlArImIz
1 W=+IzAlDI
1 W=+IzmIþ
1 W=+IþKAnlIK
1 W=+KIrlIKlArInIn
1 W=+KIsIzCA
1 W=+KIþA
1 W=+KsAKlIK
1 W=+hlIsI
1 W=+lAKlIK
1 W=+lDIrACAKIm
1 W=+mAKsA
1 W=+mþIlIK
1 W=+nIKlAr
1 W=+nIþA
1 W=+nKAnlIKA
1 W=+nlAþIr
1 W=+nlIKImDAn
1 W=+nrAlArI
1 W=+nrAsInIn
1 W=+oCAlIK
1 W=+rDIrIm
1 W=+rImCIsI
1 W=+rKAnlIK
1 W=+sArlIKI
1 W=+zKInIm
1 W=+zKIrlIKIylA
1 W==Den
1 W==Emeklilik
1 W==Iraklý
1 W==Kredili
1 W==Seçici
1 W==Varsýn
1 W==X
1 W==Yazýcý
1 W==buluþlar
1 W==delisi
1 W==destekçisi
1 W==rahatým
1 W==saðýrlar
1 W==sýralý
1 W==uzlaþmacý
1 W==zorluðu
1 W==Ölen
1 W==Üçü
1 W==Ýnsanlýk
1 W==Ýþleten
1 W==çürüme
1 W==ürettim
1 W=~hoþuna
1 W=~yazarlýðý
1 W=~üçünün
0 L1==vize
0 W=+IþImIzI
0 W=+nImIzDA
0 W=+nImIzI
1 L1==kendin
1 W=+rKlIKI
1 W==yenisi
1 W==üretecek
0 W=+AnImA
0 W=+IAnlAr
0 W=+IDmAlI
0 W=+IþmADIK
0 W=+KIlIlArA
0 W=+oBArDI
0 W=+orImAlArI
0 W=+örmADIK
0 W=+özlIKI
0 W==bilmelidir
0 W==hükümlü
0 W==olmam
0 W=~duymuþ
0 W=~kutlu
0 W=~vurulacak
1 W=+ADAlAr
1 W=+ADAlIm
1 W=+DIrsA
1 W=+IKlArImIzIn
1 W=+IlIKlArDAn
1 W=+KIþlArI
1 W=+KlArImIzDAn
1 W=+rAnI
1 W==kaçakçýsý
0 W=+ArmAlIDIr
0 W==vuracak
1 L1=+IrmAylA
1 W=+DIrIrlAr
0 L1==deli
0 W=+IrlIKlA
1 W=+lIDAn
1 R1=+AnzIyor
1 W=+IDACAKIm
1 W=+IlArCA
1 W=+KlAþmIþ
0 W==yaklaþmýþ
1 W=+onCI
1 L2=+sDAmInI
1 W==iyisi
1 L2=~0000'li
1 W=+InCIyA
1 L1==iþine
1 W=+IlmAKDAn
1 R1=+rAlArIn
1 W=+InDIlI
1 W=+AnIlmAz
1 W=~kalýcý
1 W=+olArlIK
1 R1=+ArAKAn
1 W=+IrIB
0 W=+AKI L1==Kredi
0 W=+AnlArDAn L1=<S>
0 W=+DACAK L2=+AyI
0 W=+IKlArI R1=+InCA
0 W=+IrDIm L1=+ArI
0 W=+mA L1=+ArKIDAy'In
0 W=+nIrsA L1=+nA
0 W==ilgili L2=+AmAsI
0 W=~onca R2==,
0 W=~yüzde R1=+AC
0 W=~yüzde R1=UPPER2
1 W=+Ar L1==ay
1 W=+Ar R1=+AyIsI
1 W=+DInIz L1=+InDA
1 W=+DInIz L2=+InA
1 W=+IKCA L2=+ArInDA
1 W=+KACAK R1=+ArIn
1 W=+mIþ L2=+yAsInDA
1 W=+nDIlAr L1=STFIRST
1 W=+rImIz L2=+Iþ
1 W=+rImIz R2=+AKI
1 W=+yACAK L1=+olI
1 W=+yKIlAmA L2=+KlI
1 W=+yKIlAmAyA L1=+InI
1 W=+þAmA R1=+InIn
1 W==alacak L2=+AnCA
1 W==geçen L1=+mI
1 W==girecek R1=+n
1 W==ilgili L1=+I
1 W==ilgili R1=+AþDIrIlArInA
1 W==ilgili R1=+DIKInI
1 W==yazýlý L1=+InKI
1 W==yazýlý L2=+AsI
1 W=STFIRST W=+KlArA
1 W=UCFIRST L2=+onIsI
1 W=UCFIRST W=+AlInIn
1 W=UCFIRST W=+KInDAn
1 W=UCFIRST W=+lAnA
1 W=UPPER W=+AnACAK
1 W=UPPER W=+IrDI
0 W=+DACAK R2==.
0 W=+yIm L2=="
1 W=+DACAK L1=+'I
1 W=+IylA L2=+AnI
1 W=+mIþ L1=+0'A
1 W=+mIþ L2=+Is
1 W=+zDAn L1=+lAn
1 W==ilgili R1=+mlAr
1 W=STFIRST R1=+mlArIn
0 W=+AlI L2=+mAyA
1 W=+CACAK R1=+An
1 W=+IDDIKCA L1=+I
1 W=+IsInIz L1=+z
1 W=+KACAK R1==olan
1 W=+mIþ R1=+lAnlArIn
1 W==geçen L1=+AKADA
1 W==geçen L1=+InI
1 W==olacak R2=+K
1 W=STFIRST W=+IlArlA
1 W=STFIRST W=+KInA
1 W=+sA L1=+ImA
0 W==geçen R2==günü
1 W=+nlArDA L2=+I
1 W=+mIþ L2=UPPER1
1 W=UCFIRST R1=+IyorIm
1 W=UPPER W=+mAsI
1 W=+In R1=='
1 W=+yACAK R1=+ADAr
1 W=+mAlArI L2=+In
0 W=UCFIRST W=+B R2=+I
0 L1=+AlKlArIylA
0 L1=+ArþIDAKI
0 L1=+AþKAnCI
0 L1=+DAKlArImIzA
0 L1=+ormsIzlIKInIn
0 L1=+rImlArlA
0 L1==90'lara
0 L1==Aþýr
0 L1==Baþkalarýna
0 L1==Bebek
0 L1==delikleri
0 L1==sananlar
0 L1==takýmýnda
0 L2=+AhlIKADA
0 L2=+AnIsDAn'lA
0 L2=+AvAþlAr
0 L2=+Ch'In
0 L2=+ImlAr'I
0 L2=+InlArInIzI
0 L2==Asyalý
0 L2==Promosyon
0 L2==Rumen
0 L2==ÖDP'nin
0 R1=+-00.0
0 R1=+ABmAzlArsA
0 R1=+ADBolCI
0 R1=+AKIBAn
0 R1=+AlAþArAK
0 R1=+ArCADIKI
0 R1=+AsIrIylA
0 R1=+AssIzlIKInA
0 R1=+AssIzlIKInI
0 R1=+AyBADDIm
0 R1=+BArAyA
0 R1=+IKsAlACAKInI
0 R1==Maden
0 R1==saðlanmasýnýn
0 R1==öderler
0 R2=+AAvI'nA
0 R2=+AvAþACAK
0 R2=+DlAyArAK
0 R2==heyacanýný
0 W=+'nDAn
0 W=+ABADmAyI
0 W=+ABAnDAn
0 W=+ABArCIlArIn
0 W=+ABAsInA
0 W=+ABCIKDA
0 W=+ABCIlArIn
0 W=+ABKInIz
0 W=+ABmAlIDIr
0 W=+ABsAm
0 W=+ACAsInA
0 W=+ACIDAn
0 W=+ACInDI
0 W=+ACmAnDAn
0 W=+ACmIþInIn
0 W=+ADACIlIKA
0 W=+ADACIlIKInIn
0 W=+ADCIlIKlA
0 W=+ADIKCIlAr
0 W=+ADIrIrlAr
0 W=+ADKIlArIn
0 W=+ADKIlIlArCA
0 W=+ADolI
0 W=+ADroCIlAr
0 W=+ADvAKIllIKI
0 W=+AKAnlIKInCA
0 W=+AKAnlIKInIn
0 W=+AKAnlIKlArInDAn
0 W=+AKAsInA
0 W=+AKAsInI
0 W=+AKDAyIm
0 W=+AKIþIKlI
0 W=+AKKAKDIr
0 W=+AKlAmAlIyDI
0 W=+AKlAnDIlAr
0 W=+AKlIsInA
0 W=+AKlonojIlI
0 W=+AhrAmAnlArA
0 W=+AhrAmAnlArlA
0 W=+AhsI
0 W=+AlACAKsA
0 W=+AlACIyI
0 W=+AlCIlAr
0 W=+AlDIrACAKIz
0 W=+AlDIrmIyor
0 W=+AlDIrmIþDIr
0 W=+AlIKAnlIlArA
0 W=+AlIrDI
0 W=+AlKInmIþ
0 W=+AlmAlIDIr
0 W=+AlmAmAlIDIr
0 W=+AmfIKIrIz
0 W=+AmsAmAzlAr
0 W=+AmsIlCIlIKInI
0 W=+AmsIlCIlIKlArIn
0 W=+AnAmAsInIn
0 W=+AnCI'DA
0 W=+AnCIyI
0 W=+AnIlIKCI
0 W=+AnIrlIK
0 W=+AnlAmlI
0 W=+AnsIzCAyI
0 W=+AnsIzlIKlArInI
0 W=+AnzArAsI
0 W=+AnzImAsI
0 W=+ArADDIlAr
0 W=+ArADmIþDI
0 W=+ArAmA
0 W=+ArBIyAlI
0 W=+ArDImAnlAr
0 W=+ArDImCIsInA
0 W=+ArDImCIsInI
0 W=+ArDIrlI
0 W=+ArlIKlArIn
0 W=+ArþIlAþmAsInDAn
0 W=+AsABlI
0 W=+AsAnIz
0 W=+AsDAlIKDAn
0 W=+AsDIKIn
0 W=+AsDIKlArI
0 W=+AslAnIyorIz
0 W=+AsmInI
0 W=+AvAnA
0 W=+AvAþDI
0 W=+AvCIlIKDA
0 W=+AvIlArIn
0 W=+AvInCA
0 W=+AvInDI
0 W=+AvInmIþ
0 W=+AvmAz
0 W=+AvrAsInI
0 W=+AyAnIyorDI
0 W=+AyBolIr
0 W=+AyIBsIz
0 W=+AyIlmA
0 W=+AyImIz
0 W=+AyIrCIlArA
0 W=+AyIþImIz
0 W=+AymAnCIlIK
0 W=+AynICIlIK
0 W=+AzIrlA
0 W=+AzlAnA
0 W=+AþAmAyACAK
0 W=+AþDIrIyorIm
0 W=+AþKAnlIKInIn
0 W=+AþlAmAz
0 W=+AþmAlArlA
0 W=+BInIz
0 W=+BlIlIKInI
0 W=+BlIlIKInIn
0 W=+CAlIKIn
0 W=+CArDI
0 W=+DADörlIK
0 W=+DAKlIKlArDA
0 W=+DAmI
0 W=+DArlIKI'nDAKI
0 W=+DAylIK
0 W=+DAylIKInIn
0 W=+DInIr
0 W=+DlAn
0 W=+DlArA
0 W=+DmAmAKDA
0 W=+DorAsI
0 W=+DrIþ'DAKI
0 W=+IClIKlArI
0 W=+IDAlAnDI
0 W=+IDIKlArInIn
0 W=+IDlIlAr
0 W=+IKIlAmAz
0 W=+IKmAzDI
0 W=+IfDCIlAr
0 W=+IfDCIlArIn
0 W=+IhIz
0 W=+IlADIn
0 W=+IlAmAlArDAn
0 W=+IlAmAlArInDA
0 W=+IlAmAsInDA
0 W=+IlKInCA
0 W=+IllAnACAKIz
0 W=+IllAnIyorDI
0 W=+IllAnmIyor
0 W=+IllIyADCIlIKInA
0 W=+IlllIlAr
0 W=+InACAKDI
0 W=+InArAsI
0 W=+InAyIm
0 W=+InCAsInA
0 W=+InIrDIm
0 W=+InlIyorDI
0 W=+IrAsInDA
0 W=+IrICIyI
0 W=+IrlIKCI
0 W=+IsmAz
0 W=+IvAnlIKImIz
0 W=+IvAnlIKInA
0 W=+IvvACIlAr
0 W=+IyIDDI
0 W=+IyIrIyor
0 W=+IyrIlIr
0 W=+IzAnlA
0 W=+IzImA
0 W=+IzlArlA
0 W=+IþAKlArInI
0 W=+IþAnlIsI
0 W=+IþIlIKA
0 W=+IþInIrDI
0 W=+IþInIzI
0 W=+IþIrsInIz
0 W=+IþIþlArI'nDAKI
0 W=+IþKInIn
0 W=+IþlIlAr
0 W=+IþsInIzDIr
0 W=+KDArmAlI
0 W=+KsADmADI
0 W=+fyAlIlAr
0 W=+hAmA
0 W=+lABIlDIKInA
0 W=+lADIlAr
0 W=+lADlIK
0 W=+lAyCI
0 W=+lAyI
0 W=+lAþDIrmIþDI
0 W=+lCIlIKDA
0 W=+loslIKImIzA
0 W=+mAnADCI
0 W=+nAnmAm
0 W=+nAsInDAn
0 W=+nCAlIKInI
0 W=+nImlIK
0 W=+nlAþmAlArIn
0 W=+nlAþmAmIz
0 W=+nlAþmAylA
0 W=+nmAyIz
0 W=+oInDI
0 W=+oKlAmAsI
0 W=+olAnDI
0 W=+olDIKlArInI
0 W=+onIKlArI
0 W=+orICIlArIn
0 W=+orImAnIn
0 W=+orKInlIKA
0 W=+osDlIKIn
0 W=+ovDI
0 W=+oyDIlAr
0 W=+oþlAnIyor
0 W=+oþlAnmIyor
0 W=+oþlIKDAn
0 W=+oþlIKInIn
0 W=+rAlIKsIz
0 W=+rAnsA
0 W=+rAþDIrDI
0 W=+rIKlArInI
0 W=+rIþmAlArInDA
0 W=+rmAmIþDIr
0 W=+sAKlArInI
0 W=+sArInI
0 W=+sDlAnmIþDI
0 W=+sInmIþ
0 W=+sKArlIKDAn
0 W=+sKArlIKInI
0 W=+slIKInA
0 W=+vlAnACAKDI
0 W=+vlAnDIm
0 W=+vlIlIKIn
0 W=+vlIlIKlAr
0 W=+vlIlIKlArInI
0 W=+yAKlAnDI
0 W=+ylIlArlA
0 W=+zCIKInI
0 W=+zInlIKI
0 W=+zlAmAz
0 W=+zlAþmAlArDA
0 W=+zlAþmAlArInDA
0 W=+zmAz
0 W=+öBlIKI
0 W=+öDIrmAz
0 W=+önADmAnIn
0 W=+örInsA
0 W=+örlI
0 W=+özlIKDA
0 W=+öþAmAlAr
0 W=+þAKIlArA
0 W=+þCIlArDAn
0 W=+þIlIKInIn
0 W=+þlADmAnIn
0 W==Baðcýlar
0 W==Eleme
0 W==Hayýrlý
0 W==Haçlý
0 W==Kýbrýs'daki
0 W==Sakalý
0 W==York'daki
0 W==acýlara
0 W==acýyý
0 W==akmalý
0 W==ala
0 W==alaya
0 W==anandan
0 W==anlaþmýþ
0 W==aramaz
0 W==asýlý
0 W==atmam
0 W==ayan
0 W==ayrýlýk
0 W==aðýz
0 W==aþamasý
0 W==aþýlamaz
0 W==bakanla
0 W==batýlý
0 W==baðlýlýk
0 W==baðlýlýðýný
0 W==baþlýkla
0 W==beyim
0 W==bildik
0 W==bilmez
0 W==birleþmesi
0 W==boþluða
0 W==bulanýyor
0 W==bulmaz
0 W==bulunursa
0 W==dayanýklý
0 W==daðýlmýþ
0 W==dikti
0 W==dinleniyor
0 W==ekti
0 W==eleþtirmeli
0 W==formasý
0 W==gerici
0 W==giyeceði
0 W==giymiþ
0 W==güvenlikle
0 W==iletmiþ
0 W==ilgilendi
0 W==ilgilenmiyor
0 W==istersen
0 W==karasý
0 W==katlanýr
0 W==katletmiþ
0 W==kaymýþ
0 W==kazma
0 W==kurdular
0 W==kurtulmuþ
0 W==kýldý
0 W==kýlmaktadýr
0 W==latife
0 W==müdürlük
0 W==okkalý
0 W==oyan
0 W==paralýk
0 W==sakýz
0 W==sandýklarýndan
0 W==satýcýsý
0 W==saðlýða
0 W==saðlýðýndan
0 W==silik
0 W==sinemasý
0 W==sürmesinde
0 W==sürücülere
0 W==taktý
0 W==taþtý
0 W==tutacaðýný
0 W==týkalý
0 W==uçucu
0 W==yalana
0 W==yandýðýný
0 W==yanlýþýný
0 W==yaramýyor
0 W==yaran
0 W==yattý
0 W==yelken
0 W==yemekten
0 W==yukarýya
0 W==çekeceði
0 W==çizmeyi
0 W==ölümlü
0 W==ünlüler
0 W==ünlüsü
0 W==üstleniyor
0 W==þansa
0 W==þenlik
0 W==þenliklerle
0 W==þikayetci
0 W==þiþirme
0 W=~adanalý
0 W=~atamanýn
0 W=~atýcýlýk
0 W=~güldüm
0 W=~havalý
0 W=~yalanlarý
0 W=~yalanlarýn
1 L1=+0'lA
1 L1=+ACAnIsDAn'lA
1 L1=+ACIrIlmAsIylA
1 L1=+AKIþImlArlA
1 L1=+AmDIlIllAh
1 L1=+AnIrsA
1 L1=+AnKnoDlA
1 L1=+AvKlI
1 L1=+IClArIylA
1 L1=+IlKlArI
1 L1=+KsAl'I
1 L1==Be
1 L1==Býrakýp
1 L1==GEREK
1 L1==Haydi
1 L1==Refahýn
1 L1==Sorunu
1 L1==aldýrma
1 L1==devresindeki
1 L1==fare
1 L1==Ýlhan
1 L2=+AKIsDAnlIlArDAn
1 L2=+AlAKA
1 L2=+DAyAv
1 L2=+IlmDAKI
1 L2=+InAvsIz
1 L2=+lADIlIyor
1 L2=+lIlArDA
1 L2==Döner
1 L2==Mesleði
1 L2==Çaman
1 R1=+AKAmonyAsInA
1 R1=+ClAyIn
1 R1==basýnýn
1 R1==ermiþ
1 R1==hobi
1 R2=+AsIlmAsInIn
1 R2=+ClAþDIrACAK
1 R2==Dalý
1 R2==Enternasyonel'in
1 R2==Þarkýsý
1 W=+'lInIn
1 W=+ABADDIK
1 W=+ABArlArInDA
1 W=+ABIlACAKIz
1 W=+ABIlACAKlArDIr
1 W=+ACAKlArInDAn
1 W=+ACIrmAz
1 W=+ACIsIylA
1 W=+ACKInlArIn
1 W=+ACzIBlAr
1 W=+ADCIDAn
1 W=+ADDAlIK
1 W=+ADIrlADACAKlAr
1 W=+ADIþlArInA
1 W=+ADIþlArInDAn
1 W=+ADKAþlIKI
1 W=+ADlAKlAr
1 W=+ADlICA
1 W=+ADlIKIylA
1 W=+AIllArIn
1 W=+AIllArInIn
1 W=+AIrlIKI
1 W=+AKADIz
1 W=+AKAlDIK
1 W=+AKAlDIm
1 W=+AKAlmIþ
1 W=+AKArlIKI
1 W=+AKDAysA
1 W=+AKIBCIlArI
1 W=+AKIBCIsI
1 W=+AKIlIþInDA
1 W=+AKIllIKlArInA
1 W=+AKInlAþmADA
1 W=+AKlAyIþImI
1 W=+AKlAþmAsInIn
1 W=+AKsAnInA
1 W=+AfAhCI
1 W=+AfDArDArlIKImIzA
1 W=+AfIfCA
1 W=+AfsIzCA
1 W=+AhIn
1 W=+AhKImlAr
1 W=+AhlArDAn
1 W=+AlAlInDA
1 W=+AlAnlArInA
1 W=+AlAnsIn
1 W=+AlDACAKIm
1 W=+AlDDIK
1 W=+AlDmIþ
1 W=+AlIKInDA
1 W=+AlIlArInIn
1 W=+AlIrDmAKDADIr
1 W=+AlIsIylA
1 W=+AlsA
1 W=+AmBIllI
1 W=+AmCIlArInIn
1 W=+AmIllArInA
1 W=+AmrIDlArIn
1 W=+AnADCIlArInIn
1 W=+AnDIrICIsI
1 W=+AnIlArI
1 W=+AnIlArInI
1 W=+AnIrlIKI
1 W=+AnIzIn
1 W=+AnIþInA
1 W=+AnIþlArDAn
1 W=+AnIþlArIn
1 W=+AnIþlArInDA
1 W=+AnIþlArInDAn
1 W=+AnIþmACI
1 W=+AnlArIz
1 W=+AnlArsA
1 W=+AnlIKIm
1 W=+ArABArIm
1 W=+ArAKlIlArI
1 W=+ArCAlIK
1 W=+ArCIlArInIn
1 W=+ArDAþlIK
1 W=+ArDmACI
1 W=+ArDmAyACAK
1 W=+ArIKAsI
1 W=+ArInlIKlArInDA
1 W=+ArIsInIn
1 W=+ArIvAr
1 W=+ArIþlAr
1 W=+ArKICIsI
1 W=+ArhoþlIKI
1 W=+ArlICA
1 W=+ArþIDlArI
1 W=+ArþIDlArInIn
1 W=+AsABACI
1 W=+AsDACIsI
1 W=+AsImsA
1 W=+AvADlIlArI
1 W=+AvArlIKI
1 W=+AvAþCA
1 W=+AvInICIsI
1 W=+AvIrlIKI
1 W=+AvlIlArInA
1 W=+AvlIlArInI
1 W=+AyAzlArIn
1 W=+AyBImIz
1 W=+AyIKIylA
1 W=+AyIlsA
1 W=+AzCA
1 W=+AþlAþmIþ
1 W=+BIKArlIKI
1 W=+BIKArlIKInA
1 W=+BIyDIK
1 W=+BlAnAlIm
1 W=+BolCIm
1 W=+BolCIylA
1 W=+BonsorlIKInDA
1 W=+CACI
1 W=+CAKCA
1 W=+CIlIþInDA
1 W=+CIlIþlArInA
1 W=+CIlsA
1 W=+CIþA
1 W=+CIþlArIn
1 W=+ClInIn
1 W=+CsIzCA
1 W=+DArCIsI
1 W=+DDAþlIK
1 W=+DIKImIn
1 W=+DIKInIzDAn
1 W=+DIKlArImIzA
1 W=+DIKlArInIzI
1 W=+DIlACI
1 W=+DInDIK
1 W=+DInlIKInDA
1 W=+DIrACAKlArDIr
1 W=+DIrmAKDADIrlAr
1 W=+DIsAl
1 W=+DIyAnlIK
1 W=+DmIþDIm
1 W=+DoKIlI
1 W=+IBIKlI
1 W=+IDInIn
1 W=+IDIrAlIm
1 W=+IKArInDA
1 W=+IKArInIz
1 W=+IKArmAmIþ
1 W=+IKArmAz
1 W=+IKIKCIsI
1 W=+IKIþlArIn
1 W=+IlACAKDIm
1 W=+IlmIþlArIn
1 W=+IlyArlArDAn
1 W=+IlyonlArI
1 W=+ImAnlIKA
1 W=+ImCIlAr'In
1 W=+ImlIlIKlArIn
1 W=+ImlIlIKlArInA
1 W=+ImlIlIKlArInIn
1 W=+InCIlArImIz
1 W=+InCIlArInDAn
1 W=+InCIsInIn
1 W=+InIlsA
1 W=+IrDmAz
1 W=+IrICIlArInA
1 W=+IrIlmIþlAr
1 W=+IrIyIþlAr
1 W=+IrIþlArI
1 W=+IrKCAlArInIn
1 W=+IrKCAm
1 W=+IrKCAmIz
1 W=+IrKCAsI
1 W=+IvArIr
1 W=+IvArmIþ
1 W=+IvArsIn
1 W=+IyIKlArDAn
1 W=+IzAlCA
1 W=+IzDAysA
1 W=+IzDIK
1 W=+IzImKI
1 W=+IzlAþmIþ
1 W=+IzlIKlArInA
1 W=+IþDIrmIþlAr
1 W=+IþDIrsInlAr
1 W=+IþIrmIþ
1 W=+IþIþlAr
1 W=+IþIþlArI
1 W=+KACIsI
1 W=+KArlIKInIn
1 W=+KIrlIKlArInA
1 W=+KIþlArInIn
1 W=+KIþlArIylA
1 W=+KrAþsIn
1 W=+lADIrIm
1 W=+lADmIþlAr
1 W=+lIlIKIylA
1 W=+lKInDA
1 W=+lKlArI
1 W=+llAþmIþ
1 W=+mAllI
1 W=+mAnlIKIylA
1 W=+mCIylA
1 W=+mIDCI
1 W=+msArIm
1 W=+nDAlIK
1 W=+nDIrmAKDADIr
1 W=+nIþIylA
1 W=+nIþlArInIn
1 W=+nlAD
1 W=+nmIþsIn
1 W=+oKICI
1 W=+onIþsIn
1 W=+orKIlAmAsI
1 W=+orlIKlArI
1 W=+rAKCI
1 W=+rAyIþIn
1 W=+rBACI
1 W=+rIDmAKDADIr
1 W=+rIrsAK
1 W=+rKIDmIþ
1 W=+rlIlArInA
1 W=+sAllAr
1 W=+sAnI
1 W=+sIyDIm
1 W=+sIzIm
1 W=+yICIlArInIn
1 W=+yIlArI
1 W=+yIrD
1 W=+zKIrlIKDAn
1 W=+zlAþIr
1 W=+örlIKInA
1 W=+þIDlAr
1 W==Artan
1 W==Atamasý
1 W==B
1 W==Baþvuran
1 W==Beþte
1 W==Dekanlýðý
1 W==Gereken
1 W==Görünürde
1 W==Gürüz
1 W==Kablolu
1 W==Kaybolan
1 W==Kaçan
1 W==Kolluk
1 W==Mevsimlik
1 W==Mühendisliði
1 W==Namuslu
1 W==Nemlendirici
1 W==Temiziz
1 W==Timci'nin
1 W==Varsa
1 W==Vatanseverlik
1 W==Yaratan
1 W==Yazan
1 W==Yetenekli
1 W==Yürüyüþ
1 W==Zevkli
1 W==aitmiþ
1 W==alýnsýn
1 W==anlaþmalý
1 W==aranmýþ
1 W==ballý
1 W==beþe
1 W==bininin
1 W==buluþlarý
1 W==buluþlarýn
1 W==darlýðý
1 W==delileri
1 W==densin
1 W==deryasý
1 W==diðerini
1 W==düþür
1 W==edenin
1 W==geniþti
1 W==haklýsýnýz
1 W==idareci
1 W==kararmýþ
1 W==karýþma
1 W==karýþmasý
1 W==karþýlarýnda
1 W==karþýmda
1 W==küçükler
1 W==olanlarýnda
1 W==savaþçýsý
1 W==solcularý
1 W==tanýþma
1 W==yaðýþlar
1 W==yedisi
1 W==yuman
1 W==Çaplý
1 W==Çiftler
1 W==Çýkýp
1 W==Ýyilik
1 W==üretmiþ
1 W=HYPHEN0
1 W=~00.00'de
1 W=~olunmaz
1 W=~piþmaným
1 W=~sensin
0 L1=+ylArCA
0 L2=+sDADIKInIz
0 L2==Jale
0 L2==annem
0 R1=+vIrArAK
0 R1=+þmAlArInDAn
0 R1==kurumu
0 R2=+AsKA
0 R2=+CIrIlAn
0 R2==süt
0 W=+AKKInIz
0 W=+CIlIKlAr
0 W=+oKInIr
0 W=+rInCI
0 W==Akçalý
0 W==edeyim
1 L1=+AnDAzI
1 L1=+lICIsI
1 L1=+rmAlArIylA
1 L2==19.
1 R1=+sDAKlArInI
1 R1==dersiniz
1 W=+ACAKCIlArInIn
1 W=+IlIyI
1 W=+IsAn
1 W=+sIrCI
0 L1=~boðaz
0 L2==kendimize
0 W=+ADIlIlAr
0 W=+AKlIKlA
0 W=+AlmAlI
0 W=+ArInIzDA
0 W=+AzmAsInI
0 W=+mIþlA
0 W=+nAlIKI
0 W=+rIrsInIz
0 W==Canlý
0 W==alacaklarý
0 W==andýrýyor
0 W==gideceðim
0 W==inme
0 W==inmiþ
0 W==takýlýyor
1 L1==Aþýrý
1 L1==eþiðine
1 L1==na
1 L2==Varlýðý
1 R1=+ArArnAmAyI
1 R2=+ADmAsInI
1 W=+AmAmAKDADIr
1 W=+lIyDIm
1 W=+mAnlIKDA
1 W=+nKInI
1 W=+sIrlIK
1 W=+zlArA
1 W==onda
0 L1=+DIrIr
0 L1=+KlIn
0 R1=+AnAlIm
0 W==Bayýndýr
1 R1=+ADCIlIK
1 R1=+oKDAyA
1 R1=~olun
1 R2=+KIlAyICI
1 W=+IKKAn
0 W==kurmayý
0 W==ulaþacak
1 L1=+IrDICI
1 L1==Devleti
1 L2=+DIrAnlArIn
1 R1=+AvCInIn
1 R1=~keskin
1 R2=~hacý
1 W==Taþar
0 W=+BlAn
0 L1=+mAnlArlA
0 R2=+IyIrIsInDA
0 W==bilmem
1 R1=+ACInCI
0 W==kalýp
1 L1==istikrarý
1 R2=+AmIþlAr
1 W==verecekler
0 W==geçenlerde
1 L2==terörle
0 W=+IyIrDI
1 W=+IyIrDI L1=+DIKInI
1 W=+nmIþlAr
0 W==tutacak
1 R2=+IzKI
1 R2==tavýr
0 W=+AzmAyA
1 L2=+IyIKlArA
1 W=+IDIlmAz
1 W=+IDlIlIK
1 W=+lArmIþ
0 W=+lArmIþ L2=+I
1 W=+IyIlI
1 W=+þIDlIK
1 W=+KIDICI
1 W=+mDI
1 W=+sIzlIKlA
1 W=+lADACAK
1 W=+CAKCI
1 W=+IyIB
1 W=~satýþý
1 W=+lIKInDAKI
1 W=+KInlIKI
1 W=+yKAn
1 W=+KIlAn
0 W==altýna
1 W=+IzlIKI
1 W=+IlIB
1 W=+AKlA
1 W=+rIlDI
0 W=+ABACAK R2=+ArDAl
0 W=+ADIrACAK L1=+lA
0 W=+AKI L1==ödül
0 W=+AKI R1==var
0 W=+AKI R2=+on'In
0 W=+AmAmIþ R2=+IrlIK
0 W=+AmAyACAK L2=+sInDA
0 W=+AmAzlAr L1=+ArInI
0 W=+AmIzIn R1=+ADAnI
0 W=+ArACAK R1=+lAr
0 W=+DIKlArInIn R2=+KI
0 W=+DIrlAr L2=+DAn
0 W=+IlACAK L1==iþler
0 W=+IlmIþ R1=+rIm
0 W=+Im R2=+IrlAr
0 W=+KImI R2=+AK
0 W=+KImIzIn L2=<S>
0 W=+KInIn L2=+lIKInIn
0 W=+mA L1==Ben
0 W=+mA L2==ederek
0 W=+mADIK L1=+Im
0 W=+mADIK L2=+ADI
0 W=+mAK L2=+AyIf
0 W=+yACAK R1=+ADA
0 W=+yIm L2==de
0 W=+ymIþ L2=STFIRST
0 W=+þAn R1==280
0 W==Taþar L2=+An
0 W==geçen R1=+AmAn
0 W==verecekler R2=+Im
0 W=STFIRST W=+AlIþAn
0 W=~yüzde R1=+AKIþIm
1 L1=~nema R1=+CIn
1 W=+ABACAK L1=+AlIþmAsInI
1 W=+ABACAK L1=+þI
1 W=+ABACAK R2=+An
1 W=+ABACAK R2=+Ay
1 W=+AlACAKInA R1==,
1 W=+AlI L1=+öylA
1 W=+AlI L1==nasýl
1 W=+AmAnlAr L1=="
1 W=+ArACAK L2=+AsInA
1 W=+ArACAK L2=+CA
1 W=+ArACAK R1=+n
1 W=+ArInIz R1==,
1 W=+AvInmAnIn L2=+DA
1 W=+AþmAsInIn L1=+DA
1 W=+CA L1=+IsyonI
1 W=+CACAK L1=+ArInI
1 W=+CACAK L2=+nIn
1 W=+CDI L1=+Ir
1 W=+CInIz R1=+I
1 W=+DACAK R1=+AzICI
1 W=+DmAz R1=+Iz
1 W=+Im L1=+ADIþ
1 W=+In L1==onlarýn
1 W=+In L2=+onlAr
1 W=+In R2=+lIsIn
1 W=+IsInIz L1=+AnIn
1 W=+IylA L1==bir
1 W=+IþACAK L1=+IDAn
1 W=+IþACAK R1=+ADAr
1 W=+IþACAK R1=+Ir
1 W=+KACAK R1=+ArI
1 W=+KACAK R1=+Ir
1 W=+l R1==için
1 W=+lArInCA L1=+I
1 W=+llI L1=~son
1 W=+mAlIyIz R2=+DA
1 W=+mAmAlI L1=+K
1 W=+mAnA L2=+I
1 W=+mIþ L1=+ADAf
1 W=+mIþ R2=+AKIm
1 W=+nDIlAr L2=+DI
1 W=+nInIz R1==ki
1 W=+rImIz L2=+AmAK
1 W=+rInDAn R2=+Av
1 W=+rIþmAnIn R1=+IKI
1 W=+rIþmAsI L1=+Afon
1 W=+rlIKA L1==,
1 W=+rlIKA R2=LOWER1
1 W=+sA L2=+IzlIK
1 W=+sAK L1=+ADA
1 W=+yACAK L1==onu
1 W=+yACAK R1=+CI
1 W=+þCI L1=+AsIz
1 W=+þInIz L2=="
1 W=+þIr L2=+InIn
1 W=+þlArInI L2=+ArIn
1 W=+þmAlI L1=+ADA
1 W==anlaþmasý R2=+Ar
1 W==anlaþmasýný L2=+A
1 W==bakan R1=+IK
1 W==bulunacak R1=+An
1 W==erecek R1=+An
1 W==geleceðini L1=+AmInA
1 W==geçen L1=+ADAr
1 W==geçen L1=+CInDA
1 W==geçen R1=="
1 W==geçen R2=+zIn
1 W==görme R1=+sI
1 W==ilgili L1=+ADIn
1 W==ilgili L1=+nlArIylA
1 W==ilgili L2=+AKlArI
1 W==ilgili R1==þunlarý
1 W==ilgili R2=+AmAK
1 W==ilgili R2=+AsInDA
1 W==olacak R1=+DAm
1 W==olmalý L1=+InI
1 W==ulaþacak R1=LOWER
1 W==yetkili L1=+IlI
1 W==ünlü L1=+AsInDA
1 W==ünlü L2=+lArI
1 W==ünlü R2=+ArInI
1 W=STFIRST R1=+AlArInI
1 W=STFIRST R1=+rIz
1 W=STFIRST R2=+lADIm
1 W=STFIRST R2=+llAyAn
1 W=STFIRST R2=+lmAyAn
1 W=STFIRST W=+AlArA
1 W=STFIRST W=+BICI
1 W=STFIRST W=+CIlIKA
1 W=STFIRST W=+lArsA
1 W=UCFIRST L2==100
1 W=UCFIRST R2=+nADI
1 W=UCFIRST W=+ACAKIz
1 W=UCFIRST W=+AKDI
1 W=UCFIRST W=+CIKI
1 W=UCFIRST W=+DIrlI
1 W=UCFIRST W=+IllIKI
1 W=UCFIRST W=+IyDI
1 W=UCFIRST W=+KInDI
1 W=UCFIRST W=+yIz
1 W=UCFIRST W==Giriþ
1 W=UPPER W=+IyIz
1 W=UPPER W=+lAnDI
1 W=~geleceði R1=+InDA
1 W=~güler R2=UCFIRST
1 W=~oldukça L1=+ArInDAn
0 W=+AlI L2=+Am
0 W=+ArDAn L2=+Iþ
0 W=+DACAK R2=+DIKInI
0 W=+IylA R1=+ID
0 W=+mADIK L1=+yI
0 W=+mIþ L1=+rlArInA
0 W=+mIþ L2=+ImInI
0 W=+nIrsA L2=+DAn
0 W=+sA L2=+KlArI
1 W=+Ar R2==uyuþturucu
1 W=+In L2=~hangi
1 W=+IsInIz L1=+lA
1 W=+IylA R1=+ynI
1 W=+mAKDADIr L2=+ADAn
1 W=+þAmA L1=+DA
1 W==geçen L1==ele
1 W==ilgili R1=+IKIn
1 W==olmalý L1=+n
0 W=+Im L1=+InlA
0 W=+IsI R2==diye
0 W=+rI R1=+rIyorIz
0 W=+rIþmA W=UPPER
1 W=+KIr L1=+lAnmAsI
1 W=+rImIz R1==çok
1 W==geçen L1=+'yA
1 W==olacak L1=+Il
0 W=+ArDAn R1=+KInI
0 W=+mAnIn R2=+IDAn
1 W=+ArDAn R1=<S>
1 W=+mA R2=+lmAz
1 W=+mIþ R1=+DIKInI
1 W=+rInDAn L1==en
1 W=+sA R2=+nlArIn
1 W=UCFIRST L2=+hAn
1 W=UCFIRST R1==genç
0 W=+In R1==geri
0 W=UPPER R1=+'In
1 W=+mIþ L1==arasýnda
0 W=+DACAK L2=+InA
1 W=+DIK L1=+IC
1 W=+yACAK L2=+Iþ
0 W=+yACAK L2=+AyA
0 W=STFIRST W=+rlAr
1 W==geçen R2=+lA
1 W=+AlI L2=+Il
1 W=+In L1=+rAr
1 W=+yKIlAmAyA R1=+r
1 W=+In L1=+'I
0 W=UCFIRST R2=+AhA
0 W=UCFIRST R2=+IrA
0 W==ilgili L1=+onIylA
0 W==geçen R1=+AfDA
0 W=+yACAK L1=+lArInI W=+IyACAK
0 W==ilgili R1==bir R2=+nI
0 W=UCFIRST W=+ylA L2=<S>
1 W=+DIrlAr L2=+I L1=+AK
1 W=+yACAK L2=+AyA L1=+r
0 L1=+-0
0 L1=+00'InIn
0 L1=+AAhhIDlArInIn
0 L1=+ABAnCA'DA
0 L1=+ABArAsD
0 L1=+ABAsADlArInA
0 L1=+ABICI
0 L1=+ABIlDIKInIzDAn
0 L1=+ABIlIDAsyonInI
0 L1=+ABImCIylA
0 L1=+ABoznsBor'I
0 L1=+ABrImIzI
0 L1=+ACACAK
0 L1=+ACArIsInA
0 L1=+ACmAlIKlArlA
0 L1=+ADAmI'nIn
0 L1=+ADAnIyADIn
0 L1=+ADAþA
0 L1=+ADAþlArImIzA
0 L1=+ADlAmAsInIn
0 L1=+ADmInDA
0 L1=+ADnAD
0 L1=+ADorIA'yA
0 L1=+AImlAr
0 L1=+AIrAsI'nI
0 L1=+AIsIzmDAn
0 L1=+AKADyAsI
0 L1=+AKArDA
0 L1=+AKAryA'DA
0 L1=+AKCA'DAn
0 L1=+AKICA
0 L1=+AKIlIz
0 L1=+AKIlmAyAn
0 L1=+AKInlAþmAyI
0 L1=+AKfIrADI
0 L1=+AKlAmIþCAsInA
0 L1=+AKnIKlArInI
0 L1=+AKnolojIlArIn
0 L1=+AfAlArA
0 L1=+AfAnDI'nIn
0 L1=+AhImIzI
0 L1=+AhInAyI
0 L1=+AhKIKADI
0 L1=+AhvAsInI
0 L1=+AhþADInA
0 L1=+AlADInIz
0 L1=+AlAmInDAn
0 L1=+AlIKAnlIlIKDAn
0 L1=+AlInDIKInDA
0 L1=+AlKAlI
0 L1=+AlmAlAr
0 L1=+AmADsIz
0 L1=+AmAKADIn
0 L1=+AmAnlIKA
0 L1=+AmAnnI
0 L1=+AmBArlIDAþ
0 L1=+AmIAsInDA
0 L1=+AmII'DAn
0 L1=+AnADlArInDAn
0 L1=+AnAKImIz
0 L1=+AnAyACAKInI
0 L1=+AnCArADAn
0 L1=+AnDA'DAn
0 L1=+AnDIKlArInA
0 L1=+AnIKInDAn
0 L1=+AnIzlI'DAKI
0 L1=+AnlAmAylA
0 L1=+AnmAlArInDAn
0 L1=+AnnAro'nIn
0 L1=+AnslIlArDAn
0 L1=+Anson'In
0 L1=+ArBIyAsInI
0 L1=+ArCAlAnmA
0 L1=+ArDImInInIn
0 L1=+ArIyArInI
0 L1=+ArKAjInA
0 L1=+ArKAyA
0 L1=+ArKIClArA
0 L1=+ArsArInIn
0 L1=+ArsInIn
0 L1=+ArsIzlIKA
0 L1=+ArþAfA
0 L1=+AsADlA
0 L1=+AsArImIn
0 L1=+AsCIllArI
0 L1=+AsDAKlArInI
0 L1=+AsDAlADIKI
0 L1=+AsIlADA
0 L1=+AsyonlArInCA
0 L1=+AvCIlIKInCA
0 L1=+AvDIKlArInI
0 L1=+AvIAsyon
0 L1=+AvIrKAnlIKI
0 L1=+AyAllA
0 L1=+AylAlArIn
0 L1=+AylAnlAr
0 L1=+AyrAKInDA
0 L1=+AyyIm
0 L1=+AzAmI
0 L1=+AþArIsInDAn
0 L1=+AþhIrCIlIK
0 L1=+AþlADIlACAK
0 L1=+BIrImIzIn
0 L1=+BlAsInI
0 L1=+CABI
0 L1=+CmAyAnI
0 L1=+CmAzDAn
0 L1=+DACIsInI
0 L1=+DArIlArIn
0 L1=+DIs'DAKI
0 L1=+DIyorsAnIz
0 L1=+IBADInI
0 L1=+IDIBA
0 L1=+IDIrDI
0 L1=+IDIyorIm
0 L1=+IKArIDAn
0 L1=+IKArlArImIzIn
0 L1=+IKImADlArI
0 L1=+IKInlAr
0 L1=+IKIoKA
0 L1=+IKlIKlArlA
0 L1=+IKmAlArInI
0 L1=+IfIsDAn
0 L1=+IformAlI
0 L1=+IhsADlI
0 L1=+IjInAlIylA
0 L1=+IlAKDAn
0 L1=+IlIsAyA
0 L1=+IlyArlArA
0 L1=+ImAþlArIn
0 L1=+ImIr
0 L1=+InIrlAnArAK
0 L1=+InIrlArInA
0 L1=+InnIA
0 L1=+IrAKlArA
0 L1=+IrAlArInIn
0 L1=+IrBmADAn
0 L1=+IrDAlAsInI
0 L1=+IrDlA
0 L1=+IrICIyA
0 L1=+IrKAr'lA
0 L1=+IrKIsI'nDAn
0 L1=+IrlAþIK
0 L1=+Irow'DAn
0 L1=+Irsoy'In
0 L1=+IsDIrIyI
0 L1=+IslArIm
0 L1=+IssolInI
0 L1=+IvAnlIKDAn
0 L1=+IvrImlArInA
0 L1=+IyAsADInDA
0 L1=+IyIrIlAn
0 L1=+IyKIlArImI
0 L1=+IymlA
0 L1=+IzAKArAyA
0 L1=+IzAnlArlA
0 L1=+IzIlArDA
0 L1=+IzIrInI
0 L1=+IþDI'yI
0 L1=+IþInmAz
0 L1=+KAB'I
0 L1=+KAClArIn
0 L1=+KArCI
0 L1=+KArIylA
0 L1=+KlAnCADAn
0 L1=+KrAyArAK
0 L1=+hn'In
0 L1=+lADIlIyor
0 L1=+lDIrAnlAr
0 L1=+lInIr
0 L1=+llAnDA'DAKI
0 L1=+loKlArA
0 L1=+lyAsDAr
0 L1=+mIllArInI
0 L1=+mIzlArA
0 L1=+mmAn
0 L1=+nformAsyon
0 L1=+nsAflI
0 L1=+omAnCI
0 L1=+orCInA
0 L1=+orlAþDIrmAyA
0 L1=+orsAsAsI
0 L1=+osyAyA
0 L1=+oyAsIyA
0 L1=+ozDA
0 L1=+oþAlDmAsI
0 L1=+oþIllArInI
0 L1=+rDAmAyA
0 L1=+vIDIlmAK
0 L1=+vlIlIKlArI
0 L1=+vlIyA
0 L1=+yDInlIKI
0 L1=+ylAmAKDAn
0 L1=+zADInCA
0 L1=+zAr'lA
0 L1=+zlAmCIlArIn
0 L1=+öDIrAn
0 L1=+örIlACAK
0 L1=+övIþ
0 L1=+övmA
0 L1=+özICI
0 L1=+özImlA
0 L1==50'ye
0 L1==5904
0 L1==63'e
0 L1==96'dan
0 L1==Ablam
0 L1==Adalar
0 L1==Alanlarýný
0 L1==Bahçe'yi
0 L1==Cape
0 L1==DEMÝR
0 L1==Deva
0 L1==Deðiþim
0 L1==EÞÝTSÝZLÝK
0 L1==Eþini
0 L1==Gerekçe
0 L1==Gýda'nýn
0 L1==Hanýmefendi
0 L1==Hap
0 L1==Hükümetiyle
0 L1==Kadar
0 L1==Kitaplarýn
0 L1==Kuran'ýn
0 L1==Kuvvetler
0 L1==Lima'daki
0 L1==Metinler
0 L1==Necati
0 L1==Nükleer
0 L1==ORDU
0 L1==Otelde
0 L1==POLÝTÝKA
0 L1==Rakibin
0 L1==SOL'UN
0 L1==SURÝYE
0 L1==Saatler
0 L1==Saðdaki
0 L1==Serbest
0 L1==Serkan
0 L1==Sevgi
0 L1==Sizi
0 L1==Sporun
0 L1==Sri
0 L1==SÝMÝTÝS
0 L1==Sýnavda
0 L1==TIR
0 L1==TOFAÞ
0 L1==TOPLU
0 L1==Tat'la
0 L1==Tel
0 L1==Ticari
0 L1==Tunelar
0 L1==Uðurlar
0 L1==Vergisi
0 L1==Yanya'da
0 L1==Yetkililere
0 L1==Yokuþ
0 L1==adýmýnda
0 L1==aga
0 L1==aileleri
0 L1==alacaðýmýz
0 L1==ant
0 L1==atlayarak
0 L1==aylardýr
0 L1==aðalýðýna
0 L1==baki
0 L1==bantlara
0 L1==bildiðimizi
0 L1==bitmedi
0 L1==borusuyla
0 L1==canýmýz
0 L1==cinlere
0 L1==derme
0 L1==dertlerini
0 L1==dilinde
0 L1==direk
0 L1==dolusu
0 L1==durma
0 L1==duvarý
0 L1==düþleriyle
0 L1==elinizi
0 L1==esen
0 L1==fahri
0 L1==gam
0 L1==geçenini
0 L1==hastasýný
0 L1==hatalardan
0 L1==hatýrlarda
0 L1==hindinin
0 L1==hot
0 L1==katmaya
0 L1==kulaklarýný
0 L1==kýr
0 L1==ligden
0 L1==mahkemesine
0 L1==mebla
0 L1==memmun
0 L1==milyonluk
0 L1==mucizeler
0 L1==namaza
0 L1==neþet
0 L1==onsuz
0 L1==pazarlýðýna
0 L1==realist
0 L1==siber
0 L1==soruda
0 L1==statik
0 L1==susuz
0 L1==suçlanan
0 L1==süzülerek
0 L1==takýlý
0 L1==televizyoncular
0 L1==terimleri
0 L1==tokat
0 L1==triplerine
0 L1==tuþuna
0 L1==tüten
0 L1==tüzük
0 L1==uyuyan
0 L1==Öldüðünü
0 L1==Ýfadelerini
0 L1==Ýnþaatý
0 L1==Þartel
0 L1==çalýþtýrdýðý
0 L1==ötesi
0 L1==öðün
0 L2=+'ImlA
0 L2=+AAKAn
0 L2=+ABABCIDAn
0 L2=+ABACAKDIr
0 L2=+ABmAlI
0 L2=+ABmAmAzI
0 L2=+ACAlArIn
0 L2=+ACAnlArDA
0 L2=+ACArDI
0 L2=+ACDIn
0 L2=+ACIDInDAn
0 L2=+ACIsInI
0 L2=+ACKInCI
0 L2=+ACrIBAsIz
0 L2=+ADAlIKI
0 L2=+ADAnDAþlA
0 L2=+ADAvIlArI
0 L2=+ADIlAnlA
0 L2=+ADInA'DA
0 L2=+ADIrDInIz
0 L2=+ADIsAyI
0 L2=+ADKIlIlArInI
0 L2=+ADmAnDAn
0 L2=+ADsAnIz
0 L2=+AIlA
0 L2=+AIllIlArIn
0 L2=+AInlAr
0 L2=+AInlArInA
0 L2=+AKABIDA
0 L2=+AKDAþlArI
0 L2=+AKDInIz
0 L2=+AKIDAn
0 L2=+AKIf
0 L2=+AKIsDAnlI
0 L2=+AKKImIzI
0 L2=+AKlAyI
0 L2=+AKlIyorIzDIr
0 L2=+AfDAsInI
0 L2=+AhADAKI
0 L2=+AhmADInA
0 L2=+AhsIn'In
0 L2=+AlAnCIyA
0 L2=+AlIDAr
0 L2=+AlIsyonlArIn
0 L2=+AlIþDIrABIlACAKI
0 L2=+AlvAlA
0 L2=+AlvArDIm
0 L2=+AlzAmAyI
0 L2=+AmAþIrlArImI
0 L2=+AmBIslArIn
0 L2=+AmBo'lI
0 L2=+AmIlI
0 L2=+AmsArlIKA
0 L2=+AnClArImA
0 L2=+AnDIrmAlArA
0 L2=+AnIlKIsI
0 L2=+AnImIzDA
0 L2=+AnInIvArmAKDAn
0 L2=+AnIzAsyonlAr
0 L2=+AnIþmAKDAn
0 L2=+AnKA'DAn
0 L2=+AnKInlAþIrIz
0 L2=+AnjAn
0 L2=+AnlIþImIz
0 L2=+AnoKlInI
0 L2=+AnsA'DAn
0 L2=+AormInA
0 L2=+ArCIA
0 L2=+ArDAroKlI
0 L2=+ArDIBIn
0 L2=+ArDmAsInDA
0 L2=+ArDvIzID
0 L2=+ArIKInI
0 L2=+ArIþDAhInI
0 L2=+ArKImA
0 L2=+ArmAKI
0 L2=+ArnAKDA
0 L2=+AryIl
0 L2=+AsABAsInA
0 L2=+AsDorAn'In
0 L2=+AsIlDIKInI
0 L2=+AsImDAKI
0 L2=+AsKID'DAn
0 L2=+AsmADAn
0 L2=+AsyyI
0 L2=+AvAyollArInDAn
0 L2=+AvlArlA
0 L2=+AvrAyAn
0 L2=+AvsAr'I
0 L2=+AyArI
0 L2=+AyfAnDI
0 L2=+AyhDA
0 L2=+AyoBA
0 L2=+AyrAlI
0 L2=+AzIlyAlI
0 L2=+AzIþmA
0 L2=+AzsAyDIm
0 L2=+AþIKDAþlI
0 L2=+AþKAsInDAn
0 L2=+AþlAsAK
0 L2=+AþvIrIsInDAKI
0 L2=+BhAlAnmIþ
0 L2=+BrAKA
0 L2=+BrAKIm
0 L2=+CIDIyor
0 L2=+CInDI
0 L2=+CIrIyor
0 L2=+CKy
0 L2=+ChmIDD'In
0 L2=+DArImIn
0 L2=+DAþAm
0 L2=+DB'lIlAr
0 L2=+DDIAlArInIn
0 L2=+DDIrArAK
0 L2=+DImInIzlA
0 L2=+DInC'A
0 L2=+DInCIyI
0 L2=+DlAnyA
0 L2=+DmAlArInDA
0 L2=+DrolojI
0 L2=+DsIBAyIn
0 L2=+IA'DAn
0 L2=+IBIlArI
0 L2=+IC'DA
0 L2=+ICIlmAsInI
0 L2=+ICImInA
0 L2=+ICKI
0 L2=+IKImADlArA
0 L2=+IKImInA
0 L2=+IflArDA
0 L2=+IlImADrA
0 L2=+IlImlAyIn
0 L2=+IllAnmIþDIK
0 L2=+Im'CI
0 L2=+ImAlAnIB
0 L2=+InC'I
0 L2=+InKlAI
0 L2=+IrACAKInIz
0 L2=+IrIKIm
0 L2=+IrIlIKlAr
0 L2=+IrIþDA
0 L2=+IroKrADInIzI
0 L2=+IsKoDAKlArI
0 L2=+IzIKAllArIn
0 L2=+IþDArIlAr
0 L2=+IþKIrmA
0 L2=+KInDIlArA
0 L2=+KIrImIzA
0 L2=+KoKIlDAn
0 L2=+KrAmIþ
0 L2=+KrAnmAsIylA
0 L2=+KsADIlmADAn
0 L2=+frAsInDA
0 L2=+jDADImIz
0 L2=+lAnAKA
0 L2=+lDDAKI
0 L2=+lDIrIlmA
0 L2=+lKAz
0 L2=+llywooD'I
0 L2=+lorDIsI
0 L2=+nADACAK
0 L2=+nlADIm
0 L2=+olDIKInDAn
0 L2=+olDIrIlAnlArIn
0 L2=+orIþDIrAn
0 L2=+orIþDIrIlmAsInDA
0 L2=+oyDAyIz
0 L2=+oþACAK
0 L2=+rADIlArI
0 L2=+rAlI'nI
0 L2=+rAmAsInI
0 L2=+rInDIsInI
0 L2=+sInAmAyAn
0 L2=+sK'yA
0 L2=+syACIlAr
0 L2=+ynAnACAK
0 L2=+zADmAnIn
0 L2=+zBAr
0 L2=+öKID
0 L2=+önDAmInIn
0 L2=+örAlAr
0 L2=+öþKlArA
0 L2=+þIDmA
0 L2==17.2
0 L2==1980'deki
0 L2==5.3
0 L2==9.8'lik
0 L2==Akova'nýn
0 L2==Amacýn
0 L2==Aðacý
0 L2==Bankanýn
0 L2==Birileri
0 L2==Birilerinin
0 L2==Dað
0 L2==Demokratikleþmeyi
0 L2==Deðildir
0 L2==Doktor
0 L2==Dolayýsýyle
0 L2==Dostumuz
0 L2==Gelecekte
0 L2==Hasar
0 L2==Koyu
0 L2==Kullanýp
0 L2==Kýtalararasý
0 L2==Leger
0 L2==Lorel
0 L2==Lyon
0 L2==MALATYA
0 L2==MÝLYON
0 L2==Nihayet
0 L2==Orasý
0 L2==Otobanda
0 L2==Oyak
0 L2==Rabbýnýzý
0 L2==SANAL
0 L2==Veli
0 L2==Yakalanan
0 L2==Yalanlar
0 L2==alýrsanýz
0 L2==analara
0 L2==anlamalarý
0 L2==babalarýna
0 L2==bastýlar
0 L2==bizlerin
0 L2==cinleri
0 L2==daðýnýn
0 L2==duyduklarý
0 L2==düþülen
0 L2==ezani
0 L2==ezberden
0 L2==geceleri
0 L2==giydiði
0 L2==gollerle
0 L2==güldürme
0 L2==güllerle
0 L2==kapýlmýþ
0 L2==kurtulmasý
0 L2==kurulmasýnýn
0 L2==kutu
0 L2==köydeki
0 L2==kýrmadan
0 L2==kýsýmlar
0 L2==minikler
0 L2==müsün
0 L2==nehir
0 L2==niyetlerini
0 L2==olmasak
0 L2==oradaki
0 L2==oyunlarda
0 L2==ritim
0 L2==satýcýnýn
0 L2==sürer
0 L2==tarikatçýlar
0 L2==tarýmda
0 L2==taþýdý
0 L2==tuvali
0 L2==undan
0 L2==valilik
0 L2==yada
0 L2==yasalarýnda
0 L2==yayýlýr
0 L2==yayýnlar
0 L2==yazlýk
0 L2==yememenin
0 L2==öderlerse
0 L2==ödeyenlerin
0 L2==öl
0 L2==önerisine
0 L2==önlenmesi
0 L2==önlerindeki
0 L2==þahlanan
0 L2==þuydu
0 R1=+ABABIlIyorDInIz
0 R1=+ABAlAlArA
0 R1=+ABDIrABIlIrsInIz
0 R1=+ABlABInIn
0 R1=+ABlAmADIKInI
0 R1=+ABlAyArAK
0 R1=+ABlI'nIn
0 R1=+ACrIBAyA
0 R1=+ADAflArInIn
0 R1=+ADAmAlI
0 R1=+ADAmlArInIn
0 R1=+ADAnlArInDA
0 R1=+ADDAr
0 R1=+ADDIKInIz
0 R1=+ADorlIKI'nI
0 R1=+ADronInA
0 R1=+ADronlArInI
0 R1=+ADwAy
0 R1=+ADyAD
0 R1=+AKArlAnDIrIlABIlAn
0 R1=+AKDörInI
0 R1=+AKIlABIlIr
0 R1=+AKImIzDA
0 R1=+AKIþDIrmAK
0 R1=+AKKArAlArI
0 R1=+AKlAnInCAyA
0 R1=+AfABArAsD
0 R1=+AfyACIlArIn
0 R1=+AhCAD'DAn
0 R1=+AhIrDI
0 R1=+AhIrlAnDIKI
0 R1=+AlAnAKlArIylA
0 R1=+AlAnDAn
0 R1=+AlAyACAKlArInI
0 R1=+AlDAsI
0 R1=+AlDIrmA
0 R1=+AlIþIm
0 R1=+AllAs'DAKI
0 R1=+AmBlArInA
0 R1=+AmlIn'DA
0 R1=+AnADlADI
0 R1=+AnDAlAr
0 R1=+AnIlmAyA
0 R1=+AnKIrD
0 R1=+AnlIKInDAKI
0 R1=+AnsIDI
0 R1=+AnsIDIlmAsI
0 R1=+AnzAmIyor
0 R1=+ArArlAnAn
0 R1=+ArArnAmAlArInIn
0 R1=+ArCIhlArInDA
0 R1=+ArDIþmAyI
0 R1=+ArDmAyA
0 R1=+ArIrA
0 R1=+ArolIþlArInI
0 R1=+ArsIDAlArDAn
0 R1=+AsABlAyAn
0 R1=+AslAnDIrIlAmAyACAKInI
0 R1=+AslAnmAyA
0 R1=+AsmADAn
0 R1=+Ass'I
0 R1=+AyACAKDInIz
0 R1=+AyAmADAn
0 R1=+AyInIz
0 R1=+AyKArA
0 R1=+AyKIlArInIn
0 R1=+AylIKlA
0 R1=+AzIrlAnIyorDI
0 R1=+AzmAyI
0 R1=+AþAmAsI
0 R1=+AþIKI
0 R1=+AþImIþlArDI
0 R1=+AþIrDIyor
0 R1=+AþlADIrKAn
0 R1=+AþlADmAsInI
0 R1=+BIlIzm
0 R1=+Bh'nIn
0 R1=+BorCIlAr
0 R1=+BrAKImIzA
0 R1=+CAKlAyArAK
0 R1=+CBIrInIn
0 R1=+DACAKsIn
0 R1=+DAlIlAr
0 R1=+DAmlArDAKI
0 R1=+DAnyA
0 R1=+DDIyADI
0 R1=+DICInDAKI
0 R1=+DIhDAmI
0 R1=+DIlAmAK
0 R1=+DIllAnDIrDI
0 R1=+DIlos
0 R1=+DIrDIKInIz
0 R1=+DIrmIþDIK
0 R1=+DKIlAþmA
0 R1=+DoBsIDA
0 R1=+DorInA
0 R1=+DorlAr
0 R1=+IAnlAr
0 R1=+IImADIn
0 R1=+IKArIlIB
0 R1=+IKDArInDA
0 R1=+IKKAnI
0 R1=+IKlAþmAlArIn
0 R1=+IlAKI
0 R1=+IloylA
0 R1=+ImInlArA
0 R1=+ImIþADDIK
0 R1=+InDIlArA
0 R1=+InlADIKImI
0 R1=+IrAnAn
0 R1=+IrIyIz
0 R1=+IrlIlArI
0 R1=+IrmAnmAyAn
0 R1=+IrsIzlArI
0 R1=+IrþAylA
0 R1=+IvAKlA
0 R1=+IvvADlAr'In
0 R1=+IyolojIsI
0 R1=+IzAK
0 R1=+IþArDAKI
0 R1=+IþArsA
0 R1=+KlAnAnlAr
0 R1=+KrAnmAz
0 R1=+flAs
0 R1=+lInDIm
0 R1=+nADCIlIKI
0 R1=+nAflA
0 R1=+nIDIlmAsI
0 R1=+nlAmlArlA
0 R1=+oCA'nIn
0 R1=+ofyA
0 R1=+olAþDI
0 R1=+orIsIn
0 R1=+orKIsInIn
0 R1=+osDArlArI
0 R1=+ovIlmIþDIr
0 R1=+oþIyI
0 R1=+s'yA
0 R1=+yDIrmAyI
0 R1=+yrIlArAK
0 R1=+ölImlArInA
0 R1==10'ü
0 R1==1703
0 R1==2.0'ye
0 R1==40'luk
0 R1==BANKA
0 R1==Fan
0 R1==Keklik
0 R1==Mübin
0 R1==Sirki
0 R1==acele
0 R1==alandan
0 R1==aldýn
0 R1==alýmýna
0 R1==anlayan
0 R1==aþmacý
0 R1==bakýlmaktadýr
0 R1==bekçisi
0 R1==bilinmesini
0 R1==bindiði
0 R1==buluþlarýn
0 R1==dürtüsü
0 R1==eller
0 R1==erimeyi
0 R1==etmenin
0 R1==gemlemesi
0 R1==girmekte
0 R1==giymiþ
0 R1==isek
0 R1==kafi
0 R1==kanlara
0 R1==katýný
0 R1==kaçmak
0 R1==kentinde
0 R1==koordinatörü
0 R1==kurduðum
0 R1==kutlu
0 R1==kuþkularýn
0 R1==küskün
0 R1==kýlar
0 R1==kýlýyordu
0 R1==madenin
0 R1==mayýnlayan
0 R1==meclise
0 R1==mirasýndan
0 R1==müridlerini
0 R1==okulda
0 R1==okurken
0 R1==pekiþtirilmesi
0 R1==peþpeþe
0 R1==pisliklerini
0 R1==planýdýr
0 R1==rahmet
0 R1==saðlayabileceðini
0 R1==soruldu
0 R1==teyid
0 R1==uyma
0 R1==yaþbakanlýk
0 R1==yukarýya
0 R1==zula
0 R1==zye
0 R1==ÖDP'nin
0 R1==çýban
0 R1==ölçüsü
0 R1==þaþmaz
0 R2=+ABABIlIrIz
0 R2=+ABAhI
0 R2=+ABAlArInDAn
0 R2=+ABlAþmAlArInDA
0 R2=+ABvA
0 R2=+ADAlAmIzI
0 R2=+ADAloKI
0 R2=+ADAmAyIz
0 R2=+ADAw
0 R2=+ADICIlArInI
0 R2=+ADIInI
0 R2=+ADIKCIlArIn
0 R2=+ADIrIrsA
0 R2=+ADlArIz
0 R2=+ADmAlIKA
0 R2=+ADomIylA
0 R2=+ADorlIKI
0 R2=+ADrAKArA
0 R2=+AKAnmADIKInA
0 R2=+AKArlAnDIrmAlAr
0 R2=+AKImIzDAKI
0 R2=+AKInCAylA
0 R2=+AKIþDIrIyor
0 R2=+Aff
0 R2=+AhArADlI
0 R2=+AhIslArInA
0 R2=+AhlIKAlArA
0 R2=+AlAmADIK
0 R2=+AlAnAKlArA
0 R2=+AlDACAKIz
0 R2=+AlIBlArIn
0 R2=+AlmAKDA
0 R2=+AlmAlArA
0 R2=+AmlIlIKInI
0 R2=+AmyonCIyIz
0 R2=+AnCAKsInIz
0 R2=+AnDArIn
0 R2=+AnDIsI'nIn
0 R2=+AnIlmADAn
0 R2=+AnIþlAmAsI
0 R2=+AnKAyDI
0 R2=+AnKrAn
0 R2=+AnsIyAlI
0 R2=+ArADIKlAr
0 R2=+ArArnAmAlArI
0 R2=+ArDBosDAl
0 R2=+ArDIKInDA
0 R2=+ArDoKlI
0 R2=+ArslIK
0 R2=+AsABDAn
0 R2=+AsADlArIn
0 R2=+AsIlmAsInA
0 R2=+AsInlAþmAsI
0 R2=+AsKIlArI
0 R2=+AssAsA
0 R2=+AvIrmAK
0 R2=+AvIþACAKInI
0 R2=+AvlAnDIrIlmAsI
0 R2=+AwADI
0 R2=+AyAllArInDA
0 R2=+AyAnDIrIlmIþ
0 R2=+AyBolIB
0 R2=+AyDADIlDIKInI
0 R2=+AyIlIyormIþ
0 R2=+AyKInlAþDIrIlArAK
0 R2=+AzADA'nIn
0 R2=+AzArlIKlArI
0 R2=+AþDIKInIz
0 R2=+AþIlAr
0 R2=+AþKAnlIKI'nDAn
0 R2=+Bs
0 R2=+CADIr
0 R2=+CIDI
0 R2=+CIlIKDAn
0 R2=+DAmIyorsA
0 R2=+DAnACAKDIr
0 R2=+DAnmADIKInI
0 R2=+DArAKAn
0 R2=+DDIKImDA
0 R2=+DInAn
0 R2=+DIrDIr
0 R2=+DIrlIKlArInA
0 R2=+DIsDrIyAl
0 R2=+DmAnlArDA
0 R2=+DoKollArI
0 R2=+Don'A
0 R2=+IDArInIn
0 R2=+IIrlI
0 R2=+IKArAnlArIn
0 R2=+IKDArlArInA
0 R2=+IfDCIyI
0 R2=+IlAKA
0 R2=+IlIf
0 R2=+IlImIz
0 R2=+IllADIz
0 R2=+IlolIK
0 R2=+InCIlIKIn
0 R2=+IrAKlAmA
0 R2=+IrAlArIn
0 R2=+IrIDIrKAn
0 R2=+IrKACIlIK
0 R2=+IrnAr'In
0 R2=+IroKrAsIDA
0 R2=+IyADrolAr
0 R2=+IyICIlArA
0 R2=+IysIn
0 R2=+IzAllIKlAr
0 R2=+IzArIz
0 R2=+IzKInlIK
0 R2=+IþKAnlIKlArInI
0 R2=+KAnCAyA
0 R2=+KsAnmAsInA
0 R2=+lIlIKIylA
0 R2=+lIvAr
0 R2=+lKInlIKIn
0 R2=+llAmIþ
0 R2=+loKlAr
0 R2=+mID'I
0 R2=+mIDADA
0 R2=+mrAnDIrAn
0 R2=+nAlmAKDADIr
0 R2=+nAyABIlIrsInIz
0 R2=+nDIrImlAr
0 R2=+onIlmIþ
0 R2=+rAþDIrIlDI
0 R2=+rDIrACAKDIr
0 R2=+yIK'A
0 R2=+zmInA
0 R2=+öBAKlArI
0 R2=+önlIKI
0 R2=+örmAKDA
0 R2=+örmAlArInI
0 R2==313
0 R2==Arzum
0 R2==BTP
0 R2==Basýný
0 R2==Baðdaþ
0 R2==Birden
0 R2==Dahasý
0 R2==Felek
0 R2==GATA'ya
0 R2==Gerçek
0 R2==Halkýmýz
0 R2==Kimseyle
0 R2==MÜSLÜM
0 R2==Odasý'nda
0 R2==SON
0 R2==Savcýlar
0 R2==Sözü
0 R2==Ufak
0 R2==Yapýlacak
0 R2==adale
0 R2==adamýnýn
0 R2==almamýþtý
0 R2==alýrsak
0 R2==aðanýn
0 R2==bakiye
0 R2==batacaðýný
0 R2==beklentilerini
0 R2==buzda
0 R2==cadde
0 R2==camdan
0 R2==demesinden
0 R2==denince
0 R2==düðmelerini
0 R2==edilip
0 R2==ender
0 R2==etmedim
0 R2==eþek
0 R2==fende
0 R2==gidebilirsiniz
0 R2==giremez
0 R2==haksýzlýðýn
0 R2==halefi
0 R2==hatýrý
0 R2==havale
0 R2==inemediðini
0 R2==kartta
0 R2==kendinde
0 R2==kesip
0 R2==kola
0 R2==kýrgýn
0 R2==kýzdan
0 R2==ovada
0 R2==oyununun
0 R2==rolünün
0 R2==saptýrmýþ
0 R2==saçlý
0 R2==sizce
0 R2==trenin
0 R2==uyuya
0 R2==yarasýný
0 R2==yargýlayan
0 R2==çaylarý
0 R2==çekeriz
0 W=+'CIlArIn
0 W=+'mIzDAKI
0 W=+AADADDIlAr
0 W=+AAvAs'DAKIlAr
0 W=+ABABCIlAr
0 W=+ABAlACAKImIz
0 W=+ABAlIKlArIn
0 W=+ABAmAnIn
0 W=+ABAnlA
0 W=+ABAnsIz
0 W=+ABArCIlAr
0 W=+ABArlAþAyIm
0 W=+ABArlAþIyor
0 W=+ABIlACKIz
0 W=+ABIllAnDIm
0 W=+ABIllAnmIþlAr
0 W=+ABIllAnmIþlArDI
0 W=+ABIlrsInIz
0 W=+ABIsAnADAKI
0 W=+ABIþDI
0 W=+ABlAþDI
0 W=+ABlAþIyor
0 W=+ABmAlAr
0 W=+ABmIþCAsInA
0 W=+ABovo'DAKI
0 W=+ACAKmIþIz
0 W=+ACAm
0 W=+ACAnlAnmADIKInI
0 W=+ACAyIm
0 W=+ACIAKAlIKInI
0 W=+ACIlIKInI
0 W=+ACInmIþ
0 W=+ACmIþInI
0 W=+ACmIþlArDIr
0 W=+ADAlAmAyACAK
0 W=+ADAlAmAz
0 W=+ADAllAþIyor
0 W=+ADAmIlI
0 W=+ADAnDIþIyIm
0 W=+ADAvI'nDAKI
0 W=+ADAþlIKInIn
0 W=+ADDADAsInIz
0 W=+ADDArKAn
0 W=+ADIKCIlArIn
0 W=+ADIfIyDI
0 W=+ADIlIKlA
0 W=+ADIlyA'DAKI
0 W=+ADIrKCIlIK
0 W=+ADIrKCIlIKI
0 W=+ADIrlIlIKI
0 W=+ADIrmADIK
0 W=+ADIþImsIzlIK
0 W=+ADKIlIsInA
0 W=+ADhADIyorsInIz
0 W=+ADlAnIyor
0 W=+ADlAnmIþlArDIr
0 W=+ADlIsInI
0 W=+ADmInsIzlIK
0 W=+ADvAKIlIKI
0 W=+ADzADAlAr
0 W=+ADörlIKI
0 W=+ADörlIKIn
0 W=+ADörlIKlArA
0 W=+AK'lA
0 W=+AKACAKDIr
0 W=+AKAlAmAmIþ
0 W=+AKAnDIrIlmIþ
0 W=+AKAnlIKImIz
0 W=+AKAnlIKlArDA
0 W=+AKAnlIKlArIn
0 W=+AKAr'DI
0 W=+AKArlAmAsInI
0 W=+AKDAsInIz
0 W=+AKIlmAyIn
0 W=+AKInACAK
0 W=+AKIrACAK
0 W=+AKIrDIlAr
0 W=+AKIrlAnDIrmAsInDA
0 W=+AKIrmAnIn
0 W=+AKIyorIz
0 W=+AKKAnDI
0 W=+AKlAmAm
0 W=+AKlAnDIsIzlAr
0 W=+AKlIKImIz
0 W=+AKlIlIKlArInI
0 W=+AKmAlAmAz
0 W=+AKnoloIlI
0 W=+AfAhInIz
0 W=+AfIlAnIn
0 W=+AhAlA
0 W=+AhIBlAnmIþDIr
0 W=+AhIBlIK
0 W=+AhIlI
0 W=+Ahor'DAKI
0 W=+AlACAKDI
0 W=+AlACAKInIz
0 W=+AlACAKsInIz
0 W=+AlAmADIm
0 W=+AlDIrACAKDIr
0 W=+AlDIrmAz
0 W=+AlDIrmIþlArDIr
0 W=+AlIKlArIm
0 W=+AlIKlArImIzDAn
0 W=+AlIhAzIrDA
0 W=+AlIlIKlArI
0 W=+AlIrDDDI
0 W=+AlIrDIm
0 W=+AlIrIDDI
0 W=+AlIrlAmAlI
0 W=+AlIrsInIz
0 W=+AlIyDIm
0 W=+AlIþAnlArlA
0 W=+AlIþmIþlIKImIzIn
0 W=+AlKInIz
0 W=+AlnIþDIr
0 W=+AlylAþDIrmAlArI
0 W=+AmAxo'DAKI
0 W=+AmAyAmADIm
0 W=+AmAzlIKIn
0 W=+AmIKlArI
0 W=+AmIzlAnACAKDIr
0 W=+AmsIlCIlArlA
0 W=+AmsIlCIlIKlArlA
0 W=+AmsIlCIsInA
0 W=+An'DAyIz
0 W=+An'I
0 W=+AnADInDAyIm
0 W=+AnCAsInA
0 W=+AnCDAn
0 W=+AnCIlIKI
0 W=+AnCIlIKIn
0 W=+AnClIKImIzDA
0 W=+AnDAnslI
0 W=+AnDArmAsI
0 W=+AnDAzIsInI
0 W=+AnDIKIjmIz
0 W=+AnDIKlArImIzIn
0 W=+AnIlAmAmIþ
0 W=+AnIzCIlAr
0 W=+AnlIKIDAKI
0 W=+AnlIz
0 W=+AnlIþlArlA
0 W=+AnmAzDI
0 W=+AnmIyorIm
0 W=+AnmIyorsA
0 W=+ArADACAKDIr
0 W=+ArADIrDI
0 W=+ArADmIyor
0 W=+ArADsIz
0 W=+ArAmAlArInA
0 W=+ArAmAyA
0 W=+ArArDI
0 W=+ArAsInI
0 W=+ArCI'lArA
0 W=+ArCInlIK'DAKI
0 W=+ArDADIlDI
0 W=+ArDImlAþIyor
0 W=+ArDIrmIþ
0 W=+ArICIlArCA
0 W=+ArIKAlIlArIn
0 W=+ArIhCI
0 W=+ArIhImIzI
0 W=+ArIlArDAn
0 W=+ArKIDIlmIþ
0 W=+ArKIDmAK
0 W=+ArKIlIlIK
0 W=+ArKIlImIyDI
0 W=+ArlAþmAmIþDI
0 W=+ArlDI
0 W=+ArmIþIz
0 W=+ArsAm
0 W=+ArsIDAlIlAr
0 W=+ArsImIz
0 W=+ArsInDI
0 W=+ArvIzörlIKInI
0 W=+ArþIlAþmAlArDA
0 W=+ArþIlIKlArInI
0 W=+AsADInDAKI
0 W=+AsAm
0 W=+AsAmADAn
0 W=+AsBIhAlI
0 W=+AsCIDDIr
0 W=+AsDAlAnmIþ
0 W=+AsDAlAnmIþlAr
0 W=+AsDAlIKlArDA
0 W=+AsI'DAKI
0 W=+AslAnsA
0 W=+AsmInA
0 W=+AvACAK
0 W=+AvCIDAn
0 W=+AvCIlArDAn
0 W=+AvCImIzDA
0 W=+AvCIsInI
0 W=+AvIrmAlArI
0 W=+AvIrmAlArInA
0 W=+AvIrmAlIDIr
0 W=+AvKADACAK
0 W=+AvlIDhAnlAr
0 W=+AvrADACAK
0 W=+AvrAnACAK
0 W=+AvrAnmAyACAK
0 W=+AyAnACAK
0 W=+AyAnmAlI
0 W=+AyAnmIyor
0 W=+AyIflA
0 W=+AyIlmAyA
0 W=+AyInlIyABIlDIm
0 W=+AyfInA
0 W=+AyrImAþrIlIK
0 W=+AzACAK
0 W=+AzArlIKlArInDAn
0 W=+AzIrlAmAzlAr
0 W=+AzIrlIKlArIn
0 W=+AþAmAlI
0 W=+AþDIrIrIz
0 W=+AþDIrIyorsAn
0 W=+AþDIrmAm
0 W=+AþDIrmIyor
0 W=+AþIrACAK
0 W=+AþKAnA
0 W=+AþKAnlIKInDAn
0 W=+AþlIKlArInI
0 W=+AþmAzsAnIz
0 W=+AþmIþlArDIr
0 W=+B'ylA
0 W=+BADDIr
0 W=+BAnIz
0 W=+BInInCIDIr
0 W=+BIzmIDIr
0 W=+BlArDI
0 W=+BlIlIKInA
0 W=+BlIlIKlAr
0 W=+Bm'DAKI
0 W=+BrADIr
0 W=+CAlIKImIz
0 W=+CDAnlIK
0 W=+CDorIA'DAKI
0 W=+CIKlIKImIzDAn
0 W=+CIKlIKInDAn
0 W=+CIKlIKlA
0 W=+CIKlIKlArInI
0 W=+CInACAK
0 W=+CIr
0 W=+CKIlI
0 W=+ClIKInI
0 W=+ClIKlArlA
0 W=+CmAlIDIr
0 W=+CrAsI
0 W=+CzACIlAr
0 W=+DAKlArA
0 W=+DAKlIKInIn
0 W=+DAKsInIz
0 W=+DAlAmAsInA
0 W=+DAmAlArInDAn
0 W=+DAmAlIDIr
0 W=+DAvIDIr
0 W=+DAylIKInA
0 W=+DAylIKInI
0 W=+DDB
0 W=+DIK'A
0 W=+DInAsIz
0 W=+DInlAnmAKDA
0 W=+DIrIlIKI
0 W=+DIrIsInDA
0 W=+DlAnACAKDI
0 W=+DlAþmAlAr
0 W=+DmIþIz
0 W=+DoKlArInI
0 W=+DoKrAfCI
0 W=+DrAflI
0 W=+DyIz
0 W=+IBrIz
0 W=+IDACAKDIr
0 W=+IDACAKsInIz
0 W=+IDIrICI
0 W=+IDmAmAlIDIr
0 W=+IIlInDAn
0 W=+IKIlIrsA
0 W=+IKImlIlAr
0 W=+IKImlIlArA
0 W=+IKmAlIyDI
0 W=+IKözlI
0 W=+IfDCIyA
0 W=+IlAmADIK
0 W=+IlAmAsIylA
0 W=+IlAmAyACAKsA
0 W=+IlAnIyormIþ
0 W=+IlAnlAnmAsInA
0 W=+IlDAnIyor
0 W=+IlInACAKDIr
0 W=+IlInDIr
0 W=+IlInIyorIz
0 W=+IlInmAsAyDI
0 W=+IlInmAsIn
0 W=+IlInmAzDI
0 W=+IlInmIþlArDI
0 W=+IllAnACAKDI
0 W=+IllAnACAKDIr
0 W=+IllAnDIysA
0 W=+IllAnmAlI
0 W=+IllAnmIþDIr
0 W=+IllAnmIþlArDIr
0 W=+IloIsA'DAKI
0 W=+IlsIzlIKlAr
0 W=+ImAlIDIr
0 W=+ImIlI
0 W=+ImKImAsI
0 W=+ImsAsIz
0 W=+InAnmIþDIr
0 W=+InICIsInA
0 W=+InlAnsA
0 W=+InmAyIn
0 W=+InsAm
0 W=+IrAnDI
0 W=+IrAnIr
0 W=+IrAz
0 W=+IrAþACAK
0 W=+IrIlAmAmIþDI
0 W=+IrIlImIzI
0 W=+IrIlIþlA
0 W=+IrImIzDA
0 W=+IrInIyor
0 W=+IrlAmAsInI
0 W=+IsA'nInKI
0 W=+IsIrlIlAr
0 W=+IsmInIz
0 W=+IssADIrIlAn
0 W=+IvAnDI
0 W=+IvAnlIKA
0 W=+IvAnlIKlArInI
0 W=+IvrIlmIþ
0 W=+IyICIlArIn
0 W=+IyIDmIyor
0 W=+IyIlIr
0 W=+IyInACAK
0 W=+IyIrIrDI
0 W=+IyIrIrIz
0 W=+IymADADIr
0 W=+IymADIK
0 W=+IyrIlAn
0 W=+IzAlADIKIm
0 W=+IzArInI
0 W=+IzmAlAr
0 W=+IzofrAnI
0 W=+IzsIzI
0 W=+IþDIrICIlAr
0 W=+IþInmAlIDIr
0 W=+IþInmAmIþ
0 W=+IþKInI
0 W=+KAlIKIn
0 W=+KAnDAlI
0 W=+KArAlIlAr
0 W=+KIlAmAm
0 W=+KIlAnIn
0 W=+KInmADIlAr
0 W=+KIrDIm
0 W=+KmAm
0 W=+KsA'DIr
0 W=+KsIlmIþ
0 W=+lACAKlArmIþ
0 W=+lKIlAnACAK
0 W=+lmADADIr
0 W=+lmAlArDA
0 W=+lvArIþsIz
0 W=+mlImsIz
0 W=+mrInIz
0 W=+nIKlArInI
0 W=+nIþmAyIz
0 W=+nIþsAnIz
0 W=+nlAþmAlArDAn
0 W=+nlAþmAmIzA
0 W=+oKInIyor
0 W=+oKlAmAlArInDA
0 W=+olArInI
0 W=+olCIlIKInA
0 W=+olIKA
0 W=+onAnmAsI
0 W=+onDIrmA
0 W=+orICIlAr
0 W=+orICIlArlA
0 W=+orImAm
0 W=+orImAsInIn
0 W=+ormAlIDIr
0 W=+osDlIKA
0 W=+osDlIKI
0 W=+osDlIKInA
0 W=+oyACAKDI
0 W=+oyACAKDIr
0 W=+oyAyIm
0 W=+oyInDI
0 W=+ozDIlAr
0 W=+ozIKlIKlAr
0 W=+oþlAnmAmIþDIr
0 W=+oþlIKlArI
0 W=+oþmAsInA
0 W=+rAlIKInA
0 W=+rAþDIrACAK
0 W=+rAþDIrACAKIz
0 W=+rAþDIrDIlAr
0 W=+rAþDIrIn
0 W=+rAþDIrIyor
0 W=+rAþDIrIyorDI
0 W=+rDInDI
0 W=+rIþlArDA
0 W=+rIþlArlA
0 W=+rIþmAmI
0 W=+rKInA
0 W=+rmAlIyDI
0 W=+sDAmAmAKDADIr
0 W=+sDAmAyIz
0 W=+sDlAnmIþDIr
0 W=+sIrIr
0 W=+vlAnDIlAr
0 W=+vlIlIKInI
0 W=+vlIlIKInIn
0 W=+vlIlIKlA
0 W=+vmAmAlIDIr
0 W=+yAKlAnmIþ
0 W=+yAnACAKlAr
0 W=+yDInlAnIyor
0 W=+yIlAnIyor
0 W=+yKIlAmAsInDAn
0 W=+ylAmAyIz
0 W=+ylIKlArInI
0 W=+ylIyA
0 W=+ynAmAyACAK
0 W=+ynAmAz
0 W=+yrIlIKInA
0 W=+yrIlIKlArI
0 W=+zArImIzDA
0 W=+zArInIzA
0 W=+zCIKDAn
0 W=+zlAþmAlArDAn
0 W=+zlAþmAlArIn
0 W=+öBlIKA
0 W=+öDIrDIK
0 W=+ölmAlArI
0 W=+ölmAmA
0 W=+örAyIm
0 W=+örInmIþ
0 W=+örmAm
0 W=+örmIþCAsInA
0 W=+öþAmAlArI
0 W=+þCIlIKlA
0 W=+þlArInIzA
0 W=+þlArlIKInI
0 W==Anasýný
0 W==Benli
0 W==Bulamýyor
0 W==Duruþmalarý
0 W==ELÝME
0 W==Gamsýz
0 W==Guclu
0 W==KYP'li
0 W==Kayan
0 W==Laleli
0 W==Maksim'deki
0 W==SANATÇI
0 W==Sakine
0 W==Seçme
0 W==Sýkýldým
0 W==Sýkýlýyor
0 W==Taþan
0 W==Uzunca
0 W==Vurulduk
0 W==aksini
0 W==aký
0 W==alacaklara
0 W==alacaklarýna
0 W==almam
0 W==andý
0 W==andýrmýyor
0 W==anlaþmýþtýr
0 W==anmam
0 W==arsam
0 W==artýklarý
0 W==atamadý
0 W==avcý
0 W==avcýlýðý
0 W==aylýðýna
0 W==aðlarýný
0 W==aþçýlar
0 W==bakandan
0 W==bakanlýkta
0 W==basmasý
0 W==basmaz
0 W==bayýlacak
0 W==baðýmlýðý
0 W==baðýþlarý
0 W==baþlýðýnýn
0 W==bekelenen
0 W==bilimciler
0 W==bilmeyecek
0 W==bilmiþ
0 W==biriniz
0 W==birleþmenin
0 W==birliklere
0 W==bulacaðým
0 W==bulamamýþtýr
0 W==bulamýyordu
0 W==bulamýyoruz
0 W==bulanacak
0 W==bulmalýdýr
0 W==bulurlar
0 W==canlýdan
0 W==canlýlar
0 W==canlýsý
0 W==dahimiz
0 W==dememiþler
0 W==denemesi
0 W==denemez
0 W==denetçiler
0 W==deniyorsa
0 W==dersinden
0 W==deðildik
0 W==dikiliyor
0 W==dikilmiþtir
0 W==dikme
0 W==dikse
0 W==dilemiyor
0 W==diyabiliyoruz
0 W==dokuma
0 W==dondu
0 W==duracak
0 W==duyum
0 W==düdüklerin
0 W==dýþýmýzda
0 W==ekmekle
0 W==eleþtirdiler
0 W==eleþtirecek
0 W==eleþtiriyordu
0 W==elçiliðin
0 W==emeli
0 W==erir
0 W==etiðim
0 W==evlenmiþ
0 W==evlilikte
0 W==eðrilerin
0 W==gazeteciyi
0 W==geleceðinin
0 W==gençlikle
0 W==giyeceðini
0 W==haberci
0 W==haccý
0 W==hastalandý
0 W==hedefiniz
0 W==igili
0 W==inandý
0 W==inanýr
0 W==israrlý
0 W==itirafcý
0 W==içmeleri
0 W==kalana
0 W==karesi
0 W==kayýþ
0 W==kirletmiþ
0 W==kuruluyordu
0 W==kuruþunun
0 W==kümeler
0 W==kýlmaz
0 W==kýyayým
0 W==kýymasý
0 W==kýzlýðýmý
0 W==makuldu
0 W==mezarlýðýn
0 W==müþmanlýk
0 W==nakti
0 W==nufuslu
0 W==okurdu
0 W==oturacak
0 W==oturaklý
0 W==oymasý
0 W==revan
0 W==sandýktan
0 W==satýcýlýðýný
0 W==saðlýðýnda
0 W==serdi
0 W==serenler
0 W==susurluk
0 W==sürücüleri
0 W==sýzma
0 W==tabanlarý
0 W==tandýr
0 W==taþkýnlýk
0 W==topluluða
0 W==tutacaðý
0 W==tutarsýz
0 W==tutmanýn
0 W==ulusunu
0 W==unutur
0 W==uyarlama
0 W==uymam
0 W==uymuþ
0 W==uzlaþtý
0 W==vakilere
0 W==vara
0 W==vardýlar
0 W==varlýklarýndan
0 W==varlýðýn
0 W==yandý
0 W==yanlarý
0 W==yansa
0 W==yapýlý
0 W==yaramamýþ
0 W==yaramamýþtýr
0 W==yaramayacak
0 W==yaratýr
0 W==yatayým
0 W==yattýlar
0 W==yazsam
0 W==yaðmayý
0 W==yaþamaz
0 W==yemez
0 W==yerleþiyor
0 W==yerleþti
0 W==yetmiþti
0 W==yolcularýn
0 W==yolculuðu
0 W==yonündeki
0 W==yükümüz
0 W==yürür
0 W==yýllýðý
0 W==Çatalý
0 W==Çiler
0 W==Ödemeleri
0 W==Ýyidir
0 W==çekseniz
0 W==çiftçi
0 W==çizmeli
0 W==ögedir
0 W==ölmeli
0 W==öncülüðüne
0 W==üzecek
0 W==ýrkcýlýk
0 W==þaþmadýk
0 W==þemasý
1 L1=+AAI
1 L1=+AAhhIDlArIn
1 L1=+AB'lA
1 L1=+ABADIlmAsIylA
1 L1=+ABADInDAn
1 L1=+ABI'DAn
1 L1=+ABIshAnAsI
1 L1=+ABKIlArIylA
1 L1=+ACADlA
1 L1=+ACArlIlIKInI
1 L1=+ACIrmAsInI
1 L1=+ACIrmAz
1 L1=+AColArI
1 L1=+ADAlyAlI
1 L1=+ADAmDA
1 L1=+ADAnInA
1 L1=+ADArAsyonlArInIn
1 L1=+ADCIsInDAn
1 L1=+ADIBDA
1 L1=+ADImlArInI
1 L1=+ADIrACAKInIn
1 L1=+ADIyA'DAn
1 L1=+ADorlIKI
1 L1=+AIKlIKlA
1 L1=+AKAllA
1 L1=+AKAmonyAsInI
1 L1=+AKAnmAyAn
1 L1=+AKArADImIzI
1 L1=+AKArlAnDIrAn
1 L1=+AKIBImIzA
1 L1=+AKIDmAsInI
1 L1=+AKIKAD
1 L1=+AKIr'lA
1 L1=+AKlAnmAyAn
1 L1=+AKlAyAnlAr
1 L1=+AKlAþIlmAmAsI
1 L1=+AKmADIK
1 L1=+AKnAKInI
1 L1=+AKnolojImI
1 L1=+AKoslovAK
1 L1=+AKsAn
1 L1=+AKsImImA
1 L1=+AfIzAI
1 L1=+AhAnAsInA
1 L1=+AhfI
1 L1=+AhmIrI
1 L1=+AhsIsDAn
1 L1=+AlAþDIrIsInI
1 L1=+AlIrKIn
1 L1=+AlIþmAmIzI
1 L1=+AlKAnIn
1 L1=+AlKAnlArInIn
1 L1=+AlKInIylA
1 L1=+AmADov'In
1 L1=+AmBAlAr
1 L1=+AmmAD'I
1 L1=+AnDAþA'lAr
1 L1=+AnDlArIn
1 L1=+AnImAylA
1 L1=+AnKAylA
1 L1=+AnlAyACAKImIz
1 L1=+AnlIþInA
1 L1=+AnsIyonAl
1 L1=+ArCAKInIn
1 L1=+ArDmAK
1 L1=+ArKozlI
1 L1=+ArflArI
1 L1=+ArlAmIzI
1 L1=+ArnICI
1 L1=+ArvA
1 L1=+ArvIArlArInA
1 L1=+ArþAflI
1 L1=+AsAsI'InIn
1 L1=+AsDAKA
1 L1=+AsIlAD
1 L1=+AsIlIyADsIzlIK
1 L1=+AsInInA
1 L1=+AvArIn'A
1 L1=+AvIm'In
1 L1=+AvmA
1 L1=+AvrAmlArA
1 L1=+AvrIm'I
1 L1=+AvzIDA
1 L1=+AyAnAyA
1 L1=+AyArlArI
1 L1=+AyImIz
1 L1=+AyInlArsA
1 L1=+AyIrlIK
1 L1=+AylArInDAKI
1 L1=+AymAnCIlArDAn
1 L1=+AynImDAn
1 L1=+AynImIn
1 L1=+AzAnA
1 L1=+BADCIyI
1 L1=+BAn'lA
1 L1=+BCIlAr
1 L1=+BIlInDAn
1 L1=+BrAKlA
1 L1=+CIKlAnmAyA
1 L1=+CIlArInDA
1 L1=+CIrImInI
1 L1=+ChImAnn
1 L1=+DAmAyAn
1 L1=+DArmAlArInI
1 L1=+DIDArIylA
1 L1=+DIlKAn
1 L1=+DImInIz
1 L1=+DInAmADIKImIz
1 L1=+DInKlA
1 L1=+DIz'I
1 L1=+DnAr'In
1 L1=+DrIm'In
1 L1=+DrInInI
1 L1=+IDBolDA
1 L1=+IDrAyA
1 L1=+IKAKI
1 L1=+IKAlIlAr
1 L1=+IKAyAsI
1 L1=+IKInAKI
1 L1=+IKhollArImIzIn
1 L1=+IKsAlIþ
1 L1=+IhBIr
1 L1=+IlAþIr
1 L1=+IlBIl
1 L1=+IlCAn
1 L1=+IlmAmAyA
1 L1=+IlmAz'lA
1 L1=+ImCIlArImIzIn
1 L1=+ImlADAn
1 L1=+ImnAsDIKI
1 L1=+ImrIKDAn
1 L1=+InAmAlArInDAn
1 L1=+InDAnDA
1 L1=+InImIylA
1 L1=+IrADlAr
1 L1=+IrDInAyA
1 L1=+IrImInDAn
1 L1=+IrmAlArA
1 L1=+Iy
1 L1=+IyIyorlAr
1 L1=+IyrIKI
1 L1=+IyrIKlArDA
1 L1=+IzAllIKlArA
1 L1=+IzAysIz
1 L1=+IzIlmAKDAn
1 L1=+IþABIlmA
1 L1=+IþKImIzI
1 L1=+KDIrIn
1 L1=+KlInDAn
1 L1=+KrADIKlArI
1 L1=+lArIDAs
1 L1=+lCIsIz
1 L1=+lIf'In
1 L1=+lKAlArDAKI
1 L1=+lKIlAnmAsI
1 L1=+mIzlArDA
1 L1=+mKAnlArA
1 L1=+mþIlArImIzI
1 L1=+noKrAfIK
1 L1=+oCAlAr
1 L1=+oKlAmAyA
1 L1=+omAn'In
1 L1=+orKmAsI
1 L1=+osyoloK
1 L1=+oymAsI
1 L1=+ozADA'nIn
1 L1=+ozlAþmAsIylA
1 L1=+rInIr
1 L1=+rKAnIK
1 L1=+rKAnlIKA
1 L1=+rþInlAmAyA
1 L1=+sDlAnArAK
1 L1=+vlAnmAylA
1 L1=+yInCIylA
1 L1=+yInlArlA
1 L1=+ylAlArI
1 L1=+ylAmAlArA
1 L1=+zInlIKlArI
1 L1=+zlAnmIþ
1 L1=+zlAyArAK
1 L1=+öBrIlI
1 L1=+öDIlIKIn
1 L1=+öKlArIn
1 L1=+öKsInIn
1 L1=+örIþAn
1 L1=+örmAKlA
1 L1=+öþAylA
1 L1==000
1 L1==14.00'de
1 L1==1590'larda
1 L1==17'lik
1 L1==18'ini
1 L1==21'ine
1 L1==245
1 L1==880
1 L1==AB'yle
1 L1==ATEÞ
1 L1==Akif
1 L1==Alp
1 L1==Alýþveriþi
1 L1==Aybey
1 L1==Açýklamayý
1 L1==BAÞARAN
1 L1==BORSA
1 L1==Beraberce
1 L1==Birbirimizi
1 L1==CDC
1 L1==Danýþmaný
1 L1==Davayla
1 L1==Didem
1 L1==Dilim
1 L1==Dondurucu
1 L1==Duvarýna
1 L1==DÝN
1 L1==Ezeli
1 L1==Fatma
1 L1==Ferdi
1 L1==Fiyatlarý
1 L1==GÖLGE
1 L1==Görünce
1 L1==Güller
1 L1==Hayali
1 L1==Hollywood
1 L1==KEÞKE
1 L1==KOHL
1 L1==KORKUSUZCA
1 L1==Kapýyý
1 L1==Klasikten
1 L1==Konuþma
1 L1==Kurallarý
1 L1==Kýranta
1 L1==Lazýn
1 L1==Literatürüne
1 L1==Mc
1 L1==NASIL
1 L1==Nadir
1 L1==Paranýn
1 L1==REZERV
1 L1==Romen
1 L1==Sait
1 L1==Sandýklarýn
1 L1==Saray'a
1 L1==SÝLAH
1 L1==TARÝKATLARA
1 L1==TOP
1 L1==Teminat
1 L1==TÜRLÜ
1 L1==Türkiye'dekilere
1 L1==Varsýn
1 L1==Yorgun
1 L1==Yorum
1 L1==Yurtdýþý
1 L1==aciz
1 L1==alabilecek
1 L1==arabesk
1 L1==atýlýmý
1 L1==azami
1 L1==aþmaya
1 L1==baþrolde
1 L1==beklemekle
1 L1==belediyesi
1 L1==bilir
1 L1==bizce
1 L1==biçilen
1 L1==bulaþmasýný
1 L1==bütüne
1 L1==ceplerine
1 L1==dallarýyla
1 L1==dizlerini
1 L1==eylemle
1 L1==eðilim
1 L1==fes
1 L1==hakemle
1 L1==ihalesini
1 L1==ilde
1 L1==ilerde
1 L1==iþle
1 L1==kaderinin
1 L1==kalmaktan
1 L1==kanlarýný
1 L1==ketindeki
1 L1==korkusuz
1 L1==kupalar
1 L1==mekanlara
1 L1==namlu
1 L1==namus
1 L1==nidalarý
1 L1==pasif
1 L1==sarp
1 L1==saðlanmasýyla
1 L1==sokan
1 L1==soruma
1 L1==susuzluktan
1 L1==takas
1 L1==tanýmý
1 L1==temayý
1 L1==terzi
1 L1==teþviði
1 L1==tiplerin
1 L1==törel
1 L1==týkanma
1 L1==yapmam
1 L1==yöre
1 L1==yý
1 L1==ÝSTEDÝÐÝNÝ
1 L1==Ýri
1 L1==Þadan
1 L1==Þengül
1 L1==çayla
1 L1==çekimin
1 L1==çiviyi
1 L1==çizmeden
1 L1==çoklarý
1 L1==çýkarlarýyla
1 L1==çýtýr
1 L1==önleme
1 L1==þayet
1 L2=+'nInDI
1 L2=+AADlArDAn
1 L2=+AADlIKInA
1 L2=+ABAþlArInDAKI
1 L2=+ABIlIyADInA
1 L2=+ABIrA
1 L2=+ABlAnDIsInA
1 L2=+ABmADA
1 L2=+ACAlIm
1 L2=+ACInmAyA
1 L2=+ADArImA
1 L2=+ADArsAn
1 L2=+ADBIrlArInIn
1 L2=+ADDIrAn
1 L2=+ADIfIm
1 L2=+ADIrAsInIn
1 L2=+ADIþAhlArIn
1 L2=+ADlIyorIz
1 L2=+ADrICK
1 L2=+ADyosI
1 L2=+AKAlAlArIylA
1 L2=+AKAlDI
1 L2=+AKArlAnDIrAmAyACAKlArI
1 L2=+AKDAB
1 L2=+AKIBCIsIyIz
1 L2=+AKIflA
1 L2=+AKInIlDIKInI
1 L2=+AKIyorIm
1 L2=+AKIþDIrIlmAsInDAn
1 L2=+AKlIBlArI
1 L2=+AKlIKImI
1 L2=+AKoKIllArInDAn
1 L2=+AKson
1 L2=+AfAKI
1 L2=+AfAn
1 L2=+AfIIlIK
1 L2=+AhlIllArInI
1 L2=+AhzInlArI
1 L2=+AlADIyAlAr
1 L2=+AlAnIK
1 L2=+AlDDIKInDA
1 L2=+AlImADInDA
1 L2=+AlImDAKI
1 L2=+AlIyDIK
1 L2=+AlIþmADAn
1 L2=+AlKInDIrmAnIn
1 L2=+AllAþmAnIn
1 L2=+AlmIþsA
1 L2=+AmAClArlA
1 L2=+AmBAzI
1 L2=+AmDIlIllAh
1 L2=+AmIyorlArsA
1 L2=+AnAI
1 L2=+AnAlDInIn
1 L2=+AnDInIz
1 L2=+AnDInlA
1 L2=+AnIDAmAz
1 L2=+AnImsAmIþ
1 L2=+AnInIzIn
1 L2=+AnKnoDIn
1 L2=+AnlICAyI
1 L2=+ArAflArlA
1 L2=+ArBIlIr
1 L2=+ArCAKlIKI
1 L2=+ArDlAþDIrDIKI
1 L2=+ArImlAr
1 L2=+ArIþInlIKI
1 L2=+Arhoþ
1 L2=+ArslIKIn
1 L2=+ArvADIf
1 L2=+AryIzInIn
1 L2=+ArþIyIm
1 L2=+AsABIylA
1 L2=+AvAzA'nIn
1 L2=+AvIyAsInDAn
1 L2=+AvlADCIlIK
1 L2=+AyDAn'A
1 L2=+AyInDAKI
1 L2=+AyInlAnIrKAn
1 L2=+AyIyorlAr
1 L2=+AyrIrAsmI
1 L2=+AzAnCIn
1 L2=+AzImIzDA
1 L2=+AzIþmAlArA
1 L2=+AzlAyDI
1 L2=+AþAmIþ
1 L2=+AþAnmAsI
1 L2=+AþIþAn
1 L2=+AþKöz'A
1 L2=+BInArIn
1 L2=+BolInA
1 L2=+CAKlAþIB
1 L2=+CIKlArImIz
1 L2=+CIKlAyIn
1 L2=+ChAD
1 L2=+DAlADI
1 L2=+DAmAyACAKImIzI
1 L2=+DAnDInI
1 L2=+DArmAKDADIr
1 L2=+DAylArDAn
1 L2=+DDAr'In
1 L2=+DIrmAz
1 L2=+DlAsAlAr
1 L2=+DlAyIn
1 L2=+DoBCI
1 L2=+IAD'DAKI
1 L2=+IBAK
1 L2=+IClArInDA
1 L2=+IDIrDIKImIz
1 L2=+IDIrmAK
1 L2=+IIrInDA
1 L2=+IKDIKIm
1 L2=+IfIsDA
1 L2=+IlAmAm
1 L2=+IlInCInDAKI
1 L2=+IlInIyorIm
1 L2=+IlKIlI
1 L2=+IlKlArI
1 L2=+IloyI
1 L2=+ImhIrIyADCIlArIn
1 L2=+ImrAl
1 L2=+InDIrIlmAsInIn
1 L2=+InIzDAKInIn
1 L2=+IrAyADlA
1 L2=+IrICIlArDAn
1 L2=+IrIyIþlA
1 L2=+IrlAþImIn
1 L2=+IrsIzIn
1 L2=+IsBI
1 L2=+IssAyI
1 L2=+IvAlInIn
1 L2=+IvvACIlAr
1 L2=+IvvADInA
1 L2=+IyAfADInI
1 L2=+IyAr'A
1 L2=+IzlAmAyI
1 L2=+IþDIrmAlI
1 L2=+IþInIrlArI
1 L2=+IþInmAsI
1 L2=+IþIrDIKInIn
1 L2=+KAKlArInA
1 L2=+KIrACAK
1 L2=+KKol
1 L2=+KrADmAyACAK
1 L2=+KrAnDIK
1 L2=+KrIDA
1 L2=+KörIylA
1 L2=+lICIyA
1 L2=+lIrCAsInA
1 L2=+lKInDA
1 L2=+mAKAnInI
1 L2=+mrAnDIrAn
1 L2=+nAmADIm
1 L2=+nArAlIm
1 L2=+nArmAlArInA
1 L2=+nIDDIK
1 L2=+nIyorDIm
1 L2=+nroA
1 L2=+nþAADCI
1 L2=+oAl
1 L2=+oDIflArIn
1 L2=+oIrsAs
1 L2=+oKmAyAn
1 L2=+olAþIr
1 L2=+olm
1 L2=+orAnI
1 L2=+orIyorsInIz
1 L2=+orKIyorsInIz
1 L2=+osD'In
1 L2=+oyDIlAr
1 L2=+rAmAKDIr
1 L2=+rIzlAr
1 L2=+rmAzsAm
1 L2=+vICInDA
1 L2=+yKIlAnACAK
1 L2=+yKIlAnDIKInI
1 L2=+ylAmAlArA
1 L2=+ylAnAmAz
1 L2=+ylIyorIm
1 L2=+zAKlIKDA
1 L2=+zlAmCIlIK
1 L2=+önIþIrKAn
1 L2=+örAlArI
1 L2=+örDIlAr
1 L2=+þIK'I
1 L2=+þlAD
1 L2==1913
1 L2==61'inin
1 L2==Amir
1 L2==Asman
1 L2==Bugünleri
1 L2==Burcu
1 L2==By
1 L2==CAMDESSUS
1 L2==Cinayetlerde
1 L2==Con
1 L2==Dizide
1 L2==Erman
1 L2==Ertem'in
1 L2==Ezelden
1 L2==FEVZÝ
1 L2==Gülsen
1 L2==HAMÝ
1 L2==KEMALETTÝN
1 L2==Karnemde
1 L2==Kentten
1 L2==Kuþ
1 L2==Köklü
1 L2==Kýzlarýn
1 L2==Nem
1 L2==Olaylar
1 L2==Ortaklýðýn
1 L2==Salý
1 L2==T'yi
1 L2==Tatilde
1 L2==Varsýn
1 L2==allý
1 L2==ata
1 L2==atalet
1 L2==atanlar
1 L2==aðýnýný
1 L2==baðla
1 L2==baðýmý
1 L2==binlerde
1 L2==bitli
1 L2==brakýlmasý
1 L2==camlarýnýn
1 L2==demeti
1 L2==dinde
1 L2==direktörü
1 L2==diyecek
1 L2==düþte
1 L2==etilmediði
1 L2==gari
1 L2==geliþ
1 L2==gidince
1 L2==husunda
1 L2==iþyerleri
1 L2==kadere
1 L2==kamyoncu
1 L2==kapýlacak
1 L2==kazýk
1 L2==kirlenmesi
1 L2==kirleten
1 L2==koku
1 L2==liman
1 L2==mecliste
1 L2==mirasýndan
1 L2==misin
1 L2==muhafaza
1 L2==odaða
1 L2==olduklarýndan
1 L2==olsaydým
1 L2==oluðuna
1 L2==panik
1 L2==peþinen
1 L2==sýrlarýnýn
1 L2==tarife
1 L2==taþlarý
1 L2==tempolu
1 L2==tribünde
1 L2==vurdu
1 L2==yakasýna
1 L2==yaptýk
1 L2==yapýlacaðýna
1 L2==yatýn
1 L2==yutmasýna
1 L2==yýkýlmaz
1 L2==Çizgi
1 L2==Öteden
1 L2==Öyküsüyle
1 L2==Ýlle
1 L2==ÞOTA
1 L2==çakýyor
1 L2==çaðýn
1 L2==çekimleri
1 L2==çeteye
1 L2==örtülüler
1 L2==övünme
1 L2==öyküsünü
1 L2==öðrenilen
1 L2==üretimde
1 L2==ýrklara
1 R1=+.sI
1 R1=+AADADmAz
1 R1=+ABACAKlArDI
1 R1=+ABADIlsIn
1 R1=+ABAnAnlArDAn
1 R1=+ABAnCIlAþmIþlIKI
1 R1=+ABArlArInA
1 R1=+ABIlACCAKIz
1 R1=+ABIlAmAyACAKInI
1 R1=+ABmADIKI
1 R1=+ACAKonDIlArInIn
1 R1=+ACIlAnA
1 R1=+ADAflAmAyA
1 R1=+ADAnAKDA
1 R1=+ADAyInI
1 R1=+ADDAnIyA
1 R1=+ADDIþIn
1 R1=+ADInlAr'DAKI
1 R1=+ADIonAl
1 R1=+ADIrAlAr
1 R1=+ADrIs'DA
1 R1=+AKAlADmAK
1 R1=+AKAnmAzDI
1 R1=+AKDIrInA
1 R1=+AKIKADI
1 R1=+AKImsIzlIKInIn
1 R1=+AKKIn
1 R1=+AKlArIm
1 R1=+AKlArImIzDA
1 R1=+AKmAlAmAlArI
1 R1=+AfADlArlA
1 R1=+AfAnDInIn
1 R1=+AfInIzDAn
1 R1=+AhCAn
1 R1=+AjIKomIK
1 R1=+AlAmAmAK
1 R1=+AlArInsA
1 R1=+AllIyDI
1 R1=+AmAClArInI
1 R1=+AmAlIlAr
1 R1=+AmIsIylA
1 R1=+AmlArImDIr
1 R1=+AmmInA
1 R1=+AnADIrsIn
1 R1=+AnAsDIrlI
1 R1=+AnlIKIm
1 R1=+ArDAlArInIn
1 R1=+ArDIþIlmAsI
1 R1=+ArIrsAK
1 R1=+ArKI'nDAn
1 R1=+ArhABA
1 R1=+Arol
1 R1=+Arson
1 R1=+ArþIlAþDIrIlDI
1 R1=+AsIrDIr
1 R1=+AvADlAr
1 R1=+AvlAnDIrIlmAlArInDA
1 R1=+AvmAyAn
1 R1=+AyBADIlACAK
1 R1=+AyIKsInIz
1 R1=+AymIyor
1 R1=+AynAKlArInIn
1 R1=+AzArlArInA
1 R1=+AþIDlAr
1 R1=+AþKAnDlAr
1 R1=+BAKI'nIn
1 R1=+BAlIlArIn
1 R1=+BDIlKArIm
1 R1=+CAKlA
1 R1=+DArIsIylA
1 R1=+DIKACInIn
1 R1=+DIKDörI
1 R1=+DIllArI'nA
1 R1=+DInlADmIþDIr
1 R1=+DInlAþmA
1 R1=+DIsADCIlAr
1 R1=+DKInlIKlArInI
1 R1=+DmAnsIz
1 R1=+IBAh
1 R1=+IDAnmAsInDA
1 R1=+IKAnI
1 R1=+IKArlArIylA
1 R1=+IKAyACI
1 R1=+IhBIr
1 R1=+IhnIyADInDAn
1 R1=+IjDAlI
1 R1=+IlInACAK
1 R1=+IlIþDIKI
1 R1=+ImhIr
1 R1=+ImlIKA
1 R1=+ImolAr
1 R1=+InAy'In
1 R1=+InBIlID
1 R1=+InmIyorDI
1 R1=+InyAmIz
1 R1=+IrAnCInI
1 R1=+IrDIlI
1 R1=+IrDIrIlDIKI
1 R1=+IrlAþDIrArAK
1 R1=+IrslArInA
1 R1=+IsIlmAKDAn
1 R1=+IvAnlIKlI
1 R1=+IvArlAnAn
1 R1=+IyInDAn
1 R1=+IzAyImIz
1 R1=+IzInAr'In
1 R1=+IzlAnDIKI
1 R1=+IþAKIz
1 R1=+IþKImIz
1 R1=+IþsAyDI
1 R1=+KAKDAKI
1 R1=+KlInIz
1 R1=+KrABAlIKA
1 R1=+KrAsI'nIn
1 R1=+fABAyA
1 R1=+lADImlArI
1 R1=+lAjlAr
1 R1=+lDIrmAKlA
1 R1=+lImlA
1 R1=+lInDIlAr
1 R1=+lmAzlArsA
1 R1=+mIrICI
1 R1=+mKAnlArInI
1 R1=+monIKA
1 R1=+nlAnDIrmAsI
1 R1=+nsAlArInA
1 R1=+nsIrlArInI
1 R1=+oDACIlAr
1 R1=+oKImIzI
1 R1=+orInmAsInDA
1 R1=+orKmADAn
1 R1=+orsAyI
1 R1=+oyIsI
1 R1=+rAyACAKlArInI
1 R1=+rDmAlArI
1 R1=+zAKDA
1 R1=+zlAþmAsInA
1 R1=+örIþmADI
1 R1=+öylADIr
1 R1=+þAKIlArA
1 R1==1940
1 R1==313.
1 R1==4207
1 R1==AT
1 R1==Bar'a
1 R1==Dünü
1 R1==Kadar
1 R1==Kazan'a
1 R1==Kýlacak
1 R1==Mis
1 R1==Oz
1 R1==RESÝM
1 R1==TARAFSIZ
1 R1==TARTIÞILIYOR
1 R1==Yasa
1 R1==aksi
1 R1==aktörün
1 R1==atanmasýný
1 R1==bak
1 R1==bitene
1 R1==bulamýyoruz
1 R1==dem
1 R1==deðerlerin
1 R1==duasý
1 R1==eriyor
1 R1==geldikleri
1 R1==gelecektir
1 R1==geçimini
1 R1==girilmesini
1 R1==güçte
1 R1==gýpta
1 R1==hadi
1 R1==halý
1 R1==hisleri
1 R1==itmek
1 R1==iyisi
1 R1==kanmýþ
1 R1==katýlmasýný
1 R1==kaçýp
1 R1==kýzlar
1 R1==makamda
1 R1==niyetinden
1 R1==oturumu
1 R1==pes
1 R1==seçtim
1 R1==solcunun
1 R1==sustu
1 R1==tablolar
1 R1==ulaþma
1 R1==uymaya
1 R1==yaka
1 R1==yayýnlayan
1 R1==yediye
1 R1==yoðu
1 R1==Öðrenci
1 R1==Üzerinde
1 R1==çalmak
1 R1==çýkarlarýnýn
1 R1==ödeyenler
1 R1==ölümlerini
1 R1==ürünüdür
1 R1==þerefin
1 R2=+ABAnmAyACAK
1 R2=+ABhAn
1 R2=+ABlosInIIn
1 R2=+ABorADIAr
1 R2=+ABsAmlIDIr
1 R2=+ACIsIylA
1 R2=+ACmAsInIn
1 R2=+ADIrlAyAmIyorIm
1 R2=+ADrAj
1 R2=+AKAlAmAyA
1 R2=+AKAmlIKI
1 R2=+AKArADlAr
1 R2=+AKInDAyIm
1 R2=+AKlAyAmAmAKDA
1 R2=+AKlIKInDAn
1 R2=+AKosAlIlAr
1 R2=+AKsIDDA
1 R2=+AhKAmA'nIn
1 R2=+Ahov
1 R2=+AlIKoBDArlA
1 R2=+AllAflAr
1 R2=+AmArAlAr
1 R2=+AmBIrKAr
1 R2=+AmIrInI
1 R2=+AnAmAyACAKIm
1 R2=+AnCKoDI
1 R2=+AnDAlA
1 R2=+AnDlAþmAnIn
1 R2=+AnIlAnIr
1 R2=+AnIþlArInDA
1 R2=+AnmAmAmI
1 R2=+AnsIBIDIr
1 R2=+AnsIBlArIn
1 R2=+AnsIrDAn
1 R2=+AnþADIylA
1 R2=+ArAKInIz
1 R2=+ArBAyI
1 R2=+ArBmAylA
1 R2=+ArClArI
1 R2=+ArDAsDDIr
1 R2=+ArImCIlArI
1 R2=+ArIþCI
1 R2=+ArIþmAlArA
1 R2=+ArKAlArDAn
1 R2=+ArmAyIz
1 R2=+ArsABIlACAKInI
1 R2=+ArsIDADAn
1 R2=+AsDolArIn
1 R2=+AsIslIK
1 R2=+AsmImDA
1 R2=+AvAþmAlI
1 R2=+AvrAnIþDI
1 R2=+AvrIsI
1 R2=+AyACAKInDAn
1 R2=+AyDlAr
1 R2=+AylAmIþDIr
1 R2=+AynAþDIrmAK
1 R2=+AzCIylA
1 R2=+AþArIsIylA
1 R2=+AþImAlIyIz
1 R2=+BArAyI
1 R2=+BIyA'yI
1 R2=+BIyADlArDA
1 R2=+BlomADlArInI
1 R2=+CInABIlACAKlArI
1 R2=+ClAnDIrIr
1 R2=+DABAlI
1 R2=+DIlIKI
1 R2=+DIrIrsInIz
1 R2=+DIrmIþlIKIm
1 R2=+DlArImlA
1 R2=+DmAylA
1 R2=+DorIDAr
1 R2=+ICImIzA
1 R2=+IKKADImI
1 R2=+IfIsInA
1 R2=+IfIz
1 R2=+IlAnmAyACAKI
1 R2=+IlyonArlArImIz
1 R2=+IlyonlArDA
1 R2=+InIlArAK
1 R2=+InIrIn
1 R2=+IrAlADIK
1 R2=+IrAlAmAsI
1 R2=+IrAlAnIyor
1 R2=+IrDAKI
1 R2=+IrIllArInI
1 R2=+IrsIzA
1 R2=+IsyonArI
1 R2=+IyIrmAyI
1 R2=+IyKIsInI
1 R2=+IzDIrACAK
1 R2=+IzIKImIz
1 R2=+IþIrmAsInI
1 R2=+IþIyorsInIz
1 R2=+KAllAyACAK
1 R2=+Km'lIlArIn
1 R2=+KrAmlIyDI
1 R2=+KsIllA
1 R2=+fo'lArA
1 R2=+nImImIz
1 R2=+nImsAyArAK
1 R2=+nlAmIyorIm
1 R2=+nlAþmAK
1 R2=+oDIfInIn
1 R2=+orKIDAn
1 R2=+orKIlArI
1 R2=+orlAnmAyA
1 R2=+oyAyAn
1 R2=+oþDIrAn
1 R2=+rABIlmA
1 R2=+rmAnlIK
1 R2=+rsAlAyACAK
1 R2=+srIn
1 R2=+yDIrAmADI
1 R2=+ylAmlArDA
1 R2=+ylIyorsA
1 R2=+ölAnInI
1 R2=+örABIlmAK
1 R2=+örIþImI
1 R2=+özlAþmAyA
1 R2==Atýl
1 R2==Baþkalarýyla
1 R2==Belediyeler
1 R2==Bilgin
1 R2==Bin
1 R2==Dýþarýda
1 R2==Ey
1 R2==Eþ'te
1 R2==Firma
1 R2==Girer
1 R2==Giyen
1 R2==H.
1 R2==Hele
1 R2==Karþý
1 R2==Köyde
1 R2==Maçýn
1 R2==Mevlidhanlar
1 R2==Planý
1 R2==Sahtekarlýðýn
1 R2==Vadeli
1 R2==Yurttaþ
1 R2==adalarýna
1 R2==aðlatýyor
1 R2==davayý
1 R2==diyenlere
1 R2==duymuþlar
1 R2==gezdiði
1 R2==haþin
1 R2==iletmelerini
1 R2==imansýz
1 R2==iþim
1 R2==kalýndý
1 R2==lekeler
1 R2==listesi
1 R2==maketli
1 R2==maçlar
1 R2==mini
1 R2==müþmanlýk
1 R2==namýný
1 R2==sanýrým
1 R2==selim
1 R2==sever
1 R2==sittin
1 R2==sollu
1 R2==sýzýyor
1 R2==uzaydaki
1 R2==verdiðim
1 R2==yoktan
1 R2==ÇATLI'YI
1 R2==Þeyhin
1 R2==çalacaðým
1 R2==üyeliði
1 R2==þekil
1 W=+'yDIm
1 W=+A'sInIn
1 W=+ABADAyIlIKIylA
1 W=+ABADDIrAn
1 W=+ABAKAnIm
1 W=+ABAmAsIn
1 W=+ABAnCIlAþmIþ
1 W=+ABArlIKInIn
1 W=+ABBADInIz
1 W=+ABIKAlIsI
1 W=+ABImCIsI
1 W=+ABImCIsInIn
1 W=+ABIrlIKDAn
1 W=+ABIrlIKI
1 W=+ABlAnDIrmAlIsInIz
1 W=+ABrAzDAn
1 W=+ACADCIlArInIn
1 W=+ACAKDInIz
1 W=+ACAKlArDAn
1 W=+ACAmAzsAn
1 W=+ACAnI
1 W=+ACAvIzCI
1 W=+ACAvIzCIlArA
1 W=+ACAvIzCIyI
1 W=+ACIlmIþlArDAn
1 W=+ACIrACAKlArDIr
1 W=+ACIrDInIz
1 W=+ACIrIl
1 W=+ACIrIlIþInDA
1 W=+ACIrIn
1 W=+ACIrmAlI
1 W=+ACIyDIm
1 W=+ACIþIn
1 W=+ACKInlArInIn
1 W=+AClIK
1 W=+ADACAKlArDI
1 W=+ADAKlIylA
1 W=+ADAlACI
1 W=+ADAlsIzDAn
1 W=+ADArImIz
1 W=+ADArlIKInI
1 W=+ADCIlArInI
1 W=+ADCIsInIn
1 W=+ADDIKlArImlA
1 W=+ADICIlIKInDA
1 W=+ADIKlArImIzlA
1 W=+ADIKlArInIzDAn
1 W=+ADIlmAyAnlArlA
1 W=+ADIlmIþlIK
1 W=+ADImsAl
1 W=+ADInDAnIm
1 W=+ADIrImCIlArInDA
1 W=+ADIrlAyACAKIn
1 W=+ADIþImCI
1 W=+ADIþlArInIn
1 W=+ADIþlArIylA
1 W=+ADKAnlIKInA
1 W=+ADlAmAlArDA
1 W=+ADlAþIr
1 W=+ADlIKInDA
1 W=+ADlIm
1 W=+ADmIþlI
1 W=+AIKIm
1 W=+AIllIlArI
1 W=+AKACAKIn
1 W=+AKAnDI
1 W=+AKArlAnDIrIrIm
1 W=+AKArlAnDIrmAlArInIzDA
1 W=+AKDAþlIKInI
1 W=+AKDIrI
1 W=+AKIlIn
1 W=+AKInlAþmAKDADIr
1 W=+AKIzIn
1 W=+AKIzlA
1 W=+AKIzlAr
1 W=+AKIþDIlAr
1 W=+AKIþIKlIKlArInA
1 W=+AKIþIKlIKlArlA
1 W=+AKIþlA
1 W=+AKKIllI
1 W=+AKlAmAlArlA
1 W=+AKlAnACAKsIn
1 W=+AKlAnIn
1 W=+AKlAnIrlAr
1 W=+AKlAþIrlAr
1 W=+AKlAþmIþlAr
1 W=+AKlIyDIK
1 W=+AKrArlAyACAKlAr
1 W=+AKrIlIsI
1 W=+AKsDIlCIlArI
1 W=+AfAhCIlArI
1 W=+AfCIlArDAn
1 W=+AfCIlArInIn
1 W=+AfCInIn
1 W=+AfIKlAr
1 W=+AfIllAr
1 W=+AfsA
1 W=+AhAllInA
1 W=+AhAllInDA
1 W=+AhDArlIKInA
1 W=+AhIlIK
1 W=+AhImI
1 W=+AhvACI
1 W=+AlAKADDI
1 W=+AlAmACA
1 W=+AlAmAlIDIr
1 W=+AlAnCInIn
1 W=+AlAnmAmIþDIm
1 W=+AlAþmAlArInIn
1 W=+AlDDInIz
1 W=+AlDmAlArInI
1 W=+AlIBlIlArI
1 W=+AlIKmIþ
1 W=+AlIlIlArIn
1 W=+AlIrDmAlIyIz
1 W=+AlIrmIþ
1 W=+AlIsInI
1 W=+AlIþDIrmAmIþ
1 W=+AlIþInA
1 W=+AlIþInDA
1 W=+AlIþlArI
1 W=+AlIþlArIylA
1 W=+AlKAnCInIn
1 W=+AlKAsAlInDA
1 W=+AlKAsAllArDAn
1 W=+AllAflAr
1 W=+AllAflArI
1 W=+AllAþmAKDADIr
1 W=+AmAmIþDIm
1 W=+AmAnDArIm
1 W=+AmAyACAKlArDI
1 W=+AmAyIþImIzIn
1 W=+AmAzAnlIK
1 W=+AmAzlArsA
1 W=+AmIzDAn
1 W=+AmfIKIrlAr
1 W=+AmlIKIylA
1 W=+AmoKrADIm
1 W=+AmsArlIKlArI
1 W=+AmsArlIKlArInI
1 W=+AmyonCIsI
1 W=+AnAmAsA
1 W=+AnDAlIKI
1 W=+AnDIrIrlArsA
1 W=+AnDIrmIþlAr
1 W=+AnDlIsI
1 W=+AnICI
1 W=+AnICInIn
1 W=+AnIlmAyACAKIm
1 W=+AnIlmIþlAr
1 W=+AnImCIK
1 W=+AnIsInIn
1 W=+AnIsKAsI
1 W=+AnIþIm
1 W=+AnKInlArI
1 W=+AnlArDAnIm
1 W=+AnlArsInIz
1 W=+AnlIKlArImIz
1 W=+AnlIþDI
1 W=+AnlIþlIKInI
1 W=+AnlIþsA
1 W=+AnmAnI
1 W=+AnoyAKlAr
1 W=+AnsIDmIþ
1 W=+AnzArlArInDAn
1 W=+ArAKlIlArInI
1 W=+ArAnlArDA
1 W=+ArAnsI
1 W=+ArAsKArlIK
1 W=+ArBIKlAþIr
1 W=+ArBIþDIm
1 W=+ArDImCIlIKInDA
1 W=+ArDmAyACAKlAr
1 W=+ArDmIþ
1 W=+ArDsInlAr
1 W=+ArI'nDA
1 W=+ArIBlAr
1 W=+ArIlIsIn
1 W=+ArInDIrIlmAzlAr
1 W=+ArIþInlArI
1 W=+ArKAmAlIlAr
1 W=+ArKICIylA
1 W=+ArKIlAnDInIz
1 W=+ArlAKlIKInI
1 W=+ArlIKCA
1 W=+ArlIlIKlArInIn
1 W=+ArmAyACAKlArDIr
1 W=+AronlIKDA
1 W=+ArsInlAr
1 W=+ArþIDlArInDA
1 W=+AsDAKlAnACAK
1 W=+AsDCI
1 W=+AsDIrmIþIm
1 W=+AsDIrmIþlAr
1 W=+AsIArlArsA
1 W=+AsIKAlIK
1 W=+AsIKlAr
1 W=+AsIl
1 W=+AsIlArImIz
1 W=+AsInlAþmAmIþ
1 W=+AsIrlArI
1 W=+AsIslIKlA
1 W=+AssAsDI
1 W=+AssAsInDA
1 W=+AssAsmIþ
1 W=+AsyonAlDI
1 W=+AvACIlArI
1 W=+AvADlInIn
1 W=+AvAnlArInDAn
1 W=+AvAnlArInI
1 W=+AvAþlIK
1 W=+AvIlCIsI
1 W=+AvIlCIsInIn
1 W=+AvIrlIK
1 W=+AvlInIn
1 W=+AvrACIlArI
1 W=+AvrICIKIm
1 W=+AvþAmA
1 W=+AyAnImIz
1 W=+AyBIn
1 W=+AyBIylA
1 W=+AyIBlArInA
1 W=+AyIBlArInI
1 W=+AyIBlArInIz
1 W=+AyICIsIsInIz
1 W=+AyIþlArInDAn
1 W=+AyIþlArInI
1 W=+AylAsIn
1 W=+AzAlIsI
1 W=+AzAnImlAr
1 W=+AzAsIn
1 W=+AzDIKlArInIzIn
1 W=+AzlIKImIn
1 W=+AzlIKlArInDA
1 W=+AzlImlArI
1 W=+AþAlIm
1 W=+AþInDIm
1 W=+AþKInsInIz
1 W=+AþlAnIrlArsA
1 W=+AþlArIn
1 W=+AþlICAlArInI
1 W=+AþvIKCIsI
1 W=+BArIr
1 W=+BDAlCA
1 W=+BIKArlIKInDA
1 W=+BIlArI
1 W=+BIlArlIKI
1 W=+BIrInDAn
1 W=+BolCIlArInIzIn
1 W=+BorCIsInI
1 W=+BrAKIm
1 W=+CACIm
1 W=+CAlDI
1 W=+CAmlICA
1 W=+CIKKözIn
1 W=+CIKKözlArIn
1 W=+CIKlArInA
1 W=+CIKsIn
1 W=+CIlArIz
1 W=+CIlIþInA
1 W=+CIlIþlAr
1 W=+CIrDACAK
1 W=+ClAnDIK
1 W=+ClAnDInIz
1 W=+ClAnIrlAr
1 W=+ClAnmAlArDA
1 W=+DAmIsIn
1 W=+DArlIKlArI
1 W=+DIKlArImA
1 W=+DIflArInDA
1 W=+DIlIKA
1 W=+DIlIyDIK
1 W=+DImAlIm
1 W=+DInInDA
1 W=+DInlArInIn
1 W=+DInlAþACAKIz
1 W=+DInlIlArDA
1 W=+DIrACAKDIm
1 W=+DIrAnIn
1 W=+DIrDDInIz
1 W=+DIrmIþDIm
1 W=+DIsIylA
1 W=+DIvCIlArDA
1 W=+DIyAnlIKDA
1 W=+DIyAnlIKI
1 W=+DIyorlArsA
1 W=+DIþImDAn
1 W=+DIþlArIn
1 W=+DKAnlIKI
1 W=+DKInlIKlArInA
1 W=+DlAnACAKlArDI
1 W=+IBArCI
1 W=+IBIsI
1 W=+IDArmAlIDIr
1 W=+IDImCIlArInDAn
1 W=+IIrsIzCA
1 W=+IKADIm
1 W=+IKCIlArImIz
1 W=+IKDAlAr
1 W=+IKImADIm
1 W=+IKImlIlIKlArImIzA
1 W=+IKInKIlArI
1 W=+IKInKInA
1 W=+IKIrlArImIz
1 W=+IKIþDIK
1 W=+IKIþImIzI
1 W=+IKsAKlIKDA
1 W=+IKsAKmIþ
1 W=+IKsAlIþIn
1 W=+IfDlArDAn
1 W=+IhAlAnDI
1 W=+IlInmAyACAKlAr
1 W=+IlIzCADAn
1 W=+IlIþmAlArlA
1 W=+IlmAnA
1 W=+IlmAzDIm
1 W=+IlmIm
1 W=+IlmIþIn
1 W=+IlmsAl
1 W=+IlsIzIn
1 W=+IlyArlArI
1 W=+IlyonlArCAsI
1 W=+ImAnlIKInI
1 W=+ImArInIn
1 W=+ImCIlArIylA
1 W=+ImIþADDIK
1 W=+ImKIlAr
1 W=+ImlArsA
1 W=+ImlAþmAlArI
1 W=+ImsArlIKA
1 W=+ImsArlIKInA
1 W=+InAmACI
1 W=+InCImIzIn
1 W=+InlAþmAlArI
1 W=+InmAmAlI
1 W=+InmAmAlIlAr
1 W=+IrAlAyACAK
1 W=+IrDAlIKI
1 W=+IrDAnIn
1 W=+IrIyIþA
1 W=+IrIþlArIn
1 W=+IrIþlArInIn
1 W=+IrKCAlArI
1 W=+IrKCIsI
1 W=+IrKlIK
1 W=+IrKlIKA
1 W=+IrsIzlIKlArInI
1 W=+IsACAK
1 W=+IsACIsI
1 W=+IsAlIm
1 W=+IslAn
1 W=+IvArIn
1 W=+IyAhlArI
1 W=+IyAnlArImIzIn
1 W=+IyIKlArInA
1 W=+IzIKlAr
1 W=+IzlAnIn
1 W=+IzlArInIzA
1 W=+IzlArIz
1 W=+IzmIþlAr
1 W=+IzsIzlArI
1 W=+IzzACI
1 W=+IþCI'yA
1 W=+IþIrIrsInIz
1 W=+IþIrsAK
1 W=+IþIþlArInA
1 W=+IþIþlArInIn
1 W=+IþKAnlIKlArDAn
1 W=+IþKAnlIKlArI
1 W=+KInmAKDADIr
1 W=+KIþlArInDAn
1 W=+KrIlIK
1 W=+KrIsIn
1 W=+KsAKlIKlArDAn
1 W=+KsIKIm
1 W=+hmAKCA
1 W=+lADACAKIm
1 W=+lADICIsI
1 W=+lAlArInA
1 W=+lAlIKA
1 W=+lAmAyACAKlAr
1 W=+lAmlIK
1 W=+lAylAþIr
1 W=+lDIrmAlIyIz
1 W=+lIllI
1 W=+lIslIKDA
1 W=+lKICInIn
1 W=+lKlAr
1 W=+mAKCIsI
1 W=+mAnsIzCA
1 W=+mInDIlAr
1 W=+mInDIm
1 W=+mIrlIKI
1 W=+nAlACAKlAr
1 W=+nAyACAKlAr
1 W=+nAyIþIylA
1 W=+nDArlIKI
1 W=+nDIrACAKIm
1 W=+nIþAnIn
1 W=+nlAþABIlIrIz
1 W=+nrAlArIn
1 W=+nsAnDIm
1 W=+olIm
1 W=+onIþmAn
1 W=+orKIDA
1 W=+orKmAlIyIz
1 W=+orlAnIyorIm
1 W=+orlAnmADIm
1 W=+orsACIlArI
1 W=+osyAlDA
1 W=+oyIlAþIr
1 W=+ozlAþmIþ
1 W=+oþIllI
1 W=+rADICIlArInA
1 W=+rAyACAKlAr
1 W=+rAyIþlArInA
1 W=+rAþDIrmAmIz
1 W=+rDIrAlIm
1 W=+rDlIyA
1 W=+rfCIsI
1 W=+sIzlArDAn
1 W=+sKIlAr
1 W=+sKIlArIylA
1 W=+yAlIKIm
1 W=+yAlIKlA
1 W=+yAlIKlArInIn
1 W=+yIsIn
1 W=+yIsInIn
1 W=+yIyDIK
1 W=+yrAnCInIn
1 W=+zADmADIm
1 W=+zAKInDA
1 W=+zAlDA
1 W=+zAlInDA
1 W=+ömIrCI
1 W=+önIþInDA
1 W=+þInIyorIm
1 W=+þIrIlIK
1 W=+þlAyIþIn
1 W=+þlAyIþInA
1 W=+þsIzlArIn
1 W==13.30'da
1 W==ANALARIMIZ
1 W==Aldýran
1 W==Aldýrýþ
1 W==Anlatacaðýz
1 W==Anlaþýlmaz
1 W==Atamayana
1 W==Avukatlýk
1 W==Aynýsýný
1 W==Açýlýþýný
1 W==Bakýþlar
1 W==Bankacýlara
1 W==Baþsavcýlýða
1 W==Baþsavcýlýðýna
1 W==Beraberlik
1 W==Bulana
1 W==Bulaþýcý
1 W==Büyüktü
1 W==Cinciyi
1 W==Devdi
1 W==Deðiþiklikle
1 W==Dinleyicilere
1 W==Diyebilirsiniz
1 W==Dövizli
1 W==Düzenlemesi
1 W==Etkili
1 W==Eðitimci
1 W==Franklýn
1 W==Futbolculara
1 W==Fýrýncý
1 W==Gelip
1 W==Gelmiþ
1 W==Güllük
1 W==Hýrslý
1 W==Irkçý
1 W==KURULDUÐUNDAN
1 W==Kalkmasý
1 W==Karþýtý
1 W==Kimim
1 W==Kokuþmuþ
1 W==Konuþmasý
1 W==Korunur
1 W==Olamaz
1 W==Otuzlu
1 W==Rahatlýkla
1 W==SAVAÞAMAYIZ
1 W==SERTLÝK
1 W==Sayýlan
1 W==Sekreterlik
1 W==Seçmez
1 W==Sonrasý
1 W==Sporcu
1 W==Sütçü
1 W==Taylan
1 W==Tüketiciyi
1 W==Uygarlýk
1 W==Yakalandý
1 W==Yasaklý
1 W==Yenilmedi
1 W==Yeten
1 W==Yokuz
1 W==Yüzümüzü
1 W==Yýrtýcý
1 W==Zorunluluk
1 W==akýttýk
1 W==alýndýlar
1 W==alýnmaz
1 W==arasýn
1 W==azmýþ
1 W==barbarlýðýna
1 W==barýþmasý
1 W==binler
1 W==daralýr
1 W==denirmiþ
1 W==denmez
1 W==derecek
1 W==duracaðým
1 W==erime
1 W==faninin
1 W==geneline
1 W==golcüsü
1 W==hoþa
1 W==ikimizle
1 W==liderse
1 W==masumlar
1 W==masumlarý
1 W==nicelerini
1 W==olman
1 W==olunmaktadýr
1 W==olunsun
1 W==oluþlarýn
1 W==oluþuna
1 W==passa
1 W==sakatlýðým
1 W==unutan
1 W==uçuþlarý
1 W==varlar
1 W==varlarý
1 W==varýz
1 W==vuruþmadan
1 W==vuruþtular
1 W==yaman
1 W==yapaný
1 W==yataklýk
1 W==yazýnýz
1 W==yenmeliyiz
1 W==yürütecek
1 W==ÇIKARIRDINIZ
1 W==Çalýþmasý
1 W==Çeliþkili
1 W==Çocuklarýmýz
1 W==Ýkide
1 W==Ýlgili
1 W==Ýrili
1 W==Þampiyonluðunu
1 W==çokmuþ
1 W==öylece
1 W==üretecekler
1 W==üretmektedir
