** Message: $Id: dlist.c,v 2.10 2004/10/28 16:46:53 dyuret Exp $
** Message: ==> READING
** Message: Reading data from stdin (1 dot = 10000 instances)

** Message: Read 199 instances.
** Message: ==> TRAINING
** Message: Training on 136 instances (1 dot = 100 rules)
.
** Message: Got 6 rules out of 2570 candidates.
** Message: Training set performance:
** Message: nrules:	corr:	incorr:	percent:
** Message: 6	136	0	100.00%
** Message: ==> VALIDATION
** Message: Validating on 29 instances (1 dot = 1000 instances)
.
** Message: Best number of rules to use: 1
** Message: nrules:	corr:	incorr:	percent:
** Message: 1	27	2	93.10%
** Message: 6	27	2	93.10%
** Message: ==> TESTING
** Message: Testing on 34 instances (1 dot = 1000 instances)
.
** Message: nrules:	corr:	incorr:	percent:
** Message: 1	33	1	97.06%
** Message: 0	17	17	50.00%
** Message: ==> WRITING
** Message: Wrote 1 rules to stdout.
