** Message: $Id: dlist.c,v 2.10 2004/10/28 16:46:53 dyuret Exp $
** Message: ==> READING
** Message: Reading data from stdin (1 dot = 10000 instances)

** Message: Read 47 instances.
** Message: ==> TRAINING
** Message: Training on 29 instances (1 dot = 100 rules)
.
** Message: Got 2 rules out of 526 candidates.
** Message: Training set performance:
** Message: nrules:	corr:	incorr:	percent:
** Message: 2	29	0	100.00%
** Message: ==> VALIDATION
** Message: Validating on 7 instances (1 dot = 1000 instances)
.
** Message: Best number of rules to use: 1
** Message: nrules:	corr:	incorr:	percent:
** Message: 1	7	0	100.00%
** Message: 2	7	0	100.00%
** Message: ==> TESTING
** Message: Testing on 11 instances (1 dot = 1000 instances)
.
** Message: nrules:	corr:	incorr:	percent:
** Message: 1	11	0	100.00%
** Message: 0	17	-6	154.55%
** Message: ==> WRITING
** Message: Wrote 1 rules to stdout.
