** Message: $Id: dlist.c,v 2.10 2004/10/28 16:46:53 dyuret Exp $
** Message: ==> READING
** Message: Reading data from stdin (1 dot = 10000 instances)

** Message: Read 157 instances.
** Message: ==> TRAINING
** Message: Training on 107 instances (1 dot = 100 rules)
.
** Message: Got 8 rules out of 2416 candidates.
** Message: Training set performance:
** Message: nrules:	corr:	incorr:	percent:
** Message: 8	107	0	100.00%
** Message: ==> VALIDATION
** Message: Validating on 25 instances (1 dot = 1000 instances)
.
** Message: Best number of rules to use: 6
** Message: nrules:	corr:	incorr:	percent:
** Message: 6	25	0	100.00%
** Message: 8	25	0	100.00%
** Message: ==> TESTING
** Message: Testing on 25 instances (1 dot = 1000 instances)
.
** Message: nrules:	corr:	incorr:	percent:
** Message: 6	25	0	100.00%
** Message: 5	24	1	96.00%
** Message: 3	22	3	88.00%
** Message: 2	20	5	80.00%
** Message: 1	19	6	76.00%
** Message: ==> WRITING
** Message: Wrote 6 rules to stdout.
