** Message: $Id: dlist.c,v 2.10 2004/10/28 16:46:53 dyuret Exp $
** Message: ==> READING
** Message: Reading data from stdin (1 dot = 10000 instances)
.....
** Message: Read 50766 instances.
** Message: ==> TRAINING
** Message: Training on 33653 instances (1 dot = 100 rules)
.
** Message: Got 1 rules out of 1271 candidates.
** Message: Training set performance:
** Message: nrules:	corr:	incorr:	percent:
** Message: 1	33653	0	100.00%
** Message: ==> VALIDATION
** Message: Validating on 8606 instances (1 dot = 1000 instances)
.........
** Message: Best number of rules to use: 1
** Message: nrules:	corr:	incorr:	percent:
** Message: 1	8606	0	100.00%
** Message: 1	8606	0	100.00%
** Message: ==> TESTING
** Message: Testing on 8507 instances (1 dot = 1000 instances)
.........
** Message: nrules:	corr:	incorr:	percent:
** Message: 1	8507	0	100.00%
** Message: 0	25	8482	0.29%
** Message: ==> WRITING
** Message: Wrote 1 rules to stdout.
