** Message: $Id: dlist.c,v 2.10 2004/10/28 16:46:53 dyuret Exp $
** Message: ==> READING
** Message: Reading data from stdin (1 dot = 10000 instances)

** Message: Read 747 instances.
** Message: ==> TRAINING
** Message: Training on 490 instances (1 dot = 100 rules)
.
** Message: Got 5 rules out of 6974 candidates.
** Message: Training set performance:
** Message: nrules:	corr:	incorr:	percent:
** Message: 5	490	0	100.00%
** Message: ==> VALIDATION
** Message: Validating on 134 instances (1 dot = 1000 instances)
.
** Message: Best number of rules to use: 1
** Message: nrules:	corr:	incorr:	percent:
** Message: 1	133	1	99.25%
** Message: 5	133	1	99.25%
** Message: ==> TESTING
** Message: Testing on 123 instances (1 dot = 1000 instances)
.
** Message: nrules:	corr:	incorr:	percent:
** Message: 1	120	3	97.56%
** Message: 0	17	106	13.82%
** Message: ==> WRITING
** Message: Wrote 1 rules to stdout.
