1
0 W=~için
0 W=+Iz
0 W=~uzun
0 W=~basýn
0 R1=<S>
0 W=~metin
0 W=~altýn
0 W=~izin
0 W=~yarýn
0 W=~oyun
0 W=~yoðun
0 W=~yayýn
0 W=~kesin
0 W=+A
0 W=+r
0 W=+I
0 W=+þ
0 W=+K
0 W=+C
1 W=+KI
0 W=~emin
0 W==,
0 W=~beyin
0 W=+AKsIzIn
0 W=+An
0 W=+oyIn
0 W=+DIKIn
0 W=~üstün
0 W=~zemin
0 W=+InIm
0 W=~alýn
0 W=+mAnDIlArIn
0 W=~kimin
0 W=~sakýn
0 W=~akýn
0 W=="
0 L1=+0'lI
0 W=+nyAmIn
0 W=+AlBA'nIn
0 W==Tekin
0 W=+l
0 W==.
0 W==ödün
0 W==yemin
0 W=+AnzIn
0 W=+DIm
0 W=~esin
0 W==örneðin
1 W=+'In
0 W=+AChI'nIn
0 W=+nAs'In
0 W==(
0 W==:
0 W=+ArlIKI'nIn
0 L2==D
0 W=+AnDAvI'nIn
0 W=+DrIn
0 W==Lebed'in
0 W==nelerin
0 W==Goþa'nýn
0 W=~düþünün
0 W==Tosun
0 W=~kimlerin
0 W=+IKIyAmA'nIn
0 W=+vsKI'nIn
1 W=='
1 W=~kimin L1==,
0 L1==Alan
0 W=+AnDIlAr'In
0 W=+onA'nIn
0 W==Kevin
0 W=+InsIn
0 W==yazýn
0 W=+yAv'In
0 W=+ACmADIn
0 W=+Am
0 W=+An'nIn
0 W=+ChsAl'In
0 W=+IlAm'In
0 W=+KD'nIn
0 W=+Ky'nIn
0 W=+lvIn
0 W=+sDAr'In
0 W=+wIn
0 W=~kýþýn
0 W=~sarýþýn
0 W=+D
0 W=+osA'nIn
0 W==Aþkýn
0 W==Washington'ýn
0 W==atýn
0 W=+DDIn
0 W=+'In L1=+As
0 L1=+Ary
0 L1=+IlAs
0 L1==121
0 L1==Franca
0 L2=+nn
0 R1=+ffmAn
0 W=+AAKAn'In
0 W=+ArBArAKIs'In
0 W=+Arson'In
0 W=+BIDAl'In
0 W=+BKIn
0 W=+DolInIn
0 W=+IKKIns'In
0 W=+IKo'nIn
0 W=+IKolAy'In
0 W=+ImIz'In
0 W=+ImsIzlIKlArIn
0 W=+lAADIn
0 W=+ny'nIn
0 W=+oI'nIn
0 W==-
0 W==Rubin
0 W==haccýn
0 W==odun
0 W=~ilkin
1 W==mantýðýn
1 W=~hattýn
0 L1==Der
0 L1=~bilir
0 L2=+lAnIyor
0 L2==oyuncu
0 W=+AsmIn
0 W=+CIlIKI'nIn
0 W==Stasi'nin
0 W==karýn
0 W=+AlIþIn
0 R1==Gençlik
0 W=+'In L1=+An'DA
0 W=+'In L1=+IllA
0 W=+'In R2=+IsyA
1 R1=<S> W=+IzIn
1 R1=<S> W=+lArIn
1 R1=<S> W==Örneðin
1 W=+yAv'In R1=+KI
1 W=+A W=UPPER0
0 L1=+ADor
0 L1=+AIn
0 L1=+AfAK
0 L1=+Alson
0 L1=+AnImsAyAn
0 L1=+Anos
0 L1=+ArBrA
0 L1=+ArDIn
0 L1=+Dh
0 L1=+IrhlI
0 L1=+hAl
0 L1=+oDhy
0 L1=+oro
0 L1==Selma
0 L1==tutan
0 L1==von
0 L2=+AKlAþDIrIlAn
0 L2=+AhlAnDI
0 L2=+AhlIKAsI
0 L2=+DArABIlIr
0 L2=+orDo
0 R1=+AnDIlAr
0 R1=+AþDIrmAsInDA
0 R1=+DA'DA
0 R1=+IA'yA
0 R1=+IlmInIn
0 R1=+forD
0 R1=+önADImInA
0 R1==Bay
0 R1==Muller
0 R2=+ArKAh
0 R2=+IzlADACAK
0 R2==Alan
0 R2==Gen
0 R2==Sabri
0 R2==Çeçen
0 W=+AAvAs'In
0 W=+ABArosKoBInIn
0 W=+ABIro'nIn
0 W=+ACm'lArIn
0 W=+ADDArAs'In
0 W=+ADInhIKImADIn
0 W=+ADKIm'In
0 W=+AIlA'nIn
0 W=+AKIm
0 W=+AKlAnDIlArIn
0 W=+AfArDIDI'nIn
0 W=+AhADsIzlIKIn
0 W=+AhrIyA'nIn
0 W=+AlD'In
0 W=+AlKADo'nIn
0 W=+AnIKyAn'In
0 W=+AnnI'nIn
0 W=+AoDDI'nIn
0 W=+ArDArI'nIn
0 W=+ArDAvlADIn
0 W=+ArnomIrDIn
0 W=+AzmorfIn
0 W=+Bh'nIn
0 W=+CAnInIn
0 W=+DInlI'nIn
0 W=+IAl'In
0 W=+IDAm'In
0 W=+IIs'In
0 W=+IlmIþIn
0 W=+Ion'In
0 W=+Iþon'In
0 W=+hAKIr'In
0 W=+j'lArIn
0 W=+lImAn'In
0 W=+lInI'nIn
0 W=+on
0 W=+shABIn
0 W=+yAlIKlArIn
0 W=+önIþIn
0 W==Airbus'ýn
0 W==Arýn
0 W==Bankerlerin
0 W==Gürün
0 W==IIF'in
0 W==buluþun
0 W==en
0 W==kadýn
0 W==slibin
0 W==yapýlanýn
0 W==yarýnki
1 L1=+DIrICIlAr
1 W=+AsDIKIn
1 W=+InKInDAn
1 W=+nInDIr
1 W=+AnKAsIzlIKIn
0 W=+AKIþIKlIKlArIn
0 W=+Dy'nIn
0 W=+IlKov'In
0 W=+IloþAvIC'In
0 W=+lACAKlArIn
0 W==AK'nin
1 L1==Söz
1 R1=+AnzAr
0 W=+DInlIlAr'In
0 R1=+AfInDAn
1 W==onun
1 W==benim
0 W=+KI L1=+In
1 R1=<S> W=+DInIn
1 W=+DIKIn L1=+Ir
1 W=+DInlIlAr'In R2=+A
1 W=+Iz R2=+AmA
1 W==karýn R1=+I
