0
1 W=+lsIn
1 W=+mAyIn
1 W=+mAsIn
1 W=+InlAr
1 W=+lAyIn
1 W==edin
1 W=+DIrIn
1 W==zorla
1 W==bakýn
1 W=+nsIn
1 W==ol
1 W==al
1 W==dur
1 W=+BsIn
1 W=+IrsIn
1 W=~git
1 W=+AlIrDIlAn
1 W=+yInIz
1 W=+AKsIn
1 W=~olun
1 W=~ver
1 W=~yap
1 W=+IþInIn
1 W=+DsIn
0 W=+AlIrDIlAn L1=+A
1 W==deyin
1 W=~di
0 W==etsin
1 W=+IyIn
1 W=+oþA
1 W==atýn
1 W==gel
1 W=+m
0 W==Dursun
1 W=+IKsIn
1 W==bulun
1 W==ediniz
1 W==ye
1 W=~den
1 W=+IyrIn
1 W=+fAD
1 W=+vAr
1 W=='
1 W==Sun
1 W==bak
1 W==desin
1 W==versin
1 W==vur
1 W==çýk
1 W=~bakýnýz
1 W=+AnIzA
1 W=+IzlAn
1 W=+nlADIn
1 W=+öylA
1 W=~durun
1 W=+Is
1 W=+ACIn
1 W=+AlK
1 W=+DArIn
1 W=+lAþsIn
1 W==Alla
1 W==biliniz
1 W==oku
1 W==tutun
1 W==ört
1 W=~çalýþýn
1 W=+lAþIn
1 W=+oK
1 W=+IlDIrIlAn
1 W==çýkarýn
0 W==bitsin
1 W=+ADlAD
1 W=+nAsIn
1 W=+rADIn
1 W=+ynA
1 W=+öDIr
1 W=+öylAsIn
1 W==býrak
1 W==dön
1 W==ödeyin
0 W=+nsIn R1=LOWER
0 L1==ilettikleri
0 W=+ADIrIn
0 W==deðilsin
1 L1=+AffAK
1 L1=+AhBAr
1 L1=+AnInIzA
1 L1=+AsmAn
1 L1=+IrIrlIKA
1 L1=+IsIn
1 L1==Bank
1 L2=+ADInDAKI
1 L2=+vAnlAr
1 L2=~düðün
1 R1=+AfAnDI
1 R1=+mAlArInDAn
1 R2=+AlIlArInIn
1 R2=+KAsInIn
1 R2=~katý
1 W=+ABDIr
1 W=+ADIr
1 W=+AlDIn
1 W=+AnDIr
1 W=+ArAlAn
1 W=+AylA
1 W=+BIþmA
1 W=+CIKlA
1 W=+CIKlAsIn
1 W=+DAlAþmA
1 W=+IllAnIn
1 W=+IrD
1 W=+KIDIn
1 W=+nIDIn
1 W=+nlAD
1 W=+oþ
1 W=+örsIn
1 W==Geç
1 W==besle
1 W==kes
1 W==kurun
1 W==otur
1 W==sat
1 W==sev
1 W==sý
1 W==çýkýn
1 W==öðren
1 W=~gir
1 W=~uyun
1 R1==geç
1 W=+IlAnIn
0 W==çýkarýn R1==.
1 W==etsin R1=<S>
