** Message: $Id: dlist.c,v 2.10 2004/10/28 16:46:53 dyuret Exp $
** Message: ==> READING
** Message: Reading data from stdin (1 dot = 10000 instances)

** Message: Read 356 instances.
** Message: ==> TRAINING
** Message: Training on 247 instances (1 dot = 100 rules)
.
** Message: Got 3 rules out of 4183 candidates.
** Message: Training set performance:
** Message: nrules:	corr:	incorr:	percent:
** Message: 3	247	0	100.00%
** Message: ==> VALIDATION
** Message: Validating on 53 instances (1 dot = 1000 instances)
.
** Message: Best number of rules to use: 1
** Message: nrules:	corr:	incorr:	percent:
** Message: 1	53	0	100.00%
** Message: 3	53	0	100.00%
** Message: ==> TESTING
** Message: Testing on 56 instances (1 dot = 1000 instances)
.
** Message: nrules:	corr:	incorr:	percent:
** Message: 1	56	0	100.00%
** Message: 0	17	39	30.36%
** Message: ==> WRITING
** Message: Wrote 1 rules to stdout.
