1
0 W=+mAn
0 W=+AlI
0 W=+AlIDIr
0 W=+sIn
0 W=+AnI
0 W=+yIz
0 W=~anlaþma
0 W=+rIþmA
0 W=~ortalama
0 W=+yKIlAmA
0 W=+rIþmAlArDA
0 W=+rIþmADA
0 W=+özlAþmA
0 W=~anlaþmasý
0 W=+Am
0 W=+AnIþmA
0 W=+AnAmA
0 W=+AþAmA
0 W=+ACI
0 W=+rImA
0 W=~karma
0 W=~anlaþmanýn
0 W=+InIz
0 W=~anlaþmayý
0 W=+AsAmA
0 W=+AþmADA
0 W=~anlaþmaya
0 W=APOS1
0 W=+rIþmAlArIn
0 W==saçma
0 W=~yarýþmasý
0 W=+rIþmAlArA
0 W=+özlAþmAsI
0 W=+IlAr
0 W=+rIþmAyA
0 W==adama
0 W=+rIþmAlAr
0 W=+CA
0 W=+rIþmAnIn
0 W=+yKIlAmAyA
0 W==anlaþmasýnýn
0 W=+lAþmAlArI
0 W=+rIþmAlArI
0 W=+AlIDIrlAr
0 W=+KrADmAnIn
0 W=+nlAþmAlAr
0 W=+yKIlAmAnIn
0 W=+rIþmAsInDA
0 W==ödeme
0 W=+ABADmAyA
0 W=+ArþIlAþmAyI
0 W=+ImAsIz
0 W==anlaþmasýna
0 W==eyleme
0 W=+AnA
0 W=+AlIyDIK
0 W=+ArþIlAþmA
0 W=+yKIlAmAlAr
0 W==anlama
0 W=+IlAmAlArA
0 W=+orImAlAr
0 W=+IlAmAlArI
0 W=~yaðma
0 W=+rIþmAyI
0 W=+AlIyDI
0 W=+ABADmA
0 W=+ArInlAmAsInA
0 W=+IrIþmAsI
0 W=+yKIlAmADA
0 W=+özlAþmAnIn
0 W==ortalamasý
0 L1=~nema
0 W=+AþmAlArA
0 W==Ýnceleme
0 W=+IlAmAsInA
1 W=~etmeli
0 W=+AzmAyA
1 W=+Am R1=+CIn
1 W=+rImA L1=+InI
0 W=+ACInDA
0 W=+AnIþmAnIn
0 W=+ArArDmA
0 W=+AyAnIþmAsI
0 W=+AþmAlArDA
0 W=+AþmAlArDAn
0 W=+IlArIn
0 W=+rIþmAlArInDA
0 W=+rIþmAsInA
0 W=+özlAþmAyA
0 W=~seçmenin
1 L1=+sAsDAn
0 W=+AþmAsInDA
0 W==anlaþmasýný
0 W=+AvInmAnIn
0 W=+orImAlArI
0 W=+rIþmADAn
0 W=+rIþmAsInIn
1 W=+ArmAlI
0 W=+AzmA
0 W=+ACIlIKI
0 W=+AnAmAsInIn
0 W=+ArþIlAþmAnIn
0 W=+nlAþmAlArInIn
0 W=+yKIlAmAsInIn
0 W=+zlAþmAlArInDA
0 W==yýlmadan
0 W==zorlama
0 W=~takma
1 W=+AþmACI
1 W=+DmAyIz
1 L1==Çevre
0 W==iþleme
1 W=+ABmAm
1 W==almalý
0 W==kalma
1 L1=~hiç
1 W=+yKIlAmAyA L2=+nI
1 W=APOS1 L1=="
1 W=~anlaþmasý L2=+K
0 L1=+sBor
0 L1==deli
0 R1=+AlAlArInDA
0 W=+ACIsI
0 W=+AlInIn
0 W=+AnAmAlAr
0 W=+AnDAn
0 W=+AyAnIþmAyA
0 W=+IKInA
0 W=+nAnmA
0 W=+oKlAmA
0 W=+orImAlArIn
0 W=+rIþmAlArDAn
0 W=+rIþmAlArInIn
0 W=+zlAþmAlArInA
0 W=+zlAþmAsInI
0 W=+zlAþmAsInIn
0 W=+öþAmAlArIn
0 W=+þlADmAnIn
0 W==Eleme
0 W==sapma
0 W=~yaðmaya
0 W=~ödemeler
1 R2==Herkesin
1 W=+ArmAyIz
1 W=+mAmAm
1 W==karýþma
1 W==çürüme
1 W==etmem
0 R1==suyu
0 W==birleþme
0 W==inmesini
1 L1=~sermaye
1 L2=~ben
0 W=+orImAsI
1 L1=+ArD
1 L1==telefon
1 L1=+AzI
1 W=+rIþmAlAr L1==ile
1 W=APOS1 L2=="
1 W=+rImA R1==ve
0 L1=+AlKlArIylA
0 L1=+ArKIDAy'In
0 L1=+AzInA'nIn
0 L1=+IlAKDAn
0 L1=+ormsIzlIKInIn
0 L1==maden
0 L1==vize
0 L2=+AnIlKIsI
0 L2=+AnImIzDA
0 L2=+IDIKlArI
0 R1=+ABIn
0 R1=+AKIBAn
0 R1=+AmBlArInA
0 R1=+AnADlArInI
0 R1=+AnAryo
0 R1=+Ans
0 R1=+AþA
0 R1=+IlAmAyA
0 R1=+KsADDIKInI
0 R1==olabilir
0 R1==çabasýnýn
0 R2==kendini
0 W=+ACInIn
0 W=+ACIyI
0 W=+ADmAnlA
0 W=+AKArlAmAsInI
0 W=+AlIyA
0 W=+AlIyIm
0 W=+AlIymIþ
0 W=+AnAþmAsI
0 W=+ArþIlAþmAsInIn
0 W=+AvIrmA
0 W=+AvrAmA
0 W=+BIþmA
0 W=+IlAmADAKI
0 W=+IlAmAlArDAn
0 W=+IlAmAlArInDA
0 W=+IlAmAylA
0 W=+IlArA
0 W=+ImAlArIm
0 W=+ImAmDA
0 W=+nlAþmAylA
0 W=+olmAyI
0 W=+orImAnIn
0 W=+orlAmAlArI
0 W=+rDmAnIn
0 W=+rIþmAlArInA
0 W=+rIþmAlArlA
0 W=+yKIlAmAlArIn
0 W=+öCmAnIn
0 W=+önADmAnIn
0 W=+öþAmAlAr
0 W==almanýn
0 W==baðlama
0 W==denemesi
0 W==inme
0 W==ortalamasýnýn
0 W==sürmesinde
0 W==yaðmayý
0 W==yýldýrma
0 W==ödemelerde
0 W==ödemelerin
0 W==ödemenin
1 L1==Güvenliði
1 L1==evini
1 L2=+IDArlArlA
1 L2=+IyIKlArA
1 L2==Doðal
1 W=+ABIlmAm
1 W=+ArADmAlI
1 W=+ArDIþmACI
1 W=+ArDmACI
1 W=+yABIlmAlI
1 W==vermem
1 W==çekiþmeli
1 W=~tanýþma
1 L1=+AnlArInA
1 L2==araya
0 W=+IlAmAlArInI
0 W=+öylAmA
0 W==yükleme
1 L1=+AlAD
0 W==anlaþmasýyla
1 R1=+AþlAmIþDIK
0 W==kurmayý
0 W=+yKIlAmAyI
