0
1 W=+Iþ
1 W=+IþI
0 W=+örIþ
0 W=+IþmIþ
0 W=~kuruluþ
1 W=+DA
1 W=+IþInIn
0 W=+örIþI
1 W=+IþA
0 W=+nlAyIþI
1 W=+IþInI
0 W=+örIþInI
0 W=~kuruluþu
1 W=+DIþIn
1 W=+nIþlArI
1 W=+InDAn
0 W=+nlAyIþ
0 W=+IrIlIþlArInDA
1 W=+DIþInA
1 W=+DIþlA
1 W=+DIr
0 W=+ArIþInDA
0 W==kuruluþunun
0 W=+örIþInDA
0 W==kuruluþundan
1 W=+AnIþIn
1 W=+DIþlArI
1 W=+KIþlAr
1 W=+yIþlArI
0 W=+ImDA
0 W=+rIþInIn
1 W=+KIþlArI
1 W=+IþDAn
0 W=+IlIþlArDA
0 W==Eriþ
0 W==yarýþý
1 W=+DIþIylA
1 W=+DIþlAr
0 W=+rIþA
0 W==kuruþ
0 W=~kuruluþunda
1 W=+AnIþlArInI
1 W=+DIþlArInI
1 W=+IrIþlArI
1 W=+KIþInA
1 W=+KIþlArInI
1 W=+rAyIþInA
0 W=+nlAyIþInDAn
0 W=+nlAyIþInIn
0 W==karýþ
0 W==kuruluþunu
1 W=+AnIþlAr
1 W=+DArIþlI
1 W=+IrIþInDAKI
0 W=+nlAyIþInI
0 W=+rIþDAn
0 W==deyiþi
0 W==iniþe
0 W=~yarýþ
1 R1==öne
1 R2=+rAm
1 W=+AnIþlArA
1 W=+AnIþlArIylA
1 W=+ArBIþDI
1 W=+ArIþlAr
1 W=+CIlIþInA
1 W=+DIþlArA
1 W=+DIþlArInIn
1 W=+DIþlArIylA
1 W=+DIþlArlA
1 W=+IrIyIþlAr
1 W=+KIþIn
1 W=+KIþlI
1 W=+nIþInA
1 L1==maaþ
0 L1==Seçim
0 W=+ImDIr
0 W=+rIþlArInDAn
0 W==yarýþta
1 L1=+IKDAn
1 L1=+IlImsAl
1 L1=+sKArI
1 L2=+AvsIz
1 R1=+nAm
1 R1==dýþýna
1 R2=+IKInDAn
1 W=+ADIþlArInDAKI
1 W=+AnIþIylA
1 W=+AnIþlArDAn
1 W=+AnIþlArIn
1 W=+AnIþlArInA
1 W=+AyIþlArInIn
1 W=+IKIþInDAKI
1 W=+IKIþlArIylA
1 W=+IrIþA
1 W=+IrIþlA
1 W=+IþIþIn
1 W=+IþIþlAr
1 W=+KIþlArInIn
1 W=+nIþlA
1 W=+nIþlArInIn
1 W=+rAyIþlArInA
1 W=+yIþlArInI
1 W=+þIþlArI
1 W=='
1 W==buluþlarý
