** Message: $Id: dlist.c,v 2.10 2004/10/28 16:46:53 dyuret Exp $
** Message: ==> READING
** Message: Reading data from stdin (1 dot = 10000 instances)

** Message: Read 2652 instances.
** Message: ==> TRAINING
** Message: Training on 1742 instances (1 dot = 100 rules)
.
** Message: Got 2 rules out of 21077 candidates.
** Message: Training set performance:
** Message: nrules:	corr:	incorr:	percent:
** Message: 2	1742	0	100.00%
** Message: ==> VALIDATION
** Message: Validating on 471 instances (1 dot = 1000 instances)
.
** Message: Best number of rules to use: 1
** Message: nrules:	corr:	incorr:	percent:
** Message: 1	471	0	100.00%
** Message: 2	471	0	100.00%
** Message: ==> TESTING
** Message: Testing on 439 instances (1 dot = 1000 instances)
.
** Message: nrules:	corr:	incorr:	percent:
** Message: 1	439	0	100.00%
** Message: 0	17	422	3.87%
** Message: ==> WRITING
** Message: Wrote 1 rules to stdout.
