1
0 W==birlikte
0 W=+mAKDADIr
0 W=~sonunda
0 W=+slInDA
0 W==Hatta
0 W=+ADAysA
0 W=+AsDA
0 W=~genelde
0 W=+ACAnlArDA
0 W=+AKDADIrlAr
0 W==üste
0 W==takdirde
0 W=~usta
0 W==fayda
0 W==kayda
0 W=~gözde
1 L1=~hep
0 W==Ýþte
1 W==Ýþte R1=+n
0 W=~mide
1 W==birlikte L1==,
0 W=+DICInDA
0 W==AKM'de
1 W==basta
1 W==takdirde L1=UCFIRST
1 W==Ýþte L2=+Ir
1 W==Ýþte R1=+DI
0 L2=+Ano
0 W=+AroDA
0 W=+AsDAlAr
0 W=~arda
0 L2==eþit
0 W=+ADAvI'nDA
0 W=+ABIlmAKDA
0 W=+mAmAKDA
1 W==Hatta W=UCFIRST
0 L1==Cape
0 L1==Le
0 L2==Sarý
0 L2=~avant
0 W=+ADIKlAþmADA
0 W=+AKDAyIm
0 W=+AKIn
0 W=+AKsAv'DA
0 W=+AKsIDA
0 W=+BzADA
0 W=+Dy'DA
0 W=+ImKo'DA
0 W=+IþIþlArI'nDA
0 W=+hmADA
0 W=+lBADDAKI
0 W==Kanada
0 W==Kýbrýs'daki
0 W==Yanya'da
0 W=~kumanda
0 W=~payda
1 R1==pres
1 W==birlikte R1=+h
1 W==Ýþte R1=+l
1 W==Ýþte R1=+r
1 W==Ýþte R2=<S>
1 W==birlikte L1=+n
0 L1=+ArKIsI
0 L1=+BACA
0 L1=+CDAnInDA
0 L1=+DIBIs
0 L1=+fAs
0 L1=+yIrIlAn
0 L1==60'ý
0 L1==Der
0 L1==Kýymetler
0 L1==Tel
0 L1=~rakip
0 L2=+lADIr
0 L2=+oyoDA
0 L2==maçýnda
0 L2==refah
0 L2==verdikleri
0 R1=+-00.0
0 R1==11'I
0 R1==Fuat
0 R2==Sakýn
0 W=+ABAþInDA
0 W=+ADAsIn
0 W=+ADAvI'nDAKI
0 W=+ADwAy'DA
0 W=+AKDAyIz
0 W=+AKInlAþmADA
0 W=+AffInAD'DA
0 W=+AlIDA
0 W=+AroIsAl'DA
0 W=+AyIlmAKDA
0 W=+DosAn'DA
0 W=+IsBADInDA
0 W=+IþIþlArI'nDAKI
0 W=+mAKDAlAr
0 W=+ofDA
0 W=+rIsA'DA
0 W=+vIDA
0 W=+zA'DA
0 W=+þIlmAKDA
0 W==Corvette
0 W==Madida
0 W==York'daki
0 W==bende
0 W==dikte
0 W==hurda
