1
0 W=+A
0 W=~yýlmaz
1 W=+sA
1 W=+nA
1 W=+CA
1 W=+mAmA
0 W=+AzlIK
0 W=+ACInIlmAz
1 W=+mAmAyA
1 W=+DA
0 W=+AzlIKInIn
1 W=+lA
0 W=+AzlIKI
0 W=+önmAz
0 W==Korkmaz
0 W=+AzlIKDAn
0 W=+AzlIKlArIn
0 W=+AzlArInIn
0 W==Durmaz
1 W=+AnlArA
0 W=+ABmAyIz
0 W=+rmAyIz
0 W=+AþInmAzlArIn
0 W=+AyAyIm
0 W=+AzlIKIn
0 W=+AþInmAz
0 W=+ölInmAz
0 W==etmem
0 W=+ABmAm
0 W=+AKIþmAz
0 W=+AzlIKImIn
0 W=+AzlIKlArInIn
0 W=+olmAz
0 W=+orImAm
0 W==Sapmaz
0 W==þaþmaz
1 W=+IzA
0 W=+ACInIlmAzDI
0 W=+AzCAn
0 W=+AzI
0 W=+AzlArInI
0 W=+AzlIKInA
0 W=+AzlIKlArI
0 W=+IllAnmAm
0 W=+IzmAm
0 W=+rIþmAm
0 W=+örmAmIþ
0 W==vermem
