0
1 W=+IzlIK
1 W=+n
1 L1=+DA
1 W=+IzlIKI
1 W=+IlIKI
1 W=+lIlIK
1 W=+IKInI
1 W=+CIlIK
1 W=+KInlIK
1 W=+r
1 W=+IKlIK
1 W=+InlIKI
1 W=+InlIKlA
1 W=+IKlIKI
1 W=+yonlIK
1 W=+IKA
1 W=+mAnlIK
0 W=+IrlIKA
0 W=+þIlIKI
1 W=+IKInA
0 W=+vlIlIK
1 W=+zKIrlIK
1 W==üyelik
1 W=+DlIK
1 W=+DlIKI
1 W=+ArI
1 W=+IlIKlA
0 W=+ADACIlIK
1 W=+KsIllIK
1 W=+þlIK
0 W=+þIlIKInI
1 W=+mAnlIKI
1 W=+slIK
1 W=+DInlIK
0 W=~varlýðýný
1 W=+zKIrlIKI
1 W=+AllIK
0 W=+ArInIn
1 W=+yAlIKI
1 W=+DlIKlA
1 W=+KArlIK
0 W=+CIKlIK
0 W=~savcýlýða
1 W=+yArlIK
1 W==eþliðinde
0 W=+AKAnlIKA
0 W=+AzlIKInIn
0 W=+rlIKInA
1 W=+'lIK
0 W=+AllIKlA
0 W=+AþKAnlIKInI
0 W=~özellikleri
1 W=+IzlIKlA
0 W=+KAnlIKIn
0 W=+IrlIKlArI
0 W=+IvAnsIzlIK
0 W=+IvAnlIKInI
0 W=+oBlIlIK
1 W=+sAnlIK
1 W=+BArlIK
1 W=+ArA
0 W=+BlIlIKI
0 W=+osDlIK
0 W=+rACIlIK
0 W=+KAnlIKInA
0 W=~askerlik
1 W=+IsDAþArlIKI
1 W=+slIKI
0 W=+IrlIKDAn
0 W=+AlIKIn
0 W=+olCIlIK
0 W=~savcýlýk
1 W=+mlIKI
1 W=+AylIKlA
1 W=+msArlIK
0 W=+n R1=+IrIlmAsI
0 W=+AlIKlAr
0 W=+BlIlIKIn
1 W=+lAylIK
0 W=+IClIK
1 W==zorluk
0 W=+IllIyADCIlIK
0 W==varlýðýnýn
1 W=+CAKlIK
1 W=+IzlIKlArlA
1 W=+KIrlIKInA
1 W=+nKAnlIK
1 W=+onlIKI
1 W=+örlIK
0 W==birlikte
0 L1=+DA R1=+nIn
0 W=+AþlIKInI
0 W=+CIKlIKA
0 W=+DAKlIKIn
0 W=+DAlIKlArI
0 W==özellik
0 W=~valiliði
1 W=+ADArlIK
1 W=+BAþKAnlIKI
1 W=+AmlIK
0 L1==görüþ
0 W=+AKAnlIK
0 W=+AzArlIKA
0 W=+DAKlIKlAr
0 W=+DAlIKA
0 W=+KAnlIKDAn
0 W=+mAzlIKDAn
0 W==özelliðini
1 W=+AyIrlIK
1 W=+KsIllIKI
0 W==aðýrlýðýný
1 W=+ABArlIKI
1 W=+AþArlIK
0 W=+AlIKlArIn
0 W=+nCIlIKInI
1 W=+IKlIKlA
1 W=+nlIKIylA
0 W=+AþlIK
0 L1=+DA R1=+lAr
0 W=+AmsIlCIlIKI
0 W=+AvIDlIK
0 W=+AzlIKInA
0 W=+rACIlIKI
0 W=+vlIlIKIn
0 W==boþluk
0 W==öncülük
0 W=~valilik
0 W=~varlýklarý
1 W=+AvArlIK
1 W=+IzAllIKI
1 W=+nDArlIKInDA
1 W=+nIlIK
1 W=+ollIK
1 W=+öDIlIK
1 W==özlük
0 W=+AADlIK
0 W=+AnlIKlArI
1 W=+IKImIzI
1 W=+IzA
1 W=+lIlIKlArInI
0 W=+ADAnDAþlIKInA
0 W=+ADAnDAþlIKInDAn
0 W=+AyvAnCIlIK
0 W=+ClIKDAn
0 W=+DAKlIKDAn
0 W=+DAKlIKlArA
0 W=+vlIlIKI
0 W=+þIlIKlAr
0 W==yýllýðýna
0 W==çýðlýk
0 W=~elçilik
1 W=+AKDAþIlIK
1 W=+AnlIþlIKlA
1 W=+AyInDIrlIK
1 W=+IBlIK
1 W=+oKlIKI
1 W=+sAllIKI
1 W=+sAnlIKI
1 W=+nAKlIK
1 W=='
1 W=+DArlIKI
0 W=+AzlIKlArIn
0 W=+lIlIKlArIn
0 W=+IKlI
0 L1=+DorIDA
0 L1=+IvvADlAr
0 W=+ADACIlIKA
0 W=+AlIþmIþlIK
0 W=+AmsIlCIlIK
0 W=+AzlIKA
0 W=+DAKlIKlArI
0 W=+DAylIKInI
0 W=+DIrlIKInI
0 W=+ozIKlIKI
0 W=+oþlIKlAr
0 W=+vlIlIKA
0 W=~atýcýlýk
0 W=~birliðin
0 W=~savcýlýðý
1 W=+AKArlIKI
1 W=+ArDAþlIK
1 W=+ArhoþlIKI
1 W=+BIKArlIKI
1 W=+BlAKlIKI
1 W=+BonsorlIKInDA
1 W=+IþKAnlIKI
1 W=+KIrlIKlArI
1 W=+KIrlIKlArInIn
1 W=+mAnlIKDA
1 W=+rAKlIK
1 W=+rAnlIK
1 W=+rKlIK
1 W=+sArlIKI
1 W==yataklýk
1 W=~kiralýk
1 W=+ACAKCIlIKIylA
1 W=+IlInClIK
0 W=+KAnlIKInIn
1 W=+IþlIKI
1 W=+lIlIKInDA
1 W=+yIlIK
0 W=+AzlIKIn
0 W=+AKlIKA
0 W=+IrlIKInDAn
1 W=+KlIKIylA
0 W=+AlIKDAn
0 W==birlik
0 W==öncelikle
0 W=+ArþIlIK
0 W==güvenlik
0 W==yýllýk
0 W=+IKInI R1=+AmIþ
0 W=+n L1=+AnAl
0 L1=+DA W=+AKlIK
0 W=+ADACIlIKI
0 W=+AlABAlIKA
0 W=+AmsIlCIlIKInI
0 W=+AsDAlIKlArA
0 W=+AvCIlIKDAn
0 W=+AzArlIKlAr
0 W=+AzIrlIKInIn
0 W=+AzlIKlArI
0 W=+BlIKDAn
0 W=+DADIr
0 W=+IvAnlIKInA
0 W=+nCAlIKInI
0 W=+vlIlIKDAn
0 W=+þIlIKIn
0 W==baðlýlýðýný
0 W==birlikler
0 W==birliklerin
0 W==birliðinin
0 W==iþçilik
0 W==saðlýðýný
0 W==varlýðýndan
0 W==özellikler
0 W=~yolculuðu
1 L1=+AKIlDAsI
1 L1=~güllük
1 L2=+AsArIm
1 R1=+BAD
1 W=+ADlIKIylA
1 W=+AmBIyonlIKDAKI
1 W=+AmmAllIKI
1 W=+AnKAnlIKI
1 W=+AnKlIKI
1 W=+AsyonAllIKI
1 W=+CAKlIKI
1 W=+DInlIKInDA
1 W=+DKAnlIKI
1 W=+DKInlIKlArInI
1 W=+IKlIKlArlA
1 W=+IlIrlIKI
1 W=+ImlIlIKlArIn
1 W=+IrIlIK
1 W=+IslIKlArInI
1 W=+IzlIKImIz
1 W=+IzlIKIylA
1 W=+IþKAnlIK
1 W=+flIKI
1 W=+lIlIKIylA
1 W=+mþIlIK
1 W=+nDArlIKInDAKI
1 W=+sInlIK
1 W=+yKArlIKI
1 W=+zAnlIK
1 W==aymazlýk
1 W==darlýðý
1 W=~asýrlýk
0 R1==biri
0 W=+ImIn
1 L1=+BA'nIn
1 R1==dolu
1 W=+KIrlIKIylA
0 L1==iþ
0 W==Aydýnlýk
1 L1=+AþKAn
1 W=+IKIm
1 W=+ArInIn L2=+ArInIn
1 W=+IKInA L1=+Bor
0 L1=+ACAnIsDAn'I
0 L1=+lIKlArIn
0 L1==sürerek
0 L2=+ArDIlArDA
0 L2=+CAnIn
0 L2=+IzyIlA
0 L2=+onIn
0 R1=+ABmAzlArsA
0 R1=+ADAlInI
0 R1=+AhIBI
0 R1=+ArArlAnmAK
0 W=+ADACIlIKIn
0 W=+AKAnlIKlAr
0 W=+AKAnlIKlArIn
0 W=+AKlIKImIzI
0 W=+AKlIKlArIn
0 W=+AKþIBAnDIlIKIn
0 W=+AlIKlArDAn
0 W=+AmsIlCIlIKInDAn
0 W=+AnIzCIlIK
0 W=+AnsIzlIKIn
0 W=+ArþIlIKlArI
0 W=+AsDAlIKInIn
0 W=+AvCIlIKlArA
0 W=+AymAnCIlIK
0 W=+AynICIlIK
0 W=+AzArlIKInI
0 W=+AzIrlIKIn
0 W=+AzIrlIKInI
0 W=+AzIrlIKlArIn
0 W=+AzlIKIm
0 W=+AzlIKlAr
0 W=+AþKAnlIKInDAn
0 W=+AþlIKInIn
0 W=+BlIlIKA
0 W=+BlIlIKInA
0 W=+BlIlIKlA
0 W=+CIKlIKI
0 W=+CIKlIKInDAn
0 W=+CIKlIKIylA
0 W=+CIKlIKlA
0 W=+ClIKIn
0 W=+DAKlIKInIn
0 W=+DAlIKInI
0 W=+DAylIKInA
0 W=+IDArlIKInI
0 W=+IlDlIK
0 W=+IlIKIm
0 W=+IllIyADCIlIKI
0 W=+IþIlIKInA
0 W=+lCIlIKDAn
0 W=+osDlIKI
0 W=+ozIKlIK
0 W=+oþlIKlArI
0 W=+slIKInA
0 W=+vlIlIKlArInI
0 W=+yrIlIKIn
0 W=+zAllIKInIn
0 W=+zInlIKI
0 W=+öBlIKA
0 W=+þIlIKInDAn
0 W=+þIlIKInIn
0 W==avcýlýðý
0 W==baðlýlýk
0 W==birliðini
0 W==pazarlýðýnýn
0 W==varlýðýn
0 W=~savcýlýðýn
1 L1=+.00
1 L1=+ABIl
1 L1=+DlIlIKI
1 L1=+IrAr
1 L1=+özI
1 L1=+þAK
1 L2=+AKmAyA
1 L2=+zlArInI
1 R1=+lAsInA
1 R1==30
1 R2=+AnKnoDIn
1 R2=+DhAlAD
1 R2=+mAnlIK
1 R2==göz
1 W=+ABArlIKlA
1 W=+ACIrlIKI
1 W=+ADKAþlIKI
1 W=+AKIþIKlIKInDA
1 W=+AhDIlIK
1 W=+AllIKlArlA
1 W=+AmAzlIK
1 W=+AnIrlIKI
1 W=+AnIþIKlIKImIz
1 W=+ArArlIlIKDA
1 W=+ArnlIK
1 W=+AsIlIK
1 W=+AvIlIK
1 W=+AvIrlIKI
1 W=+AvsImlIK
1 W=+AylIKI
1 W=+AyrAnlIKI
1 W=+BonAlIK
1 W=+CAKlIKInDA
1 W=+CIlIKImA
1 W=+DDAþlIK
1 W=+DKInlIKlArlA
1 W=+ICIlIKDA
1 W=+IDrAlIK
1 W=+IKImlIlIKlArInDAKI
1 W=+IllIKlA
1 W=+IsKAnClIKlA
1 W=+IyArlIKI
1 W=+IyIKlIKDA
1 W=+IzlIKInDA
1 W=+IzlIKlArInA
1 W=+IþKAnlIKlArI
1 W=+KIrlIKDAn
1 W=+KIrlIKInDAn
1 W=+KlIlIKDA
1 W=+lAKlIK
1 W=+lAlIKIn
1 W=+mAnlIKImIz
1 W=+orlIKlA
1 W=+orlIKlArInI
1 W=+orlIKlArlA
1 W=+sAhIBlIKI
1 W=+yAlIKDAn
1 W=+zlIKlArIylA
1 W==zorluðu
0 L1=+InlArDA
0 L1=+IrlIKDA
0 R2=+ADmAsI
0 W=+IvAnlIKIn
0 W=+rlIKlArDAn
1 R2==vardýr
1 W=+AflIK
1 W=+InlIKlArInA
1 W=+nArlIK
1 W=+oCAlIK
1 W=+rKlIKI
0 L1=+K'DA
1 L1=+AlAvIzyon
1 L1=+IrKAC
1 R2==kendini
1 W=+rKAnlIK
0 L2=+AnDIKI
1 L1=+IrKIyA'DA
1 R2=+DIl
0 W=+yrIlIKI
0 W==ortalýðý
1 W=+IzlIKlArInI
0 W=+AnsIzlIKlArInI
0 R1=+ArAD
0 W==hazýrlýk
0 W=+IKInI L1=UPPER
0 W=+n L2==Ama
0 W=+nlIKIylA R1=+I
1 R1=+ArAD W=+CIlIK
1 W=+rlIKInA R1=+K
0 W=+IKA R1=+lIm
0 L1=+'sI
0 L1=+ABAK
0 L1=+ABArAsD
0 L1=+ABIslArA
0 L1=+ABoDA
0 L1=+AColADA
0 L1=+ADIlACAK
0 L1=+ADIyorlArDI
0 L1=+ADIþmA
0 L1=+ADlI
0 L1=+ADronIn
0 L1=+AKAryA
0 L1=+AKlAmAnIn
0 L1=+AKlAnmAsInIn
0 L1=+AfsIz
0 L1=+AhrolsIn
0 L1=+AlAvIzyonCIlAr
0 L1=+AlBAzAsInIn
0 L1=+AlIsyonI
0 L1=+AmIr
0 L1=+AmIrI
0 L1=+AnAlDA
0 L1=+AnIzAsyon
0 L1=+ArDAþInIn
0 L1=+ArIz
0 L1=+AsIsI
0 L1=+AvInC
0 L1=+AyAr
0 L1=+AþADIKImIz
0 L1=+AþKIlADI
0 L1=+CIKArDA
0 L1=+CIKlAmAlArIylA
0 L1=+CrA
0 L1=+DKm
0 L1=+IlInmAyAn
0 L1=+InDInIn
0 L1=+InIsD
0 L1=+IrAþ
0 L1=+IzyIl
0 L1=+IþmAnlIK
0 L1=+KCI
0 L1=+formAsyon
0 L1=+lDInDAKI
0 L1=+lKInC
0 L1=+nsAnI
0 L1=+nsAy'In
0 L1=+orlI
0 L1=+osDAn
0 L1=+rAvIn
0 L1=+slAmA
0 L1=+öCI
0 L1=+öyInDA
0 L1=+özICI
0 L1==7'ye
0 L1==Ah
0 L1==Böylece
0 L1==Dünyada
0 L1==Kuþlar
0 L1==Yakýn
0 L1==ekip
0 L1==eþsiz
0 L1==günlerinde
0 L1==güçlerin
0 L1==haklarýna
0 L1==i
0 L1==il
0 L1==saðda
0 L1==sulanan
0 L1==yanda
0 L1==yýlda
0 L1==ÜNÝVERSÝTE
0 L1==Ýyi
0 L1==çýðlýk
0 L1==ödenen
0 L1==ötesinde
0 L2=+0.00
0 L2=+ABAnCA'DA
0 L2=+ABAnI
0 L2=+ABIsI
0 L2=+ABmAyAn
0 L2=+ADAnCIlIK
0 L2=+AKAlAnmAsI
0 L2=+AKDAþmAz
0 L2=+AfAh'A
0 L2=+AhKAmA
0 L2=+AmAsInI
0 L2=+AmIrIn
0 L2=+AmsArlIKA
0 L2=+AmsIlCIlArInIn
0 L2=+AnDIslIKInIn
0 L2=+AnIþAhIr
0 L2=+AnlArDAKI
0 L2=+ArAnIn
0 L2=+BIrlIKInIn
0 L2=+BlomAlI
0 L2=+DDIAlArInIn
0 L2=+DIrIlmAsInDA
0 L2=+DmAKDADIr
0 L2=+IlDIrmA
0 L2=+IlInIrKAn
0 L2=+InIylA
0 L2=+IrIþInIn
0 L2=+KAr'I
0 L2=+KrAnmA
0 L2=+lAnlArIn
0 L2=+lAyA
0 L2=+lmAyIn
0 L2=+syA'DAKI
0 L2=+þsIzlIKDIr
0 L2==185.6
0 L2==60'lý
0 L2==Ailesi
0 L2==Dað
0 L2==Koyu
0 L2==Lütfü
0 L2==Nihayet
0 L2==adeta
0 L2==atmasý
0 L2==basýnýn
0 L2==düþünce
0 L2==gemi
0 L2==uyum
0 L2==valilik
0 L2==yazlýk
0 L2==Üç
0 R1=+ABlIKInA
0 R1=+ABmAsInA
0 R1=+ADAKorI
0 R1=+AKAnA
0 R1=+AKIlmAKDADIr
0 R1=+AKlAyAmIyorsA
0 R1=+AlAmInDA
0 R1=+AlDAn
0 R1=+AlIþIm
0 R1=+AlzAmAsI
0 R1=+AnACAKlArI
0 R1=+AnIlArAK
0 R1=+AnzAr
0 R1=+ArDImIylA
0 R1=+ArKIlAmA
0 R1=+AzIlmIþ
0 R1=+AþAmAsI
0 R1=+AþDIrIlAr
0 R1=+BhAm
0 R1=+CImlAnmAsI
0 R1=+DDIyADI
0 R1=+IKDIrDIKI
0 R1=+ImDIyA
0 R1=+InyADA
0 R1=+IrInDI
0 R1=+IslIKlArInI
0 R1=+IyorKAn
0 R1=+IþACAKInI
0 R1=+KIrACAKI
0 R1=+lADIyor
0 R1=+nrImlI
0 R1=+ovIlmIþDIr
0 R1=+sDInDA
0 R1=+sDInI
0 R1=+sDlAnmAsI
0 R1=+þlArDAn
0 R1==Stasi
0 R1==TEB
0 R1==apar
0 R1==bakýp
0 R1==durdu
0 R1==girmek
0 R1==karýsý
0 R2=+ABAlIKlArIn
0 R2=+AClADIKInI
0 R2=+ACmAsInIn
0 R2=+ADDAsI
0 R2=+ADImIzIn
0 R2=+AKAmonyAsInI
0 R2=+AKsDIl
0 R2=+AhAsInA
0 R2=+AlAfI
0 R2=+AlIBlArIn
0 R2=+AlmAKDADIr
0 R2=+AnInDAKI
0 R2=+ArKAzlAr
0 R2=+CI'yA
0 R2=+IDArIlmAsI
0 R2=+IsIm
0 R2=+lCAn
0 R2=+rADIlmAsI
0 R2=+þAKI
0 R2==45
0 R2==diyen
0 W=+ADörlIKlArA
0 W=+AlAr
0 W=+AnCIlIKI
0 W=+AnlIKImIzA
0 W=+AnsIzlIKDAn
0 W=+AzlIKlArDAn
0 W=+AþmAzlIKInI
0 W=+BlIlIKInDA
0 W=+CAlIKlArA
0 W=+CIKlIKImIzDAn
0 W=+DAlIKInA
0 W=+IDArlIKI
0 W=+IllIyADCIlIKIn
0 W=+ImhIyADCIlIK
0 W=+IvAnlIKA
0 W=+orKInlIKA
0 W=+osDlIKlAr
0 W=+rICAlIKInI
0 W=+vlIlIKInIn
0 W==aylýðýna
0 W==kiþiliklerin
0 W==mezarlýðýn
0 W==usülsüzlükler
0 W==ýrkcýlýk
1 L1=+ACAKonDI
1 L1=+ACICI
1 L1=+ADA'nIn
1 L1=+ADAlADA
1 L1=+ADAlIn
1 L1=+ADIþImIn
1 L1=+AKAm
1 L1=+AKIlDAlArIylA
1 L1=+AformI'nDAKI
1 L1=+AhIrInI
1 L1=+AlAmAsInDA
1 L1=+AlKImIzI
1 L1=+AmADIKImIz
1 L1=+AmAnKI
1 L1=+ArArImDA
1 L1=+ArDAK
1 L1=+ArDIKlArI
1 L1=+ArIsInA
1 L1=+ArmAn'In
1 L1=+ArsIDAsI
1 L1=+AsAB
1 L1=+AvIm'In
1 L1=+AvInmAsInA
1 L1=+AvrAlArInI
1 L1=+AylArInDAKI
1 L1=+AþIrDICI
1 L1=+AþKAsInA
1 L1=+BAlArIylA
1 L1=+BAnyA
1 L1=+CAn'In
