** Message: $Id: dlist.c,v 2.10 2004/10/28 16:46:53 dyuret Exp $
** Message: ==> READING
** Message: Reading data from stdin (1 dot = 10000 instances)

** Message: Read 1 instances.
** Message: ==> TRAINING
** Message: Training on 1 instances (1 dot = 100 rules)
.
** Message: Got 1 rules out of 64 candidates.
** Message: Training set performance:
** Message: nrules:	corr:	incorr:	percent:
** Message: 1	1	0	100.00%
** Message: ==> VALIDATION
** Message: Validating on 0 instances (1 dot = 1000 instances)

** Message: Best number of rules to use: 1
** Message: nrules:	corr:	incorr:	percent:
** Message: 1	0	0	nan%
** Message: 1	0	0	nan%
** Message: ==> TESTING
** Message: Testing on 0 instances (1 dot = 1000 instances)

** Message: nrules:	corr:	incorr:	percent:
** Message: 1	0	0	nan%
** Message: 0	16	-16	inf%
** Message: ==> WRITING
** Message: Wrote 1 rules to stdout.
