1
0 W=+Ir
0 W=+rI
0 W=+KDA
0 W=+DInDA
0 W=~onun
0 W=~onu
0 W=+nA
0 W=+nDAn
0 W=~onlar
0 W=+DIn
0 W=+.00'DA
0 W=+IrlIKI
0 W=~onlarýn
0 W==yüzden
0 W=~onlara
1 L1=+0
0 W=+rInI
0 W=+rInIn
0 W=+rDAn
0 W=~yüzü
0 W=+InlA
0 W=+AþmIþ
0 W=+DInI
0 W=+InDAKI
0 W=+Im
0 W=+IrlIK
0 W=+IzInI
0 W=+AK
1 L1==yüzde
1 L1=~0
0 W=+rInDA
0 W=~onlarla
0 W=+mA
0 W=+AKAr
1 W=+000'lArDAn
1 W=+sInA
0 W=+Iyor
0 W=+ImI
0 W=+IrIylA
1 W=+BIr
0 W=+ADIlAr
0 W=+IrlIKIn
0 W=+IrlIKlAr
0 W=+mAsI
1 W==bine
1 W=+Ir L1==:
0 W=+DIKI
0 W=+IKInIn
0 W=+InIzA
0 W=+lDInIn
0 W=+yIz
0 W=+þDI
0 W==15.00
0 W==onlarda
1 W=+'lArI
1 W=+IsInDAn
0 W=+IzIn
1 W=+IlyonA
1 W=+Ir W=APOS1
0 R1==tutmuþ
0 R1=UPPER2
0 W=+AþDIrAn
0 W=+B
0 W=+DInDAyDI
0 W=+IKlArIn
0 W=+IrIyDI
0 W=+IzInDA
0 W=+rKAn
0 W==19.00
0 L1==yaþýn
1 W=+nDAn L1=+Aþ
0 R1=+AKIBAn
0 R1==esin
0 W=+AyA
0 W=+AyI
0 W=+AymIþ
0 W=+AþDIrIlmIþ
0 W=+DImIzDAn
0 W=+IKlArA
0 W=+InDI
0 W=+IrlIKA
0 W=+IrlIKDAn
0 W=+IrlIKInI
0 W=+IrsAn
0 W=+IzBInlAr
0 W=+IzImIz
0 W=+nAr
0 W=+rImIz
0 W==12.00
0 W==18.00
0 W==Kýrkýncý
0 W==yüzümüzü
0 W==yüzünün
1 L1=+AsmInDAn
1 L2=+orIsI
1 R1=+olCIlIK
1 R1=+oyDI
1 R1==Dakika
1 R2=+KAKDAn
1 W=+ClIKlArI
