0
1 W=+Im
1 W==yana
1 W=~ola
0 W=+AnAyIm
1 W==baka
1 W=+IDA
1 W=+DIrA
1 L1==güle
1 W=+AllAyA
1 W=+nIlA
1 W==basa
1 L1=~göz
0 W==Kandýra
1 L2=~göz
1 W=+AvA
1 W=+oþA
1 W=+sDArA
1 W==gere
1 L1=+KIrA
1 R1=+Al'DA
1 W=+ArDA
1 W=+AzlAnA
1 W=+CIlA
1 W=+IzIlA
1 W=+IþInA
1 W==vura
1 W==yapa
0 L1=+AyKIylA
0 L1==isim
0 L2=+ABArDI
0 L2=+ArIDIr
0 R1=+AnBIlIn
0 R1=+ArIKADlAr
0 R1=+CzmAnDI
0 R1=+rBAKAn
0 R1==MGK
1 L1=+ADImInDAyKAn
1 L1=+AnmAlArInDAn
1 L1=+ArlAr'A
1 L1=+AvIrA
1 L1=+ClAmAlArlA
1 L1=+DIlA
1 L1=+IlIBI
1 L1=+IyrIn
1 L1=+KsIlA
1 L1=+lADA
1 L1=+lCAKDA
1 L1=+oCIKInIn
1 L1=+oloK
1 L1=+zlAyA
1 L1=+önA
1 L1==bula
