** Message: $Id: dlist.c,v 2.10 2004/10/28 16:46:53 dyuret Exp $
** Message: ==> READING
** Message: Reading data from stdin (1 dot = 10000 instances)

** Message: Read 4805 instances.
** Message: ==> TRAINING
** Message: Training on 3177 instances (1 dot = 100 rules)
.
** Message: Got 52 rules out of 40493 candidates.
** Message: Training set performance:
** Message: nrules:	corr:	incorr:	percent:
** Message: 52	3176	1	99.97%
** Message: ==> VALIDATION
** Message: Validating on 834 instances (1 dot = 1000 instances)
.
** Message: Best number of rules to use: 1
** Message: nrules:	corr:	incorr:	percent:
** Message: 1	822	12	98.56%
** Message: 52	817	17	97.96%
** Message: ==> TESTING
** Message: Testing on 794 instances (1 dot = 1000 instances)
.
** Message: nrules:	corr:	incorr:	percent:
** Message: 1	788	6	99.24%
** Message: 0	17	777	2.14%
** Message: ==> WRITING
** Message: Wrote 1 rules to stdout.
