0
1 W=+DIKIm
1 L1=~benim
1 W=+lArIm
1 W=+nDIm
1 W=+IKImI
1 W=+lArImI
1 W=+DAþIm
1 W=+IKImDA
1 W=+CAm
1 W=+ACAKImI
1 L2=+AnIm
1 W=+lArImIn
1 L1=+AnDI
1 W=~kendimi
1 W=+IKImA
1 W=+ABAm
1 W=+lArImA
1 W=+mAmI
1 R1==yok
1 W=+lArImlA
1 W=~caným
1 W=+KlImA
1 W=+nnAm
1 W=~kýzým
1 W=+KAnIm
1 W=+KlIm
1 W=+IzImA
1 W=~elimde
1 L1==Ben
1 W=+IyAmDA
1 W=+osDIm
1 W=+IKImDAn
1 W=+lArImDA
1 R2=+IKIm
1 W=+ABAmIn
1 W=+InImI
1 W=+mImI
1 W=='
1 W=~elimi
1 W=~yavrum
1 W=+IrAm
1 W=+ABmAm
1 W=+DAþImA
1 W=+IKImIn
1 W=+nAmIn
1 W=+vImI
1 W=~gözüm
1 W=+ArImDAn
1 W=+nCIm
1 W=+rKIm
1 W=+önlIm
1 W==Umarým
1 W=+lIKIm
1 W=+KAm
0 W=~benim
0 W=~dilerim
1 R2=+AvIyorIm
1 W=+ADAmDA
1 W=+BImIn
1 W=+IlAmA
1 W=+KlImI
1 W=+nsAnIm
1 W=+rAzIm
1 W=+yADIm
1 W==Paþam
1 W=~elimden
1 W=~yerim
1 W=+KAmDA
1 W==baþýma
1 W=+AmIm
1 W=+yonIm
1 W==evime
1 W=~içimden
1 W==eþim
1 W=+lKIm
1 W=+AnDImA
1 L1=~hiç
1 W=+AmDAn
0 W=+AlAmDAn
1 L1==ver
1 W=+ABAmI
1 W=+ABIlmAm
1 W=+ArADImA
1 W=+AyADImIn
1 W=+AþImDA
1 W=+CAmIn
1 W=+IvAnIm
1 W=+mIrIm
1 W=+zAnIm
1 W==Amacým
1 W==Kýzýmý
1 W==etmem
1 W==sözüm
1 W==yanýma
1 W=~içime
1 W=~yüzüm
1 W=+DIyACIm
1 W=+nImDAKI
1 W=+fAmI
1 W=+fIm
0 W=+IþIm
0 W=+ACAKIm
0 R1==yok W=+I
0 W==imamý
1 L1=+BAK
1 L1=+BlIm
1 L1=+IrArAK
1 L1=+KAlI
1 L1=+lInDAKI
1 L1=+nIlArI
1 L1=+nIsD
1 L1==Hangi
1 L1==Kýz
1 L1==olup
1 L2=+.0
1 L2=+ADAnImIz
1 L2=+DAyIm
1 L2=+KlADIm
1 L2=+slArIylA
1 R1=+ICA
1 R1=+mACI
1 R1=+yAr
1 R1==oradan
1 R2=+AnDImI
1 R2=+AnKIrBAy
1 R2=+lI'yA
1 R2=+örIlmIþ
1 R2==yüzden
1 W=+AADIm
1 W=+ABABIm
1 W=+ADAþImIn
1 W=+AKDIm
1 W=+AKKImDA
1 W=+AmzAlIm
1 W=+ArmAm
1 W=+ArnAmDA
1 W=+ArvIsImIn
1 W=+ArþImDA
1 W=+AsAjIm
1 W=+AyADImDA
1 W=+BolCIm
1 W=+DAKImI
1 W=+DInIm
1 W=+IKIDIm
1 W=+IlAmlA
1 W=+IllAnmAm
1 W=+IzImIn
1 W=+IþDAm
1 W=+IþmAmDA
1 W=+fImI
1 W=+lAKIm
1 W=+lAnIm
1 W=+mAmIn
1 W=+olImA
1 W=+olImI
1 W=+oþImA
1 W=+rAvIm
1 W=+sADIm
1 W=+vImDAn
1 W=+yonImI
1 W=+zAmI
1 W=+zIzIm
1 W=+öyImA
1 W==Diþimi
1 W==Karýma
1 W==Maksim
1 W==eþime
1 W==eþimle
1 W==hatam
1 W==karýmýn
1 W==sesimi
1 W=~karým
1 W=~yanýmda
1 W=~önerim
1 L1=+oKIm
1 W=+ACAKImA
1 W=+AmImDA
1 W=+ArAmI
1 W=+AsAmIn
1 W=+DAnIm
1 W=+yAnIm
1 R1=+IllAh
1 R1=+lADIlAr
1 W=+KlImDAn
1 W=+nImDAn
1 W=+vlADIm
1 W=+þKIm
1 W=+AKKIm
1 W==iþim
1 W==tanýmam
0 R2==Bu
0 L1==Ben R2=+n
0 R1==yok W=+Iz
1 W=+ACAKIm R1=+CIn
1 W=+IþIm R1==var
0 L1=+ACIrDIm
0 L1=+Anry
0 L1=+ArIlDIKInI
0 L1=+AvAþIn
0 L1=+AþIlKöy
0 L1=+AþKIn
0 L1==yanýna
0 L1==Çaðla
0 L2=+ArIfI
0 L2=+ArIþIK
0 L2=+AsIB
0 L2=+AþAmInDA
0 L2=+oDIK
0 L2=+ylAyAn
0 L2=+örDIlAr
0 L2==ata
0 L2==kapýlacak
0 R1=+AjIsörlArI
0 R1=+AlolDI
0 R1=+AyDAlAnArAK
0 R1=+oyADImI
0 R1==öldüðünü
0 R2=+ABIylA
0 R2=+AzArIyA
0 R2=+IzKIlI
0 R2==Giyen
0 R2==eþek
0 W=+ArDIþlArIm
0 W==Kutlarým
0 W==cematýmýn
1 L1=+ABIlACAKInI
1 L1=+ABlAn'I
1 L1=+ABmA
