0
1 W=+oKlI'nIn
1 W==azýndan
1 W=='
1 W==dýþýndaki
1 W=~býrakýn
1 W==baþkanlýðýnda
1 W=+DIKIn
1 W==eþliðinde
1 W=+ACAKInDAn
1 W=~kimin
1 W=+AzlIKInIn
1 W=+KlI'nI
1 W=+IKIrInDA
1 W=+KlI'nA
1 W=+CzACIBAþI'nIn
1 W=+InyA'nIn
1 W==benden
1 L1=+0'lI
1 W=+lI'nDAn
1 W=+ArIhInDAKI
1 W==O'nu
1 W==derinden
1 W=+BAþI'nA
1 W=+KlIKInDA
1 W=+'DAn
1 W=~kimlerin
1 W=+BonsorlIKInDA
1 W=+lIlIKInDA
1 W=+rDAsInDA
1 W==Biko'nun
1 W==geldiðince
1 W==nelerin
1 W=+AlDInDAyKAn
1 W=+AmAyACAKInIn
1 W=+AnDInCA
1 W=+AzlIKInA
1 W=+DoKInIn
1 W==O'na
1 W==kendin
1 W==yapýn
0 W==yapýn R1=<S>
0 W=~kimin L1==,
0 W=+AsDIKIn
0 W==bacaðýndan
0 W==geleceðinden
0 W==mantýðýn
1 L1=+ArBAKAn
1 L2=+AyIr'DA
1 R1=+AnAmAyA
1 R1=+nACA
1 W=+.
1 W=+AfArInDAn
1 W=+AhAllInDA
1 W=+IlACAKlArIn
1 W=+lI'nDAKI
1 W=+nBIrInA
1 W=+nDArlIKInDA
1 W=+s
1 W==8'in
1 W==Katin
1 W==dönün
1 W==katýndaki
1 W==tadýna
1 W=+Alomon
1 W==görün
0 L1==Ekonomi
1 W=~gidin
0 W=~gidin R1=<S>
0 W=+AnlIoKlI'nIn
1 L1=+AAKAn
1 L1=+AKAlAnDIKI
1 L1=+AmyonlArI
1 L1=+ArolIþ
1 L1=+BIry
1 L1=+IBIylA
1 L1=+ImlArCA
1 L1=+IrhlI
1 L1=+IzImlA
1 L1=+KA'DAKI
1 L1=+o00
1 L1=+oyIDlArA
1 L1==Bundaki
1 L1==KONUSUNDAKÝ
1 L1==S.
1 L1==TURBAN
1 L1=LOWER0
1 L2=+ADDAm
1 L2=+ADIz
1 L2=+AnIrlI
1 L2=+ArIhInDAn
1 L2=+DIyorsA
1 L2=+DlAnmAyA
1 L2=+IKDArIn
1 L2=+Kh'A
1 L2==11'I
1 L2==Beyazid
1 L2==Disiplin
1 L2==atýn
1 L2==günlerden
1 L2==vaatlerini
1 R1=+AnlAnDIKInDA
1 R1=+AssIzlIKInA
1 R1=+AyBADmIþDI
1 R1=+IrKIlAmAsI
1 R1=+KCIlIK
1 R1=+rADIlI
1 R1==aklanmasýnýn
1 R1==yakýný
1 R2=+AnzArADAKI
1 R2=+AylArInDAKI
1 R2=+AþDIrIlArAK
1 R2=+DAylArDAn
1 R2=+IKArInI
1 R2=+mos
1 R2=+om
1 R2=+rABIlmIþ
1 R2=+rBAnIn
1 R2=+ölImInDAn
1 R2==yenik
1 W=+0
1 W=+ABAzArI'nDAKI
1 W=+ABIlDIKInIn
1 W=+ACIBAþI'nDAn
1 W=+ADImInCA
1 W=+AfAnI
1 W=+AhADsIzlIKIn
1 W=+AhAllInA
1 W=+AlIsyonInI
1 W=+AmIoyInCA
1 W=+ArDIAn
1 W=+ArKAzInDAKI
1 W=+AsADInDA
1 W=+AsmIn
1 W=+AyKInlIKInA
1 W=+AþlAyACAKInIn
1 W=+DIrACAKInIn
1 W=+Dohos'In
1 W=+DrIþ'In
1 W=+IBInCA
1 W=+IlAþABIlACAKInI
1 W=+ImDIKInDAn
1 W=+ImInlA
1 W=+IzDAnDIr
1 W=+IþInDADIr
1 W=+IþInDAyDI
1 W=+IþInDAyKAn
1 W=+IþKInI
1 W=+KIDABInDA
1 W=+KIDABInIn
1 W=+KInIlmAzlIKInI
1 W=+hAKIr'In
1 W=+nDArlIKInDAKI
1 W=+zlIKInDA
1 W==%
1 W==Bauman
1 W==CIA'nýn
1 W==Cahar'ýn
1 W==Lan
1 W==ailen
1 W==ayýndaki
1 W==bantlarýn
1 W==beklentilerin
1 W==derine
1 W==gelenin
1 W==haccýn
1 W==istemine
1 W==meslektaþýna
1 W==olumsuzluklarýn
1 W==ortamýný
1 W==pastanýn
1 W==vurun
1 W==yetkilerin
1 W=~b
1 W=~babaný
1 L1=+Alomon
1 W=+ABIlACAKInIn
1 W==Lebed'in
