0
1 W=+DIKlArI
1 W=+KlArInI
1 L1=+lArIn
1 W=+mAlArInI
1 W=~içiþleri
1 W=+ACAKlArI
1 W=~kendilerine
1 W=~kendilerini
1 R1==biri
1 W=+ABsI
1 W=+mAlArInA
1 W=+CA
1 W=~bazýlarý
1 W=+vAKIllArI
1 W=+ArIhlArI
1 W=~kendileri
1 W=+DIKlArInA
1 W=+IKlArInDA
1 W=+DIKlArInIn
1 W=+ADAmlArI
1 W=+AvlIlArI
1 L1=~haklarý
1 W=+ADvAKIllArInIn
1 W=~kendilerinin
1 W=~birileri
1 W=+DIKlArInDAn
0 W=+nAKlArInI
0 L1=+lArIn W=+A
1 W=+IrBIrlArInA
1 W=+BIrlArInI
0 W==haklarýný
1 W=~diðerleri
1 W=~ellerinde
1 W=='
0 W=+IrlIKlArInI
1 W=+orIlArInI
1 W=+ACAKlArInA
1 W=+ABsInI
0 W=+KlArInI R1==,
1 W=+ImIlArI
1 W=~kendilerinden
1 W=+ACAKlArInI
1 W=+AyollArI
1 W=+mAlArInDAn
1 L1=+AlArInIn
0 W=+KI
1 W=+ADAmlArInIn
1 W=+ADvAKIllArInI
1 W=+AþKAlArInIn
1 W=+IrBIrlArIylA
1 W==olanlarý
1 W=+AþKAlArInA
1 W=+IKArlArInDAn
1 W=+ABsInIn
1 W=+KInIn
1 W=+yAnlArI
1 W=~aralarýnda
0 W=~aralarýnda L1=+A
0 L1=+lArIn W=+ArInIn
0 W=+rAKlArInI
1 W=+ABsInA
1 W=+ADvAKIllArInA
1 W=+lAmAlArIylA
1 W=~bazýlarýnýn
1 W=~birilerinin
1 W==bazýlarýný
1 W=+IrAnlArI
1 W=+mlIlArI
1 W=+nAnlArI
1 W=+'nA
0 L1=+lArIn W=+An
1 W=+ABIlmAlArI
1 W==gelenleri
1 L1==en
1 W=+IþmAlArInDA
1 W=+KI L1==,
1 L1=+-000
1 W=+BIrlArInDAn
1 W=~bazýlarýna
1 W=+rlAmAlArI
1 L1==daha
1 R1=+rIrKAn
1 R1==olduðunu
1 L1=+AmAn
0 W==çoðu
1 W=+KlArInI R1==, L2=+I
1 R1==birisi
1 W=+AhIBlArInI
1 W=+ImI
1 W=+IyIKlArI
1 W=+yAþlArI
1 W==futbolcularýyla
1 L1=+BlArI
1 L1=+AþlArInIn
1 W=+BolCIlArInA
1 W=+DAKIlArI
1 W=+lIlArInI
1 W=+lIKlArIylA
0 W=+KlArInI L1=~kendi
0 L1=+lArIn W=+AlArI
0 W=+rIþmAlArInA
1 R1=+AzIlArI
1 R1=+mlIsI
1 R1=+özACAK
1 W=+ADvAKIllArInDAn
1 W=+ADvAKIllArIylA
1 W=+AnlIlArI
1 W=+AnlIlArInDAn
1 W=+IrICIlArInDAn
1 W=+þyArlArI
1 W==açýklarý
1 W==kendilerinde
1 L2=+IsInDAn
1 W=+AþKAlArI
1 W=+InCIlArInA
1 W==sakinleri
1 W=+AyIBlArI
0 W==beyanlarý
1 R1=+InDIKInI
1 W=+ImInI
1 W=+AADlArInI
1 W=+ADAlArInI
1 W==kendilerine
1 W=+KI L1=~kendi
0 W=+mAlArInI L1==,
1 L1=+lArIn W=+KlArInIn
0 W=+syAnlArI
1 L1=+KIrI
1 L1=+mlArI
1 R1=+rIDIr
1 R1=+zInI
1 R2=+oBlI
1 R2=+yAv
1 W=+ADAmlArIylA
1 W=+ArAyollArInDA
1 W=+AvlIlArInA
1 W=+AþKAlArInI
1 W=+BIClArI
1 W=+DIþlArInDA
1 W=+DIþlArInI
1 W=+KCIlArInI
1 W=+KInDA
1 W=+yArlArInDA
1 W=+þyArlArInA
1 W==birilerini
1 W==sergilerini
1 W==þefleri
1 W=~bazýlarýnda
1 W=~bazýlarýyla
1 W==davranýþlarýný
1 W=~aralarýndan
1 W=+IlIKlArInIn
1 L1=+AylA
0 W=+AllIKlArInI
1 L1=+AnlArI
1 R1=+ArþIsInDA
1 W=+lIKlArInDAn
1 L2=+IlArInI
1 W=+ADCIlArI
1 R1=+DIKCA
1 W=+IþlArInA
0 W=+IrIlIþlArInA
0 W=+ArIhlArI L2=UCFIRST
0 L1=~haklarý W=+ArInA
0 R1==olduðunu L2=+In
0 W=+KlArInI L1==ve
0 W=+KlArInI R1=="
1 W=+ACAKlArInI
1 L1=+lArIn W=+ArInIn R1=+r
0 W=+ArCAKlArInI
0 W=+ICAKlArInI
0 W=+mAKlArInI
1 L1=+ADIþDIrACAKImIz
1 L1=+lIþlArI
1 L1=+öBrI
1 L1==Eski
1 L1==dolu
1 L2=+IsI'nIn
1 L2=+lIslArIn
1 R1=+IyADA
1 R1=+oyInCA
1 R2=+AymAn
1 R2==sakýnca
1 W=+ACAnlArI
1 W=+ADAmlArInA
1 W=+ADAmlArInI
1 W=+ADlArI'nI
1 W=+AIllArInIn
1 W=+AlArI'nI
1 W=+AzlIKlArInIn
1 W=+AþKAlArIylA
1 W=+BIClArInI
1 W=+BolCIlArInI
1 W=+DIþlArIylA
1 W=+DmAlArIylA
1 W=+IKArlArIylA
1 W=+ImInA
1 W=+KIrlIKlArInIn
1 W=+yArlArInI
1 W=+yollArInIn
1 W==Yanlarýnda
1 W==birilerine
1 W==derilerini
1 W==oluþturmalarý
1 W==yapanlarý
1 W=~diðerlerini
1 L1=+AhIBI
1 L2=+mAnlAr
1 R1=+CACAK
1 R2=+ImlA
1 W=+ABsInDA
1 W=+rADICIlArInDAn
0 W==düdükleri
0 W=~varlýklarýný
1 L1=+IyA'DAKI
1 L1==CIA
1 L2=+ArþIsInDA
1 R1=+AhAyA
1 W=+IKInDIlArInI
1 W=+nlAmlArInIn
1 W=+yB'lIlArI
1 W==diðerlerinin
1 W=DIGIT0
0 L1=+ICIlArIn
0 L1==erkek
0 L2=+lIlArInIn
1 L1=+mAlArIn
1 R1=+IKInKI
1 W=+BIrlArInIn
1 W=+KInI
1 W==baþlarýný
1 L1=+BlArInIn
1 W=+BolCIlArI
0 R2==gerek
1 L1=+AyIB
1 L2=+AKlAr
1 W=+IþmAlArIylA
0 R1=+AnInAn
1 W=~yýllarýný
0 R1=+DIKImIz
1 L1==Bunlarýn
1 R1=+mADIKInI
1 W=+IþlArInDAn
0 W=+IþlArInDAn R2=+A
1 L1==iyi
0 L1=~iþ
0 W=+ACAKlArInI R1=+AlArI
0 W=+ACAKlArInI R1=+AyAn
0 W=+ADAlArInI L1=+I
0 W=+lIKlArIylA L1=UCFIRST
0 W=+KlArInI R2=+ArA
0 W=+mAlArInI L1=+lI
0 W=+KlArInI R1==, L2=+DI
0 L2=~çoluk
0 W=+IDIKlArInIn
0 W=+yAKlArInI
0 W=+zlAþmAlArInA
0 W=+þlIKlArInDAn
0 W==artýklarý
0 W==baðlarýný
0 W==gedikleri
0 W==musluklarýný
0 W==taktikleri
1 L1=+AKIlmAsI
1 L1=+AKfI
1 L1=+AKlArInA
1 L1=+AKrICIlArIn
1 L1=+ArsIDAsI'nDAKI
1 L1=+AyIrlI
1 L1=+AþArlIK
1 L1=+DIllArInIn
1 L1=+DmAnlIK
1 L1=+IKIylA
1 L1=+IlDIz
1 L1=+InyADAKI
1 L1=+Ir'DAKI
1 L1=+IsAlArI
1 L1=+KAzIn
1 L1=+hlAr
1 L1=+jAnIn
1 L1=+olA
1 L1=+oznI
1 L1==2030
1 L1==300'ün
1 L1==Altan'ýn
1 L1==B
1 L1==KDP
1 L1==M1
1 L1==adlarý
1 L1==arka
1 L1==cumhuriyet
1 L1==dýþý
1 L1==hacý
1 L1==maçýnda
1 L2=+ADAs
1 L2=+ADI'DAn
1 L2=+ADIrIlmAsI
1 L2=+AKnolojIsInIn
1 L2=+AmIrlAr
1 L2=+AnIr
1 L2=+Arm
1 L2=+CzmAnDI
1 L2=+DmAnlArDA
1 L2=+IlI'nIn
1 L2=+IyAnIn
1 L2=+KAlArArAsI
1 L2=+KIlArInDAn
1 L2=+KK'nIn
1 L2=+fAz
1 L2=+jAnlArInA
1 L2=+mAn'DA
1 L2=+nAmIn
1 L2=+rAnIþ
1 L2=+rAsI'nIn
1 L2=+yAsA
1 L2=+zDABA
1 L2=+þlAm
1 L2==Lider
1 L2==Mevcut
1 L2==izin
1 L2==maçlarýný
1 L2==sorunlarý
1 L2==yüklü
1 L2==Ýsrail
1 L2=~mart
1 R1=+0'A
1 R1=+ABCAlI
1 R1=+ABIK
1 R1=+ADArKAn
1 R1=+ADImInDAKI
1 R1=+AKAlAnAn
1 R1=+AKAr
1 R1=+AKnIK
1 R1=+AhsIs
1 R1=+AlAmAsI
1 R1=+AnmAsInDAn
1 R1=+ArlArInA
1 R1=+ArþIlIKlI
1 R1=+AvID
1 R1=+AþAyAnlAr
1 R1=+AþKInA
1 R1=+AþlArKAn
