1
0 W=~yeni
0 W=+DIKlArI
0 W=+'I
0 W=+KlArInI
0 W=+zI
0 W=+oKlI
0 W=+InCA
0 L1=~bu
0 W=~onu
0 W=~beni
0 W=~sonunda
0 W=~ardýndan
0 W=+KlI'nIn
0 W=+slInDA
0 W=+IþlArI
0 W=+lDI
0 W=~onlarý
0 W=+mAlArInI
0 W=+ACAKlArI
1 W=DIGIT0
0 W=~yarý
0 W=~çoðu
0 W=+lAyIsIylA
0 W=+mAnDI
0 W=+AsmI
0 W=+sKArI
0 W=+olAyI
0 W=+mAlArInA
0 R1==biri
0 W=+ylAsInA
0 W=~batýlý
1 W=+KAzI
0 W=~tersine
1 W==kýzý
0 W=+AnzArI
0 W=~þevki
0 W=+AnlArI
0 W==azýndan
1 W=+rIzI
1 W=+KAnlArI
0 W=~basýna
0 W=+IKlArInDAn
1 W=+özI
0 W=~uyarý
0 W=+DIKlArInA
0 W=~oyuna
0 W==Lütfü
0 W=~sýký
0 W=~boru
0 W=~aksine
0 W=+CAlArI
0 W=~basýnda
0 W=+ArIhlArI
0 W=+IKlArInDA
0 W==kimi
0 L1=~o
1 L1=~bu L2=UPPER0
0 W=+DIKlArInIn
0 W=+IþArI
0 W=~ertesi
0 W=+lArI'nIn
0 W==sorularýný
0 W=+ylAsI
0 W=~oyunun
0 W=+AþKAnlIKInDA
0 W==þeyi
0 W=+IBAþI
0 W==þeyleri
0 W=~þarký
0 L1==þu
0 W=~yarýnýn
0 W=+ACAKInDAn
0 L1==gelen
1 W=+mAnlArI
0 W=+AvlIlArI
0 W==dýþýndaki
0 W=~anti
0 W=~ikili
0 W=+mAlArInDAn
0 L1==bazý
0 W=+ChI
0 W=+IsACAsI
0 W=~aksi
1 W=+KlArInI R1==,
0 W==eþliðinde
0 W==geleni
0 L1=+AnAn
1 W=+IlDIzI
1 W=+nAKlArInI
1 W=~haklarýný
0 W==olaný
0 W=~seri
0 W=~oyunda
0 W=+lArI'nA
0 W=+oKInIn
0 W=~aralarýnda
0 L1=~ayný
1 L1=~bu W=+A
0 W=+þDI
0 W==boþuna
0 W=~basýnýn
0 W=~gemi
0 W=+AKICI
0 W=~nolu
1 W=~yüzü
0 W=+IzlArI
0 W=+'lArI
0 W=+lmAlArI
0 W=+ADrI
0 W=+AzlIKInIn
0 W=+IlfI
0 W=~içeri
0 W==karý
0 W=+ACAKlArInA
0 L1==arasýndaki
0 L1=+lArInDAKI
0 W=+mAlArIylA
1 L1=~bu W=+InI
0 W==kurdu
1 W=+IrlIKlArInI
0 W=+lAsyonI
0 W=+IlAr
1 W=~aralarýnda L1=+A
0 W=+AysArI
0 W=+KlI'nA
0 W=+sKI'nIn
0 W=+KlI'nI
0 W=+DImlArI
0 W==geliþmeleri
0 W==dolarý
0 W=+lAlArI
0 W=+CIKlArI
0 W=+DICI
0 W=+lArI'nI
1 W=+AsInCA
0 W=+CI'nIn
1 W=+ozI
0 W=+slI
0 W=~ellerinde
0 W=+IþIlArI
0 W=+sKI
1 W=+AsmI L1=+In
0 W=+AIDI
0 W=+AImI
0 W=+AzlAsIylA
0 W=+hlAllArI
0 W==zeminde
0 W=~kuru
0 W=~tasarý
0 W=+IKIrInDA
0 W=~salý
0 W=+KlIKInDA
0 W=+AzlIKI
1 W=+mAzI
0 W==sorularý
0 W=+IAlArI
0 W==sözleri
0 W=+ACAKlArInI
0 W=+ClIlArI
0 W=+KlI'nDAn
0 W=+rlI
0 W=~bacý
0 W=~düþünün
1 W=+rAKlArInI
0 W=+ACIlArI
0 W=+þAnI
0 W==katý
0 W==oyuncularý
1 W=~ardýndan R1=+lAn
0 W=+ArIhInDAKI
0 W=+DAvI'nIn
0 W=+hI'nIn
0 W=+nKAllArI
0 W==Fortuna
0 W==sakinleri
0 W=~yayýna
1 W==izi
0 W=+mlIlArI
0 L1=+AKDAþ
0 R1=+þIrAn
0 W=+AKIBlArI
0 W=+IrCI
0 W=+lI'ylA
0 W=+rCAsInA
0 W==güveni
1 W==hýzý
0 L1==Bütün
0 W=+AlIlArI
0 W=+AsArInIn
0 W==özellikleri
0 W=~çatý
0 W=+rnAKlArI
0 W=+slAmI
0 R1==kurumlarýn
0 W==haberleri
0 W=+CIlArInDAn
0 W=+mAlArInDA
1 W==sözleri L1=+'In
1 L1=~o W=+A
1 W=+AnlArI L1=UCFIRST
0 W=+ADolI
0 W=+AllAhI
0 W=+AnlIlArI
0 W=+AþKAlArInIn
0 W=+olCIlArI
0 W=+sDInDAKI
0 W==Güreli
0 W==derinden
0 W==zemine
0 W=+oKlArI
0 L1=+IyDIKI
0 W=+AADlArInI
0 W=+ABIlACAKInIn
0 W=+AmsIlI
0 W=+IKInDIlArI
0 W=~ferdi
1 W=+ArzI
0 W=+AjlArI
0 W==oyundan
0 W=~yazýnýn
0 W=+IIlI
0 W=+IþlArInDAn
0 W=+rlAmAlArI
0 W=+sIrlArI
0 L1=+ArAKAn
0 L1=+rACAK
0 W==çýkarlarý
1 W==faizi
0 W=+onIlArI
1 W=+lIþlArI
0 L1=+rIlAn
1 W=+IsI
1 W=+lmAlArI L1=+Iþ
1 L1=+AnAn W=+InI
0 W=+KlArInI L1==,
1 L1=~bu W=+IKI
0 L1=+-000
0 L1=+KA'DAKI
0 W=+'lIlArI
0 W=+ACAKCIlArInI
0 W=+AoDDI
0 W=+AyIBlArI
0 W=+AþKAlArI
0 W=+AþKAlArInI
0 W=+DICInDA
0 W=+DIKlArIylA
0 W=+IKArlArInDAn
0 W=+IlAnI
0 W=+nDArlIKInDA
0 W=+ofI
0 W==Emine
0 W==Phiri
0 W==basýndan
0 W==Þükrü
0 W=~deri
0 W=~kutu
0 W=~yarýndan
1 W=+AnIKlArInDAn
1 W=+IsKI
1 W==tezi
0 W==kaný
0 L1==%
0 W=~içlerinde
0 L1=+AnIsDAn'DA
0 W=+lIlArInI
0 W=+sIKlArI
0 W=~geminin
0 R1=+ozAn
0 W=+DIDlArI
0 W=+lIlArInDAn
0 R1=+IrImlAr
1 W=+nIþlArI
0 W=+IrDDIþI
0 W=+DCIlArI
0 L1=+lAyAn
1 W=+mAlArIylA R1=+An
1 W=+mAlArInDA R1=+A
1 L1==bazý L2=+nIn
0 L1=~bu W=+lArI
0 W=+ABDAmAlArI
0 W=+ADAvI'nDA
0 W=+AIllArI
0 W=+AorKI
0 W=+ArIADI
0 W=+ArInlAmAsInA
0 W=+AþKAlArInA
0 W=+DoDIlI
0 W=+IyIKlArI
0 W=+nAnI
0 W=+yDInlArI
0 W==Subaþý'nýn
0 W==futbolcularýyla
0 W==kimleri
0 W=~aralarýndan
0 W=~basýndaki
0 W=~beþeri
0 W=~diri
0 W=~elimi
1 W==törenleri
0 W=+oKrIlArI
0 W=+vIrIlArI
0 W=+AformlArI
0 W=+AzlIKInI
0 W=+BolCIlArInA
0 W=+þAmlArI
0 W=~aný
1 W=+ADDIþlArI
1 W=+AyDIlAr
1 W=+nADICIlArInDAn
1 W==oranlarý
0 R1==birisi
0 W=+lIllArI
0 L1=+nlArCA
0 W=+AKDIþI
0 W=+ArlIKI'nIn
0 W=+AyAlArI
0 W=+sArlArInIn
0 W=+AKIlArI
0 W=+ArADlArI
0 W=+IIrI
0 W==elleri
0 W==herþeyi
1 W=+lAKlArInI
0 W=+þCIlArI
0 W=~yýllarýný
0 W==gerçekleri
0 W=~alýcý
0 W=+lIKlArIylA
0 W=+KKADI
0 W=+lIyADlArI
0 W=+rolI
0 W=~sorunlarý
1 W=~sorunlarý L1=+nIn
0 W=+IþlArI L2=+IrIm
1 L1=+rIlAn W=+n
1 W=+sKArI R1=APOS1
1 W==dolarý L1=+BD
1 L1=+AnAn W=+InIn
1 W=+IzlArI L1=+In
1 W==þeyi L2=+AK
0 W=+özI L1=+I
1 W=+mAlArInI L1==,
1 W=+IþlArI R2=<S>
1 L1=~bu W=+An
0 L1=+AlDorflI
0 L1=+DAnIlAn
0 L1=+rzAK
0 L2=+ABmAsInI
0 L2=+AmIn'In
0 R1=+ADmIþlAr
0 R1=+BArK
0 R1=+rKIDICI
0 R1=+özACAK
0 W=+ADIþlArInDA
0 W=+AlAIrI
0 W=+AlDInDAyKAn
0 W=+AnIDlArInI
0 W=+ArAKAnI
0 W=+AzlIKInA
0 W=+AzlIKlArInIn
0 W=+AþInDAlAr
0 W=+AþsAvCIlIKI'nIn
0 W=+ImlIKlArI
0 W=+IyAmADI
0 W=+IyImlArI
0 W=+IþCAsInA
0 W=+hlAllArIylA
0 W=+llI'nIn
0 W==Alevi
0 W==Bayrami
0 W==DEVAMI
0 W==Galati
0 W==biteni
0 W==davranýþlarýný
0 W==diðerlerinin
0 W==kafalarý
0 W==neleri
0 W==stoku
0 W==yakýný
0 W==yayýnda
0 W==çoðunu
0 W=~diðerlerini
0 W=~koku
0 W=~koyu
0 W=~taný
1 W=+AKIzI
1 W=+llAlArI
1 W=+mAKlArInI
1 W=+mIDAnlArI
0 L1=+IKDAKI
0 R2==pahasýna
0 W=+ArsIDAlArI
0 L2==kablolu
0 R1=+IrmIþlAr
0 W=+AlBI
0 W=+AmhI
0 W=+BBI
0 W=+CzmAnDIlArI
0 W=+DolArI
0 W=+hlAllArInIn
0 W=+nlIKlArInA
0 W=+sDArImI
0 W==baþlarýný
0 W==fýrtýna
0 W==uyumu
0 W=~bugünü
1 W=+AlIþAnI
1 W=+yIzI
0 R1=+lAyInCA
0 W==adlarýný
0 W==dostlarý
0 L1=+AnIþlAmA
0 W=+ArlIKI'nA
0 W=+oKAKlArI
1 W=+sIzI
1 W==alanlarý
1 W==itirazý
0 L1=~yapýlan
0 W=+IsIn
0 W=+mIDlArI
0 W==tepkileri
0 L1=~politik
0 W=+ADAlArInI
0 W=+ArCAmAlArI
0 W=+IzlArInI
1 W=+AlIþAnlArI
0 R1=+IKAh
0 W==etkileri
0 W==olanaklarý
0 W==suçlarý
0 W=+AyACAKInIn
0 W=+oþIllArI
0 W=+rAvlArI
0 L1=~hangi
1 R1==çekti
0 W=+nDAmI
0 W=~barýþý
0 W==bilgileri
1 R1=+yAsInDA
1 L1==aile
1 R1=+lmAlI
1 R1=+IsInDAn
0 W=+AnlArI L1=+Al
0 W=+AnlArI L1=+AnDI
0 W=+mAnlArI L1=+r
0 W=+nIþlArI L1=+I
1 W=+CIKlArI L1=+nIn
1 W=+DCIlArI W=UCFIRST
1 W=+IzlArI L1=+K
1 W=+KlArInI L1=~kendi
1 W==gerçekleri L1=+In
1 W==oyuncularý L1=+K
1 W=~ardýndan L1=+An
1 W=~ardýndan R1=+nAn
0 W=~yüzü L1=+A
1 L1=~ayný W=+KI
0 W==yolsuzluðu
1 W==dolarý R2=+n
0 W=+AnlArI L1==ve
1 L1=~ayný L2=+lA
1 W=~barýþý R1=+A
1 W=+AsmI R1==ve
0 L1=+AKIþAn
0 L1=+AlCIn
0 L1=+AnDIKAl
0 L1=+ArDAv
0 L1=+ArIlACAK
0 L1=+DDIKImIz
0 L1=+DIKrIl'In
0 L1=+IlomADrAlIK
0 L1=+InyADAKI
0 L1=+IrmIzI
0 L1=+onAKlAmA
0 L1==Doðal
0 L1=~ebedi
0 L2=+DhAlADI
0 L2=+IlDIrInI
0 L2=+IrnAr'In
0 L2==önümüze
0 R1=+ABsAyACAK
0 R1=+AChIllAr
0 R1=+ADsIzlIKInIn
0 R1=+AKlAþDIrACAKIz
0 R1=+AllAmAnIn
0 R1=+ArþIlAmA
0 R1=+AsDAKlAmAK
0 R1=+AvIrACAK
0 R1=+AyBADInCA
0 R1=+AþAyAnlAr
0 R1=+DKIlAyACAK
0 R1=+IDIlmAsInIn
0 R1=+IKolojIKmIþ
0 R1=+InArKAn
0 R1=+IrKIlADIKI
0 R1=+rIþAnlArIn
0 R1=+yAnlArDAn
0 R1==BÝLGÝLER
0 R1==baþaran
0 R1==biridir
0 R1==eðip
0 R1==kurulmalýdýr
0 R1==kýrk
0 R1==olabileceði
0 R1==senden
0 R1==örtme
0 R2=+KInInA
0 R2=+KmAlI
0 R2=+slIBInI
0 R2=+zlAmAK
0 W=+AAlI
0 W=+ABlI'nIn
0 W=+ACAKlArInDAn
0 W=+ADIþlArInA
0 W=+AhIBlArInI
0 W=+AlAvAKIþI
0 W=+AmAmIylA
0 W=+AmCIlArI
0 W=+AnnI
0 W=+AnzArlArInIn
0 W=+ArAlI
0 W=+ArBAþI
0 W=+ArKAzInDAKI
0 W=+ArKICIlArInIn
0 W=+ArKlIKInIn
0 W=+AvADlIlArI
0 W=+AzAAlAnI
0 W=+AzlIKlArI
0 W=+AþBAKAnlArI
0 W=+AþrollArInI
0 W=+BAKI'nIn
0 W=+BolCIlArInI
0 W=+CAnInIn
0 W=+DArICIlArI
0 W=+DDI'nIn
0 W=+DICInDAKI
0 W=+DInIylA
0 W=+DIþlArInI
0 W=+ICCI
0 W=+IDorI
0 W=+IKArlArIylA
0 W=+IfIrI
0 W=+IhnI
0 W=+IrAKlIlIKI
0 W=+IrInCI
0 W=+IssAlI
0 W=+IssolInI
0 W=+IzIKlArI
0 W=+IþDI'nIn
0 W=+fKAlArInI
0 W=+hlI
0 W=+lArI'nDAn
0 W=+lAvlArI
0 W=+lInI'nIn
0 W=+lKAlI
0 W=+nBIrInA
0 W=+nlI
0 W=+orImlArI
0 W=+rsKInA
0 W=+yArlArInI
0 W=+yAyI
0 W=+ylAlArInI
0 W=+zAlDInDAKI
0 W==DSÝ
0 W==Doku
0 W==Eti
0 W==Kadiri
0 W==Martý
0 W==Siyaseti
0 W==Stasi
0 W==Yerinde
0 W==Zvi
0 W==askerleri
0 W==açýklarýna
0 W==aþý
0 W==baðýný
0 W==beyni
0 W==derilerini
0 W==duyu
0 W==evindeki
0 W==evleri
0 W==iyileri
0 W==katýndaki
0 W==kontrolleri
0 W==kurucularý
0 W==köprüleri
0 W==niyetleri
0 W==varki
0 W==Çoðunluðu
0 W==çalý
0 W==þarkýnýn
0 W=~ayraný
0 W=~oyundaki
1 W=+AKIlAr
1 W=+ArCAKlArInI
1 W=+IlIKlArInDA
1 W=+fAzI
1 W=+rIþmAlArInA
1 W=+þlIKlArInDAn
1 W==bacaðýndan
1 W==taktikleri
1 W=~bacaklarý
0 R1=+ImAKlA
0 W=+ADlI
0 W=+AmArAIlI
0 W=+ArDArI
0 W=+AsArIylA
0 W=+AsIlArI
0 W==türkü
1 R1=+CIDAn
1 W=+zlAþmAlArInDA
0 L1==aradaki
0 L2=+KsInA
0 R1=+AnDInDAn
0 R1=+AnlArInA
0 R1=+ArmAyAn
1 W=+mInI
0 R1=+DIrmADI
0 R1=+mADIKInIn
1 W=+IsInIn
0 W=+ABAþI
0 W=+ABorlArInDA
0 W=+AKlArInDAKI
0 W=+AfArDIDI
0 W=+AlCIlIKI'nA
0 W=+AyKAlI
0 W=+IrADlArI
0 W=+lIlIKInDA
0 W=+oBlArI
0 W=+ylI
0 W==baþlarý
0 W==sergilerini
0 W==þefleri
0 W=~ikilinin
0 R1=+ADlAmAK
0 R1=+lAnmAsInDAn
0 W=+nDAmlArI
0 W=+önlArI
0 L1=+rInAn
0 L1==milli
0 R1==sürerken
0 W=+ADhI
0 W=+AvrAmlArI
0 W=+DAnDI
0 W=+InDI
0 W=+IþDIrmAlArI
0 W==alanlarýnda
0 W=~ilmi
1 W=+AllIKlArInI
0 R2==geçirdi
0 W==yapýlarý
0 R1=+AlDmA
0 R1=+IrAKArAK
0 R1=+sIzlIKA
0 W=+jIlArI
0 W==istekleri
0 W=~katilleri
1 W=+zCIKlArI
0 W=+AþsAvCIlIKI'nA
0 W=+yAKlArI
1 R1=~altýna
0 R1=+AlAmAK
0 W=+AKDI
0 W==derdi
1 W==derdi L2=<S>
1 L2=~iþte
0 R1==aþkýn
1 R1==aþkýn L1=DIGIT
1 R2=+IþIyI
1 R1==yere
1 R2=+AlArIylA
1 W=+IKlIKlArI
1 W==isteði
1 L1==politika
1 W=+IlIKlArI
1 W==ödülü
0 W==insanlarý
1 L1=+AmoKrAsI
1 R1==gelen
1 W=+mAsI
0 L1=~bu W==kadýný
1 L1=+AnAn W=+IKI
1 L1=+lAyAn R1=+sI
1 L1=~bu R1=+sIn
1 L1=~bu W=+yADI
1 R1==biri W=+A
1 R1==biri W=+sInDAn
1 W=+AnlArI L1=+'In
1 W=+ArCAmAlArI L1=+A
1 W=+ArIhlArI L2=UCFIRST
1 W=+AsmI R1=+InA
1 W=+AsmI R1==,
1 W=+CAlArI L1=STFIRST
1 W=+CAlArI R1==ve
1 W=+CIKlArI L1=+AK
1 W=+IAlArI L1=+'In
1 W=+IAlArI L1=+ADA
1 W=+IzlArI L2=+lArI
1 W=+lAlArI R1=+yA
1 W=+lIKlArIylA L1=UCFIRST
1 W=+lIyADlArI R2=+InI
1 W=+lmAlArI L1=+InDA
1 W=+lmAlArI L2=+Ir
1 W=+oþIllArI R1=+DA
1 W=+rolI R1=+DA
1 W==geliþmeleri L1=+A
1 W==haberleri L2=+An
1 W==sözleri L2=+DIr
1 W=~aralarýnda L1=+r
1 W=~katilleri L1=APOS1
1 W=~sorunlarý L1=+Im
1 W=~yýllarýný L1=LOWER
0 W=+lIþlArI L1=+An
1 L1=~bu W=+IKInIn
0 W=+AnlArI L1=+ArIn
0 W=+AsmI L1=+AnIn
0 W=+zI R1=+IrmAK
1 L1=~bu W=+ImInIn
1 R1==kurumlarýn L1=+A
1 W=+AnlArI R2=+mA
1 W=+mAlArInI R1==da
1 W=~oyunun L2=STFIRST
0 W=+KAzI R2==bulunan
1 W=~ardýndan L1=+mAsI
1 L1=~bu W=+DArI
1 W=+AnlArI L1=<S>
1 W=+sKArI R1==ve
1 W=+KlArInI L1=UCFIRST
0 L1==Bunu
0 L1=~bu R2=+Ar
1 W=+KlArInI L1==, R1==ve
0 L1=+00'lI
0 L1=+AA'In
0 L1=+AAKAn
0 L1=+AAlAnI'nDA
0 L1=+ABDIKImIz
0 L1=+ABlArlA
0 L1=+ADformI
0 L1=+AKAns
0 L1=+AKIA
0 L1=+AKlIKlArIn
0 L1=+AKlIlArIn
0 L1=+AlKlA
0 L1=+AmmIz'DA
0 L1=+AmyonlArI
0 L1=+AnDörlIK
0 L1=+AnI'nDAn
0 L1=+AnIzCIlIK
0 L1=+ArAB
0 L1=+ArolAn
0 L1=+AsIB
0 L1=+AzIrlAyACAK
0 L1=+BlImDAKI
0 L1=+DIlACIlArIn
0 L1=+IDDIKlArI
0 L1=+IlAs
0 L1=+ImlArCA
0 L1=+IrsD
0 L1=+IzImIzIn
0 L1=+KAnIK
0 L1=+KIzlArInDAn
0 L1=+frAsInDA
0 L1=+hIDlArIn
0 L1=+lIs'DAKI
0 L1=+lKIþ
0 L1=+lhAn
0 L1=+mAClArInIn
0 L1=+onAKI
0 L1=+onAn
0 L1=+orK'DAKI
0 L1=+rKDAKI
0 L1=+rlI'nIn
0 L1=+sBIry
0 L1=+shI
0 L1=+vAnlArI
0 L1=+zIsInDAKI
0 L1=+ölICIlIK
0 L1=+özlArlA
0 L1==121
0 L1==Bundaki
0 L1==Juppe
0 L1==Kiþisel
0 L1==Manken
0 L1==Siyasal
0 L1==alacaklarýn
0 L1==bölgesinde
0 L1==fakir
0 L1==geçmemesi
0 L1==hacý
0 L1==iþindeki
0 L1==medeni
0 L1==odaklarý
0 L1==p53
0 L1==sýzmasý
0 L1==talk
0 L1==Çaðýn
0 L1==ÝTALYA
0 L1==ýrkýn
0 L2=+AADADIlAn
0 L2=+ABArInA
0 L2=+ABIlACAKInIz
0 L2=+AClArInI
0 L2=+ADIz
0 L2=+AInK
0 L2=+AKIsDAnlI
0 L2=+AKlAyIB
0 L2=+AlABAlArInIn
0 L2=+AllAhI
0 L2=+AlmAnIn
0 L2=+AnDoKAn
0 L2=+ArAyKAn
0 L2=+ArIþIK
0 L2=+AsAlArI
0 L2=+AvAs
0 L2=+AvInIyor
0 L2=+AyIn'In
0 L2=+Ayn
0 L2=+AþKAnlIKIn
0 L2=+CArDA
0 L2=+DolI'DAKI
0 L2=+DyImlArIn
0 L2=+IDImlArI
0 L2=+IDmAnIn
0 L2=+IKDArIn
0 L2=+IKImlArInI
0 L2=+IKKIns'In
0 L2=+IKmAsInIn
0 L2=+IjI
0 L2=+InImIzDA
0 L2=+InlIKDAn
0 L2=+IrArIz
0 L2=+IrIlIyor
0 L2=+IrmAnIrsA
0 L2=+IvrA
0 L2=+IyAnIr
0 L2=+IþKIlArImIz
0 L2=+KAlArArAsI
0 L2=+KAr'I
0 L2=+KIDIKIm
0 L2=+KInlAr
0 L2=+Kh'A
0 L2=+KlAr'A
0 L2=+Ky'nIn
0 L2=+fAsyonAl
0 L2=+hADmAK
0 L2=+jAnlArInA
0 L2=+lACIn
0 L2=+nAmADAn
0 L2=+oKAz'DA
0 L2=+rAlArIylA
0 L2=+sAlA'yA
0 L2=+örACAK
0 L2==Cavit
0 L2==R
0 L2==Rumlarla
0 L2==Sonuç
0 L2==alýnacaðý
0 L2==aradý
0 L2==dul
0 L2==göze
0 L2==göçmenler
0 L2==hazine
0 L2==mesleði
0 L2==nisan
0 L2==vs
0 L2==yýldýz
0 L2=~nemadaki
0 R1=+AAvI'nDA
0 R1=+AAþlArInDAn
0 R1=+ABADIB
0 R1=+ADACAKlArInI
0 R1=+ADlArIylA
0 R1=+AKDAyDI
0 R1=+AKsIm'DA
0 R1=+AfArA
0 R1=+AlAnDIrIrKAn
0 R1=+AlIKIn
0 R1=+AlIþDIrmAyA
0 R1=+AlKAlAnIyor
0 R1=+AllAmA
0 R1=+AnAmADIK
0 R1=+AnAmAyA
0 R1=+AnImAzsAn
0 R1=+AnImIzIn
0 R1=+AnImlAmA
0 R1=+AnIyAmADIm
0 R1=+ArABIlmA
0 R1=+ArIf
0 R1=+ArIþAnlIKA
0 R1=+AsyonA
0 R1=+AvAþlADmA
0 R1=+AvIAr
0 R1=+AyBADIKDAn
0 R1=+AyBADmIþDI
0 R1=+AyKInlAþDIrIyor
0 R1=+AþInDADIr
0 R1=+AþlArKAn
0 R1=+CAmA
0 R1=+CIKlArlA
0 R1=+DIrmAlArInI
0 R1=+DIrmAmAlArInI
0 R1=+DIvA
0 R1=+DIþDIrIB
0 R1=+DKIlAmAyI
0 R1=+IKImlArA
0 R1=+IKIþDIKInDA
0 R1=+InhArCA
0 R1=+InyADAKI
0 R1=+IrAKAlIm
0 R1=+IrAKmAyI
0 R1=+IrlAþDIrmAK
0 R1=+IsDAmADIK
0 R1=+IsDIrmAyA
0 R1=+IyIlIyor
0 R1=+IzlAnDI
0 R1=+IzlAnmAsI
0 R1=+IzlIKDAn
0 R1=+IþArKAn
0 R1=+IþDIrmAKDIr
0 R1=+IþImIzIn
0 R1=+KAr'I
0 R1=+KDInIz
0 R1=+lAnDIrmAKDAn
0 R1=+nADmA
0 R1=+nArmAyA
0 R1=+nIDmAK
0 R1=+oKlADI
0 R1=+onmAlI
0 R1=+orImlAyAn
0 R1=+orKIlAmA
0 R1=+rAmIþlAr
0 R1=+rKCIlIK
0 R1=+zlAmAKDAn
0 R1=+zlAyABIlACAK
0 R1=+zlAyAnlAr
0 R1=+örIþmAyA
0 R1=+öyInA
0 R1=+þABIlmA
0 R1=+þDIrmAyIn
0 R1=+þlADIr
0 R1==Adile
0 R1==Alla
0 R1==Geliþtirme
0 R1==Gördüm
0 R1==Toptan
0 R1==YILMAZ
0 R1==arýnmak
0 R1==birlik
0 R1==bulaþtýðýný
0 R1==inmesini
0 R1==kalmadýðýný
0 R1==kalmayý
0 R1==kaçýrdýk
0 R1==neymiþ
0 R1==okumadým
0 R1==seçerken
0 R1==sürdürmeye
0 R1==sýcaðýna
0 R1==tarýyor
0 R1==telafi
0 R1==yanan
0 R1==yatýþtýrmaya
0 R1==yuman
0 R1==Ýlköðretim
0 R1==öperim
0 R2=+ABIrIn
0 R2=+AD'I
0 R2=+ADAþImIz
0 R2=+Aff
0 R2=+AhAyI
0 R2=+AlIrlAnmAyAn
0 R2=+AmlIn
0 R2=+AnDAlAr
0 R2=+AnDIrACAKIz
0 R2=+AnlAmAlAr
0 R2=+ArIK'In
0 R2=+ArIþDIrmAyA
0 R2=+ArlIKI'nIn
0 R2=+AsIslIK
0 R2=+AylArIylA
0 R2=+AzAnDIrIlmAsI
0 R2=+AzonlArIn
0 R2=+DAnIr
0 R2=+DAnlArDAn
0 R2=+DAyInA
0 R2=+DAylArDAn
0 R2=+DDIrIn
0 R2=+DInA'nIn
0 R2=+DKIlADIKInI
0 R2=+DmIþlArDI
0 R2=+IDAlAyAn
0 R2=+IKArInI
0 R2=+ImyAsAl
0 R2=+InCInI
0 R2=+IrmIþlAr
0 R2=+IyIlmAmIþ
0 R2=+KAlAyAn
0 R2=+KDArDI
0 R2=+KDArIrKAn
0 R2=+KsInlAr
0 R2=+mADIKIm
0 R2=+nKlAr
0 R2=+onsArlA
0 R2=+rAllArIn
0 R2=+rAmAmAsI
0 R2=+vIv
0 R2=+ymIþlAr
0 R2=+yolAr
0 R2=+öBAK
0 R2=+ölKAlAr
0 R2=+önInI
0 R2=+öþAsI
0 R2==Gücü
0 R2==Hangi
0 R2==Yalnýz
0 R2==bekiyoruz
0 R2==erdirmek
0 R2==etkisiz
0 R2==güçlenmek
0 R2==meþru
0 R2==neyi
0 R2==olurdu
0 R2==yenik
0 R2==þaþkýnlýk
0 R2==þiar
0 R2=~mark
0 W=+AAvAlArI
0 W=+ABArosKoBInIn
0 W=+ABIKAlArI
0 W=+ABImCIlArInA
0 W=+ABIyADlArI
0 W=+ABmAlArIyDI
0 W=+ACAKCIlIKInDA
0 W=+ACAnAKlArI
0 W=+AColArI
0 W=+ADIrAlArI
0 W=+ADlI'nIn
0 W=+ADrI'nIn
0 W=+ADörlIKInDA
0 W=+AKAlArInDA
0 W=+AKICIDIr
0 W=+AKhArI
0 W=+AKlAþImlArI
0 W=+AKlIKlArInA
0 W=+AKrAsyonI
0 W=+AKsIDI
0 W=+AfArInDAn
0 W=+AfAvI'nDA
0 W=+AfIKlArInA
0 W=+AfIlAlArInA
0 W=+AfIlAlArInI
0 W=+AfInInIn
0 W=+AhAþKInA
0 W=+AhIlI
0 W=+AlAlArInDAn
0 W=+AlArAsI
0 W=+AlBlArI
0 W=+AlCIlIKI'nIn
0 W=+AlDArI
0 W=+AlIsyonInI
0 W=+AlKAlArIylA
0 W=+AmAnyolI
0 W=+AmIllArInA
0 W=+AmoyInDAn
0 W=+AnAADlArI
0 W=+AnBIllIlArI
0 W=+AnDonlArInDAn
0 W=+AnIþlArInDA
0 W=+AnnI'nIn
0 W=+AnrI
0 W=+AnyArI
0 W=+ArAKAnlArI
0 W=+ArAKlIlArI
0 W=+ArAnslArI
0 W=+ArInDAysA
0 W=+ArInInIn
0 W=+ArInlArInI
0 W=+ArlIKI'nCA
0 W=+ArlIKI'nDAn
0 W=+ArrIflArI
0 W=+ArþIDlArI
0 W=+AsADlArInI
0 W=+AsCI
0 W=+AsKAlArI
0 W=+AsKAnI
0 W=+AvlIlArInA
0 W=+AvrIlI
0 W=+AyDACI
0 W=+AyIþlArIylA
0 W=+AyfAnDI
0 W=+AþBAlAsI
0 W=+AþDIrIlArInDA
0 W=+AþKAlArIylA
0 W=+BABAlArI
0 W=+BArDI
0 W=+BAzInA
0 W=+BIrlArIylA
0 W=+BlInKlArIylA
0 W=+BonsorlIKInDA
0 W=+BoyI
0 W=+BörDAjI
0 W=+CAlAmAlArI
0 W=+CCInI'nIn
0 W=+CImlArIylA
0 W=+CIþlArInI
0 W=+CKI
0 W=+DIDArlArI
0 W=+DIKAlI
0 W=+DInlIKInDAn
0 W=+DIrACAKInIn
0 W=+DIþlArIylA
0 W=+DKIlAþImI
0 W=+DKIlIyABIlACAKI
0 W=+ICAlArInI
0 W=+IKzAKlI
0 W=+IfonI
0 W=+IlIslArI
0 W=+ImCIlArInI
0 W=+ImlIlIKlArInA
0 W=+InAmAlArI
0 W=+InKIrI
0 W=+IrDIlI
0 W=+IrDlArI
0 W=+IrIDlArInI
0 W=+IrInCIlArI
0 W=+IrKIvI
0 W=+IrKIyAsI
0 W=+IrþAylArI
0 W=+IsBADInDA
0 W=+IsDInA
0 W=+IsKInlArI
0 W=+IvAnlIKlArInIn
0 W=+IyADCI
0 W=+IyorDI
0 W=+IyormIsInIz
0 W=+IþIrmAlArI
0 W=+IþIþlArI'nDAKI
0 W=+KAsyonlArI
0 W=+KIDABInIn
0 W=+KIrlIKlArInIn
0 W=+KovACI
0 W=+KrAmInDAn
0 W=+fBAnI
0 W=+hADlArI
0 W=+hAnKI
0 W=+hlAllArInI
0 W=+jAnlArInA
0 W=+lABIlDIKInA
0 W=+lIvI
0 W=+lIyIz
0 W=+lomBAnI
0 W=+mAKlArIylA
0 W=+nDArlIKInDAKI
0 W=+nlIlArIylA
0 W=+oCAlArInI
0 W=+ofonI
0 W=+onADI
0 W=+rAfyAsI
0 W=+rAnKI
0 W=+rBABI
0 W=+rDABADI
0 W=+rDADI
0 W=+rICAKI
0 W=+rlIlArI
0 W=+rlIlArInA
0 W=+ssInA
0 W=+yIlArInDAn
0 W=+ynInDAKI
0 W=+zAhI
0 W=+zlAmlArInI
0 W=+öDIrmAlArI
0 W=+öþAlArI
0 W=+þDArI
0 W=+þIlArInDA
0 W==Ayrýntýlarýný
0 W==BUNLARI
0 W==Burtu
0 W==Ellerini
0 W==Eskileri
0 W==Gerçeði
0 W==IRI
0 W==Legari
0 W==Meksi
0 W==Muju
0 W==Pauline
0 W==Stasi'nin
0 W==Tadý
0 W==Trevi
0 W==Umudu
0 W==Yapýmý
0 W==adelesinde
0 W==andý
0 W==ayýdýr
0 W==ayýndaki
0 W==açýlarý
0 W==aþýðý
0 W==bakmalarý
0 W==düþünden
0 W==düþüne
0 W==dýþýndaydý
0 W==fidaný
0 W==giysileri
0 W==iftarlarý
0 W==ilkleri
0 W==iþindeki
0 W==kanlarýný
0 W==kazanmalarý
0 W==meslektaþýna
0 W==mumu
0 W==oku
0 W==okullarýný
0 W==oðullarý
0 W==rolleri
0 W==saatlerinden
0 W==yetkilerini
0 W==yürekleri
0 W==yüzlerindeki
0 W==çizimi
0 W==ümidi
0 W==þanslarý
0 W==þartlarýnda
0 W=~dizindeki
0 W=~iplerini
0 W=~oturumu
0 W=~yalý
0 W=~öcü
1 L1==Armaðan
1 L1==fabrikasi
1 L2=+AlCIsI
1 L2=+AlIyADDA
1 L2=+AnmAlArIn
1 L2=+BAsIylA
1 R1==dilidir
1 R1==dokuz
1 R2=+AyADInIn
1 R2==mýydýnýz
1 W=+ADAmAlArInDAn
1 W=+ADKIlIlArInDAn
1 W=+ADrolI
1 W=+ArDImCIlArInDAn
1 W=+ArowsKI
1 W=+AzArlIKI'nA
1 W=+AzzI
1 W=+ICI'nIn
1 W=+IformAlArIylA
1 W=+ImAlArIylA
1 W=+IþAKlArInI
1 W=+fIzI
1 W=+lIKInCA
1 W=+mlAlArI
1 W=+rDAKlArInI
1 W=+rlIKlArInDA
1 W=+sAKlArInI
1 W=+sInDAKIlArI
1 W=+ylIKlArInI
1 W=+þAmAlArInDAn
1 W=+þAmAlArInI
1 W==Kýlavuzu
1 W==artýklarý
1 W==bedenleri
1 W==firmalarýna
1 W==firmalarýyla
1 W==geleceðinden
1 W==kuþlarý
1 W==lastikleri
1 W==ozanlarý
1 W=~yalanlarý
0 L1=+ADIKInIz
0 L1=+AKIrlAr
0 L1=+AmDAKI
0 L1=+AshInKDon'DAKI
0 L1=+CBInAr
0 L1==Bahçe'de
