1
0 W=+Il
0 W=+In
0 W=+lInAn
0 W=+lInDIKI
1 W=+AsInIn
0 W==bulunuyor
0 W==bulundu
0 W=+lInmAsI
0 W=+lInDIKInI
0 W=+lInA
1 W=~bilinen
1 W=+sIn
0 W==deðildi
0 W=+AnA
1 W=+KInIn
0 W=+AmA
0 W=+zAn
0 W=~kuruluþ
0 W=+AlAn
0 W=+InArAK
0 W=+InmADIKInI
0 W=+InmADIKI
0 W==atan
0 W=+AKIlsA
0 W=+AyAnArAK
0 W=+IlIþlArI
0 W==bilen
0 W=~kuruluþu
0 W=+ACInIlmAz
1 W=+IlAnlArIn
1 W=+mAnIn
0 W=+lInmAK
0 W==bulan
0 W=+AyAnAn
0 W==bulunmayan
0 W=+lInmAsInA
0 W==alýnmasýný
1 W=+AlInAn
0 W=+IrIlIþlAr
0 W=+AlIrDIlAn
0 W==bulunmaktadýr
0 W==bulunmuyor
0 W=+lInIB
0 W=+InACAKI
0 W=+InACAKInI
0 W==kuruluþundan
0 W=+lInIrKAn
0 W=+InAnlAr
0 W==bulunacak
0 W=~bulunmuþ
0 W=~dine
1 W=+KlArIn
0 W=+IrIlIþlArInDA
0 W=~takýlan
0 W=+InDIKlArI
0 W=+lInABIlIr
0 L1=+ADKIDA
0 W=+IlInDIKIm
0 W=+IrIlA
0 W=+AyAnIyor
0 W=+lInDIKDAn
0 W=+lInmAsInIn
0 W==alýndýðýnda
0 W=+InAmADI
0 W=+nsIn
1 W=+AlIrDIlAn L1=+A
0 W=+IlInDIKInA
0 W=+IlInmA
0 W=+InAmIyor
0 W=+lInIyorDI
0 W=+lInmAsIylA
0 W==bulunmuþtu
1 W==olunan
0 W=+IlInmADI
0 W=+IlInmADIKInA
0 W=+IlIþlArlA
0 W=+InDIKImIz
0 W=+IrAnIyor
0 W=+IrIlIþlArInA
0 W==deðilmiþ
0 W==dinlenmesi
0 W==kuruluþunu
0 W=~kuruluþunda
1 W=+IlmAKsIzIn
1 W==Bilindiði
0 W=+IlInDIKlArInI
0 W=+IlInIyorlAr
0 W=+IDlAnmIþ
0 W=+InmAmAsI
1 W=+AlArInIn
0 W=+nIyorIm
0 W=+ABlAn
0 W=+AyAnDIKInI
0 W=+IlInACAKlArInI
0 W=+IlInDIlAr
0 W=+IlIþlArA
0 W=+IlIþlArDA
0 W=+InlAnmA
0 W=+IrAnIþ
0 W=+IvrAnAn
0 W==seslenen
0 W==yenmek
0 W=~yenen
1 W=+AnAnIn
1 W=+IKlArInIn
0 W=+yIm
1 W=+AnAnlArIn
0 L1=+AfIK
0 L1==Türkan
0 W=+AKIlsAnIz
0 W=+AnAmADIm
0 W=+AslAnDI
0 W=+IlInAmADIKI
0 W=+IlInDIm
0 W=+IlIþlArDAn
0 W=+InABIlACAK
0 W=+InAnlArA
0 W=+InmAlArI
0 W=+InmAsIDIr
0 W=+IrAnAn
0 W=+IrAnDI
0 W=+nAnmA
0 W=+onAnmIþ
0 W==bulunmuþtur
0 W==bulunsa
0 W==bulunur
0 W==deniyordu
0 W==eðlenmeye
0 W==takýlýp
0 W==vurulmasý
0 W=~yen
1 W=+DIrIlIþInIn
1 W=+mIþlArIn
0 W=+lInmADAn
1 L1=+DIKInIn
0 L1=+ADo'nIn
0 R1=+AlAmADA
0 W=+ABKInIn
0 W=+AnDIK
0 W=+AslAnIyorDI
0 W=+AyAnAmIyor
0 W=+AyAnDIKI
0 W=+AyAnIyorlAr
0 W=+AþInAn
0 W=+IDAlAnDI
0 W=+IKIlAmAz
0 W=+IlInDIKInIn
0 W=+IlInmAKDA
0 W=+IlInmAKlA
0 W=+IlIþlArInI
0 W=+IlIþlArIylA
0 W=+InDIKInDAn
0 W=+InlAnmAK
0 W=+InmAmAsInA
0 W=+IrAnmAK
0 W=+IrAnmAyA
0 W=+lInAmAyACAKInI
0 W=+sAm
0 W==Güvenilir
0 W==YÝNE
0 W==alýnmayan
0 W==deðilsin
0 W==dikilen
0 W==dinlenen
0 W==eðlenerek
0 W==sulanmasý
0 W==takýldýðý
0 W==yenerek
0 W==yeniyor
0 W=~adan
0 W=~dinlenmeye
0 W=~eðlenmek
0 W=~ulan
1 L2=~sakýn
1 W=+AlInDIKI
1 W=+AlInDIKInI
1 W==kýlýndýðý
1 W==olunmasý
1 W==silinmesi
0 L1=+IrþIn
0 W=+IlInmAKDAn
0 W=+InABIlACAKInI
0 W=+nIyorIz
0 W==takýlýyor
0 W=~vurulacak
1 W=+IKIn
0 W=+ACAKIz
0 W==bildirilen
1 W=+nsIn L2=+r
0 L1=+ADIB
0 L1=+AnDIKA
0 L1=+Aþ'I
0 L1=+KInCA
0 L1=~aðaç
0 L2==Devletin
0 L2==Kimse
0 L2==Netaþ
0 L2==kurulmasý
0 R1=+ADAKArlIK
0 R2==içi
0 W=+ABAn
0 W=+ACInIlmAzDI
0 W=+ADlAnArAK
0 W=+AKlAnmAKDADIr
0 W=+AmAmAsInI
0 W=+AmAyI
0 W=+AmAyIB
0 W=+AmAyInCA
0 W=+AmAzKAn
0 W=+AnAlI
0 W=+AnAmAyA
0 W=+ArCA
0 W=+AvrIlDIK
0 W=+AyAnAmADI
0 W=+AyAnDI
0 W=+AyAnIyorDI
0 W=+AyAnmAlI
0 W=+AyAnmIyor
0 W=+AyAnmIþ
0 W=+AynAKlAnIyorDI
0 W=+AþInmAyA
0 W=+DlAnDIlAr
0 W=+IDAlAnAn
0 W=+IDlAnmAmIþ
0 W=+IlInACAKIm
0 W=+IlInmAlIDIr
0 W=+IlInmAmAKDADIr
0 W=+IlInmAyACAK
0 W=+IlIþlA
0 W=+InABIlACAKI
0 W=+InABIlmAsI
0 W=+InACAKDI
0 W=+InAmAzsA
0 W=+InlAnmIþ
0 W=+InmAsIyDI
0 W=+IrAnACAK
0 W=+IrAnIrKAn
0 W=+IrInIyor
0 W=+IyorlArDI
0 W=+IyrIlIr
0 W=+IþIz
0 W=+KInmA
0 W=+KlAnmAsIn
0 W=+lInAmAyACAK
0 W=+nIrDIm
0 W=+nlAnmAz
0 W=+oKInAn
0 W=+oKInIn
0 W=+oKInIr
0 W=+olAn
0 W=+olAnDI
0 W=+rAnmA
0 W==Alýnacak
0 W==alýnma
0 W==ayýlýp
0 W==bulanýyor
0 W==bulunmasýný
0 W==bulunmaz
0 W==bulunursa
0 W==dikildi
0 W==dilenmesini
0 W==eðlenen
0 W==kaplanmýþ
0 W==katlanýr
0 W==kurulamaz
0 W==sulanan
0 W==sýkýlan
0 W==vurulduðu
0 W==vurulmasýnýn
0 W==yendiði
0 W==yenince
0 W=~takýlmak
1 L1=+DACAKInI
1 L2==yasalarýn
1 W=+ADIlIþInIn
1 W=+AlInABIlIr
1 W=+AlInmAsI
1 W=+AmIzIn
1 W=+AnInACAKInI
1 W=+AzlIKImIn
