0
1 L1=+DAn
1 W==önce
0 W==çok
1 W=+AsI
1 W=+AsInDA
0 W=+nA
0 W=+DAsInDA
1 W=+CAsInA
0 W=+AzlAsI
0 W=+DAsI
1 W=+CAsInDAn
1 W=='
0 W=+AþKAsI
0 W==çoðu
1 W=+nrAsInI
1 W=+AyA
0 L1=+DAn R1==gün
0 L1=+DAn W=+yA
0 W=+AzlAsInI
1 W=+CAsInIn
1 W=+nrADA
1 W=+nrAlArI
1 W=+nrAsInA
0 L1=+IrDAn
0 W==baþkan
0 L1==belden
0 W=+AnAyIm
0 W=+AnAyIz
1 L1==olduðu
1 W=+nrAsInIn
1 L2==bundan
0 L1==baþtan
1 W==beri
0 L1=+DAn W=+In
0 L1=+ADo'DAn
0 L1=+AmIyorIzDAn
0 L1=+AnDIKInDAn
0 L1=+AyBADAn
0 L1=+DIllArDAn
0 L1=+ImDIDAn
0 L1=+IsIrlIKDAn
0 L1=+om'DAn
0 L1=+önIþmAsInDAn
0 L1==eden
0 L1==ndan
0 L1==oldutan
0 L1==pastan
0 R1=+IþmAlAr
0 R1=+orlIK
0 R1==Geri
0 R1==giden
1 L1=+ABABIlACAKI
1 L1=+ABABIlACAKIm
1 L1=+ADACA
1 L1=+AmAyACAKI
1 L1=+AmCIlAr
1 L1=+AnKInI
1 L1=+ArAKI
1 L1=+ArKICIlArInIn
1 L1=+AþArABIlAn
1 L1=+CIKlADI
1 L1=+CIKlArInDA
1 L1=+ClArInI
1 L1=+DAylArIn
1 L1=+DIþlArI
1 L1=+IBInI
