** Message: $Id: dlist.c,v 2.10 2004/10/28 16:46:53 dyuret Exp $
** Message: ==> READING
** Message: Reading data from stdin (1 dot = 10000 instances)
.
** Message: Read 10995 instances.
** Message: ==> TRAINING
** Message: Training on 7335 instances (1 dot = 100 rules)
.
** Message: Got 100 rules out of 121735 candidates.
** Message: Training set performance:
** Message: nrules:	corr:	incorr:	percent:
** Message: 100	7334	1	99.99%
** Message: ==> VALIDATION
** Message: Validating on 1798 instances (1 dot = 1000 instances)
..
** Message: Best number of rules to use: 67
** Message: nrules:	corr:	incorr:	percent:
** Message: 67	1773	25	98.61%
** Message: 100	1772	26	98.55%
** Message: ==> TESTING
** Message: Testing on 1862 instances (1 dot = 1000 instances)
..
** Message: nrules:	corr:	incorr:	percent:
** Message: 67	1836	26	98.60%
** Message: 19	1827	35	98.12%
** Message: 9	1810	52	97.21%
** Message: 6	1793	69	96.29%
** Message: 5	1778	84	95.49%
** Message: 4	1753	109	94.15%
** Message: 3	1726	136	92.70%
** Message: 2	1618	244	86.90%
** Message: 1	1345	517	72.23%
** Message: ==> WRITING
** Message: Wrote 67 rules to stdout.
