** Message: $Id: dlist.c,v 2.10 2004/10/28 16:46:53 dyuret Exp $
** Message: ==> READING
** Message: Reading data from stdin (1 dot = 10000 instances)

** Message: Read 54 instances.
** Message: ==> TRAINING
** Message: Training on 34 instances (1 dot = 100 rules)
.
** Message: Got 3 rules out of 794 candidates.
** Message: Training set performance:
** Message: nrules:	corr:	incorr:	percent:
** Message: 3	34	0	100.00%
** Message: ==> VALIDATION
** Message: Validating on 8 instances (1 dot = 1000 instances)
.
** Message: Best number of rules to use: 2
** Message: nrules:	corr:	incorr:	percent:
** Message: 2	8	0	100.00%
** Message: 3	7	1	87.50%
** Message: ==> TESTING
** Message: Testing on 12 instances (1 dot = 1000 instances)
.
** Message: nrules:	corr:	incorr:	percent:
** Message: 2	12	0	100.00%
** Message: 1	12	0	100.00%
** Message: ==> WRITING
** Message: Wrote 2 rules to stdout.
