1
0 W=+rI
0 W=+DA
0 L1=+n
0 L1=+ArþI
0 W=+ArþIlIK
0 R1=+ArþIyA
0 W=+IDAn
0 W=+AIrA
0 W=+KI
0 W=+IsI
0 L1==,
0 W=+IDIr
0 L1=="
0 W=+ArþIlIKlI
1 W==kadar
0 L1=+ylA
1 W=+ADArI
0 W=+DI
0 W=+lAr
0 W=+ArþImIzA
0 W=+InA
0 W=+Iz
1 W=+ADArKI
0 L1=+Ir
0 L1==göre
0 L1=+ADlA
0 R1=+ArþIyAyIz
0 W=+IsInI
0 L2=+IrIlmAsInA
0 R1=+KAmAn
0 W=+IysA
0 L1=+lDA
0 W=+KInIn
0 L1=+ArlA
0 W=+KInI
0 L1=+ArDIKI
0 L1=+IllA
0 L1=+IloþAvIC'A
0 L1=~hep
0 R1==göre
0 W=+rAyIm
0 W==Doðruyu
1 L1=+ABzonsBor
1 W=+ADArImIz
0 L1=+sA
0 L1=+InDA
0 L1=+IK
1 W=+rI L1=UPPER
0 L1=+AlCIlIKI'nA
0 L1=+AnsIyAlI
0 L1=+ArDIsI
0 L1=+ArIADA
0 L1=+BAlIzmA
0 L1=+CoK
0 L1=+IKDA
0 L1=+IþInCA
0 L1=+KArA
0 L1=+Kry'A
0 L1=+lCA
0 L1=+lImInI
0 L1=+slA
0 L1=+yAlArI
0 L1=+ölInmAsInA
0 L1==Faize
0 L1==NE
0 L1==ziyade
0 L2=+AKlAmInDA
0 L2=+AlImAlArIn
0 L2=+AlIrA
0 L2=+ArKInlIKA
0 L2=+ArjIyA
0 L2=+DDIm
0 L2=+DIrAz
0 L2=+KAKlAr
0 L2==saðcý
0 L2==tabii
0 L2==tuttuðu
0 R1=+AmADIm
0 R1=+AyKIlAr
0 R1=+IKIlDIKI
0 R1=+IKIþIn
0 R1=+IyIDAKI
0 R1=+lIyorDI
