** Message: $Id: dlist.c,v 2.10 2004/10/28 16:46:53 dyuret Exp $
** Message: ==> READING
** Message: Reading data from stdin (1 dot = 10000 instances)

** Message: Read 757 instances.
** Message: ==> TRAINING
** Message: Training on 499 instances (1 dot = 100 rules)
.
** Message: Got 63 rules out of 15766 candidates.
** Message: Training set performance:
** Message: nrules:	corr:	incorr:	percent:
** Message: 63	499	0	100.00%
** Message: ==> VALIDATION
** Message: Validating on 135 instances (1 dot = 1000 instances)
.
** Message: Best number of rules to use: 56
** Message: nrules:	corr:	incorr:	percent:
** Message: 56	115	20	85.19%
** Message: 63	115	20	85.19%
** Message: ==> TESTING
** Message: Testing on 123 instances (1 dot = 1000 instances)
.
** Message: nrules:	corr:	incorr:	percent:
** Message: 56	106	17	86.18%
** Message: 17	105	18	85.37%
** Message: 16	104	19	84.55%
** Message: 12	101	22	82.11%
** Message: 11	98	25	79.67%
** Message: 9	93	30	75.61%
** Message: 7	90	33	73.17%
** Message: 6	87	36	70.73%
** Message: 4	90	33	73.17%
** Message: 3	89	34	72.36%
** Message: 2	85	38	69.11%
** Message: 1	82	41	66.67%
** Message: ==> WRITING
** Message: Wrote 56 rules to stdout.
