** Message: $Id: dlist.c,v 2.10 2004/10/28 16:46:53 dyuret Exp $
** Message: ==> READING
** Message: Reading data from stdin (1 dot = 10000 instances)

** Message: Read 7212 instances.
** Message: ==> TRAINING
** Message: Training on 4777 instances (1 dot = 100 rules)
..
** Message: Got 103 rules out of 69751 candidates.
** Message: Training set performance:
** Message: nrules:	corr:	incorr:	percent:
** Message: 103	4776	1	99.98%
** Message: ==> VALIDATION
** Message: Validating on 1222 instances (1 dot = 1000 instances)
..
** Message: Best number of rules to use: 25
** Message: nrules:	corr:	incorr:	percent:
** Message: 25	1184	38	96.89%
** Message: 103	1181	41	96.64%
** Message: ==> TESTING
** Message: Testing on 1213 instances (1 dot = 1000 instances)
..
** Message: nrules:	corr:	incorr:	percent:
** Message: 25	1181	32	97.36%
** Message: 16	1177	36	97.03%
** Message: 13	1169	44	96.37%
** Message: 12	1159	54	95.55%
** Message: 10	1141	72	94.06%
** Message: 9	1118	95	92.17%
** Message: 8	1094	119	90.19%
** Message: 7	1077	136	88.79%
** Message: 6	1056	157	87.06%
** Message: 5	1039	174	85.66%
** Message: 4	1018	195	83.92%
** Message: 3	971	242	80.05%
** Message: 2	930	283	76.67%
** Message: 1	754	459	62.16%
** Message: ==> WRITING
** Message: Wrote 25 rules to stdout.
