1
0 W=~bu
0 W=+rI
0 W=~için
0 W=+nI
0 W=+DI
0 W=~ile
0 W=~en
0 W=+ACAK
0 W=+onrA
0 W=~ama
0 W=~kadar
0 W==ne
0 W==ise
0 W=~o
0 W=+DIK
0 W=+mI
0 W=+IlAn
0 W=+IKI
0 W=~önce
0 W=+þI
0 W==Bir
0 W=+lAnAn
0 W=+sAl
0 W==Genel
0 W=~bazý
0 W=+IsI
0 W=~mi
0 W=+ADACA
0 W==hiç
0 W=+mIþ
1 W=~bunu
0 W=~þu
0 W=+InDA
1 L1=~bir
0 W=+llI
0 W=+InIz
0 W=+AllIKlA
0 W=~fazla
0 W=+Iyor
0 W=+IKsAK
0 W=+nIDAn
0 W=~olur
0 W=+yrICA
0 W=~uzun
0 W=~kurulu
0 W=~eðer
0 W=+mAsI
1 W=+IþIþlArI
1 W=~kiþi
0 W=+IBI
1 W=~kamu
0 W==birlikte
0 W==yana
1 W=+DI W=UCFIRST
0 W=+mAKDADIr
0 W=~son
0 W==alan
0 W=+InCA
1 W=+InlArI
0 W==dek
1 W=~onu
1 W=~beni
0 W=+lArCA
1 W=+rI L1=~bu
0 W=+mAlIDIr
0 W=+ysA
0 W=+mAlI
0 W=+mIþlAr
1 W=~parti
0 W=~hala
0 W=+zAl
0 W==Çok
1 W=~ileri
0 W=+AKnIK
0 W=+lACA
0 W=~sürekli
0 W=+nAKI
0 W=~türlü
1 W=+orI
0 W==Ýki
0 W==amacýyla
0 W==Ýlk
0 W=+lArKAn
1 W=~konu
0 W==Bütün
1 W=+ACAK R1=+n
0 W==Ýkinci
0 W=+mAsIn
0 W=+ACAKI
0 W=+lIrsA
0 W==çalýþan
1 W=~onlarý
0 W=+ArCAKDAn
1 W=+nomI
0 W==Büyük
0 W=~yoðun
1 W=+rI L1=+DAKI
0 W=~erken
1 W=~kredi
0 W==Sayýn
0 W=~gizli
0 W=+onICI
0 W==Küçük
1 W=+rI L1=~ve
0 W==Ýyi
0 W=~çoðu
0 W=~hakký
0 W=~ister
0 W=+ACAKlAr
0 W=+AlnIzCA
0 W=+0'I
1 W=+CIlIKI
0 W=+AyIlI
0 W==Geçen
0 W=~üstelik
1 W=~yarý
0 W=+KAzI
0 W=+IrAsI
0 W=~kesin
1 W=UPPER0
0 W=+DI W=UCFIRST W=+yADI
0 W=~ödülü
0 W==Þimdi
1 W=+ACAK R1=+Ir
0 W=+osyAl
0 W=~geçici
0 W==genç
0 W=+olAyI
0 W=~iyice
0 W==eder
0 W=+lIrlAr
0 W=+ArsA
0 W=~dolu
0 W=~yýlý
0 W=~yerli
0 W=+AnArAK
0 W==kalan
0 W=+fI
0 W==Tam
0 W=+ArAKI
0 W=+IhI
1 W=~son R1=+I
0 W=~rahat
0 W==altýna
1 W=+zlIKI
0 W=+KrIDAn
0 W=~üstüne
1 W=+BrI
0 W=+sIylA
1 W=+rI R1=+mAK
0 W==Üç
0 W=~açýkça
0 W=+mAlIyIz
0 W=~türkçe
0 W=+mAsInA
0 W==Tüm
1 W=+IþInCA
0 R1==düzey
0 W=~mutlu
1 W=+DfI
0 W==Hatta
1 W=~baþarý
0 W==Duyar
0 W==Eski
0 W=~günlük
1 W=+BAþI
0 W==edip
0 W=+AnABIlIr
0 W=+DDIlAr
0 W=+IsInIn
0 W=~yolu
1 W=+sAl W=UCFIRST
0 W=+IyAh
0 W=+mAzlAr
0 W=+rIzI
0 W==Aðýr
0 W==toplu
1 W=+KlAþACAK
0 W=+ACInA
0 W=+ArIz
0 W==Birinci
1 W=+KADmIþ
0 W=~amacý
0 W==þimdiden
0 W=+sAsI
0 W=+þDIm
1 W=~cami
0 W=~ayý
0 W=~kýzý
0 W=+mAsInIn
1 W=+ACAK R1=+DA
1 W=+rI L1=+lAn
1 W=+AronI
0 W=~boyu
0 W=~yüz
1 W=+DIrDI
0 W=~yarým
0 W=+KAhI
0 W=+DDIm
0 W=+IrmIzI
0 W=~ucuz
0 W=+AnIB
0 W=+rDInCI
1 W=+AþvIrI
0 W=+BorI
0 W=+özI
0 W=+ACIlIKIylA
0 W=~ince
1 W=~yakýnda
0 W=+yInlArI
1 W=~toplantý
0 W=+mAKsIzIn
0 W=+DAþIm
1 W=~þunu
0 W=+ImDIlIK
0 W=~vekili
1 W=+AlDIrI
0 W=~oðlu
1 W=~günde
0 W=~gücü
0 W=+sDAKI
0 W==olayý
0 W=+ArAKsA
0 W=+sKIDAn
1 W=+þDIrI
0 W=+nsAyI
1 W=+ACAK R1=+ArI
0 W=+rsAnIz
0 W==Hemen
0 W==Zira
1 W==Sami
1 W=~seni
0 W=+AyhI
0 W=+AnIrKAn
0 W=~emin
1 W=+AyDI
1 W=+IyDI
1 W=+CIlArI
0 W==Temiz
1 W=+BIllI
1 W==Gülen
1 W=~basýnda
0 W=+lAnIr
1 W=+AnDIrIlmAsI
0 W=+DIyACI
0 W=~maçý
1 L1=~ayný
0 W=~dokuz
0 W=+BDAlI
0 W=+DArIm
0 W=~tek
0 W==birden
0 W=~genelde
1 W=+DrI
0 W=+AnAmAz
0 W==köklü
1 W=+AmlIsI
0 W=~aksi
0 W=~asla
0 W==içi
0 W==düþük
1 W=+mAnDI
1 W=+DIrACAK
0 W=+sKArI
1 W=+fI L1=<S>
0 W=+AlnIz
0 W=+nCAsInA
0 W=~karma
0 W=~olasý
1 W==Nuri
0 W=+AzAsI
0 W=+KAnDAlI
0 W=+lIKInDAKI
0 W=~tatili
0 W=+ImIz
1 W=~batý
1 W=+DI L1=~bu
1 W=+mI L1=~bu
1 W=~bu R1==da
1 W=+rI L1=+DIKI
0 W=+oKrI
0 W=+nAnDIrICI
0 W=+vInA
1 W=+AvlIlArI
1 W=~özal
0 W=+rAlIm
0 W=+mIþDIr
0 W=~ortaðý
1 L1==þu
0 W==bu
0 W=+IrKAC
0 W==Yok
1 W=+AvlIsI
1 W=+ImDIKI
1 W=~bunda
0 W=+rIrlAr
1 W==sýkýntý
1 W=+AnAlDI
0 W=~hayali
0 W=+lIylA
0 W=+nADICIlArI
0 W==halký
1 W=+þI L1=<S>
1 W=+rI L1=+nAn
1 W=+DIK W=UCFIRST
0 W==Artýk
0 W=+AyAz
0 W==Teþkilatý
1 W=+AlABAnI
1 W=+yAlIKI
1 W=+mlIlIKI
0 W=+sIlI
1 W=+yInDA
0 W=+örAvI
0 W=+DI W=UCFIRST W=+KADI
0 W==Kýsa
0 W==Pek
0 W==olurken
0 W==Çaðdaþ
1 W=+ollI
1 W=+AnDIrIlAn
0 W==takdirde
0 W==radikal
0 W=+AmoKrAD
0 W=+.00
1 W=+IlAn L1=+DIKI
1 W=+þI L1=~bu
0 W=+ACAnlArDA
0 W=+lDInDAKI
0 W==aydýn
0 W=~çifte
1 W=+AnClArBIrlIKI
0 W=+AyKIn
0 W=~kimin
0 W=+nDIm
1 W=+rI L1=~bazý
0 W=+ACAKlArDIr
0 W=+ylAmAz
0 W==zorla
1 W==eþliðinde
0 W=+AmII
1 W=~ordu
0 W=+IrACI
1 W=+fAnDI
0 W=+DABI
0 W=+DIKIn
1 W=+rI R1=+rAn
0 W=+IlBAþI
0 W=+IlIlArInIn
0 W==Üçüncü
1 W=+AnfonI
1 W=+InCIsI
1 W=+IrIKlIKI
1 W==Güneri
1 W==geleni
1 W=+ADCIsI
1 W=+ArAnDI
0 W=+ACAKIz
0 W=~gider
0 W=+rsI
0 W=+IyAsAl
1 W=+rI L1==tüm
0 W=+AKDADIrlAr
0 W=+AþlICA
0 W==Açýk
1 W=+ArzAnI
1 W=+nönI
1 W==Galeri
1 W=~içeri
0 W==mezun
0 W=~yýldýzý
1 W=+AKrI
0 W=+nrADAn
0 W=+AmAKI
0 W=+oDAlI
1 W=+rInDI
1 W=+DIrDIKI
0 R1==yazýk
1 W=~son R1=+K
0 W=~son W=STFIRST
0 W==borcu
0 W=~rahmetli
1 W=+AKInCA
1 W=+AþArlIKI
1 W=+mAKDI
1 W=+nIClAnAn
1 W=~lemi
1 W=~olaný
1 W=~gemi
0 W=+DArDIm
1 W=+DIrIlDIKInI
1 W=+AKlAþDIrIlAn
0 W=+þDIlAr
0 W=~adil
0 W=~üstün
0 W=+ABABI
1 W=~uyarý
0 W=+KInlArI
0 W=~topu
0 W=+rI L1=~ve W=+zArI
0 W=+IrACInIn
0 W=+lAlIKlA
0 W==On
0 W==Süren
0 W=~bas
0 W=~duydum
0 W=~evli
0 W=~peþinden
0 W=~ýlýmlý
1 W=+nnI
0 W=+IlAhI
1 W=~hami
0 W=+AmBI
0 W=~gürcü
0 W=+oKIlI
0 W==payý
0 W=~dili
1 W==insanlarý
1 W=+ACAK L1=+lArInI
0 L1=~bir W=+ImI
0 W=+AmsIlCIlArI
0 W=+DAlIm
0 W=+orIlmAz
0 W==Acil
0 W==benden
1 W=+KADlIKI
1 W=+KAllI
1 W==kedi
1 W=~koþu
1 W=+IlArCA
0 W=+mAyAn
0 W=+þsA
1 W=+IzlIKInI
1 W=+ösDArI
1 W=+mAnlIKI
1 W=+DIrIlDI
1 W=+lIlIKInI
0 W==geri
1 W=~þu R1==:
0 W=+ACAK L1=+lArI
0 W=+AvAsI
0 W=+IDArlI
0 W=+KDIlAr
0 W=+jAnsI
0 W=~örtülü
1 W=+AysArI
1 W=+BorCIsI
1 W=~artý
1 W=~anti
1 W=+IþDArI
1 W==taktik
0 W=+AKImsIzlIKI
0 W=+AnCIlArI
0 W=~okulu
0 W==Yüce
0 W==faizi
0 W=~menkul
1 W=+IysA
0 W=+ADIrACAK
1 W=+DIrIyor
1 W=+mI R1=+ACAK
1 W=+rI L1=+sAl
0 W=+rI L1=~ve R1=+InDA
1 W=+IþArI
0 W=+AKlAþA
0 W=+CInDAn
0 W=+IrAsInIn
0 W=+KrIDIr
0 W=+mInIm
0 W=+oKIlCI
0 W=+sDArKAn
0 W==altýndan
0 W==berabere
0 W==evinin
0 W=~düþünün
0 W=~hayýrlý
1 W==Geri
0 W=~kralý
1 W=+ArCAKlAþDIrIlACAK
1 W==baðlantý
1 W=+mInDA
0 W=+AsI'nIn
0 W=+IKlArInIn
0 W==hali
0 W=~aklý
0 W=+AfDAlIK
0 W==cevabý
1 W=~kaçak
0 R1=+IzAyDA
0 W=+lAKI
1 W=+AmIþ
1 W=+ACAK R1==bu
1 W=+rI L1=+nKI
1 W=+rI L1=+DIKlArI
1 W=~ile L1=="
1 W=~son R1=DIGIT
0 L1=~bir W=+AnI
1 W=+rI L1=+AyAn
0 W==Sarý
0 W=+rI R1=+DIKInI
0 W=+AyII
0 W=+AzAsInIn
0 W=+ölICI
0 W==Beþ
0 W==ederler
0 W==kala
0 W=~kýzým
0 W=~saðlar
0 W=~yersiz
1 W=+AnDIrIlmAsInI
1 W=+AnDIrmAsInI
1 W=+IzDI
1 W=+KsIKlIKI
1 W=~bizleri
0 W=+KAnlIKInA
0 W=~tarzý
0 W=+ACAKIm
0 W=~sesi
1 W=+AsInIz
1 W==komþu
0 W=~sakýn
0 W=+ozI
0 W=+rlIKInA
0 W==baþlar
1 W=+rDIKInI
1 W=+lIlIKlArI
0 W=+IrDIlAr
0 W=+sIDIr
1 W=+AKlAþDI
1 W=+KlAþmAsI
1 W=+rADIK
0 W=~yüzü
0 W=+IyorlAr
1 W=+flAsyonI
0 W==talebi
0 W=~önceden
0 W=+lImsAl
0 W=+IsAl
1 W=+mI R1=+mAK
1 W=+rI L1=~bütün
1 W=+mAlI R1=+A
0 W=+ACIBAþI'nIn
0 W=+ADArsIzlIKI
0 W=+AmsIlCIlArInIn
0 W=+ArIhInIn
0 W=+AþIlIr
0 W=+AþInA
0 W=+mACInIn
0 W=+oKIK
0 W==Kaç
0 W==derler
1 W=+AnzIllI
1 W=+BolCIsI
1 W=+KlIlIKI
1 W=+onlIKI
1 W==Amaru
1 W=+KonDI
0 W=+AzDIm
0 W=+mArIm
1 W=+AKKArI
1 W=+olDIK
1 W==Peru
0 W==yasaðý
0 W=~ilki
1 W==söyleþi
1 W=+nInDA
0 W==kolu
1 W=+AnDIrmAsI
0 W=+AyrAKI
0 W=+IyorIz
0 W=+AsAjI
0 W=+IrIz
0 W=~günleri
1 W=+rI L1=~o
0 W=+InAvI
0 W=~aþaðý
0 W=+DInlArI
0 W==faili
1 W=+AsDIK
1 W=+DI R1=+IrAn
1 W=+rI L1=+DlI
1 W=~son R2=<S>
1 W=+rI L1=+ACAK
0 W=+DI W=UCFIRST L1=+IK
0 W=+AnIlArAK
0 W=+AvrAsI
0 W=+AyAnIKlI
0 W=+BhAsIz
0 W=+IlIlArIylA
0 W=+KABAyI
0 W=+lAlIm
0 W=+mAlIlAr
0 W=+sI'nA
0 W=+vInDAn
0 W==Mali
0 W==boþa
0 W==derinden
0 W==izi
0 W==sýkça
0 W==ötesi
0 W=~caným
0 W=~onayý
1 W=+AIllI
1 W=+AKArlAnDIrIyorsInIz
1 W=+AnrI
1 W=+ArArlAnArAK
1 W=+BlomAsI
1 W=+DIllI
1 W=+mAnlIKInI
1 W==Hilmi
1 W==kaný
1 W==Þallý
1 W==üzüntü
0 W==düzeyi
0 W==katili
0 W==riski
1 W=+KþI
0 W=+mAlIyDI
0 W=+ssI
0 W=+öyI
1 W=~matematik
1 W==Gelecek
0 W==Geleneksel
1 W=+AyrI
0 W==þansý
0 W=+ACAKDIr
0 R1==politika
0 W=+rlIKlArI
1 L1==gereken
1 R1=+DIrmAK
0 W=+rI L1==Yunan
0 W=~son R1=+ArDAKI
1 W=+ACAK L1=+AfA
0 W=~son R2=+DIr
0 W=+AlIDIrlAr
0 W=+AnIDIKIm
0 W=+AsI'nI
0 W=+AzlADAn
0 W=+CImAsIz
0 W=+IlIlArInA
0 W=+IzlICA
0 W=+lvArIþlI
0 W=+yADIm
0 W=+önAlIm
0 W=+önlIm
0 W==Aman
0 W==Laik
0 W==Sahi
0 W==Sun
0 W==ayýnýn
0 W==açýklar
0 W=~dalý
0 W=~yapýcý
1 W=+AmoKrAsIylA
1 W=+BAþKAnlIKI
1 W=+DAllI
1 W=+IClIsI
1 W=+lhAmI
1 W=+nIClAnDI
1 W=+rDAysA
1 W=+sIllI
1 W==Ermeni
1 W==sizleri
1 W==telafi
1 W=~akýllý
1 W==sandýk
1 W=~tasarý
1 W=+DlIsI
0 W=+AnIrlAr
1 W=+AlAlArI
0 W==Hazreti
0 L1=+IlIsDIn
1 W=+lAnDIrIlACAK
0 W==kalma
1 W=+AlIKInI
0 W=+ArsAK
1 W=+lAþmIþ
1 R1=+nDIrmA
1 L1=~demokratik
0 W=+lABIlACAK
1 W=+IBI L1==,
1 W=+.00 R2=UCFIRST
1 W=+rI L1=+Ilyon
1 W=+mAlI R1=+K
1 W=+rI L1==diðer
0 W=+AllIDIr
0 W=+ArIhIylA
0 W=+AsAsInIn
0 W=+AvAþI'nIn
0 W=+CIsI'nIn
0 W=+InyA'nIn
0 W=+KAnlIKInIn
0 W=+KArInIn
0 W=+lKIlAnDIrAn
0 W=+osyolojIK
0 W=+rACIlIKI
0 W=+zKIrCA
0 W==Akan
0 W==Az
0 W==Hükümeti
0 W==Zor
0 W==azalan
0 W==defansý
0 W==eþim
0 W==yýllýðýna
0 W==þekli
0 W=~elimde
0 W=~gözüm
0 W=~kimlerin
0 W=~otuz
0 W=~sakin
0 W=~sarayý
0 W=~þoku
1 W=+DICInDA
1 W=+DIyor
1 W=+orClAnArAK
1 W==ODTÜ
1 W==bilirkiþi
1 W==ÝTÜ
1 W==Þükrü
1 W=~binde
1 W=~yýlan
0 L2=+AnCIylA
1 W=~statü
0 W=+DrAsI
0 W=+KAnIm
0 W=+mAnAD
0 W=+mAzsA
0 W=+sAlDIr
0 W==gecelik
1 W=+AmlIKI
1 W==mantýk
1 W=+AKDIþI
1 W=~bildiri
0 W==AK
1 W==karý
1 W=+fDI
0 W=+AlInA
0 W=~eli
0 W=~üçü
1 W=~aðrý
1 W=+oDIK
1 W=+omADI
0 W=+mAzI
0 W==kaydý
0 W==Þamil
1 W=+CIlArImIz
1 W==yiyecek
0 W=+AsABI
0 W==adayý
0 W=~oyu
0 W==evi
0 W=~bedeli
1 W=+IsInI
0 W==örneðin
0 W=+AnADI
0 W==asýl
0 W==Ýçiþleri
1 L1==hiçbir
0 W=+InlArI L1=+nIn
1 W==genç L1=UCFIRST
1 W==olayý R1=+n
1 W=+lArCA L1=+lI
1 W=+rI L2=+KAnI
1 W=+rI R1=+rACAK
1 W=+rI L1=+zAl
0 W=+DI W=UCFIRST W=+AADI
0 W=+ACAK R1=+Ir W=+mAyACAK
0 R1=+lCAKlI
0 W=+AKlIlArInIn
0 W=+AnACAKInA
0 W=+AnKICI
0 W=+AnzAr
0 W=+ArBAsD
0 W=+AslAnDIrDIKI
0 W=+AyCA
0 W=+AþlIKIylA
0 W=+CInsA
0 W=+IKImIzDA
0 W=+IllAnDIlAr
0 W=+IþIrlAr
0 W=+lKIlAnDIrIyor
0 W=+oKsAn
0 W==Alla
0 W==Mavi
0 W==Olmaz
0 W==duydu
0 W==eren
0 W==koyar
0 W==odaðý
0 W==saklý
0 W==süreli
0 W==yaparlar
0 W==yerdim
0 W==özlü
0 W=~anasý
0 W=~dostum
0 W=~dürüst
0 W=~gezici
0 W=~özürlü
1 W=+ACAKCIsI
1 W=+AnlArCA
1 W=+AsDIKIn
1 W=+DAKInI
1 W=+DIrAfCIsI
1 W=+IlArDI
1 W=+ImlIlIKlArInI
1 W=+KsIllIKI
1 W=+oKIllArI
1 W==Banu
1 W==düdük
1 W==mermi
1 W==neleri
1 W=~gelirler
1 W=~hersek
1 W=~hindi
1 W=~neymiþ
1 W=+IKmIþ
1 W==gürültü
1 W=~düðünde
1 W=~jüri
0 W=+ABAhI
0 W=+AKlIKInA
0 W=+AlArInA
0 W=+DArDIlAr
0 W=+DIKInIn
0 W=+zDIlAr
0 W==atýn
0 W==tezi
0 W=~içimden
0 W=~misali
0 W=~çeki
1 W=+ClIlArI
1 W=+DIrACAKI
1 W=+rAmADI
1 W=+sInDI
1 W=~beklenti
1 W=+AzmI
0 W=+AmAyIz
0 W=+DIKInA
0 W=+DInKI
0 W=+IDBolI
0 W=+KsIn
0 W=+lAþIr
0 W=+lIlArInDAn
0 W=+rlIKInIn
0 W==hýzý
0 W==kuralý
0 W==özü
1 W=+IslIKI
1 W=+ArmAlI
0 L1=+nlAmInA
0 W==Altý
1 W==seri
1 W=+lAKADI
0 R1==sahada
0 W=+lIKIm
1 R1=+IrmAKlA
0 W=+mAsInDAn
0 W==herkesi
1 W=+CIlIKInI
0 W=+BArI
0 W==biri
1 W=+AKnIK R1=+sI
1 W=+örAvI L2=+Ir
1 W=~maçý L1=~bu
0 W=+mAlI R1=+lA
1 W==genç R1==,
1 W=~son R1=+InDAn
1 W=+DI R1=+rACAK
1 W==birlikte L1==,
1 W==düþük L1=+I
1 W=+rI R1=+DIrmA
1 W=+rI R1=+AyIB
1 W=+rI R1=+rmAyA
1 W=+rI L1=+nC
0 W=+IKlIKlArI
1 W=+rI L1==ekonomik
0 W=+rI R1==içinde
1 W=+rI L1=+rAn
0 W==askeri
1 L1=~bir W=+AnI L2=+An
0 W=+ACAK R1=+n W==verilecek
0 W=+ABArCA
0 W=+ACInDAKI
0 W=+ADKIn
0 W=+AKDAyIz
0 W=+AhADCA
0 W=+ArICIDIr
0 W=+ArlAþmIþ
0 W=+AvCIsInA
0 W=+AþIlmAz
0 W=+AþKAsInIn
0 W=+CIKInIn
0 W=+DmAnIz
0 W=+IKArDIlAr
0 W=+IllAnIlABIlIr
0 W=+InIrsIz
0 W=+IrAKI
0 W=+IrDIm
0 W=+lIrIm
0 W=+rKAnDAn
0 W=+rsAm
0 W=+yonIm
0 W=+þKIm
0 W==Dedim
0 W==Geniþ
0 W==Gergin
0 W==Gezen
0 W==Kolay
0 W==Konferansý
0 W==Tanýr
0 W==Verdi
0 W==asýlsýz
0 W==ayaðý
0 W==belliydi
0 W==halkým
0 W==içli
0 W==karþýyým
0 W==mutluyum
0 W==olanca
0 W==senelik
0 W==yerleþen
0 W==Çevik
0 W==öncülüðünü
0 W=~iþim
0 W=~oku
0 W=~savcýlýðýna
0 W=~tuzlu
1 R2==17.00
1 W=+AKlArCA
1 W=+AnDIrIlmAlArI
1 W=+AnDIrIlmIþ
1 W=+AnDIrmAsInA
1 W=+ArArlAnIlmAsI
1 W=+AvlAnDI
1 W=+BIrnI
1 W=+IlsonI
1 W=+InlAþmAsI
1 W=+IrAllI
1 W=+IrlIlIKI
1 W=+IsDAKI
1 W=+lArIKI
1 W=+nAnI
1 W=+nDArlIKInDA
1 W=+nlArDI
1 W=+onIDAn
1 W=+rAnDIm
1 W==Sürmeli
1 W==etik
1 W=~deri
1 W=~kadiri
1 W=~mani
0 R1==Hat
1 W=+nDIrmAlArI
1 W==masal
1 W==uydu
0 W=+AmIm
0 W=+ArDImCIlArI
0 W=+AþIB
0 W=+DAKsI
0 W=+IDsIzlIKI
0 W=+IKImIzIn
0 W=+IþInIr
0 W=+lAvIzI
0 W=+mIþIz
0 W==Lebed'in
0 W==dansý
0 W==devi
0 W==genci
0 W==gözde
0 W==ili
0 W==kalbi
0 W==misin
0 W==sevinci
0 W=~taþar
1 W=+ADInDA
1 W=+AyDIK
1 W=+lIKDI
1 W=+örlIKI
1 W==boyutlarý
0 R2=+rAþDIrmAlArI
0 W==engeli
0 W=~skoru
1 W=+AnDIrIlIyor
1 W=+DIrmIþ
1 W==Hadi
0 W=+nCIlIKI
0 W=~0'i
0 W=~onca
1 W=+DIrIlmAsInA
1 W=~aný
0 W==anlaþýlan
0 R1=+ImCIlArIn
0 W==ucu
1 W=+AKlArInI
1 W=+CIlArInI
0 W=+nDrolI
1 W=~abdi
1 L1==kültürel
0 W==malý
1 W=~yüksel
0 W=+IlIzCA
1 W=+IlIzCA R2=UCFIRST
0 W==farký
1 L1=+rADAKI
0 W=+lIKInDAn
0 W==mevcut
1 W==mevcut L1==,
0 W=+ArCAKI
0 W==çýkar
1 W==çýkar R1=LOWER
1 L1==sosyal
0 W=+AsmI
0 W=+BorI L1=+DIKI
1 W=+ArsA L1=<S>
1 W=+IhI L1==,
1 W=+mI R1=+KInIn
1 W=+nI R1=+DArmAK
1 W==Hatta L2=+I
1 W==kalan L1==,
1 W=~dili R1=+I
1 W=~ile L1=+.00
1 W=~ortaðý L2=+I
1 W=~son R1=+IsInDA
1 W=~son R1=+IylA
1 W=~önceden R1=+An
1 W=+mAlI L1=+C
1 W=+mI L1==o
1 W=+rI L1=+B'lI
1 W=+rI R1=+nyA
1 W=+rI R1=+yABIlACAK
1 W=+nI L1=~o
1 W=+rI R1=+DmA
1 W==genç L1=DIGIT
1 W=~son R1=+InIn
1 W=+fI L1=+lI
0 L1=~bir W=+IsI
0 L1=~bir W==iç
1 W=+AKnIK R1=+In
1 W=+IBI R2==ve
1 W==birlikte L1=+AB
1 W==olayý R1=+AK
1 W=+ACAK L1=+IBI
1 W=+rI L1==siyasi
1 W=+rI L2=+'nDA
1 W=+mI R1=+AhA
1 W=+rI L1==baþka
1 W=+ACAK R1=+Im
1 W=+rI R2==eden
1 W=+fI L1==,
1 W==birlikte L1==ile
0 W==birlikte L1==ile L2=LOWER
0 W=+rI R1=+rAsInDA
0 W=+ACAK R1=+n R1=UCFIRST
0 L2=+IKAmIrAl
0 W=+ABmAyIz
0 W=+AKIþIKlI
0 W=+AKKIm
0 W=+AmAnsIz
0 W=+AmsIlCIlArInA
0 W=+AnAsI
0 W=+AnIrIm
0 W=+ArBAsDCA
0 W=+ArDImCIm
0 W=+ArKAzInIn
0 W=+ArvI
0 W=+ArþIlAþAn
0 W=+AsDIvAlI
0 W=+AslAnDIrDI
0 W=+AsmInIn
0 W=+AvrAsInIn
0 W=+AzlAsInIn
0 W=+AzlAyDI
0 W=+BArAK
0 W=+CImAsIzCA
0 W=+DABIm
0 W=+DIyACIm
0 W=+DlIlIKInI
0 W=+IKlArIylA
0 W=+IKo'nIn
0 W=+InsICA
0 W=+IrIlInIn
0 W=+hlAlI
0 W=+lDInCI
0 W=+mAnIm
0 W=+nlAnDIrAn
0 W=+olIDIr
0 W=+orCInIn
0 W=+ormIlI
0 W=+rþIvI
0 W=+sDInDAn
0 W=+vlADIm
0 W=+özlIKI
0 W==8'in
0 W==9'u
0 W==AVCU
0 W==Galiba
0 W==Haçlý
0 W==Mobil
0 W==Olan
0 W==Zengin
0 W==basa
0 W==dininin
0 W==etse
0 W==kes
0 W==nelerin
0 W==sarýklý
0 W==sarýþýn
0 W==takma
0 W==tutucu
0 W==yanlý
0 W==yediler
0 W==yýlmadan
0 W==çek
0 W==þovu
0 W=~00'lar
0 W=~bloku
0 W=~koyu
0 W=~nefesi
1 R1==Müjde
1 W=+ABIlAnmAsI
1 W=+ADInCA
1 W=+AKIBCIsI
1 W=+AKInlAþmAsInI
1 W=+AmBIyonlIKInI
1 W=+AnBArI
1 W=+AnDIrACAKIz
1 W=+ArArlAnAn
1 W=+AsAllI
1 W=+AþACAKInI
1 W=+AþIDlIlIKI
1 W=+BlImIz
1 W=+DImIz
1 W=+DIrACAKInI
1 W=+IDInDA
1 W=+IlACAKDIr
1 W=+IlIsInIz
1 W=+IlIvrI
1 W=+IrAnI
1 W=+IrlAnmIþ
1 W=+IslArCA
1 W=+hlIsI
1 W=+lAmCIsI
1 W=+lAnDIrIlmAlI
1 W=+mAllI
1 W=+nKIrI
1 W=+orClAnmAsI
1 W=+yAlIKInDAn
1 W=+yAlIKlArI
1 W=+yIrI
1 W=+örlIKInI
1 W==RTÜK
1 W==Selami
1 W==beðeni
1 W==cildi
1 W==edecekler
1 W==sinirlendi
1 W=~dinde
1 R2=+AyAv'I
1 W=+AKInlIKI
1 W=+AfInArI
1 W=+AlDACAK
1 W=+AsKInDA
0 R1==Müren'in
0 W=+ABIlI
0 W=+ArlAK
0 W=+IfAKI
0 W=+IlIKIDIr
0 W==kesen
0 W=~cesur
1 R1=+IþInArAK
1 W=+IDlAnmIþ
1 W=+IsnI
1 W=+mlArCA
1 W=+monI
1 W=+omAlI
1 W==Gümüþ
1 W==Yaþamý
1 W==yakýný
1 W=+rIKsAl
1 W==almalý
1 W=~ortaçað
0 W=+AmsIlCIlIKI
1 L1=~bir R1=+An
0 W=+AnACAKlArInI
0 W=+lAnsA
0 W=+yAsIyA
0 W==imajý
0 W==tatlý
0 W=~koþulu
1 R1==bulduk
1 W=+IlIrsInIz
0 W=+IyorIm
0 W==Yanlýþ
0 W==uçaðý
1 R2==çaðýrdý
0 W=+IKlArInDAn
0 W==kalkan
0 W==suyu
1 W==güveni
1 W=~çatý
0 W=+AnIþlArI
1 W=+ADABIlACAK
1 R1=+DIrAnlArIn
1 L1=+KADIr
1 W=~etmeli
0 W=+AnlIþDIr
0 W=+ArsonAlI
1 R1=+IþDIrmAyA
1 L1==Aksi
1 R1=+ABIlmA
1 R2==plana
0 W==suçu
1 L1==%
1 W=+DIDArI
1 R1=+mAyIB
0 L1==televizyon
1 R1=+DACAKIz
0 W=+InsAl
0 W==türlü
0 W==karþý
0 W==kadar
0 W=+AmIþ L2=+Ir
0 W=+DI R1==olamaz
0 W=+rI L1==beyan
0 W=~batý R1=+AlArInDA
1 W=+ACAK L1==onu
1 W=+DABI R1=+An
1 W=+IKI L1==o
1 W=+IsI R1=+rInI
1 W=+nAKI R1=+AmIþ
1 W=+onICI L1==,
1 W=+rI L1=+nDAl
1 W=+rI L1=+oKAl
1 W=+rI L1==aðýr
1 W=+rI L1==böyle
1 W=+rsI L1=+A
1 W=+özI L1=+lI
1 W==genç R2=+yA
1 W=~emin L1=+AD
1 W=~gücü L1=~bu
1 W=~kimin L1==,
1 W=~son R1=+AnAn
1 W=~son R1=+IzDA
1 W=~son R1=+lAn
1 W=~yüz R1=+IylA
1 W=~yüzü L1=+A
1 W=+ACAK L2=+ADDA
1 W=+CIlArI L1=+mAsI
1 W=+DI L1=+AKlArI
1 W=+mI R2=+DInDA
1 W=+rI L1=+IlArlA
1 W=+rI R1=+AþIyAn
1 W=+þI L1=~o
1 W=+þI R1=+lAmAK
1 W=~son R1=="
0 L1=~bir W=+AnlIþ
1 R1==politika W=+C
1 W=+DI L1==gelen
1 W==asýl L1=+I
1 W==olayý R1=+Ar
1 W=+nI R2=+mIyorIm
1 W==genç L2==bir
1 W=~son L1=+lArA
1 W=+AmoKrAD R1=APOS1
1 W=+ArCAKI L2=+I
1 W=+DI R1=+ArKAn
1 W=+IKI L1=+rInDAn
1 W=+nI L1==çok
1 W==malý R1=+n
1 W=~gider R1=LOWER
1 W=+mI L2=+mIþ
1 W=+rI L1=+AfInDAn
0 W=+IyDI L2=+In
1 W=+AKnIK R2==ve
1 W=+þI L1=+AKI
1 W=+ACAK L2=~o
1 W==genç R2=UCFIRST
0 W=+IKI R1==de
0 W==çýkar L1=+AyA
1 W=+mI R1=+lArInDA
1 W=+ACAK R1=+Il
1 W=+rI R1=+lAyArAK
0 W=+AmoKrAD L2=LOWER
1 W=+DI R1=+DIKInI
1 L1=~bir W=+ACI
1 W=+rI L1=~ama
1 W=+ACAK R1=+ADAr
0 W=+ACAK L1=+lArI R1=+ADAr
0 W=+ACAK L1=+lAr
1 L1=~bir R2=+mAsI
0 W=+ACAK R1=+DA L1=+'DA
0 W=+ACAK R1=+n W=+KABIlACAK
0 W=+mI L1=~bu R2=="
0 W=+DI W=UCFIRST R2=+mA
0 W=+mAlI R1=+A L2=+A
1 W=+rI L1=~bu W=+lArI
0 L1=+AnIrsAnIz
0 L1=+AnzArADAKI
0 L1=+ArBAKAn
0 L1=+IKAmIrAl
0 L1=+InIrInA
0 L1=+nrAsInI
0 L1==Veda
0 L1==aðlarý
0 L1==güle
0 R1=+ACAKCIlArInI
0 R1=+ArlIKlArDAKI
0 R1=+AzonIn
0 R1=+IþKAnlIKInDAn
0 W=+ABhAsI
0 W=+ACAKsA
0 W=+ADAnDAþlIKInA
0 W=+ADIrDI
0 W=+AInsBoroIKh'In
0 W=+AKAmADI
0 W=+AKIlIK
0 W=+AKlAnDIrDI
0 W=+AKolI
0 W=+AlIKsIz
0 W=+AmIzlIKI
0 W=+AmsIlCIlArInDAn
0 W=+AmsIlCIlArInI
0 W=+AnDAnIz
0 W=+AnDIrmAz
0 W=+AnmAm
0 W=+ArAyIm
0 W=+ArzIm
0 W=+AsDAlIKlArInA
0 W=+AsIlIKInIn
0 W=+AvAþCA
0 W=+AvhArI'nIn
0 W=+AvrIlI
0 W=+AyAlIm
0 W=+AyIDsIz
0 W=+AyrAKIm
0 W=+AþAyAn
0 W=+AþlArlAr
0 W=+CAsInIn
0 W=+CDIm
0 W=+CInDAyIz
0 W=+DAsInIn
0 W=+DInDADIr
0 W=+DIrAzIm
0 W=+DhIþ
0 W=+DmAlIyIm
0 W=+IKArDIm
0 W=+IKrInIn
0 W=+IhAI
0 W=+IlAnDIrIr
0 W=+IllAnIlIB
0 W=+IllAnIlIr
0 W=+IllICA
0 W=+IllIyADCIlIKI
0 W=+ImlIlArInIn
0 W=+InIylA
0 W=+IzDAnDIr
0 W=+IþKAn
0 W=+KDAylI
0 W=+KIrlIKCI
0 W=+lDInDAyDI
0 W=+lIrsAK
0 W=+lKInCI
0 W=+mACIlArI
0 W=+nAnCInIn
0 W=+nCIlArInDAn
0 W=+oCIKCA
0 W=+orInIm
0 W=+oyDIm
0 W=+rACIylA
0 W=+rIysA
0 W=+sDAlIKInI
0 W=+sDArsAn
0 W=+slAnIm
0 W=+zKIr
0 W=+önlAnDIrmAsI
0 W=+þArlAr
0 W=+þCIlArInIn
0 W=+þCIlArIylA
0 W=+þInDIlAr
0 W=+þInlArI
0 W=+þlADAn
0 W=+þsAK
0 W==Artan
0 W==Ayan
0 W==Basit
0 W==Beþinci
0 W==Derin
0 W==Dilerim
0 W==Eþi
0 W==Gazali
0 W==Geç
0 W==Kaçan
0 W==Kaçar
0 W==Masum
0 W==Sanal
0 W==Sert
0 W==Türel
0 W==Uygun
0 W==Uzak
0 W==anlaþan
0 W==aradýk
0 W==atýklar
0 W==açýkla
0 W==bataðý
0 W==bekler
0 W==cerrahý
0 W==doðrular
0 W==eskiye
0 W==ettin
0 W==gülüm
0 W==gününün
0 W==hatýrlar
0 W==icabý
0 W==ipi
0 W==itici
0 W==kurun
0 W==kutlu
0 W==mülkü
0 W==orucu
0 W==oturacak
0 W==pastanýn
0 W==pasý
0 W==petrolü
0 W==resitali
0 W==sabrý
0 W==severler
0 W==sicili
0 W==yerleþtirildi
0 W==Çabuk
0 W==çaldýlar
0 W==çalýþýn
0 W==öderler
0 W=~alevi
0 W=~elimden
0 W=~gönlü
0 W=~kurunun
0 W=~morali
0 W=~saðý
0 W=~sirki
0 W=~yerim
0 W=~yüzüm
1 L1=+loKAnI
1 R1=+AmBAyA
1 R1=+AvAlAnDIrDI
1 R1==BÝLGÝLER
1 R1==yenen
1 W=+'sIylA
1 W=+ABAlIKI
1 W=+ABAzArI
1 W=+ABImCIsI
1 W=+ADArlIKI
1 W=+ADlIKInI
1 W=+ADlIKlArI
1 W=+AInDA
1 W=+AKArlAnDIrAmADIKI
1 W=+AKArlAnDIrIlmAlIDIr
1 W=+AKArlAnDIrIyorlAr
1 W=+AKImlIKI
1 W=+AKIþAnI
1 W=+AKlAþIyor
1 W=+AKlIsInIz
1 W=+AfDIþI
1 W=+AlAIrI
1 W=+AlAþmAsI
1 W=+AlIsI
1 W=+AnDIrIlmAsInDAn
1 W=+AnKlIKI
1 W=+AnyArI
1 W=+ArAKADlAnAn
1 W=+ArAKAnI
1 W=+ArArlAnmAsI
1 W=+ArArlAnmAsInI
1 W=+ArArlAþDIrIlAn
1 W=+AvlIlArInI
1 W=+AþAmADI
1 W=+BIKArlIKI
1 W=+BonsorlIKInI
1 W=+DAnDIK
1 W=+DAsI'nIn
1 W=+DIrDIKImIz
1 W=+DIrIlmADIKInI
1 W=+IDlArInI
1 W=+IlArInDA
1 W=+IllArDI
1 W=+InIrlAnArAK
1 W=+IyIyor
1 W=+IþlArCA
1 W=+KsIKlIKInDAn
1 W=+mAnsInIz
1 W=+nArþI
1 W=+nDArlIKInI
1 W=+nsAnlIKI
1 W=+oznI
1 W=+rlAnmAsInA
1 W=+rlIlArI
1 W==19.00
1 W==Bayrami
1 W==Duru
1 W==Haþimi
1 W==Hulusi
1 W==Milan
1 W==Necmi
1 W==Prince
1 W==Wanu
1 W==Yavru
1 W==emsal
1 W==gideni
1 W==golcüsü
1 W==imalý
1 W==izlenecek
1 W==karýnca
1 W==mantýðýn
1 W=~ballý
1 W=~safari
1 W=~yazarlýðý
0 L1==özü
0 R2==tüzel
1 L1=+AKosA
1 L1=+lDInDAK
1 R1=+zlAmAyI
1 R1==saðlamýþ
1 R2=+ArADACAKIz
1 R2=+AymAnoKlI
1 W=+ADIKoDI
1 W=+AnAfI
1 W=+ArIADI
1 W=+AþBAKAnlArI
1 W=+AþörDI
1 W=+BArDI
1 W==Zerdari
1 W==kimleri
0 R1=+ACAKCIlArIn
0 R1==Sanayici
0 W=+AlKAsAlI
0 W=+Alomon
0 W=+AsmIn
0 W=+AzAnCI
0 W=+BrAKI
0 W=+IyorsA
0 W=+yArAn
0 W=+zAKI
0 W=+öKI
0 W==azli
0 W==daðlýk
0 W==kaba
0 W==çeker
0 W==þýk
1 L1=+AlDorflI
1 L1=+hAsInI
1 R1=+þImIzIn
1 R2=+nAmADAn
1 R2=+þCIlIK
1 W=+AnDIrIlDIKI
1 W=+IKlIKInI
1 W=+nsDIDI
1 W==bindi
1 W==kutu
1 W==sömürü
0 L1==memurlara
1 R1=+lADDIKInI
1 W=+KörI
1 W=+rAlArCA
1 W==Seyfi
0 W=+AlAnCA
0 W=+lACAKlArIn
0 W=+lsA
0 W=+ozmA
0 W=+rKAKI
1 L1=+lAnDIKInIz
0 W==koyun
0 W=~hapý
1 L2==Netaþ
1 R2=+nsAnlArlA
1 L1=~özgün
1 L2=+önIþ
1 W==seçilecek
0 R1=+AþCIlIK
0 R1==takibe
0 W=+IrICIlArI
0 W==sembolü
1 R2=+AþKAnI'nA
1 W==estetik
1 W==lafý
0 L1==kaygý
0 W==Kaldý
0 W==yararý
1 L1=+llIKInA
1 L1==yirmi
1 W=+AnADIK
0 L1=+IsAns
0 R1==gelmez
0 W=+DAyIm
0 W=+formAnsI
0 W=~ürünleri
1 W=+InlArI L2=+ArI
1 R1==oluþturan
1 L2==38
1 R1=+IrmAKDIr
0 W=+ArCAKDA
0 W==neyi
0 W==öte
1 R1=+DmIþlAr
1 R1==olabileceðini
1 W=~öneri
0 R1=+DIKADA
1 R1=+DIKADA W=+C
0 W==kahraman
1 R1=+IrsAnIz
1 W=+sIyonI
0 W=+sIyonI R1=<S>
0 W=+lAyABIlACAK
0 W==golü
1 L1=+DnIK
1 R1=+ADmAyI
1 R2==demektir
1 L1=+ArAB
1 W=+öKsAl
0 W=~sözlü
1 W=~sözlü R1=+AK
1 W=+AnDIrACAK
0 R2==Beyazlý
1 L1==Siyasi
1 L1=+AyAz
1 W==Necati
0 W==yeri
1 L1=+InsAl
0 W=+DAþI
1 L1=~bir R1=+ArAK
0 W==aracý
1 W==aracý R1=+n
1 W==aracý L2==-
1 L1=~bir W=+rACI
0 W=+DörI
0 W==Sarý
0 W==beri
0 W==geri
0 W==doðru
0 W=+ACAK R1=+ABorIn
0 W=+ACAK R1=+ADIn
0 W=+ACAK R1=+syon
0 W=+AnDIrIlmAsI L1=+ImlArIn
0 W=+CIlArImIz R2=UCFIRST
0 W=+DI L2==Ýslami
0 W=+IyDI L1=+Il
0 W=+KlAþmAsI R2==,
0 W=+mI L2=+oþA'yA
0 W=+rI R1=+ArADmAK
0 W==insanlarý R1=<S>
0 W=~aný L1=+r
1 L1=~bir W=+AKnIK
1 W=+ACAK L1=+IllIyA
1 W=+ACAK L2=+lAnAn
1 W=+ACAK L2=+mAlArInA
1 W=+ACAK R1=+AmI
1 W=+ACAK R1=+IKlA
1 W=+ACAK R2=+InCA
1 W=+ACAK R2=+IrlI
1 W=+ACAKlAr L2=+InDA
1 W=+AKnIK R1==ve
1 W=+AllIKlA R1=+InDA
1 W=+ArCAKI R2==,
1 W=+ArCAKI R2==:
1 W=+ArsA L2=+K
1 W=+BArI R2=+DI
1 W=+BorI R1=+DAn
1 W=+DI L1=+AKnIK
1 W=+DI R1=+sIz
1 W=+DI R1=+þA
1 W=+DI R2==neden
1 W=+DIK L1==yer
1 W=+IBI R1=+'nDA
1 W=+IlIzCA L1==(
1 W=+IsAl R1==,
1 W=+IsI R1=+yAn
1 W=+fI L1=~bu
1 W=+mAsInIn R2=+nIn
1 W=+mI R1=+IlmAz
1 W=+mI R1=+lIKA
1 W=+mI R1=+mADA
1 W=+mIþ L1=+AlmIþ
1 W=+mIþ L2=+lADIn
1 W=+nDrolI L2=="
1 W=+nI L1=+AyInA
1 W=+nI L1==25
1 W=+nI L2=+ACAnIsDAn'In
1 W=+nI R2=+CADAn
1 W=+ozI L1=+DA
1 W=+rI L1=+DIþI
1 W=+rI L1==olumsuz
1 W=+rI L2=+ADsIz
1 W=+rI L2=+IyAr'In
1 W=+rI R1=+AnmIþDIr
1 W=+rsI L1=<S>
1 W=+sDAKI R2=+mA
1 W=+örAvI R2=+DAn
1 W=+þI L2=+lArDAn
1 W==altýna R1=+ACAKInI
1 W==asýl L1=+ArIn
1 W==birlikte R2=+rmA
1 W==golü R2=+A
1 W==herkesi L2=+In
1 W==kalan L1=+lI
1 W==kaydý L2=+n
1 W==mevcut L1=+AKI
1 W==olayý L1=+nA
1 W==örneðin R1=DIGIT
1 W==öte R1=+An
1 W=~maçý R2=+InDA
1 W=~sözlü R1==,
0 W=+ACAK R2==30
0 W=+DIrACAK L1=+nDA
1 W=+DI R1==çekiyor
1 W=+InDA L2=+Ay
1 W=+mI L2=+on
1 W=+nI R1=+nsIz
1 W=+rI R1=+AnIzA
1 W=+rI R1=+BAr
1 W=+rI R1=+IlAmAyA
1 W=+rI R2=+KlIyor
0 W=+ACAK R2==olduðunu
0 W=+CIlArI L2=+yAn
1 W=+ACAK R1=+AmA
1 W=+ACAK R2=+lIm
1 W=+AKnIK R1=+ArI
1 W=+DI L1=+lInAn
1 W=+mI L1==iki
1 W=+mI R1=+ABAn
1 W=+mI R2=+AsIn
1 W=+mI R2=+IrAn
1 W=+rI L1=+IslImAn
1 W=+rI L1==kimi
1 W=+rI L2=+IlArIylA
1 W==Yüce L1=LOWER
1 W==alan L1=+K
1 W==aracý R1=+ArA
1 W==birlikte L2==her
1 W==faili L1=+A
1 W=~ile L1==gücü
0 W=~ile R1=+lKIlI
0 W=+CIlArI R2=+InA
0 W=+DIK R2=+IB
0 W=+rI L1==alan
1 W=+.00 L2==,
1 W=+ACAK L1=+KAyI
1 W=+DI L1=+IlDIKI
1 W=+DI R1=+AmADI
1 W=+rI L1=+CAn
1 W=+rI L1==hakkýnda
1 W=+rsI R2=+A
1 W==asýl L2=+In
1 W=+DI R1=+IDAn
0 W=~þimdi
1 W=+KAzI L1=<S>
1 W=+mI R2=+IDIr
0 W==reformu
1 W=+rI L1=+zlI
0 W==askeri
1 W=+sDAKI L2=<S>
1 W=+örAvI L2==,
1 W=+þI R2=+AlAr
1 W=+þI R2=+IB
1 W=~ile R2==bin
1 L1=~bir R1=+IlInmADIKInI
1 W=+nI R1==kendi
1 W=+rI L1=+AnzAr
1 W=+rI R1==olacak
0 W==biri
1 W=+rI R2=+IrIz
1 W=+nI R1=+DmA
1 W=+DI L1=+IlArIn
1 W=+rI L1==ne
1 W=+mI L1=+ArAK
0 W=+ACAK L2=+Az
0 W=+DI R2=~ne
0 W=+rI R1=+þInDA
1 W=+nI L1==Bu
0 W=~son R2=+lA
1 W=+rI R1=+lAyACAK
0 W==genç R1=+lAr
0 W=+AKnIK L2=UPPER0
1 L1=~bir R1==olduðu
0 W=+ACAK L2=+IsI
0 W=+rI R1=+zArInDA
0 W=+DI L1=+rK
1 L1=~bir L2=+nC
1 L1=~bir L2==böyle
0 W=+ACAK R1=+n L1=+C
0 W=+rI L1=+DAKI W=+IrI
0 W=+rI R1=+mAK W=+mAlArI
0 W=+rI R1=+rAn R1=UCFIRST
0 W=+DI W=UCFIRST R1==:
0 W=+rI L1==diðer L2=+In
0 W=+þI L1=~bu L2=+DA
0 W=+sAl W=UCFIRST L1=="
0 L1=+-000000
0 L1=+ADAKDIflArI
0 L1=+AmAAlA
0 L1=+AmAyAnA
0 L1=+AyIflADIKI
0 L1=+AþDAlD
0 L1=+IDAlArI
0 L1=+IlomADrAyA
0 L1=+ImCAK
0 L1=+Inny
0 L1=+IyImCIlArA
0 L1=+jAnsI'nIn
0 L1=+lDADAn
0 L1=+mBIr
0 L1=+nAnIlmAsI
0 L1==02.00'de
0 L1==23.00.
0 L1==60'lara
0 L1==60'lý
0 L1==Gere'yle
0 L1==Ruhlarýn
0 L1==kamera
0 L1==vurdun
0 L1==Ýlgi
0 L1==ördek
0 L1==þarkýlarýný
0 L2=+AKArBAnK
0 L2=+AKIsDAnlIlArDAn
0 L2=+ArqIIs
0 L2=+IlmDAKI
0 L2==ELÝNDE
0 L2==NASA
0 L2==haklarýndan
0 L2==kalýrsa
0 R1=+ABAhDA
0 R1=+ACAKCIlArIylA
0 R1=+ACArAs'I
0 R1=+ADAmAlArDA
0 R1=+AhInlArIn
0 R1=+AnslArlA
0 R1=+AsABIn
0 R1=+AvAþlArIn
0 R1=+AvCIsInIn
0 R1=+DIKADAKI
0 R1=+DIKAnIzIn
0 R1=+DIKAylA
0 R1=+IDmAm
0 R1=+IlIyorlArsA
0 R1=+IrA'lAr
0 R1=+IrAKoKlI
0 R1=+IrþIDlArA
0 R1=+KIDlIlIK
0 R1=+fAKDIflArI
0 R1=+lACDA
0 R1=+nACA
0 R1=+onCIlArIn
0 R1=+oþIllArA
0 R1=+þyAlArIn
0 R1==Hat'ta
0 R1==Karol
0 R1==Maddeler
0 R1==baðlýyor
0 R1==dillerin
0 R1==fiziðiyle
0 R1==lahana
0 R1==yöreler
0 R1=~kaçýk
0 R2=+AKmAyACAKlArInI
0 R2=+AlIKoBDArlArI
0 R2=+AlIrDDIKIm
0 R2=+ArBAsDCA
0 R2=+DIllArIysA
0 R2=+nlADA
0 R2=+ovInI
0 R2==Alioðlu
0 R2==tüzük
0 R2==Ýddia
0 W=+ABABIm
0 W=+ABAsI
0 W=+ABIlACAKInA
0 W=+ABIrCI
0 W=+ABsolInIrlAr
0 W=+ACArlI
0 W=+ACAsInA
0 W=+ADAfIm
0 W=+ADDAsI
0 W=+ADorI
0 W=+AIlD'DAn
0 W=+AKAyIm
0 W=+AKICIDIr
0 W=+AKImlIlIKI
0 W=+AKInlAþDIrAn
0 W=+AKlIKImIzI
0 W=+AKlIKInIn
0 W=+AKsAnIz
0 W=+AfIfCA
0 W=+AhADIm
0 W=+AhADlIKIylA
0 W=+AhAllInA
0 W=+AlIsDIm
0 W=+AlIsIn
0 W=+AlIsIyIm
0 W=+AlIþKAn'In
0 W=+AmICA
0 W=+AmInIsD
0 W=+AmsIlCIlArIylA
0 W=+AmsIlCIlIKInI
0 W=+AmvAyI
0 W=+AnAmAm
0 W=+AnAyIn
0 W=+AnCIm
0 W=+AnClIKInIn
0 W=+AnDIysA
0 W=+AnlAmlI
0 W=+AnmAsAyDI
0 W=+AnmIþlArDIr
0 W=+AnzIlI
0 W=+AosI
0 W=+ArBIyAlI
0 W=+ArDCA
0 W=+ArDIAn
0 W=+ArDImCIlArInDAn
0 W=+ArDImCIsInI
0 W=+ArþIlAr
0 W=+AsABlI
0 W=+AsAsI'ylA
0 W=+AsDAlIKInIn
0 W=+AsDIvAlIn
0 W=+AsIKAlI
0 W=+AsIlIKInA
0 W=+AslAnDIrAn
0 W=+AsmIylA
0 W=+Avo
0 W=+AyAlInIn
0 W=+AyIþIm
0 W=+AylAþAn
0 W=+AyvAnCIlIKInI
0 W=+AzAnDIlAr
0 W=+AzCA
0 W=+AzIrlADIrlAr
0 W=+AzIrlAr
0 W=+AzlAnA
0 W=+AþmAsI'nDAn
0 W=+AþmIþlArDIr
0 W=+BIslArIn
0 W=+BlAnAlIm
0 W=+BlIlIKInI
0 W=+BlIlIKInIn
0 W=+BoDAKI
0 W=+CAKCA
0 W=+CAlACI
0 W=+CAyIm
0 W=+CDIn
0 W=+CI'sI
0 W=+CImIzI
0 W=+CInDIr
0 W=+ClAnDIlAr
0 W=+DArsIn
0 W=+DIKlArInA
0 W=+DIlAlI
0 W=+DInIm
0 W=+DlAnABIlACAK
0 W=+DomoDIvI
0 W=+DoyAvsKI
0 W=+DrIþ'In
0 W=+DsAKI
0 W=+IDIz
0 W=+IKAnmAz
0 W=+IhDArAm
0 W=+IlAKIm
0 W=+IlIsInA
0 W=+IllAnDIKIm
0 W=+IllAnDIn
0 W=+IllAnIrsA
0 W=+IllAnmAyACAKInA
0 W=+IllAnsIn
0 W=+IlmAyIz
0 W=+IlyonKAn
0 W=+ImlIlArInA
0 W=+InArKAn
0 W=+InBIr
0 W=+InIDIr
0 W=+InhArCA
0 W=+IrAKIrlAr
0 W=+IrDADACAK
0 W=+IyIKCA
0 W=+IzAlCA
0 W=+IzArlAr
0 W=+IzmACA
0 W=+IþAKI
0 W=+IþDIn
0 W=+KIlI'nIn
0 W=+KlIKlArInA
0 W=+KzI
0 W=+fAzI
0 W=+hrACI
0 W=+lIrsIn
0 W=+lIzI
0 W=+lmIþIn
0 W=+lvArIþsIz
0 W=+mAKDAlAr
0 W=+mAKlIlArInA
0 W=+mAmIzDA
0 W=+mIrIm
0 W=+nArsIn
0 W=+nBIrI
0 W=+nICIsInA
0 W=+nIDsIzlAr
0 W=+nlArlAr
0 W=+nmAyIz
0 W=+nsAK
0 W=+nsAlAr
0 W=+nsAnIm
0 W=+oBlICA
0 W=+oKAKI
0 W=+oKArlAr
0 W=+oKCA
0 W=+olAyDI
0 W=+olIyDI
0 W=+oyDIlAr
0 W=+oyrADCA
0 W=+ozArlAr
0 W=+oþIlIDIr
0 W=+oþIlInIn
0 W=+rAlInIn
0 W=+rICIlArInIn
0 W=+rlIKlArInA
0 W=+ryAnDAl
0 W=+sAlIm
0 W=+sDInIn
0 W=+slIKInA
0 W=+vCIlArInI
0 W=+yKAr
0 W=+ylIKInA
0 W=+zIzIm
0 W=+önIþIn
0 W=+önlAnDIrDI
0 W=+önlAnDIrIyor
0 W=+örIþIm
0 W=+öþKI
0 W=+þAI
0 W=+þAyIm
0 W=+þCIlArInA
0 W=+þCIsInDAn
0 W=+þIlIKInIn
0 W==Alayý
0 W==Açtý
0 W==Bastýr
0 W==Bauman
0 W==Bol
0 W==Cahar'ýn
0 W==Dar
0 W==Deli
0 W==Demez
0 W==Dinç
0 W==Em
0 W==Eresin
0 W==Etkin
0 W==Eyaleti
0 W==Fiili
0 W==GENÇ
0 W==Gelen
0 W==Gür
0 W==Hakemlerin
0 W==Haram
0 W==Harika
0 W==Hayli
0 W==Hazýr
0 W==Hoþ
0 W==Karen
0 W==Karýma
0 W==Men
0 W==Nice
0 W==OLAYI
0 W==Olaðan
0 W==Pýrýl
0 W==Reel
0 W==Sepeti
0 W==Suluboya
0 W==Susan
0 W==Tabi
0 W==Uyar
0 W==Uçan
0 W==Yavaþ
0 W==Yavrum
0 W==Yenen
0 W==Yener
0 W==Yolculuðu
0 W==anlaþarak
0 W==anlaþmýþ
0 W==avcýlýðý
0 W==açtýlar
0 W==aðýyla
0 W==bantlarýn
0 W==baðlýlýðýný
0 W==bebeði
0 W==bekle
0 W==beklentilerin
0 W==beli
0 W==beyi
0 W==buluþun
0 W==büken
0 W==devrinin
0 W==dilsiz
0 W==dingin
0 W==ekmeði
0 W==erinin
0 W==eþsiz
0 W==ferdinin
0 W==finali
0 W==gazeteciliði
0 W==gidebilecek
0 W==gücüm
0 W==halim
0 W==hazzý
0 W==hurda
0 W==huyu
0 W==inceler
0 W==insanca
0 W==izinden
0 W==kapsa
0 W==karasý
0 W==kestik
0 W==marký
0 W==okkalý
0 W==paralýk
0 W==pulu
0 W==rahatlar
0 W==saklýdýr
0 W==sekizi
0 W==silik
0 W==soyun
0 W==tacý
0 W==toplandýlar
0 W==tutarsýz
0 W==tuzu
0 W==tüneli
0 W==utancý
0 W==yalýn
0 W==yargýcýnýn
0 W==yiðit
0 W==zanlý
0 W==Çirkin
0 W==Çýtýr
0 W==Özgün
0 W==Ürkün
0 W==Üvey
0 W==Ýçime
0 W==çekelim
0 W==çekin
0 W==çektim
0 W=~buruk
0 W=~daðý
0 W=~duyarlar
0 W=~elim
0 W=~kafalý
0 W=~karým
0 W=~mutsuz
0 W=~nutku
0 W=~sakalý
0 W=~zevki
1 L1=+CArDhy
1 L1=+DIlACIlArIn
1 L1=+IKAyA'nIn
1 L1=+ImyADA
1 L1=+IyICIyA
1 L1=+IzAyInA
1 L1==80'in
1 L1===
1 L1==Ehmede
1 L1==Juppe
1 L1==MUM
1 L1==Zevkli
1 L1==ajansý
1 L1==ihracatýn
1 L1=~oturak
1 L2=+AADADIlAn
1 L2=+AmArAnCh
1 L2=+AvsIzlIK
1 L2=+IDmAsInA
1 L2=+IrnAr'In
1 L2=+IþKInIn
1 L2=+KInlIKDAn
1 L2=+jAnsI'nIn
1 L2=+lAnDIrIlIyor
1 L2=+mDAD
1 L2=+nADIlDIm
1 L2=+orlAmAlI
1 L2=+oyIDInDA
1 L2==Efsane
1 L2==Irkçýlýkla
1 L2==Yaþlarý
1 L2==ettin
1 L2=~dualarý
1 R1=+AChIllAr
1 R1=+ADIlDIKIm
1 R1=+AnImAzsAn
1 R1=+AnImlAmA
1 R1=+AþlArImA
1 R1=+BArlADI
1 R1=+BDIrrAhIm
1 R1=+CAlAmADA
1 R1=+IlmAKlA
1 R1=+ImrI
1 R1=+IrlAþDIrIyor
1 R1=+IvAyACAK
1 R1=+IþIrmAsIylA
1 R1=+lADACAKIm
1 R1=+nlADIlmIþ
1 R1=+olDIrIyorlAr
1 R1=+rADAnlAr
1 R1=+öCAnlAr
1 R1=+örAmIyor
1 R1==Arsal
1 R1==dinliyorum
1 R1==oya
1 R1==plaseler
1 R1==sallayan
1 R2=+AzonlArIn
1 R2=+CIlDIlmAsInI
1 R2=+InAlArI'nDA
1 R2=+InDIrIyorDIK
1 R2=+IrmAnmADAn
1 R2==Enternasyonel'in
1 R2==sunacaðýz
1 W=+AADADIlAn
1 W=+AAlAnI
1 W=+AAvAlArI
1 W=+ABIlIyorDI
1 W=+ACAKCIsInIn
1 W=+ACAllI
1 W=+ADCIsInIn
1 W=+ADDIlAr
1 W=+ADICIsI
1 W=+ADIKImIz
1 W=+ADlIKIm
1 W=+AIrlIKI
1 W=+AKArlAnDIrACAKlAr
1 W=+AKArlAnDIrIlDIKInDA
1 W=+AKArlAnDIrmAlArInI
1 W=+AKIlIKI
1 W=+AKIllAnAn
1 W=+AKIyorIz
1 W=+AKKIllI
1 W=+AKlAnmAKDADIr
1 W=+AKlAþABIlACAKI
1 W=+AKlAþDIrmAsI
1 W=+AKlAþmADIKInI
1 W=+AKnAlIKI
1 W=+AfDAlArCA
1 W=+AhAlIlIKI
1 W=+AhArI
1 W=+AhIDlIKI
1 W=+AhlAnmAsI
1 W=+AhlAnmAsInI
1 W=+AlAþDIKI
1 W=+AlAþDIrIlDIKI
1 W=+AlIKInDA
1 W=+AllIKIm
1 W=+AlsIlAn
1 W=+AlvArI
1 W=+AmIDoKlIllArI
1 W=+AnBIllIlArI
1 W=+AnDIrABIlIyor
1 W=+AnDIrIlACAKInI
1 W=+AnDIrIlIrlAr
1 W=+AnDIrIlIrsA
1 W=+AnDIrIlmAlArInDA
1 W=+AnDIrIlmAsInDA
1 W=+AnDIrIlmAsIylA
1 W=+AnDIrIyorIm
1 W=+AnDIrmAsInDA
1 W=+AnIþIKlIKI
1 W=+AnKAnlIKI
1 W=+AnKlIKInI
1 W=+AnlArIz
1 W=+AnlIylA
1 W=+AnvAKIllIKI
1 W=+AnzAl
1 W=+AoBolIDIK
1 W=+ArAKADlAnDI
1 W=+ArAKlIsI
1 W=+ArArlAnABIlACAK
1 W=+ArArlAnABIlACAKI
1 W=+ArArlAnABIlAn
1 W=+ArArlAnACAKlArInI
1 W=+ArArlAnDI
1 W=+ArArlAnIlmAsInI
1 W=+ArArlIlIKlArInI
1 W=+ArIllI
1 W=+ArhoþlIKI
1 W=+ArlAþIyor
1 W=+AsAKDI
1 W=+AsDACIsI
1 W=+AsyADI
1 W=+AvInlIKI
1 W=+AvKAnI
1 W=+AvlIsInIn
1 W=+AvlIsIylA
1 W=+AvrIlDIK
1 W=+AyImlAnmIþ
1 W=+AzArlIKlArI
1 W=+AþlIsI
1 W=+BIKArlIKInA
1 W=+BlomAsInIn
1 W=+BolCIsIylA
1 W=+BonsorlIKInDA
1 W=+CAKDInIz
1 W=+CIlArImI
1 W=+CIllI
1 W=+ClAnACAK
1 W=+ClAnDIKInI
1 W=+DACAKI
1 W=+DACInA
1 W=+DAnlIKInI
1 W=+DArlArCA
1 W=+DIlIyDIK
1 W=+DImDI
1 W=+DIrIlmAsInIn
1 W=+DIsInDA
1 W=+DlAþIyor
1 W=+DoKIlI
1 W=+ICAnI
1 W=+IKIKCIsI
1 W=+IlAnI
1 W=+IlDIlArI
1 W=+IlKInCA
1 W=+ImIDlArI
1 W=+InInDI
1 W=+InInI
1 W=+InIrlAnDIm
1 W=+IrAnACAK
1 W=+IrAþI
1 W=+IrIDIK
1 W=+IrIKlIKlArI
1 W=+IrInDA
1 W=+IsIzlAþDIm
1 W=+IyADlAnAn
1 W=+IyAmI
1 W=+IyAnlIKI
1 W=+IyormIsInIz
1 W=+IzDAysA
1 W=+IzDIK
1 W=+IzlAnDIKInI
1 W=+IzlIKInDAn
1 W=+IzlIKlArInDAn
1 W=+KAKDI
1 W=+KlIlIKInDAn
1 W=+hlIKI
1 W=+hrADI
1 W=+lAmAsI
1 W=+lAyAnI
1 W=+lAþDIrDIK
1 W=+lomBAnI
1 W=+mAKmIþ
1 W=+mIDlAnDI
1 W=+mIrICIlArI
1 W=+mIsI
1 W=+nAnImI
1 W=+nAyACAKlAr
1 W=+nIKDI
1 W=+nlAþmAlI
1 W=+olInI
1 W=+olmIþ
1 W=+orImCIlArI
1 W=+orInIz
1 W=+orlAþACAK
1 W=+ormAlI
1 W=+ozmADIK
1 W=+rDADI
1 W=+rIsInIz
1 W=+rKInDI
1 W=+rlAnmAlArI
1 W=+rlAnmAsInIn
1 W=+sAhIBlIKI
1 W=+smAlI
1 W=+vnI
1 W=+örlIKInA
1 W=+þIllI
1 W=+þlIlIKI
1 W==Akademi
1 W==Armani
1 W==Basel
1 W==Funda
1 W==GÜRSEL
1 W==Kadý
1 W==Legari
1 W==Phiri
1 W==Siyaseti
1 W==Turizmi
1 W==Umudu
1 W==bakýþlarý
1 W==biteni
1 W==dince
1 W==dizel
1 W==ekti
1 W==fidaný
1 W==hýzlanmasý
1 W==krtik
1 W==matemetik
1 W==optik
1 W==oydu
1 W==slibi
1 W==teknolojileri
1 W==tonlarca
1 W==yenmeliyiz
1 W==yürekleri
1 W==Çulan
1 W==çalarken
1 W==çarþý
1 W=~hýzlandý
0 L1=+InlIKInDA
0 L1=+IrKmAn
0 L1==Turban
0 L1==neyin
0 L1==operasyonlar
0 L2=+AfDArlArIn
0 L2=+AhlIKADA
0 L2==büyüyen
0 R1=+ImsAlAr
0 R1=+zCIKlArA
0 R1==sendika
0 R2=+AlonInA
0 W=+AhlIllArI
0 W=+IlInmAlI
1 L1=+IrsADDAn
1 L1==Artan
1 L1==Türki
1 L1==kökten
1 L1==çetelerden
1 L1==çýkacaðý
1 L2=+ArAylA
1 L2=+ArKlArI
1 L2=+AyIr'In
1 L2=+CAKlAr'In
1 L2=+CK'nIn
1 L2=+zAKlAþDIrIlmAsI
1 L2==Aþýrý
1 L2==beyanlarý
1 L2=~iyon
1 R1=+DlAnDIrDI
1 R1=+InIþ
1 R1=+mAno
1 R1=+örAnA
1 R1==iþletmek
1 R1==sunmasý
1 R1==yýkýp
1 R2=+AnIþlArDAn
1 R2=+ArKIlArInIn
1 R2=+AþrI
1 R2=+CrAADlArInI
1 R2=+mAnIzA
1 R2=+sDArlAr
1 R2==Hangi
1 R2==tuzlu
1 R2==önledi
1 W=+ADDAfI
1 W=+AlIsDIK
1 W=+AnKAsIzlIKlArI
1 W=+ArAnI
1 W=+AsDAKCIsI
1 W=+AvInICIsI
1 W=+AþDIrDIKlArI
1 W=+CzmAnDIlArI
1 W=+ImrI
1 W=+IrsADlArI
1 W=+mAlArCA
1 W=+nAmAlI
1 W=+rImCIsI
1 W==08.00
1 W==Altuð
1 W==beyni
1 W==deðiþmeli
1 W==terfi
1 W==veri
0 L1=+AþDIrI
0 R1=+AhDIDlAr
0 R1=+ArBAsDDIr
0 R2=+AKlArAsyon
0 W=+AhsI
0 W=+AyInDIr
0 W=+ImIm
0 W=+InAhI
0 W=+sDAmADAn
0 W==8'lerin
0 W==Evrensel
0 W==Küreselleþme
0 W==bastýlar
0 W==demeci
0 W==farzý
0 W==güzeli
0 W==misli
0 W==seren
0 W==yolsuzluklarý
0 W==zoru
0 W==çalar
0 W==çiçeði
1 R1==izlemeye
0 W=~aðacý
0 W=~paralý
0 W=~yargýcý
1 L1=+nAKlAmA
0 R1==buluyorlar
1 L1==kapýsýnda
1 L1==mala
1 L1==silip
1 L1==uymayan
1 L1==yüzlü
1 L2=+lCAKlI
1 L2=~mesleði
1 R1=+ABIlDIK
1 R1=+AKArlAnDIrArAK
1 R1=+DIrmAmAK
1 R1=+lADIB
1 R1=+yDIrIyor
1 R2=+oyIDlArInA
1 R2=+sAslArA
1 R2==Tekstil
1 R2==maske
1 W=+AKlAþDIKI
1 W=+AlArDI
1 W=+AmBADI
1 W=+AnDIrDIK
1 W=+AnfAADlArI
1 W=+CAlIKI
1 W=+DKIlAyABIlACAK
0 L1=+jIlArInI
1 W=+KonomIlArI
1 W=+orImlArI
1 W=+rIlmIþDI
1 W==Geçmiþ
1 W==Kofi
1 W==Oyunu
0 L1=+IþInmAK
0 R1=+IDIKAnIn
0 R1=+nolojIyI
0 R1=+zCIKlAr
0 R1==misiniz
0 R2=+rADIlmAsI
0 R2==bulduðunu
0 W=+AmAnlIKI
0 W=+KrAnACAK
1 L1=+AnDIKAl
1 L1=+AnIrlI
1 L1=+IrDIsDAn
1 L1=+IsDAmInI
1 L1=+IyAno
1 L1=+lIsInDA
1 L1=+mIsyonInIn
1 L1==ANAP'tan
1 L1==yasalarý
1 L1=~türban
1 L2=+AnzIllI
1 L2==66
1 L2==golle
1 R1=+ACIrDIK
1 R1=+AKDAyDI
1 R1=+AlADsIzlIKI
1 R1=+þlADAn
1 R1==olmadýðýnýn
1 R1==yýkmak
1 R1==ölmek
1 R2=+ArlAnDI
1 R2=+rADArAK
1 R2==how
1 R2==iyiye
1 W=+AoDDI
1 W=+öylArI
1 W==Cansel
1 W==Uysal
0 L1==dehþet
0 R1=+oþIllAr
0 W=+nAnCI
0 W=+oyInA
0 W==Ciddi
0 W==ömrü
1 L2=+mAyArAK
1 R1=+ArAmAyAn
1 R1=+AzIlArInDA
1 R1=+IrDIyor
1 R1=+lAyACAKDIr
1 R1==manken
1 R2=+IKsAlDmAK
1 R2==yakýnlarý
1 W=+AynAKlAnDI
1 W=+zAlDI
