1
0 W=+In
0 W=~de
0 W=+l
0 W=UCFIRST
0 W=+rA
0 W=~var
0 W=+lA
0 W=+rInA
0 W=+IyA
0 W=+rI
1 W=+DIKlArI
0 W=+rInDA
0 L1=<S>
0 W==yer
1 W=+mAlArI
1 W=+mA
0 W=+y
1 W=+mAsInIn
0 W=+C
0 W==eski
1 W=+mAnIn
0 W=+ArAr
1 W=+lsIn
0 W=+CI
0 W=+rInDAn
0 W=+olAr
0 W==az
1 W=+mAsIylA
1 W=+In R1=<S>
0 W=~gerek
0 W==vardý
1 W=+AnlArIn
1 W=+mAKlA
0 W=+ArDAn
0 W==sýk
0 W==buna
0 W==vardýr
0 W=+rIþ
0 W==bana
0 W=~yasa
0 W==kýsa
0 W=+ABKI
0 W=+Aþ
0 W=+DAKI
0 W=+AnI
0 W=~geçen
0 W==ek
0 W=+IlDIr
0 W=+mAn
1 W=+KInIn
1 W=+Iz
0 W==ana
0 W=+mlAr
0 W=+KAr
0 W=+lArlIK
0 W=~yardým
0 W=+zAr
1 W=+ACAKlArI
0 W==ona
0 W=+þA
0 W=+rAyA
0 W=+AnDA
0 W=+D
0 W==an
1 W=+mAlArInA
0 W=+IvAn
1 W=+mAlArIn
0 W=+rlArInI
0 W=+IþIm
0 W=+rImIz
0 W==yerini
0 W=+lInA
1 W=+yICI
0 W==kan
0 W=~yüz
0 W=~anlaþma
0 W==gelecek
0 W==gelir
1 W=+DIKI
0 W==ederken
0 W==kapalý
0 W=+rAlAr
0 W=+IþImI
0 W=+rAsI
0 W==bakan
0 W=+KA
1 W=+mAlArA
0 W=~kýz
0 W==sað
1 W=+DICI
1 W=+rsIn
0 W=+rIþmA
0 W=+CIlAr
1 W=+mAK
0 W=+zA
1 W=+yAr
0 W=+llAr
1 W=+mAlArInIn
0 W==yoksa
1 W=+mIþ
1 W=+AnlArA
1 L1=<S> W=+Im
0 W==kar
0 W=+KAlAr
0 W=+ArCA
1 W=+IlAn
0 W=+AnInDA
0 W=+ArArInI
0 W==deðildi
0 W=~kuruluþ
1 W=+IrIþ
0 W=+þlArInI
0 W=+ArsInA
0 W=+llArInI
1 W=+mAylA
0 W=~ortalama
0 W=+IlArInI
0 W=~geleceði
0 W=APOS1
0 W==düþünce
1 W=+nAn
0 W=~ekmek
0 W=+örIþInI
0 W=+zlAr
0 W=+mAm
0 W=+yDIr
0 W=+yKIlAmA
0 W=+nlArInI
1 L1=<S> W=+DI
0 W=+ArlArDA
0 W=+mAmA
0 W=+mlArInI
0 W==yan
0 W=+AnIþmA
0 W=~yedi
1 W=+IþInIn
0 W=+mAsIn
0 W==haklarýný
0 W==iþler
1 W=+mIzA
0 W=+AmAnlAr
0 W=+özlAþmA
0 W==ekip
0 W=+zlArInI
0 W=~yemek
1 W=+lArlA
0 W==için
1 W=+Iyor
0 W==falan
0 W=+DAsInDA
1 W=+AlICI
0 W=+nAKlAr
1 W=UCFIRST W=+m
0 W=+ADArInCA
0 W=+nlAyIþI
0 W==yalan
0 W=+rAlI
0 W=+BlAr
0 W==oldukça
0 W=+DlAr
0 W=+AKIlsA
0 W=+rIþmADA
1 W=+AnlArI
0 W==görüþü
0 W==günler
0 W=~karma
0 W=+DlArInI
0 W=+AzAsI
0 W=+IDArKAn
1 W=+DIKIn
1 W=+AKsIn
1 W=+ADAn
1 W=UCFIRST W=+DI
0 W==sana
1 W=+AKsIzIn
0 W==olasý
1 W=+DIKlArInDAn
1 L1=<S> W=+mAyA
0 W=+AlIþAnlArA
0 W=~bakanlarý
1 W=+DIKlArInDA
1 W=+DIþA
0 W==Gülen
0 W=+AnAmA
1 W=+DIKlArInA
1 W=+mAlArIylA
0 W=~geçmiþ
0 W=+KIlAr
0 W=+sAsI
1 W=+lAyIn
0 W=+rImA
0 W=+rAlArInI
0 W==yasalar
1 W=+mAsI
0 W=~anlaþmasý
1 W=~de R1=<S>
0 W=+DKI
0 W=~düzen
0 W=+ArArlAr
0 W=+rIþmAyA
1 W=+IKlArInIn
0 W=+ArImIzI
1 W=+mAlArInDA
1 W=+AnlArDAn
1 W==gelecek R1=<S>
0 W=+AvrAsInDA
0 W=+ClAr
0 W=+KAlArInI
0 W==öte
1 W==al
1 W=+mAlArInDAn
0 W=+Az
0 W=+rIþmAlArDA
0 W=+IþIm
0 W=+nADICI
0 W==alanlar
1 W==ol
1 W==zorla
0 W=+AnInI
0 W=+CAlAr
0 W=+flAr
0 W=+AnlArDA
0 W=+AlIþAnlArIn
0 W==adaya
0 W==bine
0 W==gerçekler
0 W==koca
0 W==kuruluþu
0 W=~bakanlarýn
1 W=~git
0 W==kayýp
1 W==bakýn
0 W=+rIþmAlArIn
0 W==çýkarken
0 W=~anlaþmanýn
0 W=+AþmAlI
0 W=+KArlAr
0 W=+rIþmAsI
0 W=+AflArInI
0 W=+rIþInA
0 W=+zAyA
0 W==eþ
0 W==çalýþanlar
0 W==özen
0 W=~anlaþmaya
0 W==ödeme
0 W=+ArAKsA
1 W==edin
0 W=+sAr
1 W=+nsIn
1 W=+DIKlArI
0 W=+ADADA
0 W=+rIþmAlArA
0 W=+slArInI
0 W==anlayýþ
1 W=+DIþlA
1 W=+nIþlArI
0 W=+AnInA
0 W=+mIþDA
0 W=+AþAmA
0 W==görüþmeler
1 W=+DIK
1 W==gelir R1=<S>
0 W=+rsIn W=UCFIRST
0 W=+ArsI
0 W==dine
0 W==ekrana
0 W==yazarlar
0 W=~düz
1 W=+DIþIn
1 W==olaný
0 W=~ayan
0 W=+rIþmAnIn
0 W=+IrICIsI
0 W=~ak
0 W==geleceðini
0 W=+AzAsInDA
0 W=+BlArInI
0 W=+lvArIþlI
0 W=+nAKlArInI
0 W=+özlAþmAsI
0 W==anlaþmayý
0 W==bakanlar
0 W==gelirken
0 W==içe
0 W==kuruluþlar
0 W==yasaya
1 W=+KArDAn
1 W=~seçici
1 W=+ADAKI
1 W==Süren
0 W=+lAþmAlAr
0 W=+lAþmAlArI
1 W=~geçen L1=~adý
0 W=+ArIþInDA
0 W=+nADICIsI
0 W=+örIþInDA
0 W=+örIþlAr
0 W==aya
0 W==geçerken
0 W==in
0 W==saçma
1 W==gel
0 W=+rInIz
0 W==yiyecek
1 W=+ACAKlArInA
0 W=+AsAmA
1 W=+DIrIn
0 W=+IKlAr
1 W=+zICI
1 W=+KAr R1=<S>
0 W=+KrADmAnIn
0 W=+rIþmAsInDA
0 W==devir
0 W==düþ
0 W==kanadý
0 W==kaydý
0 W==korumalar
1 W=+AnIzA
1 W=+DIþlArI
1 W==Kurtuluþ
0 W=+ACA
0 W=+As
0 W=+DAKlAr
0 W=+AlIþAnlArI
0 W=+AmAyIz
0 W=+AsAsInA
0 W=+CAlArInI
0 W=+IrIrlIKDAn
0 W=+IþImA
0 W=+KArInI
0 W==yarýþý
0 W=~sandýk
0 W=+ABADmAyA
0 W=+nlAþmAsInIn
0 W=+slAr
0 W==görüntüler
1 W=+ABsIn
0 W=+rImIzA
0 W=+rIþmAlArI
1 W=+ABIlIr
0 W=+AKAnlArA
0 W=+ArADICI
0 W=+ArsInDA
0 W=+AvrADA
0 W=+AzAsInDAn
0 W=+AzICI
0 W=+DAsI
0 W=+IlIþInDAn
0 W=+nADICIlArlA
0 W=+oyArKAn
0 W==ada
0 W==adama
0 W==aylar
0 W==haklar
0 W==yasaklar
0 W==yemekte
1 W=+ACAKA
1 W=+DDIn
1 W=+nIþIn
1 W=+oþA
1 W==Akan
1 W==Olur
0 W=+IþImDA
0 W=+ABorlAr
0 W=+CmAnIn
0 W=+IlAmAlArA
1 W=+DIKlArImIz
1 W=+mAsInDAKI
0 W=+AvInmAnIn
0 W=+rIþmAyI
0 W==okur
1 W=+rDIn
1 W=+þsIn
0 W=+IlIKI
0 W=+IlIK
1 W=+ABIlICIlIK
1 W=+þAn
1 W=~geçen L1=+nA
0 W=+AsAsInI
0 W=+AsInCA
0 W=+AþI
0 W=+BAlAr
0 W=+BAlArInI
0 W=+IþInIrKAn
0 W=+olI
0 W=+oz
0 W=+zArInI
0 W==DOÐAN
0 W==alana
0 W==diken
0 W==eyleme
0 W==kata
0 W==kýrk
0 W==okurken
0 W==oranlarý
0 W==uygulamada
0 W==yerler
1 W=+AþICI
1 W=+IKADICInIn
1 W==Gerekirse
1 W==Sun
1 W==desin
0 W=+mArIm
0 W=+yKIlAmAnIn
0 W=+yKIlAmAsInIn
0 W==geleceðine
0 W=+IlIKInI
0 W=~ayýp
1 W=+ADsIn
0 W==anlama
1 W=+AmIzIn
0 W==varmýþ
1 W=+AþDIrmAlAr
1 W=+nIþ
0 L1=~iki
1 W=+DArAK
1 L1=<S> W=+ADA
1 W=~geçen L1=+DAn
1 W=+rImA R1=+A
0 W=+AhnAlAr
0 W=+AnIm
0 W=+DAKlArInI
0 W=+DAlArInI
0 W=+DAsInA
0 W=+ImAsIz
0 W=+InICIsI
0 W=+IrIlIþlArlA
0 W=+lArInCA
0 W=+rIþmAsInA
0 W==alanlarý
0 W==anasý
0 W==baðlarýný
0 W==esen
0 W==gelirden
0 W==karþýlaþmayý
0 W==kuruluþunu
0 W==kuruluþunun
0 W==planlarý
0 W=~sandýðý
0 W=~yaðma
0 W=~çakmak
1 W=+AlIþmAlArDAn
1 W=+DAnI
1 W=+InDIrICI
1 W=+zlIKA
1 W==Gezen
1 W==gitsin
1 W==olanýn
0 W=+rAsInI
0 W==anlar
0 W==anlaþmasýna
0 W=+DAlAr
0 W==anlaþmasýný
0 W==Ýnan
0 W=~kur
1 W=+yAnlAr
1 W=+IlACAK
1 W=+mAm R1=+CIn
1 W=+CI L1=+IvAn
1 W=+KAr L1=+DAyA
1 L1=<S> W=+yI
0 W=+ACmIþI
0 W=+ArþIlAþmADA
0 W=+ArþIlAþmAnIn
0 W=+AþmAlArA
0 W=+ClArInI
0 W=+IrIþlIK
0 W=+rIþmAlArInIn
0 W=+yAlArInI
0 W=+yKIlAmAlArIn
0 W=+zAlAr
0 W=+özlAþmAnIn
0 W==alanlara
0 W==didik
0 W==dik
0 W==düþünceye
0 W==sýð
0 W==yað
0 W==ÇAKAN
0 W=~alanlarýn
0 W=~yýlan
1 W=+ADArI
1 W=+AnAnIn
1 W=+AyDIrICI
1 W=+AzlIKlArIn
1 W=+DIKIylA
1 W=+öylA
1 W==Derken
1 W==tutun
1 W=~ola
1 W==bulun
1 W=+IKsIn
1 W=+KIþlArI
1 W=+mIþIm
1 W=+yIþlArI
1 W==atýn
0 W=+AnAyIm
1 W=+ACAKlArIn
1 W=+lAnDIrICI
0 L1=~nema
0 W=+AzmA
0 W=+yAlAr
0 W==gittikçe
1 W=+KIþ
1 L1=~göz
1 W=+nIr
0 W=~bin
1 W=UCFIRST W=+AsInA
0 W=+ArInlAmAsInA
0 W=+In R1=<S> L1==bir
0 W=+ABADmA
0 W=+ABKInIn
0 W=+ArArDmA
0 W=+ArIþInIn
0 W=+AsAsInDA
0 W=+AsAsInDAn
0 W=+IlIþlArDA
0 W=+oKlAmA
0 W=+rAsInA
0 W=+rAsInDAn
0 W=+rIþmAlArInA
0 W=+rlIKDA
0 W=+yKIlAmAlAr
0 W==BAKACAK
0 W==Görüþmede
0 W==Yardým
0 W==að
0 W==aþ
0 W==aþamadan
0 W==bakana
0 W==deðilmiþ
0 W==ekran
0 W==kalanlarýn
0 W==kurmayý
0 W==ortalamasý
0 W==çekerken
0 W==çekince
0 W=~anlaþmada
1 W=+AsIyA
1 W=+IKImIn
1 W=+IrIþlArI
1 W=+IzlAn
1 W=+fAD
1 W=+rADICIlArInIn
1 W=+yICInIn
1 W==açýklar
1 W==baka
1 W==bakar
1 W==Ýsteyen
1 W==ört
0 W=+ADmAnA
0 W=+AnImIz
0 W=+ArIþmAsInIn
0 W=+AþmAlArDA
0 W=+IþImDAn
0 W=+KInlAr
0 W=+yKIlAmAlArI
0 W==eserler
0 W==Ýnceleme
0 W=~uydu
1 W=+DICIsInIn
0 W=+ArImIzDAn
1 W=+IyIn
0 W==ADANA
1 W=+IlAnIn
1 W=+lDIn
0 W=+AnCA
0 W=+rIþmADAn
1 W=+lAmAlArDAn
0 W=+CIDIr
0 W==döner
1 L1=+nlAmInA
0 W==alacaðý
1 W==alacaðý R1==S
0 W==kesin
1 W=+sAK
1 W=+DIþ
1 L1=+InDAmA
1 W=+DIKInDA
1 W=+AyArAK
1 W=+nACAK
1 W=+rA L1=+örA
1 W=+zAr L1=~ne
1 L1=<S> W=+IþmAlAr
0 L1==Haluk
0 W=+ABmAyIz
0 W=+AnAmAsInIn
0 W=+ArImIzDA
0 W=+ArlArlA
0 W=+ArþIlAþmAsInDA
0 W=+AsIlIKInIn
0 W=+AyAnIþmAsI
0 W=+AþmAlArIn
0 W=+AþmAlArlA
0 W=+CIKlArInI
0 W=+CIsIyDI
0 W=+IKIr
0 W=+KrADICI
0 W=+hlAr
0 W=+mAnDAn
0 W=+mAnlArIn
0 W=+mIþInA
0 W=+nlAyIþInA
0 W=+nlAyIþInDAn
0 W=+nlAyIþInI
0 W=+orImAlArIn
0 W=+ozI
0 W=+rIKlArInI
0 W=+rIþDAn
0 W=+rIþmAlArInDA
0 W=+yKInIn
0 W=+ylArInI
0 W=+zAnA
0 W=+zmAsInI
0 W=+öþAmAlAr
0 W==Gönen
0 W==Yeniþen
0 W==açarken
0 W==diz
0 W==dolmuþ
0 W==iniþ
0 W==itici
0 W==kanalý
0 W==kasa
0 W==kuruþ
0 W==onaya
0 W==sular
0 W==sýnýrlar
0 W==yaya
0 W==yaðmaya
0 W==yükünün
0 W==çað
0 W==ödemelerde
0 W=~batýcý
0 W=~baðlama
0 W=~düdükleri
0 W=~takma
0 W=~tutucu
0 W=~yetmiþ
1 R1=+IADro
1 W=+AlIsIn
1 W=+AmIn
1 W=+AyICIlAr
1 W=+AþAnI
1 W=+AþmACI
1 W=+DIþlArInDA
1 W=+IKIþlArInI
1 W=+IlAnI
1 W=+IrDArICI
1 W=+IsDIrICI
1 W=+KInIzA
1 W=+KIþIn
1 W=+lAþDIrICI
1 W=+mIþlArIn
1 W=+nDIn
1 W=+oKAr
1 W=+ozAr
1 W=+yAnIn
1 W=+yICIlArI
1 W=+yIrICI
1 W==Alla
1 W==B
1 W==Gelen
1 W==Kaçan
1 W==Olan
1 W==Olsa
1 W==Yaþayan
1 W==düþeni
1 W==kes
0 W=+ArImDA
0 W=+IþImIzI
0 W=+ArDICI
0 W=+IAnlAr
0 W=+IlADAn
0 W=+orImAlArI
0 W==büyü
0 W==tutar
0 W==yükleme
1 W=+AlIþIn
1 W=+KlArA
1 W=+nlADIn
1 W=+oK
1 W==etmem
0 W=+ArþIlAþmA
1 W=+KDIn
0 W=+IlAmAsInA
0 W=+InDIr
1 W==olun
0 W=~ata
0 W=+AzmAyA
1 W=+IþmAKDA
1 W=DIGIT0
1 W=~ver
1 W=+IyInCA
1 W=+CIþ
0 W==ister
1 W==ister L1=LOWER
1 R1=+DAmAz
1 W=='
1 W=+rIr
1 L1==ele
1 W=+DIKDAn
1 W=+lIB
0 W=~kalýp
1 W=+CI L1=+ID
1 W==gelir R1=+AlmAz
0 W=+rImA R2=+An
0 W=+rsIn R1=UCFIRST
1 W=UCFIRST W=+IþI
0 W=+Iz L1==bir
0 R2=+rIKsAl
0 W=+ABAsInA
0 W=+ACAsI
0 W=+ACInDA
0 W=+ACmIþDAn
0 W=+ACmIþInI
0 W=+AKIlsAnIz
0 W=+AlAmAsInIn
0 W=+AlIrInI
0 W=+AnInDAn
0 W=+AnIþmAnIn
0 W=+ArlIKInI
0 W=+AsIzCA
0 W=+AyIlmA
0 W=+AyIþlI
0 W=+AyfAlAr
0 W=+IlAmAlArDAn
0 W=+IlAmAlI
0 W=+KAsInA
0 W=+lAyIþInIn
0 W=+mAKlArInI
0 W=+nlAþmAlArInIn
0 W=+orlAmAlArI
0 W=+oyA
0 W=+sArIm
0 W=+sIyIm
0 W=+zArlIK
0 W=+zlAþmAlArInA
0 W=+önArKAn
0 W=+özlAþmAyA
0 W=+öþAmAlArIn
0 W=+þAlAr
0 W==BURSA
0 W==alandan
0 W==alanlardan
0 W==anlaþmasýndan
0 W==apar
0 W==aslan
0 W==aymazlýk
0 W==deyiþi
0 W==dirsek
0 W==dolmadan
0 W==don
0 W==geleceðinden
0 W==geçenlere
0 W==geçenleri
0 W==göçe
0 W==kastý
0 W==kazý
0 W==kuruluþuna
0 W==kuruluþunda
0 W==kýzan
0 W==oranlar
0 W==oya
0 W==sýkacak
0 W==taþlar
0 W==ulu
0 W==yalana
0 W==yandýðýný
0 W==yazarken
0 W==yerken
0 W==zorlama
0 W==Ödemiþ
0 W==ödemelerin
1 L1=+AvIAr
1 R1==güle
1 R2=+IjDA
1 W=+ACIþlA
1 W=+AKDAKI
1 W=+AlAnlArDA
1 W=+AlIþDIrICI
1 W=+AnAnI
1 W=+AnIlA
1 W=+AnIzIn
1 W=+AnIþlArDAn
1 W=+AnIþlArInA
1 W=+AnIþlArInI
1 W=+ArAKAnI
1 W=+ArmAm
1 W=+AyICIlArIn
1 W=+AyICIlArIylA
1 W=+AyIþlArA
1 W=+BArDAn
1 W=+CDIn
1 W=+CIKlA
1 W=+CIþlArIn
1 W=+DArA
1 W=+DIKImIzIn
1 W=+DIrICIDIr
1 W=+DIþIylA
1 W=+DIþlArA
1 W=+DIþlArInI
1 W=+IKIþInDAKI
1 W=+IlmAzlIKIn
1 W=+IrIþInDAKI
1 W=+IrIþIylA
1 W=+IþIþIn
1 W=+KIþA
1 W=+KIþlArInIn
1 W=+lAnlA
1 W=+orICI
1 W=+rAyIþlArInIn
1 W=+zDIn
1 W==D
1 W==Den
1 W==Geç
1 W==bula
1 W==kurun
1 W==yakar
1 W==çeker
1 W=~tanýþma
1 W=~öldürücü
0 L1=+ADIKöy
0 W=+IlIKDAn
0 W=+zArlIKI
1 W=+IrIþIn
0 W=+AmDA
0 W=+ICAKlAr
0 W=+IlIKInA
0 W=+oKlAr
0 W=+örInIr
0 W==bindi
0 W==görme
0 W=~kýr
1 L1==ý
1 W==yapmam
0 W=+ArInIzI
0 W==iþleme
0 W==er
1 W=~durun
1 W=+yIyAn
0 W=+orImAsI
1 W=+AnACAKDIr
1 W=+ADAnlAr
0 W==uygulamaya
1 W==uygulamaya R2=<S>
1 W=+ACAr
0 W==deðer
1 W=+sInlAr
1 W=+rlArsA
0 W==oyun
1 W=+lAyIB
1 W=+IrIB
1 W=+ADIKInI
1 W=+IyorlAr
0 L1=<S> W=+nInIz
0 W=+mAsI L1==vize
0 W=UCFIRST W=+IDICI
1 L1=<S> W=+AsInI
1 W=+ArAKsA R2=+K
1 W=+IlIKI L2=+In
1 W=+mAm L1=+C
1 W=+mAnIn L2=+IKDA
1 W=+orImAsI L1=+InI
1 W=+sAr R1=<S>
1 W==alacaðý L1=+Ar
1 W==alacaðý L2=+I
1 W==döner L1=+InA
1 W==gittikçe L1=+DA
1 W==görüþmeler L1==ile
1 W=APOS1 L1=="
1 W=UCFIRST W=+AlArDA
1 W=~geleceði R1=+IlDI
1 W=~geçen L1=+ADAr
1 W=~yedi R1=<S>
1 W=+rImA L2=+Al
1 W==gelir R1==mi
1 L1=<S> W=+IþlAr
1 W=UCFIRST L1=+KlArInI
1 W=UCFIRST W=+rAnlAr
1 W=~geçen R1=+IK
0 W==ister R2==,
0 W=~geçen L1=+InDAn
1 W==oldukça L2=+A
1 W=+mAlArI L1=+K
0 L1=+ByA'DAn
0 L1=+DAAhhID
0 L1=+InIK
0 L1=+KIlIm
0 L1=+lDImIzDAn
0 L1==Esat
0 L2=+AhlIKADA
0 L2=+AsABAsInA
0 L2=+AvlAsA
0 L2==kýrmadan
0 L2==uyulmasý
0 R1=+AKArlAnDIrIlABIlAn
0 R1=+AKIBAn
0 R1=+AKIþDIrIlArAK
0 R1=+AmBlArInA
0 R1=+AssIzlIKInA
0 R1=+DlAlArIn
0 R1=+IrmAn
0 R1=+oCA'nIn
0 R1=+oKAyA
0 R1=+þmAlArInDAn
0 R1==ödülün
0 R2=+ADworKIn
0 R2=+AlsIn
0 R2=+IlAmAKDADIr
0 R2==Þeyhi
0 W=+ABAsInDA
0 W=+ABmAlArIyDI
0 W=+ABsAm
0 W=+ACIsI
0 W=+ACmIþInIn
0 W=+ADmACADIr
0 W=+AKAsInI
0 W=+AlACAKInDA
0 W=+AlIþAnlArDAn
0 W=+AlIþmIþlIK
0 W=+AlIþmIþlIKDA
0 W=+AlKAnlArI
0 W=+AnAmAlAr
0 W=+AnIlDICI
0 W=+AnImI
0 W=+AnImIzI
0 W=+ArInIzDAn
0 W=+ArIþDIr
0 W=+ArIþInI
0 W=+ArIþsIz
0 W=+ArolIþ
0 W=+ArþIlAþmAsInDAn
0 W=+ArþIlAþmAsInIn
0 W=+AsAsIDIr
0 W=+AsIlIKInDAn
0 W=+AvrAmA
0 W=+AyIþsIz
0 W=+AzArIm
0 W=+AzAsInA
0 W=+AzInIz
0 W=+AþDIr
0 W=+AþmAmIz
0 W=+BAllAþmA
0 W=+BIKlArInI
0 W=+BrAKlAr
0 W=+CAyDI
0 W=+CIKlArInIn
0 W=+DAlAþmA
0 W=+DIlArDI
0 W=+DIrICIDAn
0 W=+DlAyA
0 W=+DoKlArInI
0 W=+IAnlArI
0 W=+IDsAK
0 W=+IKAlI
0 W=+IKroB
0 W=+IlAmAsInDA
0 W=+IlmAyIz
0 W=+ImAlArInIn
0 W=+ImlArIm
0 W=+IvAnA
0 W=+IþAKlAr
0 W=+IþInIrlAr
0 W=+IþKIrDICI
0 W=+KlAnDIrICI
0 W=+lABIlDIKInA
0 W=+lKIþlAr
0 W=+mAnlArDAn
0 W=+mAnlArI
0 W=+mAyDI
0 W=+nAsIDIr
0 W=+nIrlIK
0 W=+nlAþmAylA
0 W=+oKAsI
0 W=+olDIKlArI
0 W=+olDIKlArInI
0 W=+olInIz
0 W=+olmAyI
0 W=+onAnmA
0 W=+onlAr
0 W=+orImAsInDA
0 W=+rDmAnIn
0 W=+rIþmAmIz
0 W=+sAKlArInI
0 W=+yKIlAmAsInI
0 W=+zAsInI
0 W=+zlAþmAsInIn
0 W=+öKmA
0 W=+önADmAnIn
0 W=+örIþInIn
0 W=+örIþlI
0 W=+özlAþmAsInI
0 W=+þlADmAnIn
0 W==Bandýrma
0 W==Bitti
0 W==Görüþü
0 W==Tanýmam
0 W==alacaklarýn
0 W==alanýdýr
0 W==azdýr
0 W==aðlarýný
0 W==bakanlardan
0 W==denemesi
0 W==deðilsin
0 W==dokuma
0 W==ekti
0 W==eþine
0 W==içmeleri
0 W==kalanlara
0 W==kana
0 W==kaplanmýþ
0 W==kese
0 W==kova
0 W==kursa
0 W==kurþunlar
0 W==kýzdý
0 W==onarým
0 W==planlar
0 W==sapma
0 W==satýcýsý
0 W==sekse
0 W==sürmesinde
0 W==ulan
0 W==uçarken
0 W==yama
0 W==yaran
0 W==yaratýcýsý
0 W==yarýþmasýndan
0 W==yaðmayý
0 W==yemekle
0 W==yerdir
0 W==yerim
0 W==yýldýrma
0 W==çalarken
0 W==çap
0 W==çevirmenin
0 W==çim
0 W==çýkýnýz
0 W=~yalanlarýn
0 W=~yerimi
0 W=~þekerleme
1 L1=+BolI'nA
1 L1=+KsAl'I
1 L1==Cin
1 L1==Füsun
1 L1==Nazým
1 L2=+AKArBAnK
1 L2=+IDArlArlA
1 R1=+Arol
1 R1=+AyAfAnDI
1 R1=+AþAnI
1 R1=+IzKIyA
1 R2=+AlIlArInIn
1 R2=+ArArlAnDI
1 W=+ABAnI
1 W=+ABDIn
1 W=+ABIlICI
1 W=+ABIlmAm
1 W=+ADAnIn
1 W=+ADDIKInA
1 W=+ADIKlArIn
1 W=+ADIþlArInA
1 W=+AKIþAnI
1 W=+AlArImIzIn
1 W=+AlIþlA
1 W=+AlIþlArI
1 W=+AlIþmAlArDAKI
1 W=+AlIþmAlArImIzI
1 W=+AnCIlAr
1 W=+AnDIrICIlArI
1 W=+AnDIrICIlArIn
1 W=+AnIþlArA
1 W=+AnIþlArIn
1 W=+AnIþlArInDA
1 W=+AnlArCA
1 W=+AyICIlArA
1 W=+AyICIylA
1 W=+AyIþlArIn
1 W=+AylAþDIrICIlIKInI
1 W=+AzIrlA
1 W=+AzKACIn
1 W=+AzlIKlAr
1 W=+AzlIKlArI
1 W=+CIþA
1 W=+DArIþ
1 W=+DIKlArIylA
1 W=+DIrAnIn
1 W=+DIrICIlAr
1 W=+DIþmACI
1 W=+IDICIlArI
1 W=+IKDIrICI
1 W=+IKIþlArIn
1 W=+IKIþlArInDA
1 W=+IKrAD
1 W=+IlmAlArInDAKI
1 W=+IrIyIþA
1 W=+IrIþlA
1 W=+IrIþlArIn
1 W=+IvAyIn
1 W=+IyICIlArInIn
1 W=+IþIþlArInIn
1 W=+IþlIKIn
1 W=+IþlIKlArI
1 W=+KIþlArIylA
1 W=+lIþA
1 W=+lmIþIn
1 W=+mICI
1 W=+nIþlA
1 W=+nIþlArInIn
1 W=+oKArlAr
1 W=+onArsA
1 W=+rAnI
1 W=+rAyIþIylA
1 W=+rAyIþlArInA
1 W=+sKIyA
1 W=+vICI
1 W=+vIlA
1 W=+yAnlA
1 W=+yICIlArInDAn
1 W=+yICIlIKI
1 W=+yICIsInIn
1 W=+yIþlArInI
1 W=+ynAsIn
1 W=+önDIrICI
1 W=+örAnIn
1 W=+þIDlAr
1 W==Artan
1 W==Dokunulmazlýk
1 W==Gerekiyorsa
1 W==Kaybolan
1 W==Kesip
1 W==Kurmaca
1 W==Süzer
1 W==Uçan
1 W==Yazan
1 W==Yener
1 W==Yürüyüþ
1 W==bekle
1 W==besle
1 W==buluþlara
1 W==buluþlarý
1 W==eze
1 W==gere
1 W==inceler
1 W==karýþma
1 W==karýþmasý
1 W==olanlarda
1 W==olanlarýnda
1 W==sat
1 W==sil
1 W==söke
1 W==uman
1 W==varýþ
1 W==veriþ
1 W==Çýkýp
1 W==Ölen
1 W==Ýncelemeler
1 W==çýka
1 W==öl
0 W=+CIlArDA
0 W=+nmAyIz
0 W==BASIN
1 L1=+IþInArAK
1 L1=+sAsDAn
1 L1==Orhan
1 L1==ufuk
1 L1=~arkaya
1 W==kýrýcý
0 L1=+DADIK
0 W=+AnImA
0 W=+öylAmA
0 W==açacaðýný
0 W==dayanýþmayý
0 W==tepe
0 W==çekeceði
1 L1==güle
1 L1==kendin
1 R1=+KAsIyDI
1 R2=+IsIf
1 W=+DIKlArImIzI
1 W=+ylAsIn
0 L1==deli
0 W=+zAlI
1 L1==Atina'ya
1 L1==paket
1 W=+AlDIr
0 W=+BlAn
1 W=+DArsAn
1 W=+IDA
1 W=+nIþDA
1 W=UPPER1
1 R1==geç
0 W==kuruma
1 L1==heyecan
1 W=+IrAnA
1 L2==þeyin
1 W=+ABDAmA
1 W=+IzDIr
0 W==derdi
1 W==derdi L1=+A
0 W==yoksun
0 W=~çaðlayan
0 W=~kaya
1 L1=+IzAyA
1 W=+lAnAnlAr
1 W=+DIysA
1 W=+InIzDA
1 W=+IyIB
1 W=+DmAlI
1 W=+IrmAKDAn
1 W=+DIKImDA
1 W=+rlAyAn
1 W=+DIKInDAn
1 W=+þlAyAn
0 W=+yDIn
1 W==çalýþma
1 W=+nIB
0 W==yakýn
1 W=+mAlArInI
1 W=+IrmAyA
1 W=+IlArAK
0 L1=<S> R1=+DIyACI
0 L1=<S> W=+AsAllAþmA
0 L1=<S> W=+AþmAyI
0 W=+ACAKlArI R1=+nIsInDA
0 W=+ACAr R2=+A
0 W=+IlAn L2=+IDIr
0 W=+InIzDA L2=STFIRST
0 W=+mA L1=+ArKIDAy'In
0 W=+mA L1=+yArAK
0 W=+mA L2=+IDIKlArI
0 W=+mA R1=+AlArIn
0 W=+þAn L2=+InyAsI
0 W==oldukça L1==,
0 W=UCFIRST W=+KDI
0 W=UCFIRST W=+nmIþ
0 W=UCFIRST W==Bakalým
0 W=~geçen L1==yine
1 L1=<S> W=+IrKAn
1 L1=<S> W=+IþInI
1 W=+AnAmA L1==yýl
1 W=+AnI L1=+AsmAn
1 W=+AnI L1=+nI
