** Message: $Id: dlist.c,v 2.10 2004/10/28 16:46:53 dyuret Exp $
** Message: ==> READING
** Message: Reading data from stdin (1 dot = 10000 instances)

** Message: Read 828 instances.
** Message: ==> TRAINING
** Message: Training on 550 instances (1 dot = 100 rules)
.
** Message: Got 50 rules out of 16879 candidates.
** Message: Training set performance:
** Message: nrules:	corr:	incorr:	percent:
** Message: 50	550	0	100.00%
** Message: ==> VALIDATION
** Message: Validating on 148 instances (1 dot = 1000 instances)
.
** Message: Best number of rules to use: 3
** Message: nrules:	corr:	incorr:	percent:
** Message: 3	131	17	88.51%
** Message: 50	131	17	88.51%
** Message: ==> TESTING
** Message: Testing on 130 instances (1 dot = 1000 instances)
.
** Message: nrules:	corr:	incorr:	percent:
** Message: 3	117	13	90.00%
** Message: 2	115	15	88.46%
** Message: 1	82	48	63.08%
** Message: ==> WRITING
** Message: Wrote 3 rules to stdout.
