1
0 W=~bu
0 W=~ne
0 W=~o
0 W=~þu
0 W=+sA
0 W=~neden
0 W=~çoðu
0 W=~bunca
0 W=~sana
0 W=~kimi
1 W=~ne R1==var
1 W=~bu R1==da
0 W=+ImIylA
0 W==oyla
0 W==bu
0 W=~benden
1 W=~ne L1==-
1 W=~þu R1==:
0 W=+nlArCA
0 W==ne
0 W=+ImsAlAr
0 W=+ADAnlAr
1 W=~çoðu L1==Bunlarýn
0 W=~onca
0 W=+ACI
0 W=+AsIn
0 W==bende
1 W=+ArDAysA
1 W=~kimi L1=+Im
1 W=~onca R2==,
0 R2=+IlAnIr
0 W=+AnDAnIz
0 W==oydu
1 L2=+DIyorsInIz
1 R1=+ADCIlArI
1 R1=+rIrsAnIz
1 R1==OLACAK
1 R2=+rIBDA
1 W=+ArsA
1 W=+IzDAysA
1 R1==;
1 W=~kimi L1==.
1 W=~kimi L2=+lI
1 W=~onca L2=+AK
1 W=~çoðu L1=+AK
