1
0 W=STFIRST
0 W==Türk
1 W=STFIRST R1=UCFIRST
0 L1==.
0 W=+AnAl
1 R1==,
0 W=+yAD
1 W=UPPER0
0 W=+lAD
0 W=+AK
1 R1=UPPER
0 W==Milli
1 W=STFIRST R1=UPPER0
0 W==Bir
1 W=+yA
0 W=+InyA
0 W==Ben
0 W=+zAl
0 W=+þKAn
0 W=+AClIs
0 W=+lDIr
0 W==Batý
0 W=+slAm
0 W=~insan
0 W==Biz
0 W=~güney
0 W==Sayýn
0 W==Ýþ
0 W=~çatlý
0 W=+oCA
1 W==Susurluk
0 W==El
0 W==Doðu
0 W==Kara
0 W=+ICIK
0 W==Kürt
0 W=+AKDör
0 W==Bakan
0 W=~türkçe
0 W=+KIm
1 W=STFIRST R1==:
0 W=+IvAn
0 W=+ylIl
0 W=+InCI
0 W==Bey
0 W=+zAy
0 W==Yeni
0 W==Þahin
0 W==Koç
0 W==Saðlýk
0 W=+AlKAnCI
0 W==Türk
0 W=+lK
0 W=+AnIm
0 W==Aðýr
0 W=+yAl
0 W==Sarý
0 W=+ImDI
0 W=+AhlI
0 W=+DIz
0 W=+AmAzAn
0 W==Mart
0 W=+rDI
0 W=+rAlIK
1 L1==. W=UPPER
0 W==Altýn
0 W==Ýl
0 W=+IzCA
0 W==Duyar
0 W==Ýyi
1 R1==, W=+AK
0 W==Dil
0 W==Eðer
0 W==Orta
0 W==Büyük
0 W==Spor
0 W=+IrIm
0 W=+vCI
0 W==Çok
0 W==Basýn
0 W=~deniz
0 W==Son
0 W==Ar
0 W=+ADIlI
0 W=~mit
0 W=+rKI
0 W=+ArIh
0 W=+AzInA
0 W=+AnC
1 W=+sBor
0 W=+AKKI
0 W=+AvA
1 W=+llAr
0 W==Paþa
0 W==Hayýr
0 W==Kasým
0 W==Gürcü
0 W=+mAm
0 W=+Iþ
1 W=+ADmIþ
1 W==Erbakan
1 W=+rIs
0 W==Nisan
0 W=+IrIl
0 W=+AmIz
0 W==Önce
0 W=+nID
0 W==Gümrük
0 W==Adak
0 W==Bana
0 W=+lKA
0 W=+ACI
0 W==Ufuk
0 W=+mlI
0 W==Bütün
0 W==Ýki
1 W=+AlI
0 W=+A'In
0 W==Baba
0 W==Yol
0 W=+AmBA
0 W=+lKI
0 W=+IyAh
0 W==Eski
0 W=+KrI
0 W=+AzAr
0 W==Artýk
1 W=+AK W=UPPER
0 W=~iþçi
0 W=+sD
1 W==Ankara
1 W=+llAh
0 W==Terzi
0 W==Arap
0 W=~can
0 W==Þehir
1 W=+olAD
1 W=~özal
0 W=+IrKlAr
0 W=~kart
0 W=+AyKIn
0 W=+sKArI
0 W=+KIlI
1 W=+AIl
0 W=+ön
0 W=~cuma
0 W=+ArKIC
1 W==Irak
0 W==Zira
1 W==Avrupa
0 W=+AKrADAr
0 W=+rfAn
0 W==Süren
0 W==Önder
0 W=+AyhI
0 W=+Ayh
0 W=+AmAz
0 W=~yüce
1 R1=+AyKAl
1 W==Sabancý
0 W==Yayýn
1 W==Naci
0 W=~er
0 W=+AyAz
0 W=+oCIK
0 W==Sergen
0 W=~adil
1 W==Beþiktaþ
1 W=+Don
1 W=+IsDAn
1 W=+rAl
1 W==Ýstanbul
0 W=+AnAl
1 W==Þahin L1=<S>
0 W=+IKAlCI
0 W==Küre
0 W=+IClI
0 W=+mIlI
0 W=+AvhArI
0 W=+ABAh
0 W==Yunus
1 R2==Þevket
1 W==Yýlmaz
0 W=+AnArAl
0 W=+BrIsI
0 W=+orIlmAz
0 W==Han
0 W==Tel
1 W=~cinci
0 W=+IrAþ
0 W==Fen
0 W==Alan
0 W=+IKAD
0 W==Iþýk
0 W==Mal
0 W==Güç
0 W==Tarým
0 W=+ynI
1 W=+rAy
1 W=+oKlI
1 W=+hmAD
0 W==Çar
0 W==Bayan
0 W==Zafer
0 W=+zlAm
0 W=+lCA
0 W==Orman
0 W=~temel
0 W=+v'I
0 W=+þK
0 W==Para
0 W=+AlnIz
0 W==Yabancý
1 W==Refahyol
1 W==Ýngiliz
1 W==Fadime
0 W=+AvAþI
0 W=+fAz
0 W=+oKIK
0 W=+AlBA'nIn
0 W=+ADAf
0 W=+þAm
0 W=+ADAn
1 W=+AK R1=<S>
0 W==Vefa
0 W==Yýlý
0 W=~nur
0 W=+IIr
0 W==Acil
0 W=+rDAm
0 W==Emel
0 W=+AvrA
0 W=+IsAl
1 W==Bak
0 W=+AnClIK
0 W==Açýk
1 W=+ADAK
1 W=+AþlI
0 W=~savaþ
0 W==Üç
0 W=+IlIC
0 W=+o'lI
0 W==Hatip
0 W==Resim
0 W==Tepe
1 W=+ArDAK
0 W=~kaya
0 W=+rICI
0 W==Sema
0 W==Çete
0 W==Çaðdaþ
0 W==Olay
1 W=+AnBIllI
0 W=+IyAsAl
0 W==Yasa
0 W==Adam
0 W==Söz
0 W=+ArAsI
0 W=+DKIn
0 W==ADALET
0 W==Akan
0 W==Roman
0 W==Ay
0 R1=+orIlmAz
0 W=+AvrIm
0 W=~rahim
0 W=+AKAl
0 W=+vsKI'nIn
0 W==Haber
0 W=+zIz
0 W=+BDAn
0 W==Ýç
1 W==Cindoruk
0 W==Zaman
0 W==Tüm
1 W=+DIrK
0 W=+IyAD
0 L2==Cemal
0 W=+AvIK
0 W=+DAvI'nIn
0 W=+fAnDI
0 W=+nAs'In
0 W==Bulut
0 W==Kral
0 W==Ýçin
0 W==Þeker
0 W=~kul
0 W=+AhrAmAn
0 W==Aða
0 W==Kör
0 W==San
0 W=+ArB
0 W=+olAr
0 W==Veli
0 W==Ateþ
0 W==Caz
0 W==Bilim
0 R1==Ýþleri
1 W==Yeter
0 W==Yok
0 W=+CIm
0 W=+ArAr
1 L1=+BD
1 W==Trabzon
1 W==Refah
0 W==Refah R1=LOWER
0 R1=UPPER W=+Am
1 L1==. R1=+'In
0 L1==E
0 W==Elçi
0 W==Goþa'ya
0 W==Mali
0 W==Mimar
0 W==Oto
0 W==Pamuk
0 W==Salý
0 W==Þura
1 W=+ABInCI
1 W=+InDAK
1 W=+rzIrIm
1 W==Eriþ
0 W==Hata
0 W=~maç
0 W==Baþkent
1 W==Talat
0 W=+AKIf
1 W=+IlDAK
0 W=+IsIr
0 W==Þamil
0 W=+AslIm
0 W=+þlAr
0 W==Sol
0 W==Okul
0 W=+mAKlI
1 W==Bakýn
0 W=+mAC
0 W==Uzun
0 W==Tam
1 W=+DABA
1 W==Þen
0 W==Geçen
1 W=+lArIn
1 W=+As
0 W==Esas
1 W=+ADDIn
1 W=+hAn
1 W=+AnIm L1==Iþýlay
0 W=+AlI L1=+.
0 R1=~hat
0 W=+AKs
0 W=+AhlIKA
0 W=+AlIC'I
0 W=+AnDIlAr'In
0 W=+AnlIK
0 W=+IKIyAmA'nIn
0 W=+rAnsAl
0 W=+zArK
0 W==Cenk
0 W==Kaplan
0 W==Köylü
0 W==Mavi
0 W==Sun
0 W==Yiðit
1 W=+yIlDIz
1 W==Sezer
0 W=+nAvID
0 W=+oKIz
0 W=+ölIm
0 R1==Müren'in
0 W=+AþArI
0 W=+Iro
0 W=+ylAr
0 W==AKM'de
0 W==Ada
0 W=+KrADmAn
0 W==Gizli
0 W==Sevgi
1 W==Þýrnak
0 W=+yKI
0 W==Kar
1 W==Rumen
0 W=+AlIr
0 W=+IDAB
0 W==Sýnav
0 W=~ak
1 W=+BIlAK
0 W=+AþDA
0 W=+AvCID
0 W==Ege
0 W=+IlBAþI
0 W=+oBlI
1 W=+ACIBAþI
0 W=+BrAK
1 W=+IrAK
1 W=+IrKAn
1 W=+IlIsDIn
1 W==Ecevit
1 W=+rDAl
1 W==Anadolu
1 W==Ýran
1 W=+BAnK
1 W==Bülent
1 W=+lIlAr
0 W=~ocak
1 W=STFIRST W=+KIz
1 R1==, W=+ArAyAl
0 W=+AK W=UPPER L1=+r
0 L1=+IrDIsDAn
0 W=+AAKAn'In
0 W=+ADKI
0 W=+AoDDI'yI
0 W=+Arson'In
0 W=+AyIlI
0 W=+Ayol
0 W=+DDAþ
0 W=+Ds'lI
0 W=+IlAB
0 W=+IvAnCA
0 W=+IzAn
0 W=+IzlAn
0 W=+oBCI
0 W=+sAlA'yA
0 W==Alevi
0 W==Arife
0 W==Birlik
0 W==Keser
0 W==Pelin
0 W==Rüya
0 W==Sabýr
0 W=~ozan
1 R1==Baykal'ýn
1 W=+IlKIlI
1 W=+IvArAK
1 W=+ovyAD
1 W==Þükrü
0 R1=+ADmAlArI
0 W=+AKIC
0 W==Fener
0 W==Yolu
1 W==Oyak
0 L1==Cahar
0 W=+AChI'nIn
0 W=+AlAnDöKAn
0 W=+lIyA
0 W==Deri
0 W==Kent
1 W=+AmIþ
1 W=+zBAK
0 W==Demet
0 W==Karþý
0 W==Su
0 W==Sýnýr
0 W==Ödül
0 R1==Kumaþçýlýk
0 W=+AIz
0 W==Olur
0 W=+KrAnCI
0 W==On
0 W=+AzlA
1 W=+rlA
0 W==Ebru
0 W==Onur
1 W==Roma
1 W==Simitis
0 W==Saat
0 W==Kýsa
0 L1==En
1 W==Çin
1 W==Diyarbakýr
1 W==Kuran
1 W==Hagi
1 R1=+Ar'lA
1 W=+AronI
1 W==Fenerbahçe
1 W==Ýzmir
1 W==Aðar
1 W==Mumcu
1 W=+DAy
1 W==Ali
0 R1==, W=+nIK
1 W=+AK R1=+DInA
1 W=+IrIm L1=+AKAnI
1 W=+IzCA R1=="
1 W==Onur L1=+AþArI
1 W=STFIRST R2=+AylAr
1 W==Ege R1=+A
1 W=STFIRST W==Terim
1 W=STFIRST W==Kazan
1 W=STFIRST R1=UCFIRST W=+lAK
0 L1=+ArBArA
0 L1=+Iro
0 L1=+KDorI
0 L1=+nz
0 L1==Cape
0 L1==Carl
0 L1==De
0 L1==Taki
0 L1==Tel
0 R1=+AKlArCA
0 R1==Biret
0 R1==Etike
0 R1==Osman
0 R2=+ADAsDro
0 W=+ABIro'nIn
0 W=+ABhAsI
0 W=+ABlAx'A
0 W=+ADAvI'nDA
0 W=+AIlA'yI
0 W=+AloKlAn
0 W=+AoDDI'nIn
0 W=+Azon
0 W=+AþArlIKI'nA
0 W=+AþsAvCIlIKI'nIn
0 W=+BAKI'nIn
0 W=+DAx'I
0 W=+IKo'nIn
0 W=+IlAm'In
0 W=+ImyA
0 W=+IyADA
0 W=+Ky'nIn
0 W=+fDCI
0 W=+nADmAn
0 W=+osA'nIn
0 W=+ossmAn'In
0 W=+oþ
0 W=+sKAn
0 W==Abi
0 W==Akar
0 W==Azeri
0 W==Em
0 W==Gezen
0 W==Men
0 W==Pekin
0 W==Reis
0 W==Sahra
0 W==Talik
0 W==Tetik
0 W==Ulus
0 W==Us
0 W==Uyar
0 W==Özen
0 W=~akbaþ
1 L1=+ArCIn
1 R1==ÞARDAN
1 W==Abacý
1 W==Hulki
1 W==Muþ
1 W==Tekirdað
1 W==Tezer
0 L1=~olaðanüstü
0 W=+KIrlIK
0 W=+hDAr
0 W=+zKIr
0 W==Denk
0 W==Kurban
0 W==Oda
0 W==Tekke
0 W==Veda
0 W==Zengin
1 W==Newsweek
0 L1==Çok
0 R2=+rlADI
0 W=+ArIf
0 W=+IA'yI
0 W=+IjDA
0 W=+IyAfAD
0 W=+mIzI
0 W=+nKA'nIn
0 W=+orsA
0 W==Albay
0 W==Ek
0 W==Gücü
0 W=~cd
1 R2=+rAnsIzCA
1 W==Hersek
0 W=+IvIl
0 W=+lIKlI
0 W==Baþ
0 W==Giyim
0 W==Yer
1 W=+ADAsArAylI
0 L1=~der
0 W=+AsAB
1 W=+IroKolD
1 W==D
0 W=+ADAnDAþ
0 W=+ADAnI
0 W=+Afon
0 L2==Ay
0 W==Goþa'nýn
0 W==Konu
0 W==Bay
1 W==Habur
0 W=+sDA
0 W==Kaza
0 W==Yýl
0 W=+AyAK
0 W==Ata
0 W==Gün
1 W==Frankfurt
1 W==Maraþ
0 W==Beþ
0 W==Gece
0 W==Sonuç
0 W==Ýster
1 W==Gençlerbirliði
0 W==Öz
0 W=+önIl
1 L1==Rýza
0 W==Mutlu
0 W=+IrKAC
0 W==Asýl
1 W==Atina
1 W==Gülen
1 W==Çeçen
0 L1=+ArmA
1 W=+IA
1 W==Ertuðrul
1 W==Karacan
1 W=+nDAB
1 W=+smAnlI
1 W==Sami
1 W=+AhmID
1 W==Alpay
1 W=+AnDA
1 W=+KCI
1 W==Ýbrahim
1 W=+IsAyIn
1 W==Fransa
1 W=+ovA
1 W==Ömer
1 W==Uður
0 W=+IrAK L1=+An
0 W=UPPER0 L1=+IDh
0 W=UPPER0 R2=+Azon
1 W=+AK R1=+AsI'nDA
1 W=+DIz L1=STFIRST
1 W=+lAD R2=+AzAn
1 W=+rAlIK R1==)
1 W==Öz L1=STFIRST
1 W==Þahin L2=+AþKAnI
1 W=~mit L1=+lAn
1 W=+rAlIK L1==14
1 W=+þKAn L2=+nAB
1 W=STFIRST W=+KCA
0 W=+lAD R1=+'nIn
0 L1=+Ino
0 L1=+fAK
0 L1=+olCA
0 L1==Medet
0 L1==Neil
0 L1==Savaþan
0 L1==ül
0 L2=+AlAfI
0 L2=+ArAm
0 R1=+ABAhDA
0 R1=+ABIKI
0 R1=+AhAllAsI'nDA
0 R1=+AymA
0 R1=+AþInDAsIn
0 R1=+Ilos
0 R1=+mAyAnlAr
0 R1==Barkan
0 R1==ERDEM
0 R1==Felek
0 R1==Tüketim
0 R2=+AsIlAD
0 R2==Sanatçý
0 R2==Yrd
0 W=+AAvAs'In
0 W=+AChsAl'In
0 W=+ACm'lArIn
0 W=+ADArlI
0 W=+ADArlIKI'nIn
0 W=+ADCIK
0 W=+ADDAsI
0 W=+ADwAy'DA
0 W=+AIr
0 W=+AhIl
0 W=+AhrIyA'nIn
0 W=+AnDAl
0 W=+AnIKyAn'In
0 W=+AnKInlAr
0 W=+AnnAD
0 W=+ArKICI
0 W=+ArhADlI'ylA
0 W=+AsI'yA
0 W=+AvAþAn
0 W=+BIA'sI
0 W=+BIDAl'In
0 W=+CAKCI
0 W=+DInlIlAr'lA
0 W=+DovA'yA
0 W=+DroyAv'In
0 W=+Dy'DA
0 W=+IlIlAr'In
0 W=+IlKIyA
0 W=+ImIz'In
0 W=+ImKo'DA
0 W=+IrDlAr
0 W=+hlAs
0 W=+lInI'nIn
0 W=+mmA'nIn
0 W=+oþA'yI
0 W=+vCIlAr
0 W==Airbus'ýn
0 W==Ayan
0 W==Bakýr
0 W==Bar
0 W==Cihan
0 W==Dana
0 W==Duma
0 W==Kalem
0 W==Kaçar
0 W==Kedi
0 W==Keman
0 W==Malik
0 W==Olaðan
0 W==Satýr
0 W==Saðlar
0 W==Sinir
0 W==Tanýr
0 W==Tuð
0 W==Türel
0 W==Yanya'da
0 W==Çay
0 W==Çekin
0 W==Þan
0 W=~mürþit
0 W=~müsiad'a
0 W=~usul
1 R1=+AKvImlArI
1 R2=+AyDoKI'yI
1 W=+ADAhDACI
1 W=+AnIlIr
1 W=+AnrIKIlI
1 W=+ArDAnAl
1 W=+AvInCI
1 W=+DoKIlI
1 W==Bartu
1 W==ÜRETEN
0 R2=+öK'In
0 W=+fArIn
0 W=+nlA
0 W==Aman
0 W==Gene
0 W==Sade
0 W==Uydu
0 W==Çabuk
0 W==Ýðne
1 W=+AþAK
0 L1==Siyasal
0 W=+AlIB
0 W=+BICI
0 W=+ChA'yA
0 W=+KmA
0 W==At
0 W==Sahi
0 W==Tren
0 W=~umut
0 W=+oKAz
0 W==Acý
0 W==Akýl
0 W==Aç
0 W==Budak
0 W==Dev
0 W==Emir
0 W==Erken
0 W==Lider
0 W=~cesur
1 W=+AzAyIrlI
1 W==Kennedy
0 R1=+KAlAr
0 W==Hýzlý
0 W==Laik
1 W=+nCAK
1 W==Bonn
0 W=+IlIK
0 W==Asker
0 W==Köy
0 W=~taþar
1 R1==þunlarý
0 W=+IþI
0 W==Sað
0 W==Yýllýk
1 W=+AnDArCI
1 W=+ArABIK
0 W=+IzDAn
0 W=+ArADA
0 W==Örnek
1 R1=+mrA
1 W=+AnIzlI
1 W==Barzani
0 W=+lIf
0 W=~iþin
0 W==Sultan
1 W==Sultan R1=+'In
1 W=+CAlIK
1 W==Emre
1 W==Manisa
0 W==Hemen
1 W=+rfA
1 W==Talabani
1 W==Eyüp
1 W==Yüksel
1 W=+AnKDAþ
1 W==Saðlam
1 W==Amerika
1 W==Topal
1 W=+DoKAn
0 R2=+AyAzlI
1 W=+IlDArA
1 W=+DAnIz
1 W==Yaþar
1 W==Baykal
1 W=+AymAn
1 W=='
1 W==Müslüm
1 W=+ArIK
0 L1==. W==M.
0 R1==, W=+AKAlIm
0 R1==, W=+Kov'In
0 R1=UPPER R1=+IrKIn
0 W=+AlI R1=+mA
0 W=STFIRST W=+ArAm
0 W=UPPER0 L1=+ArDIn
0 W=UPPER0 L1==Týpký
0 W=UPPER0 L2=+Ann
0 W=UPPER0 L2=+orDAn
1 W=+ACI L1=+DIllA
1 W=+AnC L1=+D
1 W=+AzAr L2=APOS1
1 W=+BDAn L1=UCFIRST
1 W=+IzCA R1=+AD
1 W=+Iþ R2=+BA
1 W=+oBlI L1=+I
1 W=+þKAn R2=+AsAn
1 W==Kasým L1=<S>
1 W=~can L1==ve
0 W=+yA L2==Devlet
0 W=UPPER0 R1=+lADmA
1 W=+Iþ W=APOS1
1 W=~güney L1==ve
0 R1==, W==Aslan
0 W==Refah L2=+Ir
0 W=+AK R2=+lArI
0 W=STFIRST W==Hülya
1 R1==AYDOÐAN
1 W==Kasým R1==1996
1 W=+AK L1=+ADAD
0 L1=+ABABAþI
0 L1=+ADAlAInA
0 L1=+ADor
0 L1=+AlIrI
0 L1=+ArCIA
0 L1=+DhIr
0 L1=+IIs
0 L1=+IlAs
0 L1=+IzIsI
0 L1=+fDI
0 L1=+llAn
0 L1=+lonyAlI
0 L1=+nICA
0 L1=+ofI
0 L1=+oro
0 L1=+own
0 L1=+ysIn
0 L1==Abdürrahim
0 L1==Bener
0 L1==Delta
0 L1==Franca
0 L1==Keser
0 L1==Mor
0 L1==San
0 L1==Tijen
0 L1==Wim
0 L1==eþim
0 L1==grubu
0 L1==yatýyla
0 L1==Ýnternational
0 L2=+ABIlABIlACAKInI
0 L2=+AClI
0 L2=+ADAlAsInI
0 L2=+AIlor
0 L2=+AKAlAnDIKI
0 L2=+AKIþ
0 L2=+AKlAþACAK
0 L2=+AnslAr
0 L2=+ArDy
0 L2=+AsADInDAKI
0 L2=+AsDAl
0 L2=+AzArlArA
0 L2=+IrAKIn
0 L2=+IrAnIn
0 L2=+KlImA
0 L2=+f'In
0 L2=+lonyAlIlAr
0 L2=+mmyK
0 L2=+öK
0 L2==Maden
0 L2==Piano
0 L2==Pir
0 L2==TARIK
0 L2==oyunculardan
0 L2==çekildiðini
0 R1=+ABICAK
0 R1=+ABorD
0 R1=+ABrIKAsI'nDA
0 R1=+AKlIBoyA
0 R1=+AlArI'DA
0 R1=+AmBAx'lA
0 R1=+AmII'nA
0 R1=+ArABIDA
0 R1=+ArAyAlCIn
0 R1=+ArDIKInIz
0 R1=+Arol
0 R1=+AyB
0 R1=+AyrAn
0 R1=+BlAmA
0 R1=+IKDAr
0 R1=+ImBIr
0 R1=+InAmA
0 R1=+InyAmIz
0 R1=+IrAKoKlI
0 R1=+IrDlArInDAn
0 R1=+IrImlArI
0 R1=+IrnIvAsI
0 R1=+IyABIlIr
0 R1=+IyKIlArI
0 R1=+fIsInDA
0 R1=+flAzoKlI'nIn
0 R1=+lAvI
0 R1=+lIþDIrDI
0 R1=+lörD
0 R1=+nönI'DIr
0 R1=+ozAnoKlI
0 R1=+rADICIsI
0 R1=+rþAn
0 R1=+önmAsIn
0 R1==1500
0 R1==AKSAKAL
0 R1==GÜCÜ
0 R1==Gürül
0 R1==Hizmet
0 R1==Kablo
0 R1==Kurdoðlu
0 R1==Sanatý
0 R1==Seçkin
0 R1==Tanýr
0 R1==aldýktan
0 R1==bloke
0 R1==esiyor
0 R1==tarým
0 R1==çaldý
0 R1=~tahir
0 R2=+ABIþ
0 R2=+AIlnIAr
0 R2=+AmAlyAlI
0 R2=+AnIhIsAr'DA
0 R2=+BAnCA
0 R2=+DAyDIlAr
0 R2=+DIK'I
0 R2=+fD
0 R2=+llAnmAsInI
0 R2=+mACInIn
0 R2==Dersleri
0 R2==Herþey
0 R2==Ltd
0 R2==Medya
0 R2==Müren
0 R2==Pirim
0 R2==Talik
0 R2==Yurttaþ
0 R2==bire
0 R2==kontra
0 R2=~kalkan
0 W=+AA'nIn
0 W=+AAvAs'DAn
0 W=+ABI'nI
0 W=+ABlI'nIn
0 W=+ACACIlAr
0 W=+ACKAr'lAr
0 W=+ADArlIKI'nA
0 W=+ADDAD
0 W=+ADDIolo'nIn
0 W=+AIlD'DAn
0 W=+AInsBoroIKh'In
0 W=+AIs'A
0 W=+AKhAry'nIn
0 W=+AfArDIDI'nIn
0 W=+AlAmAD
0 W=+AlAnC'I
0 W=+AlCIlIKI'nI
0 W=+AlD'In
0 W=+AlDAm
0 W=+AlIBAn'In
0 W=+AmAlI
0 W=+AmDAn
0 W=+AmDAssIs'ylA
0 W=+AnDArBIyAv'In
0 W=+AnIKyAn'A
0 W=+AnKo
0 W=+AnnI'nIn
0 W=+Ano'DAn
0 W=+Ano'nIn
0 W=+AnsAs'DAKI
0 W=+AnzIl
0 W=+AoDDI'DAn
0 W=+Ar'nIn
0 W=+ArAC
0 W=+ArAD
0 W=+ArAs'I
0 W=+ArBA'nIn
0 W=+ArCImAn
0 W=+ArDo'yI
0 W=+ArIB
0 W=+ArlIKI'nDAn
0 W=+Arn'In
0 W=+ArsADAn'I
0 W=+AryIz
0 W=+AsAKI
0 W=+AsDAsyA'nIn
0 W=+Ass'lA
0 W=+Avo
0 W=+Ay'nIn
0 W=+AþsAvCIlIKI'nCA
0 W=+BIson'In
0 W=+CAKlAr
0 W=+CAn'nIn
0 W=+CCInI'nIn
0 W=+CIlIKI'nDAKI
0 W=+ChAm'lA
0 W=+CoBAr'I
0 W=+DAnD'In
0 W=+DArlIKI'nDAKI
0 W=+DInKDon'In
0 W=+DInlIKDA'nIn
0 W=+DIrICA'nIn
0 W=+DK'yA
0 W=+Dohos'In
0 W=+DrIþ'DA
0 W=+DrIþ'In
0 W=+Dv'nIn
0 W=+Dym'nIn
0 W=+IAs'DA
0 W=+IDAm'In
0 W=+IKIr
0 W=+IKrAn
0 W=+IhAfIz
0 W=+IlAKCA
0 W=+IloþAvIC'A
0 W=+ImrAl
0 W=+IrIz
0 W=+IrrI
0 W=+IsKIn
0 W=+IvvAD
0 W=+IzAm
0 W=+IþIþlArI'nDAKI
0 W=+IþIþlArI'nDAn
0 W=+IþmAn
0 W=+KABAy
0 W=+Kh'A
0 W=+hAKIr'In
0 W=+hIK'DAKI
0 W=+lAhI
0 W=+lImAn'In
0 W=+loþ'I
0 W=+mf'DAn
0 W=+nK'yI
0 W=+ny'nIn
0 W=+oBIl
0 W=+oDDI'yA
0 W=+oDI'nIn
0 W=+oDo
0 W=+oI'nIn
0 W=+onD
0 W=+orKo'nIn
0 W=+ossmAn'A
0 W=+r'InI
0 W=+rAzI
0 W=+rIr
0 W=+ron
0 W=+sDIm
0 W=+vAl'In
0 W=+vArI
0 W=+vI'yI
0 W=+yK'yA
0 W==AKIN
0 W==Alma
0 W==Ayna
0 W==Barut
0 W==Bekçi
0 W==Bor
0 W==Burcu
0 W==Cam
0 W==Diri
0 W==Doruk
0 W==Eliçe'nin
0 W==Endam
0 W==Eser
0 W==Gergin
0 W==Gezici
0 W==Gök
0 W==Göl
0 W==Has
0 W==Havuz
0 W==IIF'in
0 W==Katar
0 W==Kaþ
0 W==Kireç
0 W==KÝP
0 W==Kýbrýs'daki
0 W==Kýr
0 W==Kýta
0 W==MEMURLAR
0 W==Macar
0 W==Medet
0 W==Nebi
0 W==Nida
0 W==Nirun'un
0 W==Park
0 W==SZ'de
0 W==Saraylý
0 W==Sarýk
0 W==Sefer
0 W==Serhadlý'nýn
0 W==Ses
0 W==Sunar
0 W==Susan
0 W==Sütçü
0 W==Süzer
0 W==Taný
0 W==Tutar
0 W==Tünel
0 W==Vezir
0 W==Washington'ýn
0 W==Yan
0 W==Yatak
0 W==Yener
0 W==York'daki
0 W==Yürek
0 W==Çaðýn
0 W==Çýtýr
0 W==ÜMÝT
0 W==Þah
0 W==Þeytan
1 L1=+AhmADI
1 L1=+AlAlADDIn
1 L1=+ArnAsyonAl
1 L1=+IrsAn
1 L1=+lCAsInIn
1 L1==Nehar
1 L1==the
1 L1==Çekül
1 L2=+ylAnIr
1 R1=+AhInKAyA
1 R1=+AyfIr
1 R1==kardeþleri
1 W=+AlIþlAr
1 W=+ArACI
1 W=+ArIþIn
1 W=+AryAl
1 W=+DAmlI
1 W=+IzKIn
1 W==Bulat
1 W==ELÝÞ
1 W==Uzunca
0 L1=+IrImlArI
0 L2=+IKIþI
0 L2=+KArA'DAn
0 R1==olmayan
0 R2=+hsAn
0 R2==Iðdýr
0 W=+ACICI
0 W=+ACmAn
0 W=+ArCAn
0 W=+Arþ
0 W=+AvInC
0 W=+AyBAK
0 W=+AyIf
0 W=+AþAyAn
0 W=+IloD
0 W=+oDor
0 W=+oKIn
0 W=+vArAn
0 W=+özIm
0 W==Baðlar
0 W==DTP'ye
0 W==Gemi
0 W==Haliç
0 W==Masa
0 W==Sav
0 W==Sular
0 W==Taban
0 W==Uzman
0 W==Öneri
1 L1==B
1 R1=+IvIl
1 R2=+AlKAnlAr
1 R2=+ArBIl
1 R2==çeken
1 W==Benden
1 W==Eþim
0 L1=+DABI
0 R1=+IfDIoKlI
0 R2==Gürkan
0 R2==niçin
0 W=+ADKov'In
0 W=+AKsAv'DA
0 W=+AllI'nIn
0 W=+ArBIyA
0 W=+ArCA
0 W=+AyInDIr
0 W=+CIzA
0 W=+IKKIns'In
0 W=+IþIþlArI'nDA
0 W=+sDAr'In
0 W=+yCA
0 W=+özlAr
0 W==AK'nin
0 W==Ev
0 W==Göz
0 W==Kalp
0 W==Kan
0 W==Sert
0 W==Stasi'nin
0 W==Ömür
0 W==Ýz
1 L1==Neþe
1 L2==Cantürk
1 L2==az
1 R1=+AfA'yI
1 W=+ABzonlI
1 W=+IlKA
1 W=+hAK
1 W==Akýllý
1 W==Gel
1 W==Salman
1 W==Üçlü
0 L1=+AmBA
0 R1=+AnDArD
0 R1=+lIrlAr
0 W=+önAr
0 W==Dede
0 W==Dedim
0 W==Gelen
0 W==Zahit
0 W=~selam
0 W=~tanýk
1 R2=+ImIrDAlIK
1 W=+lKICI
1 W==Bermek
1 W==Esad
1 W==Çolak
0 R1==baba
0 W=+AlIBA
0 W=+AþsAvCIlIKI'nA
0 W=+IzBAþI
0 W=+ff'In
0 W==Baki
1 R1=+BAþ'In
0 W==Cep
0 W==Yasal
1 R1==Bilgiç
1 R1==Özden
1 W=+AIllI
1 W=+AlAmA
1 W=+x
0 L1==BM
0 W=+AnAD
0 W=+AþIDlI
0 W==Rakip
0 W==Yurt
0 W==Yüz
0 W=~sakin
1 L2==Fevzi
1 R2=+lmAnyA'DA
1 W=+AnADCI
1 W=+InAnlI
1 W=+lIlI
1 W==Bergama
1 W==Sudan
1 W==Þallý
0 W==Baran
1 R1==Cantürk
1 W=+IzlAr
1 W==Hollywood
1 W==Kal
0 W==Lise
1 W=+CrosofD
0 W==Sanýk
1 L1=+rfAn
0 W==Günde
0 W==Hala
1 W=+DInlI
1 W==Evita
1 W==T
0 W==Sýra
1 W==Kazým
1 W==Mrmiç
1 W=+AmsIn
1 W=+AnzIr
1 W==Al
1 W==Netaþ
1 W==Tolunay
1 W=+ADonnA
1 W=+KmAn
1 W==Fýrat
1 W==Nazi
0 W=~hani
1 W=+DsA
0 W==Ona
1 W==Ayþe
1 W=+nönI
1 W==Naim
0 W==Pek
1 R1==Bucak
1 R1==Paþa
0 R1==Paþa W=+rAn
1 L1==Melih
1 R1=~oral
1 W==Özbay
1 W==Þota
1 W=+ADAnyAhI
1 W==Nihat
1 W==Erol
1 W==Özer
1 W=+lKAr
1 W==Bursa
0 W==Bursa L1==ý
1 W==Ünal
1 W==Esat
1 W=+ACADI
1 W==Recep
1 W==Hakan
0 W==Hakan L1==,
1 W=+Köy
0 W==Onun
1 W=+DAmIr
1 R1==Milletvekili
1 W==Tansu
1 W==Mustafa
0 R1=+mrA L2==,
0 R1==, L1=+ros
0 R1==, L2=+AnIr
0 R1==, R2=+ADAvI
0 R1==, R2=+nIs
0 R1==, W=+os'A
0 R1==, W=+yAz
0 R1=UPPER L1=UPPER1
0 W=+KCI L2=+AmCI
0 W=+lArIn R1=+ArInI
0 W=+rAy L1=+AyAz
0 W=+rDAl L2=+ArA
0 W=+yA L1=+DvAKIlI
0 W==Hakan L1=+l
0 W==Hakan L1==ile
0 W==Irak L1=+InIn
0 W==Refah L2=+AyAn
0 W==Refah R2=+ADI
0 W==Saðlam R2=+mA
0 W=STFIRST R1=+AKKI
0 W=STFIRST R1=+BI'lAr
0 W=STFIRST R2=+rAsyon
0 W=STFIRST W=+ACAm
0 W=STFIRST W=+AvAnD
0 W=STFIRST W==Emin
0 W=STFIRST W==Zorlu
0 W=UPPER0 L1==u
0 W=UPPER0 L2=+zCIsI
0 W=UPPER0 L2==yönetmenliðini
0 W=UPPER0 R1=+ylIyor
0 W=UPPER0 R2==vb
0 W=UPPER0 R2=~insani
1 L1=+ArmA R1=LOWER
1 L1==. W=+AnAr
1 W=+AK R1=+mIr
1 W=+AK R2==sergisi
1 W=+AnC L1==,
1 W=+IlIK R2=+I
1 W=+IyAD L2==sýrada
1 W=+IzCA L1=+InI
1 W=+IzCA L2=+m
1 W=+rAlIK L1=+'nIn
1 W=+vsKI'nIn R2=+AsI
1 W==Ata L2=+IKI
1 W==Doðu L1=+AnI
1 W==Goþa'nýn R1=+KI
1 W==Kasým R1=+AK
1 W==Refah R2=+IKAr
1 W==Zahit L2=+I
1 W==Þahin L2==:
1 W=STFIRST R1=+öyInDA
1 W=STFIRST R1==benim
1 W=STFIRST R2=+AnADCIsI
1 W=STFIRST W==Sakýn
1 W=~hani R2=+yA
1 W=~iþçi L1=+IlIz
1 W=~savaþ L1=+DIn
1 W=~savaþ L1=+I
0 W=+yAl L1=+AKAlAnAn
0 W=UPPER0 L2==Sarý
1 W=+AzAr R1=+AmI
0 R1==, L1=+sD
0 R1==, L1==Nazým
0 R1==, R2=+AllAþDIrmA
0 W==Refah R2=+InA
0 W=STFIRST R1=+IKDA
0 W=UPPER0 R2==Deniz
1 W=+lIf R1=+An
1 W=~türkçe R1=+InDA
0 R1==, W=+olKAn
1 R1==, R2=+lAnD
1 W=STFIRST W==Hadi
0 W==Refah L2=STFIRST
0 W=~türkçe R2=+A
1 W=STFIRST W=+CIn
1 W=UPPER0 R2=+InCI
0 R1==, W=+AK R2=+ID
0 W=STFIRST W==Kazan R2=+DI
1 W=~türkçe R2=+A L1==,
0 L1=+'l
0 L1=+AADAsD
0 L1=+AAlIsBor'DA
0 L1=+ABAKInAysA
0 L1=+ABI'nDA
0 L1=+ABIK
0 L1=+ABIlIyorDI
0 L1=+ABInDAn
0 L1=+ABInI
0 L1=+ABIrImIz
0 L1=+ABIrlArInDAn
0 L1=+ABhAnA
0 L1=+ABlAn
0 L1=+ABlArInI
0 L1=+ABoyþA
0 L1=+ACAKlArmIþ
0 L1=+ACAnlAnAn
0 L1=+ACDrolIx'In
0 L1=+ACIDIyAKöy
0 L1=+ACK's
0 L1=+AClI
0 L1=+AClIs'A
0 L1=+AD'A
0 L1=+AD'DAn
0 L1=+ADAm'DAn
0 L1=+ADAnDAþ
0 L1=+ADArsA
0 L1=+ADAþlArInA
0 L1=+ADIlsA
0 L1=+ADInlArIn
0 L1=+ADIon
0 L1=+ADhIAI
0 L1=+ADlArImIn
0 L1=+ADovAn
0 L1=+AIDsChA
0 L1=+AImlAr
0 L1=+AInAr
0 L1=+AKInArAK
0 L1=+AKInlArDA
0 L1=+AKrIDA
0 L1=+AKsAnDIr
0 L1=+AKsID
0 L1=+AKyA
0 L1=+AKyA'DAn
0 L1=+AfAnDI'nIn
0 L1=+AfAnos
0 L1=+AhBArI
0 L1=+AhIzAr
0 L1=+AhfIz
0 L1=+AhrAmAnImIz
0 L1=+AlAnA
0 L1=+AlArIA
0 L1=+AlBh
0 L1=+AlI'ylA
0 L1=+AlICA
0 L1=+AlICAsI
0 L1=+AlInA
0 L1=+AlInDIlArInDAn
0 L1=+AlIyDInIz
0 L1=+AlIþDIKlArI
0 L1=+AllIB'In
0 L1=+AlloDA
0 L1=+AloKlI'ylA
0 L1=+AlsAA
0 L1=+Alson
0 L1=+AmArAlAr
0 L1=+AmBIr
0 L1=+AmBIrK'DAKI
0 L1=+AnAhAm
0 L1=+AnAnlArDAn
0 L1=+AnD'DA
0 L1=+AnDAl'In
0 L1=+AnDy
0 L1=+AnIAl
0 L1=+AnIBAK'In
0 L1=+AnIlKI
0 L1=+AnImAyAn
0 L1=+AnImlAnAn
0 L1=+AnIyIm
0 L1=+AnIþI
0 L1=+AnlIyölArInDAn
0 L1=+AnnAs
0 L1=+AnnI
0 L1=+AnsCI
0 L1=+AnsInA
0 L1=+AnslI
0 L1=+AnzArADAKI
0 L1=+AonIDA
0 L1=+AorK
0 L1=+ArAKADI
0 L1=+ArAnC
0 L1=+ArAsyonlA
0 L1=+ArAyolInDAKI
0 L1=+ArBI
0 L1=+ArBos
0 L1=+ArDAlI
0 L1=+ArDIlArDAn
0 L1=+ArDIm
0 L1=+ArDIþmAlI
0 L1=+ArDon
0 L1=+ArInIysA
0 L1=+ArKI'DA
0 L1=+ArKIlAyAn
0 L1=+ArlArInDA
0 L1=+ArmAD
0 L1=+ArmAn'In
0 L1=+ArnAr
0 L1=+ArsIDAsI'nDA
0 L1=+ArvIs
0 L1=+ArþIlAþmAyI
0 L1=+ArþIsInA
0 L1=+As'DA
0 L1=+AsArAD
0 L1=+AsBoIrK'DAn
0 L1=+AsDlArIylA
0 L1=+AsDrA
0 L1=+AsIzArDA
0 L1=+AslAKDAþI
0 L1=+AsmInA
0 L1=+AsörlAr
0 L1=+AvIl
0 L1=+AvIm
0 L1=+AvIrmAyAn
0 L1=+AvrIn
0 L1=+AvsImI
0 L1=+AxImo
0 L1=+AyADlArlA
0 L1=+AyAnlArInDAn
0 L1=+AyBorA
0 L1=+AyDADADAn
0 L1=+AyDArAn
0 L1=+AyIDlArDA
0 L1=+AyKIl
0 L1=+AyfAlArInDA
0 L1=+Ayo
0 L1=+AyyAr
0 L1=+AzArlAnAn
0 L1=+AzDInDAKI
0 L1=+AþAsA
0 L1=+AþCI
0 L1=+AþDIrAK
0 L1=+AþInmAmAsI
0 L1=+AþKAnlIKInI
0 L1=+AþlAmAK
0 L1=+AþlIKlI
0 L1=+BAro
0 L1=+BBIo
0 L1=+BBon
0 L1=+BIlImCI
0 L1=+BlAyIB
0 L1=+BnI
0 L1=+BonD'DAn
0 L1=+BonsorlIKlArInI
0 L1=+BrooKA'DAn
0 L1=+Byros
0 L1=+CAl'lA
0 L1=+CholAs
0 L1=+ClArIylA
0 L1=+Coln'DAn
0 L1=+Con
0 L1=+CrosofD
0 L1=+DABIylA
0 L1=+DADIKInDA
0 L1=+DAmADIKI
0 L1=+DArmAyAn
0 L1=+DAzA
0 L1=+DDorA
0 L1=+DIrAz
0 L1=+DIrIAn'DAn
0 L1=+DIsh
0 L1=+DIþInI
0 L1=+DonIo
0 L1=+DrIm
0 L1=+DölyAsI'nDA
0 L1=+IAm
0 L1=+IArCA
0 L1=+IB'DAn
0 L1=+IBIK
0 L1=+IKInAn
0 L1=+IKmorA
0 L1=+IhsAl
0 L1=+IjIDAl
0 L1=+IlDAKI
0 L1=+IlIþIm
0 L1=+IlKInlArInDAn
0 L1=+IllArDAnBArI
0 L1=+IlmImIz
0 L1=+Ils
0 L1=+IlvIo
0 L1=+ImKAnArAl
0 L1=+InDIrAmAyAn
0 L1=+InnIA
0 L1=+IrADAn
0 L1=+IrAy'In
0 L1=+IrBIsDAn'DA
0 L1=+IrKADInIn
0 L1=+Isy
0 L1=+IvAr
0 L1=+IyAnA
0 L1=+IyIB
0 L1=+KDAlAyAn
0 L1=+KDAylA
0 L1=+KIlInI
0 L1=+KIrlAyAn
0 L1=+KonomIlArI
0 L1=+hl
0 L1=+homAs
0 L1=+lADIsInDA
0 L1=+lAIrA
0 L1=+lAx
0 L1=+lDIlKADIr
0 L1=+lKInCI
0 L1=+loy
0 L1=+mIDAnIn
0 L1=+mIlA
0 L1=+nDAy'In
0 L1=+nKIrD
0 L1=+oIl
0 L1=+oInA
0 L1=+ohAn
0 L1=+olAK
0 L1=+onImIz
0 L1=+orDAn
0 L1=+orDAn'In
0 L1=+osDlArInA
0 L1=+osDmAn
0 L1=+rAnAr'lA
0 L1=+rAnD
0 L1=+rIBlA
0 L1=+smA
0 L1=+svAl
0 L1=+vDAlA
0 L1=+yDInC
0 L1=+zBAr
0 L1=+önIþAn
0 L1=+örIþDIKI
0 L1=+þArADIylA
0 L1==121
0 L1==13.30'da
0 L1==47
0 L1==71'de
0 L1==880
0 L1==ATEÞ
0 L1==Ak
0 L1==Alin
0 L1==Andon
0 L1==Anlaþmada
0 L1==Anne
0 L1==Asil
0 L1==At
0 L1==Aþaðý
0 L1==BAKÝM
0 L1==Bebek
0 L1==Berfin
0 L1==Beyti
0 L1==Birkaç
0 L1==Bram
0 L1==Bruce
0 L1==Caminin
0 L1==Danýþmaný
0 L1==Don
0 L1==Dört
0 L1==Düðünde
0 L1==Dýþ
0 L1==EKONOMÝ
0 L1==Efes
0 L1==Eli
0 L1==Elia
0 L1==Emiri
0 L1==Emy
0 L1==Ereb
0 L1==Ereðli
0 L1==Ey
0 L1==Filip
0 L1==GECE
0 L1==GSD
0 L1==GURBETÇÝ
0 L1==Gary
0 L1==Gelik
0 L1==GÝBÝ
0 L1==Gülgun
0 L1==Haklarýný
0 L1==Hale
0 L1==Haným
0 L1==Harem
0 L1==Islam
0 L1==It
0 L1==Jan
0 L1==Jelü
0 L1==Jose
0 L1==KALEM
0 L1==Kaka
0 L1==Kapýlmýþ
0 L1==Karen
0 L1==Kevin
0 L1==Kiril
0 L1==Kont
0 L1==Kosta
0 L1==Kuruluþlarýnda
0 L1==KÝM
0 L1==Land
0 L1==Lehman
0 L1==LÜTFULLAH
0 L1==Madam
0 L1==Marin
0 L1==Melaye
0 L1==Milton
0 L1==Mona
0 L1==Müsahipzade
0 L1==Nafi
0 L1==Nakým
0 L1==Nehsan
0 L1==Olgan
0 L1==Olgun
0 L1==Operasyonda
0 L1==PKK
0 L1==Pavle
0 L1==Rakip
0 L1==Rand
0 L1==Reyan
0 L1==Rivas
0 L1==Ron
0 L1==SABÝT
0 L1==Sali
0 L1==Suner
0 L1==TEMEL
0 L1==TIPTA
0 L1==TV'de
0 L1==TYT
0 L1==Tritan
0 L1==Tur
0 L1==Türkü
0 L1==Utlu'yla
0 L1==Vahit
0 L1==Vargas
0 L1==YAÞ
0 L1==Zvi
0 L1==almýþ
0 L1==amcasý
0 L1==açarak
0 L1==dedi
0 L1==düþkün
0 L1==fýrlayýp
0 L1==gazetelerde
0 L1==grevinin
0 L1==güçlerinin
0 L1==hakimi
0 L1==jeti
0 L1==kalci
0 L1==kanalý
0 L1==kavuran
0 L1==koltuðunda
0 L1==kürsüde
0 L1==kýsasý
0 L1==lerin
0 L1==malý
0 L1==miktara
0 L1==nedeni
0 L1==pasýnda
0 L1==rockcu
0 L1==sayýn
0 L1==soru
0 L1==tabii
0 L1==van
0 L1==von
0 L1==yuttu
0 L1==Öðrenci
0 L1==ÜSTAD
0 L1==Ümran
0 L1==Ünlü
0 L1==Þaþkýn
0 L1==Þengül
0 L1==çoðu
0 L2=+.0'lIK
0 L2=+A'DIr
0 L2=+ABAmADIKI
0 L2=+ABAnCIlAr
0 L2=+ABAvI
0 L2=+ABDIKIm
0 L2=+ABInADAKI
0 L2=+ABIroKlI'nIn
0 L2=+ABIþIK
0 L2=+ABlIn'A
0 L2=+ACArDI
0 L2=+ACAvIz
0 L2=+ACIAsI
0 L2=+ACIrACAK
0 L2=+ADAnInI
0 L2=+ADArlIDIr
0 L2=+ADAynI
0 L2=+ADAþImlA
0 L2=+ADBolCI
0 L2=+ADDAD
0 L2=+ADDADDIKInI
0 L2=+ADDAsInI
0 L2=+ADIfAh
0 L2=+ADIlmADIKInI
0 L2=+ADIrIlmAlI
0 L2=+ADlArlA
0 L2=+ADroCIlAr
0 L2=+AIK'A
0 L2=+AImlAr
0 L2=+AKAnlIKlArIylA
0 L2=+AKArlAr
0 L2=+AKArsA
0 L2=+AKDIAlIn
0 L2=+AKInIlDIKInI
0 L2=+AKIr'DA
0 L2=+AKKIBlArI
0 L2=+AKlIyAsInI
0 L2=+AKnAKlArInDAn
0 L2=+AKorDmAnInIn
0 L2=+AfAnI
0 L2=+AffAr
0 L2=+AffArI
0 L2=+AhABA
0 L2=+AhArInDAKI
0 L2=+AhIslA
0 L2=+Aho
0 L2=+AlAvIzyonCI
0 L2=+AlDAlImAnI
0 L2=+AlI'DA
0 L2=+AlICA'nIn
0 L2=+AlonInDA
0 L2=+AlsIzDAn
0 L2=+AlyAlAr
0 L2=+AmAmlAnACAK
0 L2=+AmInDAKI
0 L2=+AmlArInA
0 L2=+AmolIKInI
0 L2=+AnCo'nIn
0 L2=+AnDAB'DAn
0 L2=+AnDIlADör
0 L2=+AnDIrAmAyACAKInI
0 L2=+AnImAnIn
0 L2=+AnIyAlArDA
0 L2=+AnlAmAsInI
0 L2=+AnvIllA
0 L2=+ArAsAv
0 L2=+ArAyAvIz
0 L2=+ArAyyIlDIzI
0 L2=+ArAz
0 L2=+ArBArCA
0 L2=+ArIKA'yI
0 L2=+ArIþmAsI'nIn
0 L2=+ArKIlArDA
0 L2=+ArhoþlIKI
0 L2=+ArlAKDIr
0 L2=+ArlAþAn
0 L2=+ArlAþDIKI
0 L2=+ArlIKInDA
0 L2=+ArmAKlAr
0 L2=+ArmAyACAKInI
0 L2=+ArmI
0 L2=+Aro
0 L2=+ArrAnD
0 L2=+ArvA
0 L2=+ArvIs
0 L2=+AryIz'In
0 L2=+ArzInI
0 L2=+As'In
0 L2=+AsADImI
0 L2=+AsImAlDI
0 L2=+AssA'nIn
0 L2=+AsörlAr
0 L2=+AvrAsInA
0 L2=+AvrIlmAsI
0 L2=+AvsAr'I
0 L2=+AyAD'A
0 L2=+AyDAr
0 L2=+AyKInlIKI
0 L2=+AyhAn'A
0 L2=+AyoKlI'nDAKI
0 L2=+AzIB
0 L2=+AzKACIlAn
0 L2=+AþArDIKInI
0 L2=+AþDIKDAn
0 L2=+AþDIrmAsI
0 L2=+AþIyDI
0 L2=+AþKonsolosI
0 L2=+AþlADDIKlArInI
0 L2=+AþmADAn
0 L2=+AþvIK
0 L2=+BADImIzDA
0 L2=+BAþKAnlArInDAn
0 L2=+BBAl
0 L2=+BInCA
0 L2=+BhA
0 L2=+BlICIDA
0 L2=+BrID'In
0 L2=+CAnA
0 L2=+CyIlmAz'In
0 L2=+DAKInIn
0 L2=+DAlAnAn
0 L2=+DArIB
0 L2=+DAy'I
0 L2=+DDIhADI
0 L2=+DIKADAn
0 L2=+DIhAn
0 L2=+DlAnyA
0 L2=+DlIyAsI
0 L2=+DorImIz
0 L2=+DrAIs
0 L2=+DrIyADIK
0 L2=+DronomI
0 L2=+IADro
0 L2=+IDDIKDAn
0 L2=+IDImCIlArInDAn
0 L2=+IKCAy
0 L2=+IKIAD
0 L2=+IKl
0 L2=+IfD
0 L2=+IfInDA
0 L2=+IfflAs
0 L2=+IlAnDIKlArInI
0 L2=+IlIþACAK
0 L2=+IlmACA
0 L2=+ImArAlArI
0 L2=+ImsAllArI
0 L2=+ImörDAn
0 L2=+InAvA
0 L2=+InCIlArImIzDAn
0 L2=+IrCAsI
0 L2=+IrImAyI
0 L2=+IrlArImIzDAn
0 L2=+IrmAz
0 L2=+IrsIDA
0 L2=+IssAlArInI
0 L2=+IssolInI'nIn
0 L2=+IsyA'DAn
0 L2=+IyArlAr
0 L2=+IyImAlArI
0 L2=+IyImlAr
0 L2=+IzlADIKInI
0 L2=+IzvArAn'In
0 L2=+IzzADAlAr
0 L2=+IþAKDAn
0 L2=+IþlIyor
0 L2=+IþmAnIm
0 L2=+KAz'In
0 L2=+KDArIyor
0 L2=+KIlDAn
0 L2=+KIllArIn
0 L2=+KImInIn
0 L2=+KrAþAn
0 L2=+KrIsI
0 L2=+fADAlArInDA
0 L2=+jAsIylA
0 L2=+lAmInDA
0 L2=+nArmAsInIn
0 L2=+nIlArDA
0 L2=+nsArInIn
0 L2=+oBInIn
0 L2=+oCIKlArInA
0 L2=+oDAlI
0 L2=+oKmAK
0 L2=+olArAK
0 L2=+onsIz
0 L2=+osyAnIn
0 L2=+oþIB
0 L2=+rAKIylA
0 L2=+rAmAlIDIr
0 L2=+rAyACAK
0 L2=+rIþmAsInI
0 L2=+rKIlAn
0 L2=+sABAD
0 L2=+sDAnDIKInI
0 L2=+syAnInDA
0 L2=+vlADlArI
0 L2=+vlAnmA
0 L2=+yAzICI
0 L2=+yIyA
0 L2=+yrIlmADIKInI
0 L2=+zAl'A
0 L2=+zIlIr
0 L2=+zlIKAyA
0 L2=+zmAn'In
0 L2=+zmAnlArI
0 L2=+örDIKlArI
0 L2=+öyInDA
0 L2==1965'ten
0 L2==2000
0 L2==244.
0 L2==32
0 L2==6136
0 L2==99.97
0 L2==Asman
0 L2==Batýcý
0 L2==Belgesel
0 L2==Bert
0 L2==Bilirkiþi
0 L2==Coca
0 L2==DJ
0 L2==Dað
0 L2==Dergah
0 L2==Dudak
0 L2==ESKRÝM
0 L2==Ekmek
0 L2==Erda
0 L2==Ergin
0 L2==Fadi
0 L2==Film
0 L2==Gu
0 L2==GÜLER
0 L2==GÜRCÜ
0 L2==Görmüþ
0 L2==Gözyaþý
0 L2==Gürsel
0 L2==H.
0 L2==Hatýrlayacaksýnýz
0 L2==Helal
0 L2==Jam
0 L2==Kaçan
0 L2==Koordinasyon
0 L2==Korku
0 L2==KÜREK
0 L2==Lefke
0 L2==Lorel
0 L2==Malez
0 L2==Metiner
0 L2==Muk
0 L2==Nacht
0 L2==Narin
0 L2==Olmayan
0 L2==Onda
0 L2==Organize
0 L2==Oynadýðý
0 L2==Rato
0 L2==Rusk
0 L2==Rusça
0 L2==SERDAR
0 L2==Song
0 L2==SÜRELERÝ
0 L2==SÝP
0 L2==TSO
0 L2==TÜRKÝYE'yi
0 L2==Vegas
0 L2==X
0 L2==Ziya
0 L2==atacak
0 L2==açýldý
0 L2==bakmak
0 L2==balayý
0 L2==baðlýyor
0 L2==baðý
0 L2==beklediðini
0 L2==biyolog
0 L2==büyükelçisi
0 L2==cerrahi
0 L2==dair
0 L2==daðýtým
0 L2==dendiðini
0 L2==deneyi
0 L2==derleme
0 L2==doktoru
0 L2==durduðu
0 L2==dördüncü
0 L2==edelim
0 L2==ellerinde
0 L2==ettirmek
0 L2==genelinde
0 L2==gol
0 L2==hayýrlý
0 L2==iddialara
0 L2==izinden
0 L2==kararda
0 L2==kendine
0 L2==kurulamaz
0 L2==olamayýz
0 L2==oradan
0 L2==otel
0 L2==saklamak
0 L2==satýyor
0 L2==sosyalist
0 L2==tahar
0 L2==takýlmasý
0 L2==taþýtý
0 L2==tutulan
0 L2==umudu
0 L2==uçuruyor
0 L2==yarýnýn
0 L2==Çal
0 L2==Çarmen'in
0 L2==Çinici
0 L2==Çoban
0 L2==ÞIRNAK
0 L2==Þam'daki
0 L2==çatýný
0 L2==çýplak
0 L2==öncülüðünü
0 L2==övmüþ
0 L2==þarkýsý
0 R1=+ABIlo
0 R1=+ABIrCI
0 R1=+ACArAn
0 R1=+ACDA
0 R1=+ACDIKDAn
0 R1=+ACI'DAKI
0 R1=+ACmAlIyor
0 R1=+ADAnsAvAr
0 R1=+ADCIyA
0 R1=+ADIlImIylA
0 R1=+ADIlIyorIz
0 R1=+ADIzm
0 R1=+ADhA'nIn
0 R1=+ADlAr'lA
0 R1=+ADov'I
0 R1=+ADrosBAKDIf
0 R1=+ADzA
0 R1=+ADörlIKlArI
0 R1=+AKAllI'ylA
0 R1=+AKIm'DA
0 R1=+AKImlArInA
0 R1=+AKKAþhAnAsInIn
0 R1=+AKhArs
0 R1=+AKsIyonA
0 R1=+AfAlI
0 R1=+AfAnDInIn
0 R1=+AfAsA
0 R1=+AfDAr
0 R1=+AhAlAsInA
0 R1=+AhCAsI
0 R1=+AhDArlI
0 R1=+AhIlAn
0 R1=+AhsADmAK
0 R1=+AhvACI
0 R1=+AjIysA
0 R1=+AlAlArInA
0 R1=+AlArInIz
0 R1=+AlArIsI'nDA
0 R1=+AlAs'DAKI
0 R1=+AlIKoBDArlA
0 R1=+AlIþDIrICI
0 R1=+AlKAlArIn
0 R1=+AlKAnAr
0 R1=+AlKIm
0 R1=+AlKIm'I
0 R1=+AmIllArInIn
0 R1=+AmImIzIn
0 R1=+AmIyAD'In
0 R1=+AmyAlI
0 R1=+An'nIn
0 R1=+AnAþmADI
0 R1=+AnIDDI
0 R1=+AnmAlI
0 R1=+AnmAz
0 R1=+AnmIyorDIK
0 R1=+AnsfArI
0 R1=+Ao
0 R1=+ArAjInIn
0 R1=+ArAm'A
0 R1=+ArAsyonI'yDI
0 R1=+ArCAKlArI
0 R1=+ArDAþInIn
0 R1=+ArDIlIlArIn
0 R1=+ArDImCIlArInDAn
0 R1=+ArDmAnI
0 R1=+ArDoB
0 R1=+ArInCI
0 R1=+ArIrlArDI
0 R1=+ArIrsAnIz
0 R1=+ArIsIyDI
0 R1=+ArlAmAsIylA
0 R1=+ArlArDA
0 R1=+ArnAK
0 R1=+AroDA
0 R1=+ArslArInDA
0 R1=+ArþIlAþDI
0 R1=+AsABAnIn
0 R1=+AsArACI
0 R1=+AsArADlA
0 R1=+AsDAlADIKI
0 R1=+AsDlAmIþ
0 R1=+AsIlIDAs
0 R1=+AsKIoKlI
0 R1=+AsKosI
0 R1=+AslAnDIm
0 R1=+AsmIlAþDIrArAK
0 R1=+Av'lA
0 R1=+AvAy'A
0 R1=+AvAyollArI'nDAn
0 R1=+AvAþCI
0 R1=+AvKAsInDAn
0 R1=+AvlIDA
0 R1=+AvrADIlDI
0 R1=+AxhAB
0 R1=+AyACAKlArInI
0 R1=+AyAfAnDI
0 R1=+AyBAK
0 R1=+AyhAn'DA
0 R1=+AylIKlA
0 R1=+AzIrAn
0 R1=+AzKIsI
0 R1=+AþAmIþ
0 R1=+AþAnIn
0 R1=+AþAyACAK
0 R1=+AþKIn'I
0 R1=+BAlADI
0 R1=+BInAsI'nIn
0 R1=+BlInI
0 R1=+BþIroKlI
0 R1=+CIKInA
0 R1=+ChIlz
0 R1=+DAmAr
0 R1=+DAnCI'nIn
0 R1=+DArIB
0 R1=+DAþ'A
0 R1=+DDIlA
0 R1=+DIAvI'nDA
0 R1=+DIKAsInA
0 R1=+DIKIlAC
0 R1=+DIKlIoKlI
0 R1=+DIfAsIylA
0 R1=+DIhDAmI
0 R1=+DIlAK
0 R1=+DImsArlAr
0 R1=+DInA'DA
0 R1=+DInIzDAn
0 R1=+DIrAflArInDAn
0 R1=+DIrIlIþA
0 R1=+DIrIyorlAr
0 R1=+DIsADCI
0 R1=+DorIDAlArI
0 R1=+DrIKAsInDAn
0 R1=+DsIzlIKA
0 R1=+IBAD'In
0 R1=+IBrIsI
0 R1=+IDIsInIn
0 R1=+IDIz'A
0 R1=+IKACAKDIr
0 R1=+IKArDIK
0 R1=+IKArIlmAsI
0 R1=+IKKAnInA
0 R1=+IhsADI
0 R1=+IlAKIn
0 R1=+IlAnDI
0 R1=+IlIsAsInIn
0 R1=+IlIþDI
0 R1=+IlIþDIKImIzDA
0 R1=+ImlI'yI
0 R1=+Imo
0 R1=+InlArKAn
0 R1=+InyAmIzIn
0 R1=+IrAlInI
0 R1=+IrKIn'A
0 R1=+IrKlIK
0 R1=+IrrAm
0 R1=+IrzImAr
0 R1=+IrþInlI
0 R1=+IsDAsI
0 R1=+IsIsI'nIn
0 R1=+IsKIn
0 R1=+IsyonArI
0 R1=+IvvADlI
0 R1=+IyDInIz
0 R1=+IyIyorIm
0 R1=+IyKIsI
0 R1=+IysIlArInI
0 R1=+IzAl'DAn
0 R1=+IzAnAl
0 R1=+IþfIK
0 R1=+KAlAn
0 R1=+KAzAn
0 R1=+KDArDI
0 R1=+KI'yI
0 R1=+KIDInA
0 R1=+KIrlADI
0 R1=+hþAB
0 R1=+lAKIB
0 R1=+lDIrIlDIKDAn
0 R1=+lIrsAnIz
0 R1=+lKCAn
0 R1=+lKIsInDAn
0 R1=+llywooD'DAn
0 R1=+lmAnIz
0 R1=+mBlAmlI
0 R1=+mozomI
0 R1=+nAyIB
0 R1=+nönI'nIn
0 R1=+oDlArIn
0 R1=+oKrIl
0 R1=+olDIKI
0 R1=+ollArInDA
0 R1=+onAnC
0 R1=+orIlArInDAn
0 R1=+orIlmAz'A
0 R1=+orIlmAz'lA
0 R1=+osyADAKI
0 R1=+oyDI
0 R1=+oysArD
0 R1=+rABAsInI
0 R1=+rKIDAn
0 R1=+rmAz'In
0 R1=+rslAnI
0 R1=+sDArIlmAsInI
0 R1=+vþAr
0 R1=+vþAr'lA
0 R1=+yAnDIrACAK
0 R1=+yArDmA
0 R1=+yIBoKlI'nIn
0 R1=+ylAyACAK
0 R1=+þIKmIþ
0 R1==1950'de
0 R1==1971
0 R1==206
0 R1==3.600
0 R1==30'a
0 R1==350
0 R1==800
0 R1==ATTI
0 R1==Altý
0 R1==Arýnç
0 R1==Atina'ya
0 R1==Atun
0 R1==AÇIKLAMA
0 R1==Aðacý
0 R1==Bakaný'ný
0 R1==Bar'a
0 R1==Beykal'ýn
0 R1==Bilim
0 R1==Candan
0 R1==Cevat
0 R1==DAHA
0 R1==Demez
0 R1==Deðer'in
0 R1==Doktoru
0 R1==Euler'e
0 R1==FIFA
0 R1==GELDÝK
0 R1==Gelen
0 R1==Halabi
0 R1==Hat'ta
0 R1==Inter
0 R1==IÞIK
0 R1==Just
0 R1==KONUÞTU
0 R1==KUR
0 R1==KURUÞ
0 R1==Kalkan'ýn
0 R1==Kaçar
0 R1==Kaçtý
0 R1==Konuk
0 R1==Kul
0 R1==Kuþu
0 R1==Masal
0 R1==Mene
0 R1==Mercan'ýn
0 R1==Nadir'in
0 R1==Nasýr'ýn
0 R1==Netaþ'la
0 R1==ORTAYA
0 R1==PG
0 R1==Royal
0 R1==SOÐUK
0 R1==STANDARTLARI
0 R1==Satýr
0 R1==TC
0 R1==Tantan
0 R1==Tek
0 R1==Türk'ün
0 R1==Türmen
0 R1==Tüzüðü
0 R1==Uygun
0 R1==Walden
0 R1==Wired
0 R1==YANGIN
0 R1==YUNUS
0 R1==Yaðmuru
0 R1==Yener
0 R1==aldýðýnýz
0 R1==alýyor
0 R1==aramýzdaki
0 R1==aslen
0 R1==baðýný
0 R1==birini
0 R1==bittiði
0 R1==cirosundan
0 R1==dayadý
0 R1==defilesinde
0 R1==etme
0 R1==fiyatýnýn
0 R1==gelirli
0 R1==gezer
0 R1==ha
0 R1==hanýmýn
0 R1==havaya
0 R1==igili
0 R1==iþinde
0 R1==kayan
0 R1==kimdir
0 R1==kurduk
0 R1==kuþundan
0 R1==madenin
0 R1==oku
0 R1==paralarýnýn
0 R1==ruhuna
0 R1==sesinden
0 R1==simalarý
0 R1==subay
0 R1==süratine
0 R1==vekil
0 R1==verdiðini
0 R1==verilirken
0 R1==yeðenim
0 R1==yýlmadý
0 R1==ÖZTEK
0 R1==Özata
0 R1==Ürkün
0 R1==Þaner
0 R1==Þükür
0 R1==çabalarýyla
0 R1==çeken
0 R1==ödenmesi
0 R1==ölmeyi
0 R1==ölmez
0 R1==ölü
0 R1==önem
0 R1==üretimde
0 R2=+'nDAKIyDI
0 R2=+'zI
0 R2=+0:00
0 R2=+AADA
0 R2=+ABArInIn
0 R2=+ACAKInIzI
0 R2=+ACIlDIlAr
0 R2=+ADAlIK
0 R2=+ADAnIyAD
0 R2=+ADAnIz'A
0 R2=+ADIKAl'DA
0 R2=+ADIrmAyA
0 R2=+ADonnA
0 R2=+ADor
0 R2=+AIB
0 R2=+AKAl'DAn
0 R2=+AKDIBA
0 R2=+AKIDIrsAK
0 R2=+AKIflAr
0 R2=+AKImsAr
0 R2=+AKInAsI
0 R2=+AKlAnDIsInIn
0 R2=+AKrIyor
0 R2=+AflArDA
0 R2=+AfoIr'InDAn
0 R2=+AhDACIlIK
0 R2=+AhIC
0 R2=+AhIlmIþ
0 R2=+AlDIrIrKAn
0 R2=+AlDIrsIn
0 R2=+AlIyorIm
0 R2=+AlIþDIrIlmAyA
0 R2=+AlKAsAlI
0 R2=+AlmAmAK
0 R2=+AmAKDIr
0 R2=+AmAnlArInDA
0 R2=+AmDlArI
0 R2=+Ammy
0 R2=+AnAlKAsI
0 R2=+AnArKIrmAy
0 R2=+AnDIKlArDA
0 R2=+AnIKyAn'In
0 R2=+AnIm'In
0 R2=+AnIsDAn'A
0 R2=+AnKArlIK
0 R2=+AnlIKIylA
0 R2=+AnrIlI
0 R2=+AnzAl
0 R2=+ArACI'DA
0 R2=+ArAlAnDI
0 R2=+ArCAvA'DA
0 R2=+ArDAysA
0 R2=+ArDIlArIylA
0 R2=+ArlAþImCI
0 R2=+ArþAf
0 R2=+AsImoDo
0 R2=+AsKoDAn
0 R2=+AsKosInA
0 R2=+AvvAl
0 R2=+AvyAlI
0 R2=+AyInlAnDI
0 R2=+AynABIyA
0 R2=+AysIyADlI
0 R2=+AþKInlIKA
0 R2=+AþlAmIþDI
0 R2=+AþvIrmA
0 R2=+BIslArIn
0 R2=+BlImlArIn
0 R2=+BlomAsI
0 R2=+BolCIlArA
0 R2=+CIKlArImIzIn
0 R2=+CIlDIKInDA
0 R2=+DAmADIKI
0 R2=+DAnlA
0 R2=+DIDh
0 R2=+DIrICIlAr
0 R2=+DhArn
0 R2=+DoyollArIn
0 R2=+IArA
0 R2=+ICIKA
0 R2=+IDAsInDA
0 R2=+IDIrACAK
0 R2=+IDIrK
0 R2=+IDo
0 R2=+IKArAn
0 R2=+IlDIrI
0 R2=+IlDIyor
0 R2=+IlIKlArlA
0 R2=+IlyAnA
0 R2=+ImAnlArIn
0 R2=+InIzmI
0 R2=+InlIyor
0 R2=+IrAKIm
0 R2=+IrAsInIn
0 R2=+IrIKIm
0 R2=+IrlIKI'nI
0 R2=+IrmADIr
0 R2=+IrmAKsA
0 R2=+IsIC'A
0 R2=+IvAsI'nDA
0 R2=+IyoloK
0 R2=+IzAnlArInI
0 R2=+KDInA'nIn
0 R2=+KrAfyA
0 R2=+hAlIlI
0 R2=+mIDlIyIz
0 R2=+nDAy'In
0 R2=+nIþmAsInIn
0 R2=+oK'nIn
0 R2=+oKImADA
0 R2=+olCIlIKI'nI
0 R2=+osDAnCI
0 R2=+ozmADAn
0 R2=+rDAmDA
0 R2=+rKAsInDAn
0 R2=+rKDAn
0 R2=+rlAnDA'DA
0 R2=+vlAnIr
0 R2=+zAKDAn
0 R2=+özlArInDA
0 R2==156
0 R2==1933
0 R2==1980'den
0 R2==759
0 R2==Ah
0 R2==Artin
0 R2==BMYK
0 R2==Bora
0 R2==Büke'nin
0 R2==Jim
0 R2==Kral
0 R2==KÝT'i
0 R2==Lehçe
0 R2==Let
0 R2==Mevlidhanlar
0 R2==Nami
0 R2==Necla
0 R2==Noel
0 R2==ODTÜ
0 R2==Pi
0 R2==Prim
0 R2==Programý
0 R2==Stephen
0 R2==TEMA
0 R2==Taahhüt
0 R2==Uygar
0 R2==Uçuþ
0 R2==Van'daki
0 R2==Yurtdýþý
0 R2==YÜREKLÝ
0 R2==adýnda
0 R2==ajasýnda
0 R2==anýlýnca
0 R2==bankalar
0 R2==bankayý
0 R2==basketbol
0 R2==bestesi
0 R2==birinden
0 R2==birliðinden
0 R2==bulurken
0 R2==ekleniyor
0 R2==ettiklerini
0 R2==geç
0 R2==ilkelerden
0 R2==izler
0 R2==kariyer
0 R2==kaçarken
0 R2==kendiniz
0 R2==kollayan
0 R2==kondu
0 R2==kurtulan
0 R2==kýzlarýnýn
0 R2==sen
0 R2==sormuþ
0 R2==soruyla
0 R2==sustu
0 R2==sý
0 R2==takýma
0 R2==tank
0 R2==tost
0 R2==tren
0 R2==vadede
0 R2==yandaki
0 R2==yürek
0 R2==zarif
0 R2==ÜSTÜN
0 R2==ÝTÜ'ye
0 R2==Ýþletmelerin
0 R2==çatalý
0 R2==çeviren
0 R2==özgürlüðü
0 R2==ünsüz
0 R2==þaþkýn
0 W=+'CIlArIn
0 W=+'DAKIlArIn
0 W=+'mA
0 W=+AAAAK'lAr
0 W=+AAD'In
0 W=+AAr'lA
0 W=+AAvAs'DAKIlAr
0 W=+ABACCA'DAn
0 W=+ABArADorlIKI'nIn
0 W=+ABDon'I
0 W=+ABIBlAr'A
0 W=+ABIm'DA
0 W=+ABKIn
0 W=+ABlAr
0 W=+ABovo'DAKI
0 W=+ACA'sI
0 W=+ACImlArDAn
0 W=+ACIno'nIn
0 W=+AChI'yA
0 W=+AClIlAr'DAn
0 W=+ACs'lAr
0 W=+ADAmIA'yA
0 W=+ADAnsAvAr
0 W=+ADArlIKI'nI
0 W=+ADAvI'nDAKI
0 W=+ADDArAs'DAn
0 W=+ADIBI'nDAKI
0 W=+ADICI
0 W=+ADIDA'yI
0 W=+ADIo'sIylA
0 W=+ADIrKCIlIKI'ylA
0 W=+ADorolojI'yA
0 W=+AIAr'A
0 W=+AID'A
0 W=+AIDonIA'DA
0 W=+AIroy'In
0 W=+AIzA
0 W=+AK'IylA
0 W=+AKA'yI
0 W=+AKAnIlKI'nDAn
0 W=+AKAr'DI
0 W=+AKDAþI
0 W=+AKIllArI'nIn
0 W=+AKIs'DAn
0 W=+AKIþIKlI
0 W=+AKlArCA'nIn
0 W=+AKlIKoC'I
0 W=+AKmAKCI
0 W=+AKosA'DA
0 W=+AfAhlIlAr'In
0 W=+AfAlD'lA
0 W=+AfAvI'nDA
0 W=+AfIr
0 W=+AfKAD
0 W=+AfrAnA'DAKI
0 W=+AfrAnA'nIn
0 W=+AhArKAlA'DAKI
0 W=+AhArKAlA'DAn
0 W=+AhArKAlA'yA
0 W=+AhfIz
0 W=+AhlIlAr'DA
0 W=+Al'InA
0 W=+Al'nIn
0 W=+AlAnKAlo'nIn
0 W=+AlAnlAr
0 W=+AlBArK'In
0 W=+AlKrABh'In
0 W=+AllA'DA
0 W=+AllAh
0 W=+AllAs'DA
0 W=+AmAns'CIlArI
0 W=+AmAxo'DAKI
0 W=+AmII'DAn
0 W=+AmIrBAþ
0 W=+AnAsIyAvsKI'yA
0 W=+AnDArBAþA'yA
0 W=+AnDAþ'DA
0 W=+AnDIm
0 W=+AnKCIlAr
0 W=+AnlI'DAn
0 W=+AnlIK'DA
0 W=+AnozCA'nIn
0 W=+AormInA'DA
0 W=+ArAh
0 W=+ArBAnD
0 W=+ArCInlIK'DAKI
0 W=+ArDArI'yI
0 W=+ArIþnIKof'I
0 W=+ArKAD
0 W=+ArKAl
0 W=+ArKIsAn'I
0 W=+ArhADlI
0 W=+ArlIsConI'DAn
0 W=+Arn'lA
0 W=+ArnAD'lA
0 W=+ArsBoIrK'DAn
0 W=+ArsChys'In
0 W=+ArsICI
0 W=+AsAD'In
0 W=+AsAllAr
0 W=+AsAyAv'DAn
0 W=+AsI'InDA
0 W=+AsIDAnCA'DA
0 W=+AsKI
0 W=+Ass'DA
0 W=+AvAlI
0 W=+AvCIlIKI'nI
0 W=+AvIrlIKI'nDAn
0 W=+AyACAn
0 W=+AyIlAn
0 W=+AylA'nIn
0 W=+AynolDs'DA
0 W=+AyrAlI
0 W=+AzAn'nIn
0 W=+AzAvI'nDAn
0 W=+AzCI
0 W=+AþADI
0 W=+AþKInAr'I
0 W=+B'lArA
0 W=+B'lArIn
0 W=+BDIons'DA
0 W=+BIn'DAn
0 W=+Bm'DAKI
0 W=+BoDrIm'DA
0 W=+BqA'DA
0 W=+BrID
0 W=+CAr'lI
0 W=+CIl'A
0 W=+CIlAsIn'In
0 W=+CImA'DAn
0 W=+DAKIl'In
0 W=+DBAK'In
0 W=+DIBAnK'DAn
0 W=+DrIþ'A
0 W=+DrosBoIrK'DAn
0 W=+Ds'A
0 W=+IAroKlI'nIn
0 W=+ICy'nIn
0 W=+IDAm'DAn
0 W=+IDIm'In
0 W=+IIz'In
0 W=+IKICI
0 W=+IKIyA'DAn
0 W=+IKIyA'nIn
0 W=+IKIyAmA'DAn
0 W=+IlAm'A
0 W=+IllIDlAr'In
0 W=+Ilo
0 W=+ImAþ
0 W=+ImBAD
0 W=+InAþlI
0 W=+InnAr'In
0 W=+IrCIlAr
0 W=+IrvA
0 W=+IslArIn
0 W=+Ixon'A
0 W=+IymAD
0 W=+IzCI
0 W=+IzIr
0 W=+IzKAr
0 W=+IþDAþArI'nIn
0 W=+IþInAn
0 W=+IþIþlArI'ylA
0 W=+KA'CI
0 W=+KKDC'yA
0 W=+KlAnCA
0 W=+KoChA'yI
0 W=+Kry'A
0 W=+KsA'DIr
0 W=+KsA'yI
0 W=+KyB'DAn
0 W=+KyB'ylA
0 W=+f'sIz
0 W=+fAlD'DAn
0 W=+fAnDIlAr
0 W=+hAKIr'I
0 W=+hIK'A
0 W=+hK'DA
0 W=+hö'nIn
0 W=+lDAþ'DAn
0 W=+lKAm
0 W=+lmAs
0 W=+lþoy'I
0 W=+mK'DAn
0 W=+mK'yA
0 W=+mmAn
0 W=+nBAhAr
0 W=+nD'CIlAr
0 W=+oDmAn'DA
0 W=+olAn
0 W=+olCI
0 W=+onKA
0 W=+orAr
0 W=+orAv'DAn
0 W=+orDAl'lA
0 W=+orIn
0 W=+ossmAn'lA
0 W=+owADo'DA
0 W=+rIsA'DA
0 W=+rIsA'yA
0 W=+vAy
0 W=+öKDI
0 W=+ölAn
0 W=+önKAl
0 W=+örIn
0 W=+özA
0 W=+þlAyAn
0 W==A'nýn
0 W==AB'nýn
0 W==ARSLAN
0 W==ATC'de
0 W==Adýn
0 W==Akrep
0 W==Aktaþ'dan
0 W==Araç
0 W==Arsal
0 W==Atik
0 W==Ayýn
0 W==Aðý
0 W==Balýk
0 W==Biten
0 W==Blüm'ün
0 W==Buruk
0 W==Canon'un
0 W==Dinç
0 W==Duman
0 W==Dümen
0 W==EMÝN
0 W==Ender
0 W==Fas'da
0 W==Fatih'den
0 W==GE'den
0 W==GÜL
0 W==GÜLER
0 W==Gülmez
0 W==Gür
0 W==Harman
0 W==Hediye
0 W==Hocalar
0 W==Hur
0 W==ILO'ya
0 W==Interstar'da
0 W==Jam'le
0 W==KALE
0 W==KOSGEB'a
0 W==KYB'yi
0 W==Kangal
0 W==Katin'in
0 W==Kesim
0 W==Keçeli
0 W==Kolu
0 W==Konda'nýn
0 W==Kutu
0 W==Kýyý
0 W==Lal
0 W==Lök
0 W==MSÜ'den
0 W==Mola
0 W==Muþ'da
0 W==ONAT
0 W==Ocak'dan
0 W==Of'dan
0 W==Onar
0 W==Oran
0 W==Razý
0 W==Renk
0 W==Sabancý'nin
0 W==Sal
0 W==Santer'in
0 W==Sayý
0 W==Sen'de
0 W==Sen'in
0 W==Sena
0 W==Ser
0 W==Sesiz
0 W==Sürer
0 W==TOFAÞ'da
0 W==Takasbank'da
0 W==Talan
0 W==Times'in
0 W==Tümen
0 W==Türkün
0 W==Uz
0 W==Yaka
0 W==Yalý
0 W==Yazýcý
0 W==Yeðen
0 W==Zehir
0 W==ÝLKELÝ
0 W==Ýnce
0 W==Ýsen
0 W==Þakýn
0 W==Þaþkýn
1 L1=+AKIA'nIn
1 L1=+AlIþKIlAr
1 L1=+AnIsInDA
1 L1=+BAyIr
1 L1=+BDIlhAlIK
1 L1=+DKIr'In
1 L1=+IlAþIrKAn
1 L1=+InKIrlI
1 L1=+IyoloK
1 L1=+sDAK
1 L1=+öKCA
1 L1=+þKI
1 L1==124
1 L1===
1 L1==Hazýrlanan
1 L1==Nedime
1 L1==Pair
1 L1==Pekin
1 L1==atýlacak
1 L1==listede
1 L1==yatmýþ
1 L2=+-0.
1 L2=+ABIyorDIr
1 L2=+ACIlAmADI
1 L2=+ADIlABIlIr
1 L2=+ADInsAyA
1 L2=+AKAlAnmIþlArDIr
1 L2=+AKIDIyor
1 L2=+AlAmIz
1 L2=+AlosInDA
1 L2=+AmDIlIllAh
1 L2=+AnDAzIsInI
1 L2=+AnDlArInIn
1 L2=+AnlArIyDI
1 L2=+AnsIyon
1 L2=+AnzArAyI
1 L2=+ArADICI
1 L2=+ArDosI
1 L2=+ArIllA
1 L2=+ArKInlAþDI
1 L2=+ArrIrIn
1 L2=+AsA'yA
1 L2=+AssIzlIKInI
1 L2=+AvIþACAKsInIz
1 L2=+AylI'nIn
1 L2=+Azy
1 L2=+AþArIDIr
1 L2=+AþDArzI
1 L2=+AþlADIrKAn
1 L2=+BInI'nDA
1 L2=+DDAsIylA
1 L2=+IDACAKIz
1 L2=+IlAsInDA
1 L2=+IrIlDIKInDAn
1 L2=+IrKADI'nIn
1 L2=+IsDlArI
1 L2=+KBAn
1 L2=+lAKBAnK
1 L2=+lArsIn
1 L2=+nyAr
1 L2=+oInD
1 L2=+orImCI
1 L2=+orKIDA
1 L2=+orlI
1 L2=+ozKAyA
1 L2=+yAKCIlAr
1 L2=+öDIrDIm
1 L2=+öþA
1 L2==1968
1 L2==6.6'sý
1 L2==Adak'la
1 L2==Ataman
1 L2==EA
1 L2==Eti
1 L2==OZAN
1 L2==Pertek
1 L2==SUSURLUK
1 L2==Tekçe
1 L2==Yarkýn
1 L2==Ziyaretimin
1 L2==alt
1 L2==aradýðý
1 L2==atamýþ
1 L2==ermemiþ
1 L2==tatilinin
1 L2==tenis
1 L2==v
1 L2==varsa
1 L2==yazýktýr
1 L2==Çin'in
1 L2==çaldý
1 L2==ödediler
1 L2==üvey
1 R1=+ABAB
1 R1=+ABorI'nIn
1 R1=+ABsAvArlAr
1 R1=+ACoBo
1 R1=+ADAf'I
1 R1=+ADAmAn'In
1 R1=+ADIBlAr
1 R1=+AKADyAsI
1 R1=+AKArnA
1 R1=+AKDInDA
1 R1=+AKIBlArInDAn
1 R1=+AfKAsyA'DAn
1 R1=+AflA
1 R1=+AhKAmADAKI
1 R1=+AhnADA
1 R1=+AhrInIn
1 R1=+AlABA
1 R1=+AlAyoKlI
1 R1=+AlKAsAlInIn
1 R1=+AnArAl'In
1 R1=+AnBIlIn
1 R1=+AnDArCIoKlI
1 R1=+AnDAzCI
1 R1=+AnDIKAlAr
1 R1=+AnImDAn
1 R1=+AnIz'I
1 R1=+AnlAnIyor
1 R1=+AnzArAlArI
1 R1=+ArDAKCI
1 R1=+ArIþDI
1 R1=+ArnICI
1 R1=+ArsonAlIylA
1 R1=+AsICIlIKDA
1 R1=+AvhID
1 R1=+AyBI
1 R1=+AzIrI
1 R1=+AþArI'nA
1 R1=+AþyAzArI
1 R1=+BrIzI
1 R1=+DIl'A
1 R1=+DIrlIKInDA
1 R1=+DIs'DAn
1 R1=+DoCI'ylA
1 R1=+IlvArInDA
1 R1=+ImInIz
1 R1=+IrAmAr
1 R1=+IrCIyA
1 R1=+IrKInlI
1 R1=+IrmAz
1 R1=+IvArInIn
1 R1=+IþIlIKI
1 R1=+KArACA
1 R1=+KCADIn
1 R1=+hB'yI
1 R1=+lBAy'In
1 R1=+mIsyonDAn
1 R1=+nAK'In
1 R1=+oCIKInIn
1 R1=+olon
1 R1=+orlAnmADI
1 R1=+orsAnlIKI
1 R1=+ovyADlAr'I
1 R1=+oyInlA
1 R1=+rAvIr
1 R1=+rDAKlAr
1 R1=+rmAK'In
1 R1=+yIDIr
1 R1=+zCAlIK
1 R1=+önDAmI
1 R1==1960'tan
1 R1==737
1 R1==Ansen
1 R1==Ar'la
1 R1==Atelya
1 R1==Atikoðlu
1 R1==EROL
1 R1==Ecer
1 R1==Furya
1 R1==Gökmen
1 R1==IRAK
1 R1==LEFKOÞA
1 R1==MAM
1 R1==Protesto
1 R1==Salih
1 R1==Sözleþme
1 R1==Tulga
1 R1==Yürütme
1 R1==aktör
1 R1==akyol
1 R1==bahçe
1 R1==basýldý
1 R1==bence
1 R1==bire
1 R1==camlarý
1 R1==deriz
1 R1==eteðin
1 R1==eþyasý
1 R1==filmleri
1 R1==gafýný
1 R1==iri
1 R1==isimler
1 R1==kala
1 R1==koþ
1 R1==kýlýðýna
1 R1==mayýna
1 R1==plan
1 R1==resimde
1 R1==solcu
1 R1==ulaþtýrýlan
1 R1==Þallý'ya
1 R1==Þardan'ýn
1 R1==ödülleri
1 R1==þaþkýn
1 R2=+AAnsInA
1 R2=+ABIK'DAn
1 R2=+ADoly
1 R2=+AKlIyorDI
1 R2=+AfKoþA'DA
1 R2=+AhADDIn'In
1 R2=+AhlAnDIrmAK
1 R2=+AhmADlI
1 R2=+AllAhI
1 R2=+AloKI
1 R2=+AmAmIzI
1 R2=+AnA'DAn
1 R2=+AnAlArA
1 R2=+AnDAsInIn
1 R2=+Aol
1 R2=+ArACIBAþI
1 R2=+ArIKAzI'DAKI
1 R2=+ArvIn
1 R2=+AvAr'In
1 R2=+AvDAD
1 R2=+AvlADDAn
1 R2=+DIDyosInDA
1 R2=+DIsyon
1 R2=+IKInDI
1 R2=+ImInI'DA
1 R2=+IrsA'DA
1 R2=+IsAn'DA
1 R2=+IyolArI
1 R2=+IzIsyon
1 R2=+KDAmIþ
1 R2=+nDArIlIyor
1 R2=+ollArIylA
1 R2==1207
1 R2==974
1 R2==Ar
1 R2==Aðar'in
1 R2==Daha
1 R2==Güzin
1 R2==Hindu
1 R2==Jorge
1 R2==Komutan
1 R2==Latince
1 R2==Yayla
1 R2==bedelini
1 R2==der
1 R2==güne
1 R2==okur
1 R2==oyladý
1 R2==rezaleti
1 R2==s
1 R2==sevgi
1 R2==sevki
1 R2==voleybol
1 R2==yurttaþ
1 R2==Ürdün
1 R2==Þam'a
1 R2==Þii
1 R2==ölmeden
1 W=+ABIDAD'A
1 W=+ADIz
1 W=+AKBAK
1 W=+AnKAzAr
1 W=+AnlInIn
1 W=+ArIA'yI
1 W=+ArIvAn
1 W=+ArIþAn
1 W=+AþInDA
1 W=+BrIslIlArA
1 W=+CADAn
1 W=+DAllI'nIn
1 W=+DAyAD
1 W=+DrAK
1 W=+IlIBAK
1 W=+ImDIK
1 W=+IyIr
1 W=+mrAK
1 W=+nACI
1 W==Anuþ
1 W==Arcak
1 W==Arguvan
1 W==AÐRI
1 W==Bi
1 W==Cüneyd
1 W==Eygi
1 W==Gördük
1 W==Hacer
1 W==Kayan
1 W==Kýrdan
1 W==Niþ
1 W==Sakine
1 W==Saðýn
1 W==Taþan
1 W==Uðun
1 W==Özü
1 W==Ýnal
1 W==Þenal
0 L1=+AyhmIz
0 L1==Komiser
0 L1==yarý
0 L2=+AAvInDA
0 L2=+AnKAlos
0 L2=+sDAsI
0 L2==SUAT
0 L2==Sanýk
0 L2==alýrsa
0 L2==lise
0 L2==suçlardan
0 R1=+ABlArInDA
0 R1=+AlIþDIKInI
0 R1=+AlKAsAlI
0 R1=+AyrAKlArI
0 R1=+IrImlI
0 R1=+lAnInDA
0 R1=+nArAm
0 R1==Doðru
0 R1==beyi
0 R1==yasasý
0 R2=+AnzArlArInIn
0 R2=+AyrAKI
0 W=+AKKAl
0 W=+IfDI
0 W=+IrþIn
0 W=+oKIlCI
0 W=+þIrAD
0 W==Amir
0 W==Baktý
0 W==Elli
0 W==Emri
0 W==Haram
0 W==Helal
0 W==Hurma
0 W==Kader
0 W==Kant
0 W==MGT'nin
0 W==Palas
0 W==Taþkýn
0 W==Tutucu
0 W==Var
0 W==Yenen
0 W==Çirkin
1 L1=+ADImInDA
1 L1=+AhvAþ
1 L1=+IrAKDIKI
1 L1=+mIDAn
1 L1=+oKmAn
1 L1==Asaf
1 L1==müsteþar
1 L1==soruyu
1 L1==Ýzzet
1 L2=+DlIs
1 L2=+IyIyorIm
1 L2=+IþDIrmIþ
1 L2==çaba
1 L2==çalýyor
1 R1=+ABorI'nDA
1 R1=+ADKIlIsI
1 R1=+AKDAþlArInA
1 R1=+AlyA'nIn
1 R1=+DorIK'lA
1 R1=+IKArIn
1 R1=+IhBIrI
1 R1=+InAþ'A
1 R1=+orKmAz
1 R1=+v'nIn
1 R1=+vIzA
1 R1==Ekim
1 R1==almýþ
1 R1==kuruluþu
1 R1==markasýný
1 R1==parlamentosu
1 R1==soluna
1 R1==Þeren
1 R2=+ACqIAs
1 R2=+AmIoyI
1 R2=+AmlArDA
1 R2=+AnAfI
1 R2=+AnBIl'In
1 R2=+AshInKDon'In
1 R2=+BI'DA
1 R2=+CmAnlArIn
1 R2=+IsAsI'nDAn
1 R2=+mAnDIK
1 R2=+nAmInDAn
1 R2==Dinçer
1 R2==ÝSTEK
1 R2==Þadan
1 R2==çelik
1 W=+DInDIþ
1 W=+IrnBArK
1 W=+fKAnlI
1 W==Trabzonsporlu
0 L2=+ADAþlArInA
0 L2=+ArþIlAþmAyI
0 L2=+AshInKDon'DA
0 L2==KDP
1 R1=+ADIþmAKDAn
0 L2==atanan
0 R1=+AKlIDIr
0 R1=+IrAKsIn
1 L2=+IlKInI
0 R1=+nDAC
0 R1==Saðýr
0 R1==Yardýmcýlarý
0 R1==ortaklarý
0 R2==Arsa
0 R2==dili
0 R2==güvenoyu
0 W=+AnArDA
0 W=+AvKA
0 W=+AþAmA
0 W=+öC
0 W==Atýf
0 W==Evin
0 W==Mevlüt
1 R1=+ADInKAyA'DAn
0 W==Molla
1 L2=+DDIKIn
0 W==Tören
0 W==Ürün
1 L1=+AvDAD
1 L1=+KK'nIn
1 L2=+AKlArKAn
1 L2=+nIþmAsInI
1 L2=+rDoB
1 L2==Taþar
1 R1=+AzKInlAr'In
1 R2=+AKKArI'DA
1 R2=+AyfAsInDA
1 R2==Fiat
1 R2==Leman
1 R2==paketi
1 W=+AKIrlI
1 W=+AyDInBIrnI
1 W=+AþIlCAm
1 W=+IrDCI
1 W==Göksoy
1 W==Gürün
1 W==Kohl
0 R1==Alioðlu
0 R1==Eroðlu
0 R1==Sayýn
0 W=+ADAlAr
0 W==Az
0 W==Bari
0 W==Doða
0 W==Kaçan
0 W==Olmaz
1 L2=+ICAl
1 L2==boþ
1 R1=+AvlADIn
1 R1=+DDIAlI
1 R1=+rIDIK
1 R1==Kavi
1 R2=+ADDInA
1 R2=+ArsAK'DA
1 R2=+olKAn
1 R2==Sergi
1 R2==kýz
1 R2==mitingte
1 R2==uzlaþma
1 W=+InBIlID
1 W==Arýnç
0 W=+olAy
0 W==Geride
0 W==Memur
1 L2==olduk
0 R2=+ACIlmAz
1 R1==ajaný
1 R1==öldüðü
1 R1==ülkesinin
1 R2==ölüm
1 W=+ADABAn
1 W=+DDo
1 W=+IlnA
1 W=+rAslI
1 W==Rafet
0 R1=+ArBAroKlI
0 W==Zor
1 L1=+IrADDIn
1 L1==böylece
1 L2==Kore
1 R1=+AyhInDA
1 R1=+AzIrlADDIKI
1 R2=+AlCIK
1 R2==Okan
1 W=+AKAþ
1 W=+lKAz
1 L2=+ABonyA
1 L2==uzmaný
1 L2==þirketi
1 R1==hoca
1 R2==Venüs
0 R2==Venüs L1=LOWER
1 W==Tahir
1 L2==Rüþtü
1 R1=+DC'yI
1 W==Erbil
1 W==Gültekin
1 L1==Alaattin
1 L2=+IKKAnArAl
1 L2==Moskova
1 R1=+IsyonI'nIn
1 W=+AIlD
1 W=+IrmAz
1 W==Berna
0 W==Çek
1 L1==yazar
1 W=+BAslAn
1 W=+DlIs
1 L2=+ADolI
1 W=+AvIC
0 W==Gerek
1 L2==TRABZONSPOR
1 W==Arýkan
1 W==Camdessus
1 W==Jordan
1 W==Sazak
1 W==Seba
1 L2==kod
1 W==Boliç
1 W=+IIDI
1 W=+orKmAz
1 W==Danimarka
1 W==Tarkan
1 W==Tuncay
0 W==Aksi
0 W==Saygýn
1 W=+DhAD
1 W==Marmara
1 W==Tayan
1 R2==Sedat
1 W==Halit
1 W==Tamer
1 W==Karadayý
1 W==Turgut
0 W==Ekim
1 R1==Þen
1 W=+DnAn
0 W==Adak
0 W=+ICIK
0 W==Sayýn
1 W==Metin
0 W=+AvlAD
1 W==Avrupa
