** Message: $Id: dlist.c,v 2.10 2004/10/28 16:46:53 dyuret Exp $
** Message: ==> READING
** Message: Reading data from stdin (1 dot = 10000 instances)
..........
** Message: Read 107564 instances.
** Message: ==> TRAINING
** Message: Training on 71310 instances (1 dot = 100 rules)
.
** Message: Got 1 rules out of 348094 candidates.
** Message: Training set performance:
** Message: nrules:	corr:	incorr:	percent:
** Message: 1	71310	0	100.00%
** Message: ==> VALIDATION
** Message: Validating on 18160 instances (1 dot = 1000 instances)
...................
** Message: Best number of rules to use: 1
** Message: nrules:	corr:	incorr:	percent:
** Message: 1	18160	0	100.00%
** Message: 1	18160	0	100.00%
** Message: ==> TESTING
** Message: Testing on 18094 instances (1 dot = 1000 instances)
...................
** Message: nrules:	corr:	incorr:	percent:
** Message: 1	18094	0	100.00%
** Message: 0	17	18077	0.09%
** Message: ==> WRITING
** Message: Wrote 1 rules to stdout.
