** Message: $Id: dlist.c,v 2.10 2004/10/28 16:46:53 dyuret Exp $
** Message: ==> READING
** Message: Reading data from stdin (1 dot = 10000 instances)

** Message: Read 899 instances.
** Message: ==> TRAINING
** Message: Training on 598 instances (1 dot = 100 rules)
.
** Message: Got 23 rules out of 8855 candidates.
** Message: Training set performance:
** Message: nrules:	corr:	incorr:	percent:
** Message: 23	597	1	99.83%
** Message: ==> VALIDATION
** Message: Validating on 162 instances (1 dot = 1000 instances)
.
** Message: Best number of rules to use: 7
** Message: nrules:	corr:	incorr:	percent:
** Message: 7	156	6	96.30%
** Message: 23	155	7	95.68%
** Message: ==> TESTING
** Message: Testing on 139 instances (1 dot = 1000 instances)
.
** Message: nrules:	corr:	incorr:	percent:
** Message: 7	137	2	98.56%
** Message: 6	137	2	98.56%
** Message: 3	136	3	97.84%
** Message: 2	126	13	90.65%
** Message: 1	109	30	78.42%
** Message: ==> WRITING
** Message: Wrote 7 rules to stdout.
