** Message: $Id: dlist.c,v 2.10 2004/10/28 16:46:53 dyuret Exp $
** Message: ==> READING
** Message: Reading data from stdin (1 dot = 10000 instances)

** Message: Read 1822 instances.
** Message: ==> TRAINING
** Message: Training on 1206 instances (1 dot = 100 rules)
.
** Message: Got 3 rules out of 13426 candidates.
** Message: Training set performance:
** Message: nrules:	corr:	incorr:	percent:
** Message: 3	1206	0	100.00%
** Message: ==> VALIDATION
** Message: Validating on 332 instances (1 dot = 1000 instances)
.
** Message: Best number of rules to use: 2
** Message: nrules:	corr:	incorr:	percent:
** Message: 2	330	2	99.40%
** Message: 3	330	2	99.40%
** Message: ==> TESTING
** Message: Testing on 284 instances (1 dot = 1000 instances)
.
** Message: nrules:	corr:	incorr:	percent:
** Message: 2	283	1	99.65%
** Message: 1	283	1	99.65%
** Message: ==> WRITING
** Message: Wrote 2 rules to stdout.
