1
0 W=+In
0 W=~de
0 W=UCFIRST
0 W=+rA
0 W=~var
0 W=+lA
0 L1=<S>
0 W=+rInA
0 W=+IyA
0 W=+l
0 W=+rInDA
0 W=+rI
1 W=+DIKlArI
0 W==yer
0 W=+zIm
1 W=+mAlArI
1 W=+mA
1 W=+AKIl
1 W=+sIn
1 W=+mAsInIn
0 W=+y
0 W=+C
0 W=+sKI
1 W=+mAnIn
0 W=+ArAr
0 W=+CI
0 W=+rInDAn
0 W=+nIm
0 W==az
0 W=~dolar
0 W=~basýn
0 W=~yüksek
1 W=+AnlArIn
1 W=+mAsIylA
1 W=+In R1=<S>
0 W=+rImIz
0 W=~gerek
0 W==buna
1 W=+mAKlA
0 W=+Aþ
0 W==kýsa
0 W==sýk
1 W=+KInIn
0 W=+ArDAn
0 W==bana
0 W=+ABKI
0 W=+rIþ
0 W=+DAKI
0 W=~ek
0 W=~yasa
0 W=+AnI
0 W=+mAn
0 W=+mlAr
0 W=+þIm
0 W==kimse
1 W=+ACAKlArI
0 W=+sIm
0 W=~geçen
0 W==takým
0 W=+rlIK
0 W==yardým
0 W==ona
1 W=+mAlArInA
0 W==ana
0 W=+zAr
0 W=+AnDA
0 W=+þA
0 W=+KAr
1 W=+mAlArIn
0 W=+rAyA
0 W=+lIlAr
0 W==adým
0 W=+IvAn
1 W=+mAyIn
1 W=+lArA
0 W=~yatýrým
0 W=+IKlAr
0 W=+D
0 W=~an
0 W=+rlArInI
0 W=~erken
0 W=~kesin
0 W==onlar
0 W=+lInA
1 W=+mIþ
0 W==yerini
0 W==gelir
1 W=+IKI
0 W=+CIlAr
1 W=+DIr
0 W==gelecek
0 W=+zA
0 W=+rIþmA
0 W=+ClAr
0 W==kurum
0 W=~yüz
0 W=+rAsI
1 W=+yAr
0 W==kapalý
1 W=+yICI
1 W=+mAylA
1 W==Yoksa
0 W==bakan
0 W=+KA
0 W==kýz
0 W=~anlaþma
0 W=+ArCA
0 W=+ArArInI
0 W=+rAlAr
0 W==sað
0 W=+KAlAr
1 W=+mAlArInIn
0 W=+AKIl R1=LOWER
1 W=+AnlArI
1 W=+DICI
1 W=+nAn
1 W=+mAK
1 W=+AKIl R1==mi
0 W==kan
0 W=~kuruluþ
0 W=+IþImI
1 W=+IrIþ
0 W=+llAr
0 W=~kar
1 W=+KImIz
0 W==düþünce
0 W=~ortalama
0 W=+BlAr
0 W=+AnInDA
1 W=+nIz
1 L1=<S> W=+IlAn
0 W==neredeyse
0 W=+nlArInI
0 W=+örIþInI
0 W=+IssA
0 W=+IlArInI
0 W==oldukça
0 W=+rImA
0 W=+ArlArDA
0 W=+rlArA
0 W==yarým
0 W=+yKIlAmA
1 W=+IþInIn
0 W=+özlAþmA
0 W==denetim
0 W==yan
0 W=~için
0 W==yalan
1 W=+DIKlArInA
0 W=+llArInI
0 W=+ArsInA
0 W==geleceði
1 W=+rIz
1 W=+Iyor
0 W=~ekip
1 W=+mAyA
0 W=~ekmek
0 W=~geçmiþ
0 W=+mAnlAr
0 W=+þlArInI
0 W==günler
1 W=+AlICI
0 W=+zlArInI
1 W=+DIKIn
0 W=+rIþmADA
0 W=+KIlAr
0 W=+sAsI
0 W=+DlAr
0 W=~bakanlarý
1 W=+mAlArIylA
0 W=+nAKlAr
0 W=+nCAsInA
0 W==düzen
0 W==iþler
0 W=+rInIz
0 W=+DlArInI
1 W=+AKsIzIn
1 W=+IKlArInDAn
0 W=+DAsInDA
0 W=+rAsInDA
0 W==borsa
1 W=+DIKlArInIn
1 W=+AmAz
0 W==adaya
0 W==haklarýný
0 W==sana
0 W==yeterince
0 W=+AzAsI
1 W=+AnlArDAn
1 W=+mAlArInDA
1 W=+lAyIn
1 W=+mIzA
1 W=+lDI
0 W=~karma
1 W=+DIKlArInDA
0 W=~ucuz
1 W=+IyorIm
0 W==falan
0 W==gözler
0 W==olasý
0 W==yasalar
0 W=+KArlAr
0 W==yedi
1 W=+DIþA
0 W=+AnInI
0 W=+mlArInI
0 W=+örIþI
0 W=~yemek
0 W=+sIz
1 W=+ADAn
1 W=+AyAn
0 W==anlayýþý
0 W==efendim
0 W=+rAlArInI
0 W=+rAlI
1 W=UCFIRST R1==ki
0 W=+ACInIlmAz
0 W=+DKI
1 W=~git
0 W==anlaþmasý
0 W=+rIþmAlArDA
0 W=+ArAKsA
0 W=+þAmA
1 W=~de R1=<S>
0 W=+AnAmA
0 W==alým
0 W=~anlaþmanýn
1 W=+mAlArInDAn
0 W==misiniz
0 W=+AlIþAnlArA
0 W=+KAlArInI
0 W==anlaþmayý
0 W==gerçekler
0 W==kuruluþu
0 W=+ArArlAr
0 W=~ayan
0 W=+rImIzI
0 W=+rIþmAyA
0 W=+zAyA
0 W==arsa
0 W==bine
0 W==dokuz
0 W==eþ
1 W=+DIþlA
1 W==al
1 W==zorla
0 W==koca
0 W=+lAþmAlArI
0 W=+CIm
0 W=+ADADA
0 W=+flArInI
0 W==dine
1 W=+AnIþlArI
0 W==anlaþmaya
1 W=+zICI
0 W=+flAr
0 W=+rIþmAsI
1 W=+IþIn
1 W=+DIK
1 W=~geçen L1=~adý
1 W==gelecek R1=<S>
0 W=+AlIþAnlArIn
0 W=+nADICI
0 W=+rIþInA
0 W=+slArInI
0 W==alanlar
0 W==yaz
1 W==Pilsen
1 W==ol
0 W==kanadý
0 W==yiyecek
0 W=+AþmAsInIn
0 W=+IrICIsI
0 W=+AnlArDA
1 W=+lArlA
1 L1=<S> W=+mAsI
0 W=+AzAsInDA
0 W==geçmiþte
0 W==özen
1 W==Süren
0 W=+BAlAr
0 W=+slAr
0 W=+AnIþmA
1 W=+ACAKlArInA
1 W==bakýn
0 W=+AnInA
0 W=+IlIKI
0 W=+sAr
1 W=+mAlArDAn
0 W=+AKAnlArIn
0 W=+ArIþIn
0 W=+AsInCA
0 W=+rIþmAlArA
0 W==görüntüler
0 W==hattý
0 W==sözleþmeli
0 W==öte
1 W==gel
1 W=~olaný
0 W==okur
1 W=+ylAysA
0 W=+rIþmAnIn
0 W=+CAlAr
1 W==edin
0 W==geleceðini
1 W=+DIKIm
1 W=+lIlAr R1=<S>
1 L1=<S> W=+AlIm
0 W=+ArsI
0 W=+DIlIm
0 W=+KrADmAnIn
0 W==anlayýþ
0 W==çalýþanlar
0 W==üstü
0 W=~çaðlayan
1 W=+DIþlArI
0 W=+As
1 W=+nIzA
0 W==görüþmeler
1 W=+Am
1 W=+yDI
0 W=+ArIþInDA
0 W=+AsAsInA
0 W=+CI'yA
0 W=+IþImA
0 W=+KArInI
0 W=+nAKlArInI
0 W=+örIþlAr
0 W==aya
0 W==düþ
0 W==in
0 W==saçma
1 W=+mADIn
0 W=~yoksun
1 W=+mAsInDAKI
0 W=+rAsInI
0 W=+AsAmA
0 W=+mInIz
0 W=+rImIzA
0 W=+mACA
0 W=+rIþmAlArI
0 W=+IzlAr
0 W=+DAKlAr
1 W=+IlACAK
1 W==gelir R2=<S>
1 W=+KAr R1=<S>
0 W=+'nI
0 W=+AvrADA
0 W=+ClArInI
0 W=+nADICIsI
0 W==bakanlar
0 W==devir
0 W==yerler
1 W==baka
0 W=+'nA
0 W=+onlAr
0 W=+rIþmAyI
1 W=+ADICInIn
0 W=+AzArlAr
1 W=+IrDIlIþ
1 R1==mu
1 W=~geçen R1=UCFIRST
0 W=+BlArInI
0 W=+lvArIþlI
0 W=+rIþmAlArIn
0 W=+zArInI
0 W==alana
0 W==ekrana
0 W==kuruluþunun
1 W=+oþA
1 W==Yorulmaz
1 W==açýklar
0 W==kaydý
0 W==kayýp
1 W=+yIþlArI
0 W=+lAlAr
0 W=+rIþmADAn
1 W=+AmIzIn
0 W=+IlArA
0 W=+yAlAr
1 W=+DIrIn
0 W=+IlIK
1 W=+nIþ
1 W=+IysA
1 W=+ArsA
1 W=+ArKAn
1 L1=<S> W=+ADA
1 W=UCFIRST W=+DIm
0 W=+sDIm
0 W=+ArADICI
0 W=+ArsInDA
0 W=+DAsI
0 W=+DKAn
0 W=+IrIlIþIn
0 W=+IrIlIþInDAn
0 W=+orImAlAr
0 W=+yKIlAmAnIn
0 W=+örIþInDA
0 W==aylar
0 W==düz
0 W==içe
0 W==kýrk
0 W==neyse
0 W==ortalamasý
0 W==seçmenin
0 W==yasaklar
0 W=~çað
1 W=+ABIlICIlIK
1 W=+AsIyA
1 W=+AzlIKlArIn
1 W=+InDIrICI
1 W==ola
0 W=+yKIlAmADA
1 W=+mInIm
1 W=+DIKlArImIz
0 W=+AnInIz
1 W=+ADAKI
0 W=+fAnDI
0 W=~ak
0 W==Gülen
0 W=~yýlmaz
1 W=+ABIlIr
0 W=+AlIþAnlArI
0 W=+ArþIlAþmADA
0 W=+AzAsInDAn
0 W=+CAlArInI
0 W=+rAsInDAn
0 W=+rIþlArA
0 W==DOÐAN
0 W==adama
0 W==alanlarý
0 W==anlar
0 W==düþünceye
0 W==omuz
0 W==oranlarý
0 W==otuz
0 W==solu
0 W==ÇAKAN
0 W==çekince
0 W=~aðýz
0 W=~sandýk
1 W=+ACAKA
1 W=+AKIllAr
1 W=+AzlIKA
1 W=+ImIþAmA
1 W=+KArDAn
1 W=+mIþIm
1 W=+öylA
1 W==Gezen
1 W=~seçici
0 W=+ABADmAyA
0 W=+IlAmAlArA
0 W=+mAnA
0 W==anlaþmalar
0 W==anlaþmasýný
0 W=+KInlAr
0 W=+nAlI
0 W==döner
0 L1=~nema
1 W==Yapýlan
0 W=+yKIlAmAyA
1 L1=+nlAmInA
0 W==oyun
1 W=+mADI
0 W=UCFIRST W=+IrsIn
1 L1=<S> W=+AyI
1 L1=<S> W=+DIm
0 W=+fAnDIm
0 W=+ACmIþI
0 W=+AhnAlAr
0 W=+AhsIn
0 W=+ArDICI
0 W=+ArþIlAþmAyI
0 W=+AsAsInI
0 W=+BAlArInI
0 W=+DAlArInI
0 W=+IlyArlAr
0 W=+IrIlIþlArA
0 W=+IþImDAn
0 W=+KAnlArA
0 W=+lArInCA
0 W=+lIKInIz
0 W=+oz
0 W=+rIþmAlArInA
0 W=+önAmA
0 W=+özlAþmAnIn
0 W==ayýp
0 W==aþamaya
0 W==eyleme
0 W==gibiler
0 W==haklar
0 W==kur
0 W==kuruluþlar
0 W==sözleþmesi
0 W==tasarým
0 W==yasaya
0 W=~yarýþý
0 W=~yýlan
1 W=+ADArI
1 W=+AþDIrICI
1 W=+DIþmAsIz
1 W=+IKIylA
1 W=+rDIrICI
1 W=+yAnIn
1 W==tutun
0 W=+IþImDA
0 W=+AKIþmAz
0 W=+AsI'nDA
0 W=+rIþmAsInDA
0 W==siyasiler
0 W=~yaðma
1 W=+IlAnIn
0 W=+ABorlAr
0 W=+AvInmAnIn
0 W=~inan
0 W=+IKDA
0 W=+lIKIm
1 R1==midir
0 W==ödeme
0 W=+hIm
1 W=+IyIm
1 W=+DIþ
1 W=+yAnlAr
1 W=='
1 W=+IþAn
0 W=~bin
1 W=+IlmAsI
1 W=+zAr R2=<S>
1 W=+KAr R1==.
1 W=~geçen L1=+DAn
0 W=+lArlA L1=+I
0 W=+sIn R1=UCFIRST
0 W=+ABADmA
0 W=+ACmIþIn
0 W=+AKKIm
0 W=+AsAsInDA
0 W=+AsDAlAr
0 W=+DAsInA
0 W=+IrIrlIKDAn
0 W=+nlAþmADA
0 W=+orImAlArI
0 W=+orImAlArIn
0 W=+rIþmAsInA
0 W=+yKIlAmAsInIn
0 W==Görüþmede
0 W==ada
0 W==anasý
0 W==ardý
0 W==að
0 W==didik
0 W==diken
0 W==diz
0 W==ferdi
0 W==gelirden
0 W==kuruluþuna
0 W==sular
0 W==sýð
0 W==yað
0 W==çekim
0 W=~sandýðý
1 W=+AnAnIn
1 W=+AyDIrICI
1 W=+DAnI
1 W=+KIþlArI
1 W==Akan
1 W==Araþtýrmalar
1 W==Giderek
1 W==Olan
1 W==Sun
1 W==bakar
1 W==olanýn
0 W=+fAnsA
0 W=+ArþIlAþmA
0 W==anlama
1 W=+ACAKlArIn
1 W=+lDIn
0 W=+IlIKInI
0 W==er
0 W==alacaðýný
0 W=+AnCA
1 W=+IrmAsI
1 W=+AyACAK
0 W=+ACAsI
0 W=+ACmIþDAn
0 W=+AnInDAn
0 W=+ArArDmA
0 W=+ArImIzDAn
0 W=+ArIþInIn
0 W=+ArIþmAsInIn
0 W=+ArþIlAþmAnIn
0 W=+AsAsInDAn
0 W=+AzICI
0 W=+AþI
0 W=+AþmAsInDA
0 W=+BrIz
0 W=+CI'yI
0 W=+IKImADInIz
0 W=+ImsAlAr
0 W=+IrIlIþInI
0 W=+KAsInDA
0 W=+lAyIþIn
0 W=+nlAyIþInI
0 W=+oKlAmA
0 W=+ozI
0 W=+rIKlArInI
0 W=+rIþmAlArDAn
0 W=+rIþmAlArInDA
0 W=+rIþmAlArInIn
0 W=+yAlArInI
0 W=+yKIlAmAlAr
0 W==BAKACAK
0 W==BURSA
0 W==aydýnlar
0 W==aþamadan
0 W==baðlarýný
0 W==birim
0 W==deneyim
0 W==deyiþi
0 W==esen
0 W==güzelim
0 W==kana
0 W==kuruþ
0 W==planlarý
0 W==uydu
0 W==yemekte
0 W=~batýcý
0 W=~düdükleri
0 W=~yaðmaya
1 W=+ADICIsInIn
1 W=+AnIþlArInI
1 W=+AþICI
1 W=+AþmACI
1 W=+IrDArICI
1 W=+lIKlArInIn
1 W=+nAnI
1 W==Alla
1 W==Di
1 W==Kaçan
1 W==Olsa
1 W==bula
1 W==ört
0 W=+AmIm
1 L1=+sAsDAn
1 W=+KDIn
1 W=+nDIn
0 W=+AþmAlArA
0 W=+rImIzDA
0 W==kurmayý
0 W=+sArlAr
0 W=~kýr
1 W=+nlADIn
0 W=+þInIz
0 W==geleceðine
0 W=~yazmaya
1 W=+mAlIlAr
1 W=+nIzIn
0 W=+KsAn
0 W=+yKIlAmAyI
0 W==iþleme
0 W=~selim
1 W=+lAmAlArlA
1 W=~olun
0 W=+orImAsI
0 W=~ata
1 W=+ACAr
1 W=+ADAnlAr
0 W=+nADIm
1 W=+KIþ
1 W=+rsAK
1 W=+ACAKIm
1 W=+nACAK
1 W=+lIB
0 W=~kalýp
1 W=+IrKAn
1 W=+DIKInI
0 W=+AKIl R1=DIGIT
0 W=+AKIl R2=+ynI
0 W=+nIz R1==yok
1 W=+rImA R2=+r
1 W=~geçen L1=+lA
0 W=+nIz R1=+sA
0 W=+AKIl L1=APOS1
0 L1=+KlIn
0 W=+ABKInIn
0 W=+ACInDA
0 W=+AlIrInI
0 W=+AnImI
0 W=+AnIþmAnIn
0 W=+ArKAzlAr
0 W=+AsIlIKInIn
0 W=+AsIzCA
0 W=+AyAnIþmAsI
0 W=+AyInDIr
0 W=+AzAsInA
0 W=+DAKlArInI
0 W=+IlIþlArDA
0 W=+InICIsI
0 W=+KrADICI
0 W=+lAyIþInIn
0 W=+mAKlArInI
0 W=+mAnDAn
0 W=+mAnlArIn
0 W=+mIþInA
0 W=+nlAþmAlArInIn
0 W=+oyA
0 W=+rAsInA
0 W=+vlADIm
0 W=+yKInIn
0 W=+ylArInI
0 W=+zAsInI
0 W=+örInIr
0 W=+özlAþmAyA
0 W==Nesin
0 W==Yeniþen
0 W==aslan
0 W==aþ
0 W==bakana
0 W==derinlemesine
0 W==dik
0 W==ekim
0 W==ekran
0 W==haddi
0 W==itici
0 W==kasa
0 W==kata
0 W==kaya
0 W==kýzan
0 W==mistik
0 W==nasýlsa
0 W==nedenler
0 W==çiçekler
0 W==þaþmaz
0 W=~baðlama
0 W=~tutucu
0 W=~yalanlarýn
0 W=~yetmiþ
0 W=~çakmak
1 L2=+AyKovsKI'nIn
1 L2=+orDo
1 R2=+AnIn'In
1 W=+ACIþlA
1 W=+AKDAKI
1 W=+AKIþAnI
1 W=+AmIn
1 W=+AyICIlArIylA
1 W=+AþAnI
1 W=+CIKlA
1 W=+DIKlArImIzI
1 W=+DIþIylA
1 W=+DIþlArInI
1 W=+IlAnI
1 W=+IrIþInDAKI
1 W=+IrIþlArI
1 W=+IyIyInCA
1 W=+IzlAn
1 W=+KInIm
1 W=+fAD
1 W=+nIlA
1 W=+rADICIlArInIn
1 W=+yAnI
1 W=+yICIlArI
1 W=+yICInIn
1 W=+yIþlArInI
1 W==D
1 W==Dedi
1 W==Den
1 W==Em
1 W==Geliþmekte
1 W==Sanýrým
1 W==Saðlar
1 W==Ver
1 W==Verdi
1 W==buluþlarý
1 W==düþeni
0 L1=~ey
0 W=+DAKIm
0 W=+IþImIzI
0 W=+zAnA
0 W==ulusun
1 W=+oK
1 W==bulun
0 W=+ABIm
0 W=+AmDA
0 W=+IlADAn
0 W=+IlAmAsInA
0 W==büyü
0 W==görüþün
1 W=+DIrDIn
0 W=+AzI
1 L1==güle
0 L1==ÖSS
0 W=+AþmAsIylA
0 W=+IlIKInA
0 W=+hlAr
1 W=+IyIn
0 W=+AzmA
0 W=+KIrlAr
1 W==deyin
1 W==Olur
0 W=+ABA
1 W=+IþsA
0 W==sorun
0 W==yakýn
1 W=+DIKDAn
1 W=+AyArAK
1 W=+lAnDI
0 W=+AKIl L1=+IrKIyA
0 W=UCFIRST W=+IDICI
1 W=+CI L1=+ID
1 W=+rImA L2=="
1 W=+sAr L1=+I
0 W=+AKIl R2=+rA
1 L1=<S> W=+DIlAr
1 W=+rA L1=+IrA
1 W==gelir R1=="
1 W=+AKIl R1=+DI
1 W=+yKIlAmAyA R1=+r
1 W=+KAr L1=+DAyA
0 W=~geçen R2==günü
1 W=~geçen L1=+InA
0 W=+nIz R2==mý
1 L1=<S> W=+mAlAr
0 W=~ödemeler
0 L1=+ByA'DAn
0 R1==topar
0 W=+'DAn
0 W=+'nDAn
0 W=+ABAsI
0 W=+ACAnlArA
0 W=+ADAfIm
0 W=+AKsAnDIr
0 W=+AfAnsIn
0 W=+AlIþmIþlIK
0 W=+AnDAnIz
0 W=+AnKlAr
0 W=+ArþIlAþmAlArDA
0 W=+AyAnIþmAyA
0 W=+AyIlmA
0 W=+AyrAKIm
0 W=+AþInmAz
0 W=+BInIz
0 W=+IKIr
0 W=+IlAmAylA
0 W=+InIysA
0 W=+IrICIyI
0 W=+IrIþlIK
0 W=+IvAnA
0 W=+IþKIrDICI
0 W=+KAsI
0 W=+mIrIm
0 W=+nlAyIþInDAn
0 W=+nlAþmAlArDAn
0 W=+nlAþmAylA
0 W=+rDmAnIn
0 W=+yKIlAmAlArIn
0 W=+ymAzlIK
0 W=+zAlI
0 W=+zArlIKI
0 W=+zlAþmAlArInDA
0 W=+öKmA
0 W=+önADmAnIn
0 W=+örIþlI
0 W=+þAlAr
0 W==Gönen
0 W==Yardým
0 W==alandan
0 W==alanlara
0 W==aðýna
0 W==aðýnýn
0 W==bendi
0 W==denemesi
0 W==dinler
0 W==dirsek
0 W==don
0 W==esin
0 W==gelirler
0 W==iniþ
0 W==kalanlarýn
0 W==korsan
0 W==kova
0 W==kuruluþunda
0 W==kuþaklar
0 W==oranlarýn
0 W==ortalamasýnýn
0 W==sýnýrlar
0 W==taþlar
0 W==yaratýcýsý
0 W==yarýþta
0 W==yerim
0 W==zorlama
0 W==Ödemiþ
0 W==çim
0 W==çocuðum
0 W=~kalanlar
0 W=~takma
1 L1==ufuk
1 W=+ACAKlArInIn
1 W=+ADIþlArInDAn
1 W=+ADlAD
1 W=+AlAnlArDA
1 W=+AlArDAKI
1 W=+AlIþA
1 W=+AlIþDIrICI
1 W=+AlIþmAlArImIzI
1 W=+AmlAnDIrICI
1 W=+AyICIlArA
1 W=+AyICIlArIn
1 W=+AyIþlArIn
1 W=+AzlIKIn
1 W=+AzlIKlArI
1 W=+BArDAn
1 W=+CDIn
1 W=+DArA
1 W=+DIKlArIylA
1 W=+DIrICIlArIn
1 W=+DIþlArInDA
1 W=+IKDIrICI
1 W=+IKIþlArIn
1 W=+IKIþlArInDA
1 W=+IrIyIþA
1 W=+IrIþIylA
1 W=+IyArlIK
1 W=+lmIþlArIn
1 W=+orInIz
1 W=+rAnI
1 W=+vICI
1 W=+yICIlArInIn
1 W=+yIrICI
1 W=+þIþlArI
1 W==Anlaþýlmaz
1 W==B
1 W==Gerekirse
1 W==Gerektiðinde
1 W==Nedense
1 W==Tanýr
1 W==X
1 W==atýklar
1 W==ettin
1 W==inceler
1 W==veriþ
1 W==Ölen
1 W==çürüme
1 W=~öldürücü
0 L1==deli
0 R2=+lAmIyorIz
0 W=+AlInIz
0 W=+þKIm
1 W=+ozAr
1 W=+yB'lIlAr
1 W==Korkarým
1 W==yakar
0 W=+AnImA
0 W=+ArþIlAþmAsI
0 W=+CIDAn
0 W=+IAnlAr
0 W=+oKDAlAr
0 W=+oKlAr
0 W==anlaþmasýna
0 W==giyecek
0 W=~adýnýz
1 W==çeker
1 L1==aramýzda
1 W=+IyrIn
1 W=+lADIKlArIm
1 W=+oKAr
1 W==atýn
0 W=+yKIlAmAlArI
0 W=+zInIz
1 W=+IlAnA
1 W=+nIþDA
1 W=+IlmAKDAn
1 L1=+ArBA
1 W=+vIrAn
1 W=+nmADA
1 W=+IrAr
1 L1=~önde
1 W=+AnAnlAr
1 W=+AmAlArDA
1 W=+CIþ
1 W=+mAsA
1 W=+lAyIB
1 W=+IyIz
1 W==olsun
1 W=+ABDI
1 W=+DIKInA
1 W=+InDI
1 W=+ACAKIz
1 W=+mIþDI
1 W=+lArAK
0 W=+AKIl L2==(
0 W=+AKIl R2=+CAKI
0 W=+lArlA R2=+InIn
0 W=+nIz R2==olsun
1 L1=<S> W=+IþInI
1 L1=<S> W=+mAsInI
1 W=+rA L1=~göz
1 W=+rImA L2=+Al
1 W=+yKIlAmAyI R2=<S>
1 W==gelir R1=+AlmAz
1 W==ödeme R1=+IKI
1 W=UCFIRST L1==En
1 W=UCFIRST W=+DIKCA
0 L1=<S> W=+DInIz
0 W=+AKIl R1=UCFIRST
0 W=+AKIl R2=+sInA
1 W=+In L1=+Am'In
1 W=+rImA L1=+AvrA
0 W=+AKIl L1=+mAyI
0 W=+AKIl L1==de
1 W=+In L2=+InIzA
1 W==yedi R1=<S>
0 W=+AKIl L1==ile
1 W=UCFIRST R1=+ol
1 W=~yemek L1=+I
1 W=UCFIRST W=+IþI
0 W=+AKIl L1=="
1 W=+AKIl R1=<S>
0 W=UCFIRST L1=+AhmAD
0 W==gelir R2=<S> L2=+n
1 W=+AKIl L1=APOS1 R1==.
0 L1=+AynImIzIn
0 L1=+BrIyI
0 L1=+CDAnI
0 L1=+IBIl
0 L1=+IlAKDAn
0 L1=+IllADIylA
0 L1=+nIClArlA
0 L1=+oKAz
0 L1=+ormsIzlIKInIn
0 L1=+vlIyA
0 L1==Haluk
0 L1==dolan
0 L1==düðüm
0 L1==ýrkýn
0 L2=+AhlIKADA
0 L2=+AnsA'DAn
0 L2=+BlIsözlAþmA
0 L2=+orImAsInI
0 L2==255
0 L2==Rumen
0 R1=+ADonIzm
0 R1=+AKArlAnDIrIlABIlAn
0 R1=+AKIBAn
0 R1=+AmBlArInA
0 R1=+AssIzlIKInA
0 R1=+oCA'nIn
0 R1==ödülün
0 R2=+ArmInolojIyI
0 R2=+DAylArDAn
0 R2=+IKDArIn
0 R2=+ImAnlIK
0 R2==adi
0 W=+AADIm
0 W=+ABADmADA
0 W=+ABAsInDA
0 W=+ABsAm
0 W=+ACAsInA
0 W=+ACIsI
0 W=+ACmIþInIn
0 W=+ADAsIn
0 W=+ADBIlIm
0 W=+ADIrKCIyIm
0 W=+AKArlAmAsInI
0 W=+AKAsInI
0 W=+AKIrmAnIn
0 W=+AKKAKDIr
0 W=+AKKInIz
0 W=+AKlAnDIlAr
0 W=+AjIm
0 W=+AlsIlAn
0 W=+AnAþmAsI
0 W=+AnIlDICI
0 W=+AnImIzI
0 W=+AnlIz
0 W=+ArCAKlArInI
0 W=+ArDAlAr
0 W=+ArIþmAsInDAn
0 W=+ArolIþ
0 W=+AsDIKIn
0 W=+AsKAn
0 W=+AvIrmA
0 W=+AvrAmA
0 W=+AyADIm
0 W=+AyImIz
0 W=+AyfAlAr
0 W=+AzAlAr
0 W=+AþmAlArIn
0 W=+AþmAmIz
0 W=+BIKlArInI
0 W=+BrAKlAr
0 W=+CIKlArInI
0 W=+DArInI
0 W=+DoKlArInI
0 W=+IDsAK
0 W=+IKIDIm
0 W=+IlAmAlArDAn
0 W=+ImAlArInIn
0 W=+IrlAþmAnIn
0 W=+IyormIsInIz
0 W=+IzBInlAr
0 W=+IþInIzI
0 W=+IþmADAKI
0 W=+KAsInA
0 W=+KIlAmAlI
0 W=+lAyIþlI
0 W=+mAnlArDAn
0 W=+mIDIm
0 W=+nDICI
0 W=+nlAyIþInA
0 W=+oKInIn
0 W=+olDIKlArI
0 W=+olDIKlArInI
0 W=+olmAyI
0 W=+orImAm
0 W=+orImAnIn
0 W=+rIþDAn
0 W=+rIþmAlArInI
0 W=+rIþmAm
0 W=+sInmIþ
0 W=+vAlAr
0 W=+öCA
0 W=+öDIlAr
0 W=+ölmA
0 W=+önmA
0 W=+örmAmIþ
0 W=+özlAþmAsInI
0 W=+öþAmAlAr
0 W=+þlADmAnIn
0 W==Kayan
0 W==SEVER
0 W==SOLMAZ
0 W==akým
0 W==alanlardan
0 W==anlaþmasýndan
0 W==aðlarýný
0 W==bakanlardan
0 W==baðýþlar
0 W==bez
0 W==daðlar
0 W==denemeler
0 W==ekþi
0 W==eþine
0 W==geleceðinden
0 W==geçikmiþ
0 W==gülüm
0 W==ilim
0 W==iyiler
0 W==iþlemeli
0 W==kalanlara
0 W==kastý
0 W==kaþýyacak
0 W==kese
0 W==kursa
0 W==köpekler
0 W==onaya
0 W==otelim
0 W==oya
0 W==oysa
0 W==sakýz
0 W==sandýklarýndan
0 W==sapma
0 W==satýcý
0 W==satýcýsý
0 W==sürmesinde
0 W==tutmanýn
0 W==utancýný
0 W==uyarlama
0 W==yandýðýný
0 W==yanýtým
0 W==yaya
0 W==yazarým
0 W==yaðmayý
0 W==yerimi
0 W==yüküm
0 W==yükünün
0 W==ÜRETEN
0 W==çap
0 W==çevirmenin
0 W==öde
0 W==þansa
0 W=~altmýþ
1 L1=+AAlA
1 L1=+Arry
1 L1=+AvIAr
1 L1==Akif
1 L1==Feti
1 L1==Kutlar'ý
1 L1==Nazým
1 L1==Yön
1 L1==fare
1 L2=+IDArlArlA
1 L2==Döner
1 L2==SUNUÞ
1 R1=+AKlAmAz
1 R1=+IDAmAm
1 R1=+þlAmlAr
1 R1==eriyor
1 R1==kurslarýna
1 R2=+AlDIKInA
1 R2=+AmAmAKDA
1 R2=+AnlIKInDA
1 R2==2004
1 W=+ABAnI
1 W=+ABIlICI
1 W=+ABIlICIlIKI
1 W=+ACAKlArDAn
1 W=+ACAKlArInDAn
1 W=+ADIþlArInA
1 W=+AKADIz
1 W=+AlArImIzIn
1 W=+AlIþlA
1 W=+AmAyAnlArDA
1 W=+AmIzIz
1 W=+AmlAD
1 W=+AnDIrICIsI
1 W=+AnIþlArDAn
1 W=+AnIþlArIn
1 W=+AnIþlArInA
1 W=+AnIþlArInDA
1 W=+AnIþlArIylA
1 W=+ArAKAnI
1 W=+ArDmACI
1 W=+AvInmAsIz
1 W=+AyDIrICIlIKI
1 W=+AyICIlAr
1 W=+AyICIylA
1 W=+AzDIn
1 W=+AzKACIn
1 W=+AzlIKlAr
1 W=+AþArAlI
1 W=+AþmAzlIKlA
1 W=+CIlA
1 W=+CIlIþlArInA
1 W=+CIþlArIn
1 W=+DArIþsIz
1 W=+DIrAnIn
1 W=+DIþlArIylA
1 W=+DsIzlAr
1 W=+IDArsAn
1 W=+IDICIlArI
1 W=+IKImIn
1 W=+IKIþlArInIn
1 W=+IKrAD
1 W=+IllArlAr
1 W=+IlsAlArDI
1 W=+ImAnIm
1 W=+InDAnIm
1 W=+IrAKIrlAr
1 W=+IrD
1 W=+IrIþlA
1 W=+IvAyIn
1 W=+IþDIn
1 W=+IþInIz
1 W=+IþIrICI
1 W=+IþlIKIm
1 W=+IþlIKlArI
1 W=+KAnCIlAr
1 W=+KIþlArIylA
1 W=+hB'lIlAr
1 W=+lAnlArCA
1 W=+lmAnDA
1 W=+mIþlArDAn
1 W=+nIDIn
1 W=+nIþIylA
1 W=+nIþlA
1 W=+nIþlArInIn
1 W=+orICI
1 W=+orKAr
1 W=+rADICIlArI
1 W=+rADICIlArIn
1 W=+rADIn
1 W=+rAyIþA
1 W=+yICIyA
1 W=+ömAn
1 W=+þIDlAr
1 W==Artan
1 W==Açýlýþ
1 W==Bilinmez
1 W==Demokratikleþmeyi
1 W==Dilerim
1 W==Gelenler
1 W==Gereken
1 W==Geç
1 W==Gidip
1 W==Kurmaca
1 W==Savaþan
1 W==Söylemezler
1 W==Um
1 W==Yazan
1 W==Yürüyüþ
1 W==besle
1 W==eminiz
1 W==girdin
1 W==karýþma
1 W==kes
1 W==kurtul
1 W==olanlarda
1 W==sat
1 W==sil
1 W==soyun
1 W==soðuklar
1 W==uman
1 W==zanlýlar
1 W==üreticilerinden
1 W=~tanýþma
0 L1=+yInCIlArI
0 R1=+AlDIrDI
0 R1=+AsDAlIKlArI
0 R1=+AssIzlIKInI
0 W=+ACInIz
0 W=+AnImIz
0 W=+AylAr
0 W=+CIKInIz
0 W=+rlArIm
0 W=+þInlAr
0 W==BASIN
0 W==ulu
1 L1==er
1 R2=+AmAmI
1 W=+lAyAnlArlA
1 W==Olmaz
1 W==kurun
1 W==ödeyin
0 L1=+ArIm'In
0 R1=+DImsAr
0 R1=+DIþlAr
0 W=+ArlArlA
0 W=+AvrADAn
0 W==Burdur
0 W==hayalim
0 W==tutar
0 W==yayýlmasý
0 W=~bildik
0 W=~dersin
1 R1==güle
0 L1==yeþil
0 R1=+ABmAyACAK
0 W=+ArInIzDA
1 L2=+orKI
1 R2==olanlarý
1 W=+IþIrIm
0 W=+ArInIzA
1 R2=+AKKInIzDA
0 W=+öylAmA
0 W==birleþme
0 W==Ýnceleme
1 L1==ý
1 R1=+DIrA
1 R1==Dair
1 R1==geç
1 R2=+yAv
0 W==ADANA
0 W=+ArInIzI
1 W=+DIKlArInIzI
1 W=+IDA
1 W=+IrAnA
1 L2=+mIþDIm
0 W=+sDIm
0 W==Yeter
1 L2==cep
1 R1=+sDAmAz
1 W=+lAnInCA
1 W=PERIOD1
1 W=+AsAK
0 W=~üstün
1 L1==kan
1 W=+AnIlmAz
0 W==deðer
1 L1==harekete
1 W=+yKAn
1 W=+sInlAr
1 W=+zsA
1 W=+DIKInDAn
1 W=+mAyACAKI
1 W=+IyorsA
1 L1==hale
1 W=+nIB
1 L1=+InDAmA
1 W=+CDI
1 W=+IrIB
1 W=+ArIlAn
0 W=~eðer
1 W=+IrACAK
1 W=+DIrAn
1 W=+KDI
1 W=+IyorlAr
0 L1=<S> R1==Cuma
0 L1==hale R2==o
0 W=+ACAKlArI R1=+nIsInDA
0 W=+ACAr R2=+A
