** Message: $Id: dlist.c,v 2.10 2004/10/28 16:46:53 dyuret Exp $
** Message: ==> READING
** Message: Reading data from stdin (1 dot = 10000 instances)

** Message: Read 2173 instances.
** Message: ==> TRAINING
** Message: Training on 1428 instances (1 dot = 100 rules)
.
** Message: Got 11 rules out of 20917 candidates.
** Message: Training set performance:
** Message: nrules:	corr:	incorr:	percent:
** Message: 11	1428	0	100.00%
** Message: ==> VALIDATION
** Message: Validating on 387 instances (1 dot = 1000 instances)
.
** Message: Best number of rules to use: 5
** Message: nrules:	corr:	incorr:	percent:
** Message: 5	384	3	99.22%
** Message: 11	384	3	99.22%
** Message: ==> TESTING
** Message: Testing on 358 instances (1 dot = 1000 instances)
.
** Message: nrules:	corr:	incorr:	percent:
** Message: 5	357	1	99.72%
** Message: 2	357	1	99.72%
** Message: 1	335	23	93.58%
** Message: ==> WRITING
** Message: Wrote 5 rules to stdout.
