1
0 W=+oKlI
0 W=+llI
0 W=+A
0 W=+lIm
0 W=+mAlI
0 W=+mAlIDIr
0 W=~ünlü
0 W=+n
0 W=~türlü
0 W=~sürekli
0 W=+IK
0 W==ilgili
1 W==ilgili L1==ile
0 W=~gizli
0 W=+Iz
0 W=+AyIlI
0 W=+oBlI
0 W=+IlIlArI
0 W=~emekli
0 W=~mutlu
1 W=APOS1
0 W=~yerli
0 W=+lImI
0 W=+ADKIlI
0 W=+KIlIlAr
0 W=+ImlIsI
0 W=~batýlý
0 W=+KI
0 W=+nI
0 W=+KIlIsI
0 W=+nlIsI
0 W=+AvKIlI
0 W=+AzIlI
0 W=~canlý
0 W=+öKlI
0 W=~sözlü
1 W=+ollI
0 W=~nolu
1 W=+rlIlIK
0 W=~rahmetli
0 W=+rDIlI
0 W=+IDArlI
0 W=~doðulu
0 W=~evli
1 W=+AvlIlArInIn
0 W=+IrAlI
1 W==ilgili R1==bir
0 W=+AllIDIr
0 W==ýlýmlý
0 W=~tatlý
0 W=~uslu
0 W=+AyIrlI
0 W=+o'lI
1 W==akýllý
0 W=+DIlIlAr
0 W=+öylI
1 W=+AIllI
1 W=+AnzIllI
1 W=~sakallý
1 L1==olayla
1 W=+þAmAlI
0 W=+AKIlI
0 W=+ArIKAlIlAr
0 W=+AyAnIKlI
0 W=+ImlIlArI
0 W=+lvArIþlI
0 W=+mAKlIlArI
0 W==Daðlý
0 W==saklý
0 W=~sarýklý
0 W=~denizli
0 W=+mAlIlAr
1 W=+KlIlIKI
1 W==ilgili R1=+nI
0 W=+oþIlI
0 W==içli
1 W=+rDIlI W=UCFIRST
0 W=+AIlI
0 W=+ArCAlI
0 W=+nlIlArI
0 W=~diþli
1 W=+AnDIrAlI
1 W=+ArArlIlIKInI
1 W=+ArKlIlIK
1 W=+sIllI
1 W==sýralý
1 W=+rlIlIKI
0 W=+mAlIyDI
0 W=+AAlI
0 W=+ADolI
0 W=+AsIKAlI
0 W=+orImlIlIKlArI
0 W==Aslý
0 W==sicili
0 W==yanlý
0 W=~tuzlu
0 W=~özlü
1 W=+AvlIlArIn
1 W=+CIllI
1 W=+KlIyIz
1 W=+lIysA
1 W=+ormAlI
1 W=+rlIlIKDAn
1 W=+rlIlIKIn
0 W==masalý
1 W=+n L1==en
0 W=+AKIþIKlI
0 W=+AlIyIm
0 W=+ArDIrlI
0 W=+CrADlI
0 W=+Ds'lI
0 W=+ImDIr
0 W=+IrlIlAr
0 W=+KIrlI
0 W=+orImlIlIKlAr
0 W==Serhadlý
0 W==alaylý
0 W==hükümlü
0 W==misli
0 W==mutluyum
0 W==sorumludur
0 W==Þiþli
0 W=~tekeli
0 W=~yatýlý
0 W=~özürlü
1 L1==hayat
1 W=+ADlIlArA
1 W=+AhAlIyA
1 W=+AvlIlArInA
1 W=+AvlIsInI
1 W=+AvlIsInIn
1 W=+AþIDlIlIKI
1 W=+BAlIlArIn
1 W=+IKImlIlIKlArInI
1 W=+KIlAmAlI
1 W=+rAKlIlIK
1 W=+rlIlIKlA
1 W==abartýlý
0 W=+IlIDIr
0 W=+InAnlI
0 W==üniversiteli
1 W=+ArmAlI
1 W==almalý
1 R1=+CInIn
1 W=~etmeli
1 W==ilgili L2==Susurluk
1 W=+mAlI R1=+K
0 L1==G.
0 L2==ödemesi
0 R1=+lAr'In
0 R1=+öyInDA
0 W=+AnBIllIlArI
0 W=+CI
0 W=+IKIm
0 W=+oDAlI
0 W==Haçlý
0 W==Kýymetli
0 W==belliydi
0 W==ünlüler
0 W=~emekliler
0 W=~köylüler
1 L1==maç
1 R1=+AþDIrIlArInA
1 W=+ADlIlIK
1 W=+AKKIllI
1 W=+AKlIlIKInIn
1 W=+AKlIsInIz
1 W=+AlIlArDAn
1 W=+AlIlArInIn
1 W=+AmAllI
1 W=+AmlIlIK
1 W=+AmzAlIm
1 W=+ArArlIyIz
1 W=+ArImlIlIK
1 W=+AvlIsIylA
1 W=+ClIlArA
1 W=+ClIlArIn
1 W=+DIllI
1 W=+IKorDAlInIn
1 W=+InlIlArIn
1 W=+KlIlIKInDAn
1 W=+mIDlIyIz
1 W=+nlIlArA
1 W=+omAlI
1 W=+þlIlIKI
1 W==imalý
0 L1==Rýza
1 L1=+AyADlA
1 L1=+IK'lA
1 R2==çeken
0 W==Mýsýrlý
0 W==Yaþlý
1 L1=+BrIs'lA
1 R2=+IsIn
0 L1==Ahmet
0 W=+AlIDIrlAr
0 W=+llIlAr
1 L2=+IyAh
1 R1=+CIlArIn
0 L1=~konuyla
1 W=+IK L1=+Il
1 W=+n L2=+IlA
1 W=+n R2=+AKIm
1 W==ilgili R1==þu
0 L1==Cuma
0 L1==Murad
0 L2=+lonyAlIlAr
0 L2=+smInI
0 R2=+AþIlAn
0 R2=+IlIKDAn
0 R2=~çiçek
0 W=+AfAlIlAr
0 W=+AlArI
0 W=+AnDrAlI
0 W=+ArBIyAlI
0 W=+AyIrlIsI
0 W=+DArlIlIK
0 W=+DoDIlI
0 W=+IKzAKlI
0 W=+IlInDI
0 W=+IlInmIþ
0 W=+ImlIyIm
0 W=+IrKlArAlI
0 W=+IþlIlAr
0 W=+fyAlIlAr
0 W=+mAKlIlIKI
0 W=+mAKlIsI
0 W=+mAnlIlAr
0 W=+orImlIlAr
0 W=+ylIlArI
0 W=+ylIsI
0 W==Bilgili
0 W==Gýli
0 W==Halkalý
0 W==Paralý
0 W==Sakalý
0 W==Tokatlý
0 W==aðdalý
0 W==canlýlar
0 W==hikahlý
0 W==kanalý
0 W==uyarlý
0 W==ölümlü
0 W=~gönlü
0 W=~kafalý
0 W=~kutlu
0 W=~zanlýlar
1 L1=+ACIrIlmAsIylA
1 L1=+Aþ'I
1 L1=+BI'nDA
1 L1=+IClArIylA
1 L1=+In'lA
1 L1=+vIz
1 L1=+ylArIylA
1 L1==Bunlarla
1 L1==dünkü
1 L2=+DAKA
1 L2=+IþIsAl
1 L2==Eðitim
1 L2==baþka
1 R1=+ABIyADIn
1 R1=+AyAnlArI
1 R1=+IrImlArInA
1 R1=+KIrI
1 R1=+orIsI
1 R1==ermiþ
1 R2=+AzlAlAr
1 R2=+DIB
1 R2=+lDIK
1 R2=+vAsI
1 R2==siz
1 W=+ADAllI
1 W=+AIllIlArIn
1 W=+AfAhlInIn
1 W=+AlIDAn
1 W=+ArKlIlIKIn
1 W=+ArlICA
1 W=+ArlIlIKInIn
1 W=+AvlIlArCA
1 W=+AþlIlArIn
1 W=+BAlIlArA
1 W=+ClInIn
1 W=+ClIsInA
1 W=+IKlArInDAn
1 W=+nAmAlI
1 W=+rAKlIlArIn
1 W=+rAnlIlArIn
1 W=+þlIlIK
1 W==ballý
1 W==baþörtülü
1 W==iþlemeli
1 W==çekiþmeli
0 L2=+ImAyA
1 L1=+nlArIylA
1 L1=+þlA
