1
0 W=~yolsuzluk
0 W=+IzIn
0 W=+IvAnsIzlIK
0 W==yolsuzluðu
0 W=~hýrsýzlýk
0 W=+hAsIz
0 W=~yersiz
0 W=+olsIzlIKlAr
0 W==asýlsýz
0 W=+CImAsIz
0 W=+ArIn
0 W=+AlIKsIz
0 W=+CImAsIzCA
0 W=+IDIKsIz
0 W=+InIrsIz
0 W=+lsIzlIKlArlA
0 W=+AmAnsIz
0 W=+lsIzlIKA
0 W==hýrsýz
0 W==telsiz
0 W=~mutsuz
0 R1=+ACmAK
0 W=+IrsIzlArI
0 W=+IrsIzlIKA
0 W=+lsIzlIKlA
0 W==hýrsýzlýðý
0 W=~dilsiz
0 W=~eþsiz
0 W=+IDsIzlIKI
0 L2=+ArDIlArDA
0 L2=+BIK
0 W=+AnsIzlIKlArInI
0 W=+AyIDsIz
0 W=+AyIDsIzlIK
0 W=+AyIDsIzlIKlA
0 W=+IDsIzlIKInI
0 W=+IlsIzDIr
0 W=+lsIzlIKlArDAn
0 W=+lsIzlIKlArI
0 W=+lsIzlIKlArIylA
0 W=+olsIzlIKIn
0 W=+sAsIz
0 W==mutsuzluk
0 W=~hýrsýzlar
