0
1 W=+DIr
1 W=DIGIT0
1 W=~yüzde
1 W=+yDI
1 W=+AnlAr
1 W=+sInDA
0 W=+AKDADIr
1 W=+sI
1 W=+AnlArIn
0 W=+mAlIDIr
1 W==vardý
1 W=+orInDA
0 W=+mAsI
1 L2==Sarý
1 W=+oKsA
0 W=~bakanlar
0 W=+.00'DA
1 W=+DArKAn
1 W=+AyIz
1 W=+ArþIyA
1 W=+AnlArA
1 W=+oKDI
1 W=+yIm
1 W=+yKAn
1 W=+IlArIn
1 W=+DIyA
1 W=+IlyonA
1 W=+lIlAr
0 W=+KIlIlAr
0 W=+oyDI
1 W=~faili
1 W=+IsInA
0 W=+orImlIsI
0 W=+AmAnlAr
1 W=+IlArA
1 W=+CAyA
1 W=+CIKA
1 W=+KCAyI
1 W=+IKDI
0 W=+KIlIsI
0 W==ötesinde
1 W=+IysA
1 W==geride
0 W=+IlIlArIn
0 W=+AlIþAnlArA
1 W=+AvlIlArI
1 W=+IDI
1 W=~diðerleri
1 W=+KArKAn
1 W=+IzDI
1 W=+lAysA
1 W==genelinde
1 W==öncesine
1 W=+KDAn
0 W=+ACAsI
0 W=+ylAsI
1 W=+þInDAKI
1 W==geriye
1 W==varken
1 W=+AnlArlA
1 W=~diðeri
1 W=+ymIþ
0 W=+AlIþAnlAr
1 W=+lKI
1 W=+mDI
1 W=+yAnlArI
1 W==bine
1 W=+AnlArDAn
1 W=+ADArI
1 W=+IlyonI
1 W=+InDAlAr
1 W=~pilsen
0 W=+ACAKlArDIr
1 W=+CAnIn
0 W=+AlIþAnlArIn
0 W==kaydý
1 W=+lAsInI
1 W==olanlarý
1 W=+AKIlAr
1 W=+AsInIz
1 W=='
1 W=+CArKAn
1 W=+CIKI
1 W=+KKAn
1 W=+mAKDI
1 W=+mInIm
1 W=+DAnsA
0 W=~bakanlarýn
1 W=+AþKAlArInA
1 W=+CIKInIn
1 W=~ikiye
1 W=+sIzlAr
0 W=+lIKDAn
1 W=+IsInI
1 W=+AnA
0 W==alana
1 W=+ABArInDA
1 W=+ADArIylA
1 W=+AvlIlArInIn
1 W=+yIyA
1 W=~olaný
1 W==varmýþ
0 W=+AmAyIz
1 W=+yDIlAr
0 W=+sDArKAn
1 W=+AlIrKAn
1 W=+AsIlAr
1 W=+AyDIK
1 W==binden
1 W=+sIzA
0 W=+ArsInDA
0 W==alanlar
0 W==dersi
0 W=~acýsý
1 W=+IyIKI
1 W=+nAnlArI
1 W==Asliye
1 W==bini
1 W=~üçü
0 W=+ACAKDIr
1 W=+IlyonlAr
1 W=+IyI
0 W==Doðrusu
1 W=+AKIlArI
1 W=+ArsInI
1 W=+AþKAlArInIn
1 W=+BI
1 W=+DAnlArI
1 W=+IrAnlArI
1 W=+IzIz
1 W=+rDAysA
1 W=+InIrKAn
1 W=+oþDAn
1 W==yokmuþ
1 W==üçte
1 W=+IrDA
0 W=+CIsInI
1 W=+DsIn
1 W==kurulmuþ
1 W==sonraki
0 W=+ArDIlIlAr
0 W=+ArKIlArIn
1 W=+ArþIyIz
1 W=+AyBInA
1 W=+BIlAr
1 W=+CIKlArI
1 W=+IfDIn
1 W=+InDADIrlAr
1 W=+IyIKlArI
1 W=+KIsInIn
1 W=+KrIlArI
1 W=+orIylA
1 W=+yArKAn
1 W=+zAKDA
1 W==gelenleri
1 W=+fDI
1 W=+mAzDAn
0 W=+mAlIlAr
1 W=+lIlArDAn
0 W==sonraki L1=+A
0 W=+ACAKDAn
0 W=+ArIKAlIlAr
0 W=+BAyIm
0 W=+mIþDIr
0 W=+sAsI
0 W==anlatýr
0 W==duydu
0 W==düþünceye
0 W==ötesi
1 W=+ABArInDAKI
1 W=+ADArInI
1 W=+ADArKI
1 W=+ADIz
1 W=+AhKImlArIn
1 W=+ArIhInDAKI
1 W=+AzIrIm
1 W=+AþKAlArInI
1 W=+CAsInDAn
1 W=+DAyDIm
1 W=+DlIyIz
1 W=+mIþlArIn
1 W=+nrAsInI
1 W=+sDInDAKI
1 W==sakinleri
1 W==üçlü
0 W=+oymIþ
1 W=+DAKInI
1 W=+IsInDAn
0 W=+mAlIyDI
0 W=+AKAnlArA
0 W=+öylIlAr
0 W=~bakana
1 W=+'lIlArI
1 W=+AnIlIrlIKInI
1 W=+AnKInlAr
1 W=+AyAnIn
1 W=+AyIBlArA
1 W=+AyIBlArI
1 W=+AþDA
1 W=+AþKAlArI
1 W=+AþKAsInA
1 W=+AþKAsInIn
1 W=+CIKInI
1 W=+CIzA
1 W=+ClIlArI
1 W=+DAnI
1 W=+IKArlArInDAn
1 W=+IlAnlArI
1 W=+IlyArlAr
1 W=+InlArA
1 W=+IyIKlArIn
1 W=+KIrKAn
1 W=+nDAysA
1 W=+nKInDAn
1 W==aydýnlar
1 W==binin
1 W==bire
1 W==güzeli
1 W==karþýmýza
1 W==zora
1 W==zoru
1 W=~ikimiz
0 W=+mAnlArDAn
0 W=+zAnA
0 W==alanlara
0 W==edeyim
0 W==nedenler
0 W=~planlar
0 W=~ulusu
1 R1=+fAKlI
1 W=+AIllArI
1 W=+AKIzA
1 W=+AfIKI
1 W=+AhDAKArlAr
1 W=+AlInDAKI
1 W=+AnAnIn
1 W=+ArDAnIz
1 W=+AsIlArI
1 W=+AvlIsInIn
1 W=+AyDInIz
1 W=+AyIBlAr
1 W=+AyhDArI
1 W=+CAsInIn
1 W=+CIKIn
1 W=+CInsA
1 W=+DInlArI
1 W=+ICAKI
1 W=+ICAlArI
1 W=+IKsA
1 W=+IlAnI
1 W=+IlArDI
1 W=+IlyArA
1 W=+IlyonlArIn
1 W=+InCIsInI
1 W=+InDAsIn
1 W=+IrKCAm
1 W=+IyIKlArA
1 W=+IþlIKI
1 W=+lDIlI
1 W=+mAKsA
1 W=+nKInA
1 W=+oKrIyA
1 W=+sAKDI
1 W=+yDInIn
1 W=+yIlAr
1 W=+önArKAn
1 W==%
1 W==olanýn
1 W==zordu
1 W==üçe
1 W=~binde
1 W=~ikide
0 W=+ImlIlAr
1 W=+InDAnDI
1 W=+lIDAn
0 W=+rAyIm
1 W=+lAsIn
1 W=+'DI
0 W=+ACmAnA
0 W=+AKDAyIz
0 W=+InDIlArIn
0 W=+mAKlIlArIn
0 W==Bayýndýr
0 W==acýyý
0 W==kalanlarýn
0 W==tabana
0 W==zamanlarýn
0 W==Çeçenler
0 W==ünlülerin
0 W=~acýlarýn
0 W=~alanlarýn
0 W=~emekliler
0 W=~sularýn
1 L1=~baþýnýn
1 W=+'lInIn
1 W=+ACAnlArI
1 W=+ADArInIn
1 W=+ADIDAn
1 W=+AImlAr
1 W=+AKIþAnI
1 W=+AKlIDIrlAr
1 W=+AfIfA
1 W=+AnlIsInIn
1 W=+AnzArlArInIn
1 W=+ArþImIzDA
1 W=+AyAzlArIn
1 W=+AyBInI
1 W=+AzIrIz
1 W=+BInIn
1 W=+BlImIz
1 W=+CIKDA
1 W=+CIKlArInI
1 W=+CIKlArInIn
1 W=+CIyIz
1 W=+ClInIn
1 W=+DInInI
1 W=+IBDI
1 W=+ICAKInA
1 W=+IKArInA
1 W=+IKsAKA
1 W=+IlIyIz
1 W=+IlyArI
1 W=+IlyonDA
1 W=+IlyonDAn
1 W=+IlyonIn
1 W=+ImDAlAr
1 W=+InCIlAr
1 W=+IrlIKI
1 W=+IzAlDI
1 W=+IzmIþ
1 W=+IþlIKDAn
1 W=+hIllAr
1 W=+lAlArI
1 W=+llArA
1 W=+nAnI
1 W=+nlArDI
1 W=+nrAsInA
1 W=+nsAnIz
1 W=+sAllArIn
1 W=+sIyIz
1 W=+yAnI
1 W=+yKInDI
1 W=+ysAnIz
1 W=+zlArA
1 W==atýklar
1 W==atýklarýn
1 W==diðerlerinin
1 W==yerken
1 W==yeterlik
1 W=~temelidir
1 W=~temize
1 L2=+rDIKImIz
0 W=+AKsAnDIr
0 W=+IlIlArA
1 W=+AlArDI
1 W=+ArlIyIz
1 W=+nKAn
1 W=+AnDAn
0 W==alandan
0 W=+DsIn R1=<S>
0 W==sonraki L1=+Ir
0 W=+IsInI L1=<S>
0 W=+AKlIlArA
0 W=+AhrAmAnlArlA
0 W=+AlIyIm
0 W=+AvAnA
0 W=+AþKAnA
0 W=+CIsInA
0 W=+IAnlArIn
0 W=+ImlIlArIn
0 W=+InIysA
0 W=+IþsInIzDIr
0 W=+nmAyIz
0 W=+oKDAnDIr
0 W=+oyDIlAr
0 W=+rKAnDAn
0 W==AKTAN
0 W==Doðruyu
0 W==Karþýsýnda
0 W==alanlardan
0 W==aratýr
0 W==deneyim
0 W==oranlarýn
0 W==ünlüler
0 W==ünlüsü
0 W=~kalanlar
0 W=~oranlar
1 L1=+onDIrICI
1 L2==anlayýþý
1 R1=+IyIKlI
1 R1==yediye
1 R2==Herkesin
1 W=+'ysA
1 W=+ACI
1 W=+ADsAvArlArIn
1 W=+AIlIn
1 W=+AKlArDAsIn
1 W=+AKlIsInIz
1 W=+AhAlIyA
1 W=+AhAllInDA
1 W=+AhIBsAn
1 W=+AlAnlArDA
1 W=+AmAlArI
1 W=+AmnInIm
1 W=+AmnInIz
1 W=+AnlArIz
1 W=+AnzArlArI
1 W=+ArADDI
1 W=+ArAKAnI
1 W=+ArIKAlAr
1 W=+ArIyIz
1 W=+ArþIDlArI
1 W=+AsAlI
1 W=+AvlIlArInI
1 W=+AþA
1 W=+AþAnI
1 W=+AþI
1 W=+AþKAlArIylA
1 W=+AþmAlIyA
1 W=+BA
1 W=+BIlArI
1 W=+BIrI
1 W=+BIrIKlI
1 W=+CADAKI
1 W=+CIKlArInDA
1 W=+CIsIn
1 W=+DDA
1 W=+IKArInIn
1 W=+IKDAlAr
1 W=+IKIyA
1 W=+IKlArlA
1 W=+IfDInIn
1 W=+IfDlArIn
1 W=+IllArlAr
1 W=+ImKInDI
1 W=+InKI
1 W=+IrKInDI
1 W=+IyAhlArIn
1 W=+IyArlIK
1 W=+IyIKlAr
1 W=+IyIKlArInDAn
1 W=+IzDIK
1 W=+KAnDI
1 W=+KInDAKI
1 W=+KIrsIzI
1 W=+lKIlIsInIz
1 W=+msArIm
1 W=+nmIþlIK
1 W=+nrADA
1 W=+nrAlArI
1 W=+nrAsInIn
1 W=+nrAyA
1 W=+rAnI
1 W=+sArKAn
1 W=+yDInI
1 W=+zKInDI
1 W=+örDI
1 W==Varsa
1 W==diðerleriyle
1 W==geneline
1 W==içindi
1 W==katýndaki
1 W==olanlarda
1 W==varým
1 W==yanlýlarý
1 W==yüzlerini
1 W==ötekine
1 W=~diðerlerini
1 W=~varsýn
1 W=~üçünün
1 W=+lInsIn
1 W=+nsInIz
0 R1=UPPER2
1 W=+AlA
1 W=+IlAnIn
1 W=+AmAnlAr L1=="
0 L1=+ArþIDAKI
0 L1==Kur
0 L2=+IsIr'DA
0 L2==Sýrlar
0 W=+ABAnDAn
0 W=+ACmAnDAn
0 W=+AKAyIm
0 W=+AKDAyIm
0 W=+AKKAKDIr
0 W=+AhrAmAnlArA
0 W=+AlAnlArDAn
0 W=+ArDImAnlAr
0 W=+AvlIDhAnlAr
0 W=+AyIlmAyIz
0 W=+DlADIr
0 W=+IAnlAr
0 W=+IlIlArDAn
0 W=+IlIsInA
0 W=+IlllIlAr
0 W=+InAyIm
0 W=+IyAyIm
0 W=+IþlIlAr
0 W=+IþsInDIr
0 W=+lKIlArIn
0 W=+mAKlIsI
0 W=+mAnlIlAr
0 W=+sDAsI
0 W=+ylIsI
0 W=+öylIlArIn
0 W=+þAKIlArA
0 W=+þAyIm
0 W=+þlADIr
0 W==Bastýr
0 W==DOÐRUSU
0 W==bakanlardan
0 W==canlýlar
0 W==giymiþ
0 W==hýrsýzlar
0 W==kaymýþ
0 W==ulusunu
0 W==uzatýr
0 W==yaratýr
0 W=~düzeltir
0 W=~erenler
1 L1=+AKDI
1 L1=+ArCAKIylA
1 L1=+AvrAsInDAKI
1 L1=+CIKlArInDA
1 L1=+KIlIm
1 L1=+rAvInDAn
1 L1==Aþýrý
1 L1==aldýrma
1 L1==bizler
1 L1==fare
1 L1==irili
1 L1==müdür
1 L1==varýný
1 L2=+ADAnImIz
1 L2=+AKIsDAnlIlArDAn
1 L2=+AKIþDIrIrsA
1 L2=+AnIzIn
1 L2=+AsIr
1 L2=+IrIyA'DA
1 L2=+mlAnmADAn
1 L2==7.
1 L2==Mesleði
1 L2==Tabi
1 L2==onay
1 R1=+IDsA
1 R1=+oyDI
1 R1=+yIyA
1 R1==and
1 R1==atandý
1 R1==bicili
1 R1==prime
1 R2=+AmIþlAr
1 R2=+AnlArCA
1 R2=+DIKlArImIz
1 R2=+lIllArI
1 R2=+nAlInI
1 R2=+nAmInDAKI
1 R2==1.5
1 R2==derlerse
1 W=+'Iz
1 W=+'mIþ
1 W=+'sA
1 W=+0
1 W=+ACAnI
1 W=+ACAnlA
1 W=+ACBIrDIrlAr
1 W=+ACzIBlAr
1 W=+ADAlAr
1 W=+ADArIn
1 W=+ADlAKlAr
1 W=+ADsA
1 W=+AIrDI
1 W=+AKADDI
1 W=+AKArA
1 W=+AKDAysA
1 W=+AKDInIz
1 W=+AKDIrlAr
1 W=+AKIlArDAn
1 W=+AKKIrIz
1 W=+AfIllAr
1 W=+AhIBsAnIz
1 W=+AhImI
1 W=+AhlArA
1 W=+AhlArDAn
1 W=+AlAlInDA
1 W=+AlIlArInIn
1 W=+AlImDAysAm
1 W=+AlIsIylA
1 W=+AmAyAnlArDA
1 W=+AmI
1 W=+AmrIDlArIn
1 W=+AnIKlAr
1 W=+AnKICDI
1 W=+AnKInlArIn
1 W=+AnlArDAnDI
1 W=+AnlArDAnIm
1 W=+AnlArsA
1 W=+AnlIlArInDAn
1 W=+ArAKlIlArI
1 W=+ArBAsDIz
1 W=+ArBIþDI
1 W=+ArIlIsIn
1 W=+ArInsA
1 W=+ArIsInIn
1 W=+ArKAmAlIlAr
1 W=+ArKAzInDAKI
1 W=+ArþImDA
1 W=+AsIDDI
1 W=+AsIKI
1 W=+AsImsA
1 W=+AvADlIlArI
1 W=+AvKDI
1 W=+AvlIlArInA
1 W=+AvrIlDIK
1 W=+AyAzlArI
1 W=+AyBImIz
1 W=+AyIKIylA
1 W=+AzArDI
1 W=+AzArKAn
1 W=+AzlAsInIn
1 W=+AþIz
1 W=+AþKAlArInDAn
1 W=+AþKAsInDAn
1 W=+AþlA
1 W=+BIrA
1 W=+BIyIz
1 W=+CAmIz
1 W=+CAmIzA
1 W=+DAKDI
1 W=+DAlInIn
1 W=+DAþDI
1 W=+DIDA
1 W=+DIKInDAn
1 W=+DInlArIn
1 W=+DInlArInDAn
1 W=+DmIþlI
1 W=+IBArDI
1 W=+IBsIn
1 W=+IDInI
1 W=+IDInIn
1 W=+IKArAnIn
1 W=+IKArInDA
1 W=+IKArInIz
1 W=+IKlArIylA
1 W=+IKolojIKmIþ
1 W=+IfADmIþ
1 W=+IflArA
1 W=+IlKAn
1 W=+IllArDI
1 W=+IlyArlArDAn
1 W=+IlyonlArA
1 W=+IlyonlArI
1 W=+ImAnIm
1 W=+ImlArsA
1 W=+InAysA
1 W=+InCI
1 W=+InCInIn
1 W=+InCIyA
1 W=+InIKlAr
1 W=+IrDAyA
1 W=+IrIyA
1 W=+IrIyDIm
1 W=+IrKCAlArI
1 W=+IrKCAlArInIn
1 W=+IrKCAylA
1 W=+IsDAn
1 W=+IsKInlArI
1 W=+IyIKlArDAn
1 W=+IyIKlArInI
1 W=+IyIKlArInIn
1 W=+IzDAysA
1 W=+IzsIn
1 W=+KAKDI
1 W=+KlIyIz
1 W=+fIz
1 W=+hIllArIn
1 W=+lADAnIn
1 W=+lAlArInI
1 W=+lAnlA
1 W=+lAnlArCA
1 W=+lIyDIm
1 W=+lKlArA
1 W=+lKlArI
1 W=+mAKmIþ
1 W=+mAlDA
1 W=+mAlIlArlA
1 W=+mAlIm
1 W=+nDIrlAr
1 W=+nInDI
1 W=+nIþsIn
1 W=+nsAnDI
1 W=+olArKAn
1 W=+orInIz
1 W=+orKInI
1 W=+sAlIm
1 W=+sAllArI
1 W=+sIzDIlAr
1 W=+slInI
1 W=+yAnlA
1 W=+zAKDI
1 W=+zArAyIm
1 W=+zKInIz
1 W=+örDA
1 W=+þIDlAr
1 W==Taþar
1 W==aitti
1 W==açýðýnýz
1 W==delileri
1 W==düþebilir
1 W==düþeni
1 W==gündü
1 W==ikimizin
1 W==iyileri
1 W==iyiyiz
1 W==karþýlarýnda
1 W==rahatým
1 W==sakinlerinin
1 W==saðýrlar
1 W==teki
1 W==toklar
1 W==varýmýzý
1 W==yoklarý
1 W==üçten
1 W=~hoþuna
1 W=~ikiniz
1 W=~piþmaným
1 W=~sensin
1 W=~takýmýz
1 L1=+AsKIn
1 L1=+ymAsI
1 L1==300
1 L1==asgari
1 L1==grubu
1 L1==önde
1 W=+AmmAlDI
1 W=+nCDI
1 W==Gürüz
0 W==duymuþ
1 L2==Kýrmýzý
1 L2==vakit
1 R2=+lIsIn
1 W=+sAllAr
1 W==yüze
1 L2==RP'ye
1 R2=+'lIlArIn
0 R1=+þIm
0 W=+IlAnIn R2=+A
0 W=+IsInI R2=+C
0 W=+lAsIn R1=<S>
0 W=+lIlAr R1==zaten
0 W==kurulmuþ L1=+zArInA
1 W=+.00'DA L1==-
1 W=+AKDADIr L1=+Il
0 W=+yIm L2==)
0 L1=+ABACAvrA
0 L1=+AKlArImIzA
0 L1=+AlDICImIz
0 L1=+AlIKlICArmIK
0 L1=+AmADsIz
0 L1=+AmAzlIKI
0 L1=+AmIzlAmAz
0 L1=+AnArAl'In
0 L1=+AnmAlArInDAn
0 L1=+AorK
0 L1=+ArDAsIlAr
0 L1=+ArKAmIzDA
0 L1=+ArörIsDlArlA
0 L1=+AþhIs
0 L1=+BIrImIzIn
0 L1=+DAyIz
0 L1=+DIKrArInI
0 L1=+DlAsInI
0 L1=+IlAKlArI
0 L1=+IrICA
0 L1=+osyADAnIn
0 L1=+yImIn
0 L1=+öBB
0 L1==190'ý
0 L1==1950'de
0 L1==Alan
0 L1==Aþýk
0 L1==Cape
0 L1==KALANLAR
0 L1==KARAR
0 L1==Pi'ye
0 L1==Ruslarý
0 L1==Senin
0 L1==Temenni
0 L1==Tunelar
0 L1==Yerdeki
0 L1==alýrsa
0 L1==aþamaya
0 L1==belki
0 L1==daðýlmaya
0 L1==der
0 L1==odasýný
0 L1==olsaydý
0 L1==oranlar
0 L1==paye
0 L1==tokat
0 L1==uçarken
0 L2=+ADDIKInA
0 L2=+ADmAnI
0 L2=+AIrA
0 L2=+AKlIyorIzDIr
0 L2=+AlAnCIlArIn
0 L2=+AlAnCIyA
0 L2=+AlAvrACI
0 L2=+AlKrAD
0 L2=+AmIlI
0 L2=+AmlIn'A
0 L2=+AnDIKlI
0 L2=+ArDIBIn
0 L2=+ArörIn
0 L2=+AyKAlI
0 L2=+AzolAr
0 L2=+BIl'lA
0 L2=+BIlI
0 L2=+DlAnyA
0 L2=+IllArlA
0 L2=+ImlIKIm
0 L2=+IrIþDA
0 L2=+IþDArIylA
0 L2=+nIlArInDA
0 L2=+nlADIm
0 L2=+oDAlAr
0 L2=+osDInIn
0 L2=+rADAnA
0 L2=+rIþArAK
0 L2=+rmAnlArDA
0 L2=+yIDIr
0 L2=+öþKlArA
0 L2=+þlAmlAr
0 L2==Baþýmýza
0 L2==Kimileri
0 L2==Nur
0 L2==anlar
0 L2==inþallah
0 L2==niçin
0 L2==sürmüþ
0 L2==Öðretmenlerin
0 L2==önlerindeki
0 R1=+ACInmA
0 R1=+ADrInI
0 R1=+AKlIlArI
0 R1=+ArrIflArI
0 R1=+ArsI
0 R1=+AssIzlIKInI
0 R1=+AvIrArAK
0 R1=+AvKIlI
0 R1=+AylAþmAsI
0 R1=+AþImIn
0 R1=+AþlADIrKAn
0 R1=+DIlAmAK
0 R1=+IrDIlmAlIDIr
0 R1==2.0'ye
0 R1==40'luk
0 R1==Aksu
0 R1==Aslý
0 R1==Klübü
0 R1==bence
0 R1==dost
0 R1==dünyasýnda
0 R2=+000'A
0 R2=+ADA'yA
0 R2=+AKIr'DAKI
0 R2=+AnCAKsInIz
0 R2=+AsInDIlArlA
0 R2=+AþI'nDAn
0 R2=+IfAlI
0 R2=+IlIf
0 R2=+IrKIlAnDI
0 R2=+IsDAlArInA
0 R2=+nAmADIKInI
0 R2=+olIsIn
0 R2=+znI
0 R2==Hangi
0 R2==bis
0 R2==paket
0 W=+'sIDIr
0 W=+'yIm
0 W=+AAvAs'DAKIlAr
0 W=+ABADIr
0 W=+ABAnCAnIn
0 W=+ACIvIrDlI
0 W=+ACmAsInDA
0 W=+ADAKDAn
0 W=+ADAyIm
0 W=+ADICIsInDAn
0 W=+ADIfIyDI
0 W=+AKDAsInIz
0 W=+AKIsInA
0 W=+AKlADIr
0 W=+AlIymIþ
0 W=+AlIþAnA
0 W=+AlIþIDIr
0 W=+AlKAnlArA
0 W=+AlnIþDIr
0 W=+ArsIDAlIlArIn
0 W=+AvIlArA
0 W=+AvIlArIn
0 W=+AyACIyIm
0 W=+AyIysA
0 W=+AzIlIsI
0 W=+AzIrlmAmAKDIr
0 W=+AzmIyDI
0 W=+AþKAnlAr
0 W=+DAvIDIr
0 W=+DInCIsI
0 W=+DrojAnlAr
0 W=+IDlIlAr
0 W=+IlInDIr
0 W=+IsIrlIlAr
0 W=+IymADADIr
0 W=+KArAlIlAr
0 W=+KsA'DIr
0 W=+lmAnlAr
0 W=+nDAnlAr
0 W==Mesala
0 W==acýlara
0 W==aðrýtýr
0 W==duydular
0 W==duyum
0 W==kalana
0 W==kýymýþ
